#
# A fatal error has been detected by the Java Runtime Environment:
#
#  EXCEPTION_ACCESS_VIOLATION (0xc0000005) at pc=0x00007ffcc1462fe7, pid=7836, tid=8148
#
# JRE version: OpenJDK Runtime Environment (11.0.10) (build 11.0.10+0-b96-7249189)
# Java VM: OpenJDK 64-Bit Server VM (11.0.10+0-b96-7249189, mixed mode, tiered, compressed oops, g1 gc, windows-amd64)
# Problematic frame:
# V  [jvm.dll+0x352fe7]
#
# No core dump will be written. Minidumps are not enabled by default on client versions of Windows
#
# If you would like to submit a bug report, please visit:
#   https://bugreport.java.com/bugreport/crash.jsp
#

---------------  S U M M A R Y ------------

Command Line: --add-opens=java.base/java.util=ALL-UNNAMED --add-opens=java.base/java.lang=ALL-UNNAMED --add-opens=java.base/java.lang.invoke=ALL-UNNAMED --add-opens=java.base/java.util=ALL-UNNAMED --add-opens=java.prefs/java.util.prefs=ALL-UNNAMED --add-opens=java.prefs/java.util.prefs=ALL-UNNAMED --add-opens=java.base/java.nio.charset=ALL-UNNAMED --add-opens=java.base/java.net=ALL-UNNAMED --add-opens=java.base/java.util.concurrent.atomic=ALL-UNNAMED -Xmx2048m -Dfile.encoding=UTF-8 -Duser.country=US -Duser.language=en -Duser.variant org.gradle.launcher.daemon.bootstrap.GradleDaemon 7.0.2

Host: Intel(R) Core(TM) i5-6200U CPU @ 2.30GHz, 4 cores, 11G,  Windows 10 , 64 bit Build 19041 (10.0.19041.1202)
Time: Sat Nov 20 22:25:45 2021 E. Africa Standard Time elapsed time: 521.127471 seconds (0d 0h 8m 41s)

---------------  T H R E A D  ---------------

Current thread (0x000001d2307a5000):  JavaThread "C2 CompilerThread0" daemon [_thread_in_native, id=8148, stack(0x00000002fc400000,0x00000002fc500000)]


Current CompileTask:
C2: 521127 19444       4       org.gradle.internal.instantiation.generator.AbstractClassGenerator$PropertyMetadata::hasAnnotation (40 bytes)

Stack: [0x00000002fc400000,0x00000002fc500000],  sp=0x00000002fc4fbd30,  free space=1007k
Native frames: (J=compiled Java code, j=interpreted, Vv=VM code, C=native code)
V  [jvm.dll+0x352fe7]
V  [jvm.dll+0x351ae3]
V  [jvm.dll+0x198040]
V  [jvm.dll+0x1fb70e]
V  [jvm.dll+0x1fa7f4]
V  [jvm.dll+0x18354c]
V  [jvm.dll+0x208ee7]
V  [jvm.dll+0x207731]
V  [jvm.dll+0x6eb1cf]
V  [jvm.dll+0x6e3d45]
V  [jvm.dll+0x5ebe96]
C  [ucrtbase.dll+0x21bb2]
C  [KERNEL32.DLL+0x17034]
C  [ntdll.dll+0x52651]


siginfo: EXCEPTION_ACCESS_VIOLATION (0xc0000005), reading address 0x000001d2bd738fe8


Register to memory mapping:

RIP=0x00007ffcc1462fe7 jvm.dll
RAX=0x000001d2bd738f38 is an unknown value
RBX=0x0000000000001663 is an unknown value
RCX=0x0000000000000016 is an unknown value
RDX=0x000001d244e21e30 points into unknown readable memory: 0x0000000000000000 | 00 00 00 00 00 00 00 00
RSP=0x00000002fc4fbd30 is pointing into the stack for thread: 0x000001d2307a5000
RBP=0x0000000000001673 is an unknown value
RSI=0x0000000000001663 is an unknown value
RDI=0x000001d244af7830 points into unknown readable memory: 0x0000000000000000 | 00 00 00 00 00 00 00 00
R8 =0x00000002fc4fc060 is pointing into the stack for thread: 0x000001d2307a5000
R9 =0x00000002fc4fbd50 is pointing into the stack for thread: 0x000001d2307a5000
R10=0x00007ffcc1110000 jvm.dll
R11=0x00000002fc4fbe50 is pointing into the stack for thread: 0x000001d2307a5000
R12=0x00007ffcc1110000 jvm.dll
R13=0x00007ffcc1b07c38 jvm.dll
R14=0x000001d244e22830 points into unknown readable memory: 0x3e4f9c330f2defd4 | d4 ef 2d 0f 33 9c 4f 3e
R15=0x00000002fc4fc400 is pointing into the stack for thread: 0x000001d2307a5000


Registers:
RAX=0x000001d2bd738f38, RBX=0x0000000000001663, RCX=0x0000000000000016, RDX=0x000001d244e21e30
RSP=0x00000002fc4fbd30, RBP=0x0000000000001673, RSI=0x0000000000001663, RDI=0x000001d244af7830
R8 =0x00000002fc4fc060, R9 =0x00000002fc4fbd50, R10=0x00007ffcc1110000, R11=0x00000002fc4fbe50
R12=0x00007ffcc1110000, R13=0x00007ffcc1b07c38, R14=0x000001d244e22830, R15=0x00000002fc4fc400
RIP=0x00007ffcc1462fe7, EFLAGS=0x0000000000010202

Top of Stack: (sp=0x00000002fc4fbd30)
0x00000002fc4fbd30:   00000000000006d9 0000000000001673
0x00000002fc4fbd40:   00000002fc4fc400 0000000000000000
0x00000002fc4fbd50:   0000166400007fff 00007ffc00000004
0x00000002fc4fbd60:   000001d23d2dfd40 0000000000000017
0x00000002fc4fbd70:   000001d23d2e0090 0000000000000051
0x00000002fc4fbd80:   00000002fc4fbe50 00007ffcc162a2c4
0x00000002fc4fbd90:   0000000000000034 000001d23d756968
0x00000002fc4fbda0:   0000000000000000 00000002fc4fbec0
0x00000002fc4fbdb0:   000001d244e22830 00007ffcc1461ae3
0x00000002fc4fbdc0:   00000002fc4fc400 0000000000000001
0x00000002fc4fbdd0:   000001d2324306c0 0000000000000000
0x00000002fc4fbde0:   00000002fc4fbe18 0000000200000006
0x00000002fc4fbdf0:   0000000200001673 0000003400000001
0x00000002fc4fbe00:   0000000d0000000c 0000000000000000
0x00000002fc4fbe10:   0000000c00000023 0000003200000000
0x00000002fc4fbe20:   0000000e00000020 00007ffd00000000 

Instructions: (pc=0x00007ffcc1462fe7)
0x00007ffcc1462ee7:   00 41 23 8e 8c 00 00 00 8b 82 88 00 00 00 41 23
0x00007ffcc1462ef7:   86 88 00 00 00 0b c8 8b 82 84 00 00 00 41 23 86
0x00007ffcc1462f07:   84 00 00 00 0b c8 8b 82 80 00 00 00 41 23 86 80
0x00007ffcc1462f17:   00 00 00 0b c8 8b 42 7c 41 23 46 7c 0b c8 8b 42
0x00007ffcc1462f27:   78 41 23 46 78 0b c8 8b 42 74 41 23 46 74 0b c8
0x00007ffcc1462f37:   8b 42 70 41 23 46 70 0b c8 8b 42 6c 41 23 46 6c
0x00007ffcc1462f47:   0b c8 8b 42 68 41 23 46 68 0b c8 8b 42 64 41 23
0x00007ffcc1462f57:   46 64 0b c8 8b 42 60 41 23 46 60 0b c8 8b 42 5c
0x00007ffcc1462f67:   41 23 46 5c 0b c8 8b 42 58 41 23 46 58 0b c8 8b
0x00007ffcc1462f77:   42 54 41 23 46 54 0b c8 8b 42 50 41 23 46 50 0b
0x00007ffcc1462f87:   c8 8b 42 4c 41 23 46 4c 0b c8 8b 42 48 41 23 46
0x00007ffcc1462f97:   48 0b c8 8b 42 44 41 23 46 44 0b c8 8b 42 40 41
0x00007ffcc1462fa7:   23 46 40 0b c8 8b 42 3c 41 23 46 3c 0b c8 41 8b
0x00007ffcc1462fb7:   46 38 23 42 38 0b c8 74 63 48 8b c5 3b eb 73 04
0x00007ffcc1462fc7:   8b c3 8b dd 48 8d 3c 80 48 c1 e7 05 49 03 78 10
0x00007ffcc1462fd7:   85 db 74 48 48 8b 47 08 8b cb 48 c1 e9 08 8b f3
0x00007ffcc1462fe7:   4c 8b 04 c8 4d 3b c5 75 0d 8b d3 48 8b cf e8 26
0x00007ffcc1462ff7:   4f 00 00 4c 8b c0 48 c1 ee 05 83 e3 1f 83 e6 07
0x00007ffcc1463007:   0f b6 cb ba 01 00 00 00 d3 e2 41 8b 0c b0 8b c1
0x00007ffcc1463017:   0b c2 41 89 04 b0 85 ca 75 02 ff 07 8b 44 24 20
0x00007ffcc1463027:   85 c0 74 3e 44 8b 44 24 24 a8 1f 75 0b c1 e8 05
0x00007ffcc1463037:   41 83 c0 05 a8 1f 74 f5 8b d0 83 e2 1f 42 0f b6
0x00007ffcc1463047:   8c 22 40 cd 82 00 42 0f b6 9c 22 20 cd 82 00 d3
0x00007ffcc1463057:   e8 89 44 24 20 41 03 d8 42 8d 04 01 89 44 24 24
0x00007ffcc1463067:   eb 0c 48 8d 4c 24 20 e8 ad 4c 00 00 8b d8 85 db
0x00007ffcc1463077:   0f 85 53 fe ff ff 4c 8b ac 24 a0 00 00 00 48 8b
0x00007ffcc1463087:   bc 24 98 00 00 00 48 8b b4 24 90 00 00 00 48 83
0x00007ffcc1463097:   c4 60 41 5f 41 5e 41 5c 5d 5b c3 cc cc cc cc cc
0x00007ffcc14630a7:   cc cc cc cc cc cc cc cc cc 48 89 5c 24 08 48 89
0x00007ffcc14630b7:   74 24 10 57 48 83 ec 20 49 8d 49 38 49 8b d9 41
0x00007ffcc14630c7:   8b f8 e8 c2 ff 2e 00 84 c0 74 45 83 bb 90 00 00
0x00007ffcc14630d7:   00 00 74 3c f6 83 98 00 00 00 06 74 07 48 8b 4c 


Stack slot to memory mapping:
stack at sp + 0 slots: 0x00000000000006d9 is an unknown value
stack at sp + 1 slots: 0x0000000000001673 is an unknown value
stack at sp + 2 slots: 0x00000002fc4fc400 is pointing into the stack for thread: 0x000001d2307a5000
stack at sp + 3 slots: 0x0 is NULL
stack at sp + 4 slots: 0x0000166400007fff is an unknown value
stack at sp + 5 slots: 0x00007ffc00000004 is an unknown value
stack at sp + 6 slots: 0x000001d23d2dfd40 points into unknown readable memory: 0x0000000000000000 | 00 00 00 00 00 00 00 00
stack at sp + 7 slots: 0x0000000000000017 is an unknown value


---------------  P R O C E S S  ---------------

Threads class SMR info:
_java_thread_list=0x000001d237f9d200, length=60, elements={
0x000001d216447800, 0x000001d230fb1800, 0x000001d230fb5000, 0x000001d23079c800,
0x000001d2307a1800, 0x000001d2307a3000, 0x000001d2307a5000, 0x000001d231008000,
0x000001d23102e000, 0x000001d231190000, 0x000001d2331fe000, 0x000001d233c89800,
0x000001d233cab000, 0x000001d232224800, 0x000001d232225800, 0x000001d232226000,
0x000001d23385d000, 0x000001d23385f000, 0x000001d233861800, 0x000001d23385d800,
0x000001d23385c000, 0x000001d233862800, 0x000001d233867800, 0x000001d233868000,
0x000001d23507e800, 0x000001d235078800, 0x000001d235078000, 0x000001d23507a000,
0x000001d235076000, 0x000001d23507f000, 0x000001d235080000, 0x000001d235085000,
0x000001d235084000, 0x000001d235081800, 0x000001d235081000, 0x000001d235083000,
0x000001d233863800, 0x000001d233864000, 0x000001d233860000, 0x000001d23385e800,
0x000001d233866000, 0x000001d232227000, 0x000001d234bdf800, 0x000001d234bde800,
0x000001d234be0000, 0x000001d234be2000, 0x000001d234be2800, 0x000001d234be3800,
0x000001d234bde000, 0x000001d234be5000, 0x000001d234be6000, 0x000001d234be1000,
0x000001d234be7800, 0x000001d234be8800, 0x000001d234bea000, 0x000001d234be6800,
0x000001d234beb800, 0x000001d23dcab000, 0x000001d23dca7000, 0x000001d23dca7800
}

Java Threads: ( => current thread )
  0x000001d216447800 JavaThread "main" [_thread_blocked, id=9100, stack(0x00000002fb800000,0x00000002fb900000)]
  0x000001d230fb1800 JavaThread "Reference Handler" daemon [_thread_blocked, id=13012, stack(0x00000002fbf00000,0x00000002fc000000)]
  0x000001d230fb5000 JavaThread "Finalizer" daemon [_thread_blocked, id=11520, stack(0x00000002fc000000,0x00000002fc100000)]
  0x000001d23079c800 JavaThread "Signal Dispatcher" daemon [_thread_blocked, id=8556, stack(0x00000002fc100000,0x00000002fc200000)]
  0x000001d2307a1800 JavaThread "Attach Listener" daemon [_thread_blocked, id=13532, stack(0x00000002fc200000,0x00000002fc300000)]
  0x000001d2307a3000 JavaThread "Service Thread" daemon [_thread_blocked, id=13996, stack(0x00000002fc300000,0x00000002fc400000)]
=>0x000001d2307a5000 JavaThread "C2 CompilerThread0" daemon [_thread_in_native, id=8148, stack(0x00000002fc400000,0x00000002fc500000)]
  0x000001d231008000 JavaThread "C1 CompilerThread0" daemon [_thread_in_native, id=13252, stack(0x00000002fc500000,0x00000002fc600000)]
  0x000001d23102e000 JavaThread "Sweeper thread" daemon [_thread_blocked, id=7408, stack(0x00000002fc600000,0x00000002fc700000)]
  0x000001d231190000 JavaThread "Common-Cleaner" daemon [_thread_blocked, id=5136, stack(0x00000002fc700000,0x00000002fc800000)]
  0x000001d2331fe000 JavaThread "Daemon health stats" [_thread_blocked, id=9208, stack(0x00000002fcd00000,0x00000002fce00000)]
  0x000001d233c89800 JavaThread "Incoming local TCP Connector on port 54176" [_thread_in_native, id=4260, stack(0x00000002fc900000,0x00000002fca00000)]
  0x000001d233cab000 JavaThread "Daemon periodic checks" [_thread_blocked, id=14368, stack(0x00000002fce00000,0x00000002fcf00000)]
  0x000001d232224800 JavaThread "Cache worker for file hash cache (C:\Users\user\.gradle\caches\7.0.2\fileHashes)" [_thread_blocked, id=14736, stack(0x00000002fd600000,0x00000002fd700000)]
  0x000001d232225800 JavaThread "File lock request listener" [_thread_in_native, id=12936, stack(0x00000002fd700000,0x00000002fd800000)]
  0x000001d232226000 JavaThread "Cache worker for journal cache (C:\Users\user\.gradle\caches\journal-1)" [_thread_blocked, id=11000, stack(0x00000002fd800000,0x00000002fd900000)]
  0x000001d23385d000 JavaThread "File watcher server" daemon [_thread_in_native, id=9008, stack(0x00000002fdb00000,0x00000002fdc00000)]
  0x000001d23385f000 JavaThread "File watcher consumer" daemon [_thread_blocked, id=852, stack(0x00000002fdc00000,0x00000002fdd00000)]
  0x000001d233861800 JavaThread "jar transforms" [_thread_blocked, id=14848, stack(0x00000002fdd00000,0x00000002fde00000)]
  0x000001d23385d800 JavaThread "jar transforms Thread 2" [_thread_blocked, id=14756, stack(0x00000002fde00000,0x00000002fdf00000)]
  0x000001d23385c000 JavaThread "jar transforms Thread 3" [_thread_blocked, id=12672, stack(0x00000002fdf00000,0x00000002fe000000)]
  0x000001d233862800 JavaThread "jar transforms Thread 4" [_thread_blocked, id=10308, stack(0x00000002fe000000,0x00000002fe100000)]
  0x000001d233867800 JavaThread "Cache worker for execution history cache (C:\Users\user\.gradle\caches\7.0.2\executionHistory)" [_thread_blocked, id=4864, stack(0x00000002fe400000,0x00000002fe500000)]
  0x000001d233868000 JavaThread "Cache worker for file content cache (C:\Users\user\.gradle\caches\7.0.2\fileContent)" [_thread_blocked, id=2312, stack(0x00000002fe500000,0x00000002fe600000)]
  0x000001d23507e800 JavaThread "Memory manager" [_thread_blocked, id=13364, stack(0x00000002fec00000,0x00000002fed00000)]
  0x000001d235078800 JavaThread "pool-3-thread-1" [_thread_blocked, id=14524, stack(0x00000002fe200000,0x00000002fe300000)]
  0x000001d235078000 JavaThread "Daemon Thread 2" [_thread_blocked, id=15152, stack(0x00000002fb500000,0x00000002fb600000)]
  0x000001d23507a000 JavaThread "Handler for socket connection from /127.0.0.1:54176 to /127.0.0.1:54199" [_thread_in_native, id=13568, stack(0x00000002fb600000,0x00000002fb700000)]
  0x000001d235076000 JavaThread "Cancel handler" [_thread_blocked, id=13476, stack(0x00000002fb700000,0x00000002fb800000)]
  0x000001d23507f000 JavaThread "Daemon worker Thread 2" [_thread_blocked, id=6752, stack(0x00000002fcf00000,0x00000002fd000000)]
  0x000001d235080000 JavaThread "Asynchronous log dispatcher for DefaultDaemonConnection: socket connection from /127.0.0.1:54176 to /127.0.0.1:54199" [_thread_blocked, id=10988, stack(0x00000002fd000000,0x00000002fd100000)]
  0x000001d235085000 JavaThread "Daemon client event forwarder" [_thread_blocked, id=9508, stack(0x00000002fd200000,0x00000002fd300000)]
  0x000001d235084000 JavaThread "Cache worker for file hash cache (C:\Users\user\AndroidStudioProjects\MyApplication\.gradle\7.0.2\fileHashes)" [_thread_blocked, id=4796, stack(0x00000002fd300000,0x00000002fd400000)]
  0x000001d235081800 JavaThread "Cache worker for checksums cache (C:\Users\user\AndroidStudioProjects\MyApplication\.gradle\checksums)" [_thread_blocked, id=14900, stack(0x00000002fd400000,0x00000002fd500000)]
  0x000001d235081000 JavaThread "Cache worker for cache directory md-supplier (C:\Users\user\.gradle\caches\7.0.2\md-supplier)" [_thread_blocked, id=12236, stack(0x00000002fd500000,0x00000002fd600000)]
  0x000001d235083000 JavaThread "Cache worker for cache directory md-rule (C:\Users\user\.gradle\caches\7.0.2\md-rule)" [_thread_blocked, id=11744, stack(0x00000002fd900000,0x00000002fda00000)]
  0x000001d233863800 JavaThread "Cache worker for dependencies-accessors (C:\Users\user\AndroidStudioProjects\MyApplication\.gradle\7.0.2\dependencies-accessors)" [_thread_blocked, id=3924, stack(0x00000002fda00000,0x00000002fdb00000)]
  0x000001d233864000 JavaThread "Cache worker for Build Output Cleanup Cache (C:\Users\user\AndroidStudioProjects\MyApplication\.gradle\buildOutputCleanup)" [_thread_blocked, id=10944, stack(0x00000002fe100000,0x00000002fe200000)]
  0x000001d233860000 JavaThread "Build operations" [_thread_blocked, id=7100, stack(0x00000002fe300000,0x00000002fe400000)]
  0x000001d23385e800 JavaThread "Build operations Thread 2" [_thread_blocked, id=3812, stack(0x00000002fe600000,0x00000002fe700000)]
  0x000001d233866000 JavaThread "Build operations Thread 3" [_thread_blocked, id=13348, stack(0x00000002fe700000,0x00000002fe800000)]
  0x000001d232227000 JavaThread "Build operations Thread 4" [_thread_blocked, id=12056, stack(0x00000002fe800000,0x00000002fe900000)]
  0x000001d234bdf800 JavaThread "build event listener" [_thread_blocked, id=12540, stack(0x00000002fea00000,0x00000002feb00000)]
  0x000001d234bde800 JavaThread "pool-6-thread-1" [_thread_blocked, id=8028, stack(0x00000002feb00000,0x00000002fec00000)]
  0x000001d234be0000 JavaThread "build event listener" [_thread_blocked, id=248, stack(0x00000002fed00000,0x00000002fee00000)]
  0x000001d234be2000 JavaThread "Execution worker for ':'" [_thread_blocked, id=7376, stack(0x00000002fee00000,0x00000002fef00000)]
  0x000001d234be2800 JavaThread "Execution worker for ':' Thread 2" [_thread_blocked, id=13180, stack(0x00000002fef00000,0x00000002ff000000)]
  0x000001d234be3800 JavaThread "Execution worker for ':' Thread 3" [_thread_blocked, id=13220, stack(0x00000002ff000000,0x00000002ff100000)]
  0x000001d234bde000 JavaThread "Cache worker for execution history cache (C:\Users\user\AndroidStudioProjects\MyApplication\.gradle\7.0.2\executionHistory)" [_thread_blocked, id=8316, stack(0x00000002ff100000,0x00000002ff200000)]
  0x000001d234be5000 JavaThread "WorkerExecutor Queue Thread 2" [_thread_blocked, id=2044, stack(0x00000002ff300000,0x00000002ff400000)]
  0x000001d234be6000 JavaThread "WorkerExecutor Queue Thread 3" [_thread_blocked, id=14424, stack(0x00000002ff400000,0x00000002ff500000)]
  0x000001d234be1000 JavaThread "pool-7-thread-1" [_thread_blocked, id=9848, stack(0x00000002ff500000,0x00000002ff600000)]
  0x000001d234be7800 JavaThread "stderr" [_thread_in_native, id=11128, stack(0x00000002ff200000,0x00000002ff300000)]
  0x000001d234be8800 JavaThread "stdout" [_thread_in_native, id=14288, stack(0x00000002ff600000,0x00000002ff700000)]
  0x000001d234bea000 JavaThread "Cache worker for Java compile cache (C:\Users\user\.gradle\caches\7.0.2\javaCompile)" [_thread_blocked, id=11020, stack(0x00000002ff800000,0x00000002ff900000)]
  0x000001d234be6800 JavaThread "Cache worker for Java compile cache (C:\Users\user\AndroidStudioProjects\MyApplication\.gradle\7.0.2\javaCompile)" [_thread_blocked, id=14752, stack(0x00000002ff900000,0x00000002ffa00000)]
  0x000001d234beb800 JavaThread "WorkerExecutor Queue Thread 4" [_thread_in_Java, id=14484, stack(0x00000002ffa00000,0x00000002ffb00000)]
  0x000001d23dcab000 JavaThread "WorkerExecutor Queue Thread 6" [_thread_blocked, id=11212, stack(0x00000002ffb00000,0x00000002ffc00000)]
  0x000001d23dca7000 JavaThread "C2 CompilerThread1" daemon [_thread_in_native, id=12532, stack(0x00000002fd100000,0x00000002fd200000)]
  0x000001d23dca7800 JavaThread "ForkJoinPool.commonPool-worker-3" daemon [_thread_in_native, id=12208, stack(0x00000002fe900000,0x00000002fea00000)]

Other Threads:
  0x000001d23078b000 VMThread "VM Thread" [stack: 0x00000002fbe00000,0x00000002fbf00000] [id=11840]
  0x000001d2311bb800 WatcherThread [stack: 0x00000002fc800000,0x00000002fc900000] [id=8592]
  0x000001d216461800 GCTaskThread "GC Thread#0" [stack: 0x00000002fb900000,0x00000002fba00000] [id=9464]
  0x000001d231830800 GCTaskThread "GC Thread#1" [stack: 0x00000002fca00000,0x00000002fcb00000] [id=11064]
  0x000001d231c02800 GCTaskThread "GC Thread#2" [stack: 0x00000002fcb00000,0x00000002fcc00000] [id=14948]
  0x000001d231c03800 GCTaskThread "GC Thread#3" [stack: 0x00000002fcc00000,0x00000002fcd00000] [id=14476]
  0x000001d216494000 ConcurrentGCThread "G1 Main Marker" [stack: 0x00000002fba00000,0x00000002fbb00000] [id=10064]
  0x000001d216495000 ConcurrentGCThread "G1 Conc#0" [stack: 0x00000002fbb00000,0x00000002fbc00000] [id=4020]
  0x000001d21652d800 ConcurrentGCThread "G1 Refine#0" [stack: 0x00000002fbc00000,0x00000002fbd00000] [id=8088]
  0x000001d21652e000 ConcurrentGCThread "G1 Young RemSet Sampling" [stack: 0x00000002fbd00000,0x00000002fbe00000] [id=380]

Threads with active compile tasks:
C2 CompilerThread0 521459 19444       4       org.gradle.internal.instantiation.generator.AbstractClassGenerator$PropertyMetadata::hasAnnotation (40 bytes)
C2 CompilerThread1 521459 19556       4       sun.net.util.URLUtil::urlNoFragString (114 bytes)

VM state:not at safepoint (normal execution)

VM Mutex/Monitor currently owned by a thread: None

Heap address: 0x0000000080000000, size: 2048 MB, Compressed Oops mode: 32-bit
Narrow klass base: 0x0000000000000000, Narrow klass shift: 3
Compressed class space size: 1073741824 Address: 0x0000000100000000

Heap:
 garbage-first heap   total 196608K, used 164352K [0x0000000080000000, 0x0000000100000000)
  region size 1024K, 15 young (15360K), 1 survivors (1024K)
 Metaspace       used 135647K, capacity 139709K, committed 139896K, reserved 1171456K
  class space    used 17155K, capacity 18628K, committed 18636K, reserved 1048576K
Heap Regions: E=young(eden), S=young(survivor), O=old, HS=humongous(starts), HC=humongous(continues), CS=collection set, F=free, A=archive, TAMS=top-at-mark-start (previous, next)
|   0|0x0000000080000000, 0x0000000080100000, 0x0000000080100000|100%| O|  |TAMS 0x0000000080100000, 0x0000000080000000| Untracked 
|   1|0x0000000080100000, 0x0000000080200000, 0x0000000080200000|100%| O|  |TAMS 0x0000000080200000, 0x0000000080100000| Untracked 
|   2|0x0000000080200000, 0x0000000080300000, 0x0000000080300000|100%| O|  |TAMS 0x0000000080300000, 0x0000000080200000| Untracked 
|   3|0x0000000080300000, 0x0000000080400000, 0x0000000080400000|100%|HS|  |TAMS 0x0000000080400000, 0x0000000080300000| Complete 
|   4|0x0000000080400000, 0x0000000080500000, 0x0000000080500000|100%|HC|  |TAMS 0x0000000080500000, 0x0000000080400000| Complete 
|   5|0x0000000080500000, 0x0000000080600000, 0x0000000080600000|100%|HC|  |TAMS 0x0000000080600000, 0x0000000080500000| Complete 
|   6|0x0000000080600000, 0x0000000080700000, 0x0000000080700000|100%| O|  |TAMS 0x0000000080700000, 0x0000000080600000| Untracked 
|   7|0x0000000080700000, 0x0000000080800000, 0x0000000080800000|100%| O|  |TAMS 0x0000000080800000, 0x0000000080700000| Untracked 
|   8|0x0000000080800000, 0x0000000080900000, 0x0000000080900000|100%| O|  |TAMS 0x0000000080900000, 0x0000000080800000| Untracked 
|   9|0x0000000080900000, 0x0000000080a00000, 0x0000000080a00000|100%|HS|  |TAMS 0x0000000080a00000, 0x0000000080900000| Complete 
|  10|0x0000000080a00000, 0x0000000080b00000, 0x0000000080b00000|100%|HC|  |TAMS 0x0000000080b00000, 0x0000000080a00000| Complete 
|  11|0x0000000080b00000, 0x0000000080c00000, 0x0000000080c00000|100%|HS|  |TAMS 0x0000000080c00000, 0x0000000080b00000| Complete 
|  12|0x0000000080c00000, 0x0000000080d00000, 0x0000000080d00000|100%|HC|  |TAMS 0x0000000080d00000, 0x0000000080c00000| Complete 
|  13|0x0000000080d00000, 0x0000000080e00000, 0x0000000080e00000|100%|HC|  |TAMS 0x0000000080e00000, 0x0000000080d00000| Complete 
|  14|0x0000000080e00000, 0x0000000080f00000, 0x0000000080f00000|100%|HS|  |TAMS 0x0000000080f00000, 0x0000000080e00000| Complete 
|  15|0x0000000080f00000, 0x0000000081000000, 0x0000000081000000|100%|HC|  |TAMS 0x0000000081000000, 0x0000000080f00000| Complete 
|  16|0x0000000081000000, 0x0000000081100000, 0x0000000081100000|100%|HC|  |TAMS 0x0000000081100000, 0x0000000081000000| Complete 
|  17|0x0000000081100000, 0x0000000081200000, 0x0000000081200000|100%|HC|  |TAMS 0x0000000081200000, 0x0000000081100000| Complete 
|  18|0x0000000081200000, 0x0000000081300000, 0x0000000081300000|100%|HC|  |TAMS 0x0000000081300000, 0x0000000081200000| Complete 
|  19|0x0000000081300000, 0x0000000081400000, 0x0000000081400000|100%| O|  |TAMS 0x0000000081400000, 0x0000000081300000| Untracked 
|  20|0x0000000081400000, 0x0000000081500000, 0x0000000081500000|100%| O|  |TAMS 0x0000000081500000, 0x0000000081400000| Untracked 
|  21|0x0000000081500000, 0x0000000081600000, 0x0000000081600000|100%| O|  |TAMS 0x0000000081600000, 0x0000000081500000| Untracked 
|  22|0x0000000081600000, 0x0000000081700000, 0x0000000081700000|100%| O|  |TAMS 0x0000000081700000, 0x0000000081600000| Untracked 
|  23|0x0000000081700000, 0x0000000081800000, 0x0000000081800000|100%| O|  |TAMS 0x0000000081800000, 0x0000000081700000| Untracked 
|  24|0x0000000081800000, 0x0000000081900000, 0x0000000081900000|100%| O|  |TAMS 0x0000000081900000, 0x0000000081800000| Untracked 
|  25|0x0000000081900000, 0x0000000081a00000, 0x0000000081a00000|100%| O|  |TAMS 0x0000000081a00000, 0x0000000081900000| Untracked 
|  26|0x0000000081a00000, 0x0000000081b00000, 0x0000000081b00000|100%| O|  |TAMS 0x0000000081b00000, 0x0000000081a00000| Untracked 
|  27|0x0000000081b00000, 0x0000000081c00000, 0x0000000081c00000|100%| O|  |TAMS 0x0000000081c00000, 0x0000000081b00000| Untracked 
|  28|0x0000000081c00000, 0x0000000081d00000, 0x0000000081d00000|100%|HS|  |TAMS 0x0000000081d00000, 0x0000000081c00000| Complete 
|  29|0x0000000081d00000, 0x0000000081e00000, 0x0000000081e00000|100%|HS|  |TAMS 0x0000000081e00000, 0x0000000081d00000| Complete 
|  30|0x0000000081e00000, 0x0000000081f00000, 0x0000000081f00000|100%|HC|  |TAMS 0x0000000081f00000, 0x0000000081e00000| Complete 
|  31|0x0000000081f00000, 0x0000000082000000, 0x0000000082000000|100%|HC|  |TAMS 0x0000000082000000, 0x0000000081f00000| Complete 
|  32|0x0000000082000000, 0x0000000082100000, 0x0000000082100000|100%|HC|  |TAMS 0x0000000082100000, 0x0000000082000000| Complete 
|  33|0x0000000082100000, 0x0000000082200000, 0x0000000082200000|100%|HC|  |TAMS 0x0000000082200000, 0x0000000082100000| Complete 
|  34|0x0000000082200000, 0x0000000082300000, 0x0000000082300000|100%| O|  |TAMS 0x0000000082300000, 0x0000000082200000| Untracked 
|  35|0x0000000082300000, 0x0000000082400000, 0x0000000082400000|100%| O|  |TAMS 0x0000000082400000, 0x0000000082300000| Untracked 
|  36|0x0000000082400000, 0x0000000082500000, 0x0000000082500000|100%| O|  |TAMS 0x0000000082500000, 0x0000000082400000| Untracked 
|  37|0x0000000082500000, 0x0000000082600000, 0x0000000082600000|100%| O|  |TAMS 0x0000000082600000, 0x0000000082500000| Untracked 
|  38|0x0000000082600000, 0x0000000082700000, 0x0000000082700000|100%| O|  |TAMS 0x0000000082700000, 0x0000000082600000| Untracked 
|  39|0x0000000082700000, 0x0000000082800000, 0x0000000082800000|100%| O|  |TAMS 0x0000000082800000, 0x0000000082700000| Untracked 
|  40|0x0000000082800000, 0x0000000082900000, 0x0000000082900000|100%|HS|  |TAMS 0x0000000082900000, 0x0000000082800000| Complete 
|  41|0x0000000082900000, 0x0000000082a00000, 0x0000000082a00000|100%|HC|  |TAMS 0x0000000082a00000, 0x0000000082900000| Complete 
|  42|0x0000000082a00000, 0x0000000082b00000, 0x0000000082b00000|100%|HC|  |TAMS 0x0000000082b00000, 0x0000000082a00000| Complete 
|  43|0x0000000082b00000, 0x0000000082c00000, 0x0000000082c00000|100%| O|  |TAMS 0x0000000082c00000, 0x0000000082b00000| Untracked 
|  44|0x0000000082c00000, 0x0000000082d00000, 0x0000000082d00000|100%| O|  |TAMS 0x0000000082d00000, 0x0000000082c00000| Untracked 
|  45|0x0000000082d00000, 0x0000000082e00000, 0x0000000082e00000|100%| O|  |TAMS 0x0000000082e00000, 0x0000000082d00000| Untracked 
|  46|0x0000000082e00000, 0x0000000082f00000, 0x0000000082f00000|100%| O|  |TAMS 0x0000000082f00000, 0x0000000082e00000| Untracked 
|  47|0x0000000082f00000, 0x0000000083000000, 0x0000000083000000|100%| O|  |TAMS 0x0000000083000000, 0x0000000082f00000| Untracked 
|  48|0x0000000083000000, 0x0000000083100000, 0x0000000083100000|100%| O|  |TAMS 0x0000000083100000, 0x0000000083000000| Untracked 
|  49|0x0000000083100000, 0x0000000083200000, 0x0000000083200000|100%| O|  |TAMS 0x0000000083200000, 0x0000000083100000| Untracked 
|  50|0x0000000083200000, 0x0000000083300000, 0x0000000083300000|100%|HS|  |TAMS 0x0000000083300000, 0x0000000083200000| Complete 
|  51|0x0000000083300000, 0x0000000083400000, 0x0000000083400000|100%|HS|  |TAMS 0x0000000083400000, 0x0000000083300000| Complete 
|  52|0x0000000083400000, 0x0000000083500000, 0x0000000083500000|100%|HC|  |TAMS 0x0000000083500000, 0x0000000083400000| Complete 
|  53|0x0000000083500000, 0x0000000083600000, 0x0000000083600000|100%| O|  |TAMS 0x0000000083600000, 0x0000000083500000| Untracked 
|  54|0x0000000083600000, 0x0000000083700000, 0x0000000083700000|100%| O|  |TAMS 0x0000000083700000, 0x0000000083600000| Untracked 
|  55|0x0000000083700000, 0x0000000083800000, 0x0000000083800000|100%| O|  |TAMS 0x0000000083800000, 0x0000000083700000| Untracked 
|  56|0x0000000083800000, 0x0000000083900000, 0x0000000083900000|100%| O|  |TAMS 0x0000000083900000, 0x0000000083800000| Untracked 
|  57|0x0000000083900000, 0x0000000083a00000, 0x0000000083a00000|100%| O|  |TAMS 0x0000000083a00000, 0x0000000083900000| Untracked 
|  58|0x0000000083a00000, 0x0000000083b00000, 0x0000000083b00000|100%| O|  |TAMS 0x0000000083b00000, 0x0000000083a00000| Untracked 
|  59|0x0000000083b00000, 0x0000000083c00000, 0x0000000083c00000|100%| O|  |TAMS 0x0000000083c00000, 0x0000000083b00000| Untracked 
|  60|0x0000000083c00000, 0x0000000083d00000, 0x0000000083d00000|100%| O|  |TAMS 0x0000000083d00000, 0x0000000083c00000| Untracked 
|  61|0x0000000083d00000, 0x0000000083e00000, 0x0000000083e00000|100%| O|  |TAMS 0x0000000083e00000, 0x0000000083d00000| Untracked 
|  62|0x0000000083e00000, 0x0000000083f00000, 0x0000000083f00000|100%| O|  |TAMS 0x0000000083f00000, 0x0000000083e00000| Untracked 
|  63|0x0000000083f00000, 0x0000000084000000, 0x0000000084000000|100%| O|  |TAMS 0x0000000084000000, 0x0000000083f00000| Untracked 
|  64|0x0000000084000000, 0x0000000084100000, 0x0000000084100000|100%| O|  |TAMS 0x0000000084100000, 0x0000000084000000| Untracked 
|  65|0x0000000084100000, 0x0000000084200000, 0x0000000084200000|100%| O|  |TAMS 0x0000000084200000, 0x0000000084100000| Untracked 
|  66|0x0000000084200000, 0x0000000084300000, 0x0000000084300000|100%| O|  |TAMS 0x0000000084300000, 0x0000000084200000| Untracked 
|  67|0x0000000084300000, 0x0000000084400000, 0x0000000084400000|100%| O|  |TAMS 0x0000000084400000, 0x0000000084300000| Untracked 
|  68|0x0000000084400000, 0x0000000084500000, 0x0000000084500000|100%| O|  |TAMS 0x0000000084500000, 0x0000000084400000| Untracked 
|  69|0x0000000084500000, 0x0000000084600000, 0x0000000084600000|100%| O|  |TAMS 0x0000000084600000, 0x0000000084500000| Untracked 
|  70|0x0000000084600000, 0x0000000084700000, 0x0000000084700000|100%| O|  |TAMS 0x0000000084700000, 0x0000000084600000| Untracked 
|  71|0x0000000084700000, 0x0000000084800000, 0x0000000084800000|100%| O|  |TAMS 0x0000000084800000, 0x0000000084700000| Untracked 
|  72|0x0000000084800000, 0x0000000084900000, 0x0000000084900000|100%| O|  |TAMS 0x0000000084900000, 0x0000000084800000| Untracked 
|  73|0x0000000084900000, 0x0000000084a00000, 0x0000000084a00000|100%| O|  |TAMS 0x0000000084a00000, 0x0000000084900000| Untracked 
|  74|0x0000000084a00000, 0x0000000084b00000, 0x0000000084b00000|100%| O|  |TAMS 0x0000000084b00000, 0x0000000084a00000| Untracked 
|  75|0x0000000084b00000, 0x0000000084c00000, 0x0000000084c00000|100%| O|  |TAMS 0x0000000084c00000, 0x0000000084b00000| Untracked 
|  76|0x0000000084c00000, 0x0000000084d00000, 0x0000000084d00000|100%| O|  |TAMS 0x0000000084d00000, 0x0000000084c00000| Untracked 
|  77|0x0000000084d00000, 0x0000000084e00000, 0x0000000084e00000|100%| O|  |TAMS 0x0000000084d00000, 0x0000000084d00000| Untracked 
|  78|0x0000000084e00000, 0x0000000084f00000, 0x0000000084f00000|100%| O|  |TAMS 0x0000000084e00000, 0x0000000084e00000| Untracked 
|  79|0x0000000084f00000, 0x0000000085000000, 0x0000000085000000|100%| O|  |TAMS 0x0000000085000000, 0x0000000084f00000| Untracked 
|  80|0x0000000085000000, 0x0000000085100000, 0x0000000085100000|100%| O|  |TAMS 0x0000000085100000, 0x0000000085000000| Untracked 
|  81|0x0000000085100000, 0x0000000085200000, 0x0000000085200000|100%| O|  |TAMS 0x0000000085200000, 0x0000000085100000| Untracked 
|  82|0x0000000085200000, 0x0000000085300000, 0x0000000085300000|100%| O|  |TAMS 0x0000000085300000, 0x0000000085200000| Untracked 
|  83|0x0000000085300000, 0x0000000085400000, 0x0000000085400000|100%| O|  |TAMS 0x0000000085400000, 0x0000000085300000| Untracked 
|  84|0x0000000085400000, 0x0000000085500000, 0x0000000085500000|100%| O|  |TAMS 0x0000000085500000, 0x0000000085400000| Untracked 
|  85|0x0000000085500000, 0x0000000085600000, 0x0000000085600000|100%| O|  |TAMS 0x0000000085600000, 0x0000000085500000| Untracked 
|  86|0x0000000085600000, 0x0000000085700000, 0x0000000085700000|100%| O|  |TAMS 0x0000000085700000, 0x0000000085600000| Untracked 
|  87|0x0000000085700000, 0x0000000085800000, 0x0000000085800000|100%| O|  |TAMS 0x0000000085800000, 0x0000000085700000| Untracked 
|  88|0x0000000085800000, 0x0000000085900000, 0x0000000085900000|100%| O|  |TAMS 0x0000000085900000, 0x0000000085800000| Untracked 
|  89|0x0000000085900000, 0x0000000085a00000, 0x0000000085a00000|100%| O|  |TAMS 0x0000000085a00000, 0x0000000085900000| Untracked 
|  90|0x0000000085a00000, 0x0000000085b00000, 0x0000000085b00000|100%| O|  |TAMS 0x0000000085a00000, 0x0000000085a00000| Untracked 
|  91|0x0000000085b00000, 0x0000000085c00000, 0x0000000085c00000|100%| O|  |TAMS 0x0000000085c00000, 0x0000000085b00000| Untracked 
|  92|0x0000000085c00000, 0x0000000085d00000, 0x0000000085d00000|100%| O|  |TAMS 0x0000000085d00000, 0x0000000085c00000| Untracked 
|  93|0x0000000085d00000, 0x0000000085e00000, 0x0000000085e00000|100%| O|  |TAMS 0x0000000085e00000, 0x0000000085d00000| Untracked 
|  94|0x0000000085e00000, 0x0000000085f00000, 0x0000000085f00000|100%| O|  |TAMS 0x0000000085f00000, 0x0000000085e00000| Untracked 
|  95|0x0000000085f00000, 0x0000000086000000, 0x0000000086000000|100%| O|  |TAMS 0x0000000086000000, 0x0000000085f00000| Untracked 
|  96|0x0000000086000000, 0x0000000086100000, 0x0000000086100000|100%| O|  |TAMS 0x0000000086100000, 0x0000000086000000| Untracked 
|  97|0x0000000086100000, 0x0000000086200000, 0x0000000086200000|100%| O|  |TAMS 0x0000000086200000, 0x0000000086100000| Untracked 
|  98|0x0000000086200000, 0x0000000086300000, 0x0000000086300000|100%| O|  |TAMS 0x0000000086300000, 0x0000000086200000| Untracked 
|  99|0x0000000086300000, 0x0000000086400000, 0x0000000086400000|100%| O|  |TAMS 0x0000000086300000, 0x0000000086300000| Untracked 
| 100|0x0000000086400000, 0x0000000086500000, 0x0000000086500000|100%| O|  |TAMS 0x0000000086400000, 0x0000000086400000| Untracked 
| 101|0x0000000086500000, 0x0000000086600000, 0x0000000086600000|100%| O|  |TAMS 0x0000000086500000, 0x0000000086500000| Untracked 
| 102|0x0000000086600000, 0x0000000086700000, 0x0000000086700000|100%| O|  |TAMS 0x0000000086700000, 0x0000000086600000| Untracked 
| 103|0x0000000086700000, 0x0000000086800000, 0x0000000086800000|100%| O|  |TAMS 0x0000000086800000, 0x0000000086700000| Untracked 
| 104|0x0000000086800000, 0x0000000086900000, 0x0000000086900000|100%| O|  |TAMS 0x0000000086900000, 0x0000000086800000| Untracked 
| 105|0x0000000086900000, 0x0000000086a00000, 0x0000000086a00000|100%| O|  |TAMS 0x0000000086a00000, 0x0000000086900000| Untracked 
| 106|0x0000000086a00000, 0x0000000086b00000, 0x0000000086b00000|100%| O|  |TAMS 0x0000000086b00000, 0x0000000086a00000| Untracked 
| 107|0x0000000086b00000, 0x0000000086c00000, 0x0000000086c00000|100%| O|  |TAMS 0x0000000086c00000, 0x0000000086b00000| Untracked 
| 108|0x0000000086c00000, 0x0000000086d00000, 0x0000000086d00000|100%| O|  |TAMS 0x0000000086d00000, 0x0000000086c00000| Untracked 
| 109|0x0000000086d00000, 0x0000000086e00000, 0x0000000086e00000|100%| O|  |TAMS 0x0000000086e00000, 0x0000000086d00000| Untracked 
| 110|0x0000000086e00000, 0x0000000086f00000, 0x0000000086f00000|100%| O|  |TAMS 0x0000000086f00000, 0x0000000086e00000| Untracked 
| 111|0x0000000086f00000, 0x0000000087000000, 0x0000000087000000|100%| O|  |TAMS 0x0000000087000000, 0x0000000086f00000| Untracked 
| 112|0x0000000087000000, 0x0000000087100000, 0x0000000087100000|100%| O|  |TAMS 0x0000000087100000, 0x0000000087000000| Untracked 
| 113|0x0000000087100000, 0x0000000087200000, 0x0000000087200000|100%| O|  |TAMS 0x0000000087200000, 0x0000000087100000| Untracked 
| 114|0x0000000087200000, 0x0000000087300000, 0x0000000087300000|100%| O|  |TAMS 0x0000000087300000, 0x0000000087200000| Untracked 
| 115|0x0000000087300000, 0x0000000087400000, 0x0000000087400000|100%| O|  |TAMS 0x0000000087400000, 0x0000000087300000| Untracked 
| 116|0x0000000087400000, 0x0000000087500000, 0x0000000087500000|100%| O|  |TAMS 0x0000000087500000, 0x0000000087400000| Untracked 
| 117|0x0000000087500000, 0x0000000087600000, 0x0000000087600000|100%| O|  |TAMS 0x0000000087600000, 0x0000000087500000| Untracked 
| 118|0x0000000087600000, 0x0000000087700000, 0x0000000087700000|100%| O|  |TAMS 0x0000000087700000, 0x0000000087600000| Untracked 
| 119|0x0000000087700000, 0x0000000087800000, 0x0000000087800000|100%| O|  |TAMS 0x0000000087800000, 0x0000000087700000| Untracked 
| 120|0x0000000087800000, 0x0000000087900000, 0x0000000087900000|100%| O|  |TAMS 0x0000000087900000, 0x0000000087800000| Untracked 
| 121|0x0000000087900000, 0x0000000087a00000, 0x0000000087a00000|100%| O|  |TAMS 0x0000000087a00000, 0x0000000087900000| Untracked 
| 122|0x0000000087a00000, 0x0000000087b00000, 0x0000000087b00000|100%|HS|  |TAMS 0x0000000087b00000, 0x0000000087a00000| Complete 
| 123|0x0000000087b00000, 0x0000000087c00000, 0x0000000087c00000|100%|HC|  |TAMS 0x0000000087c00000, 0x0000000087b00000| Complete 
| 124|0x0000000087c00000, 0x0000000087d00000, 0x0000000087d00000|100%| O|  |TAMS 0x0000000087d00000, 0x0000000087c00000| Untracked 
| 125|0x0000000087d00000, 0x0000000087e00000, 0x0000000087e00000|100%| O|  |TAMS 0x0000000087e00000, 0x0000000087d00000| Untracked 
| 126|0x0000000087e00000, 0x0000000087f00000, 0x0000000087f00000|100%| O|  |TAMS 0x0000000087f00000, 0x0000000087e00000| Untracked 
| 127|0x0000000087f00000, 0x0000000088000000, 0x0000000088000000|100%| O|  |TAMS 0x0000000088000000, 0x0000000087f00000| Untracked 
| 128|0x0000000088000000, 0x0000000088100000, 0x0000000088100000|100%| O|  |TAMS 0x0000000088100000, 0x0000000088000000| Untracked 
| 129|0x0000000088100000, 0x0000000088200000, 0x0000000088200000|100%| O|  |TAMS 0x0000000088200000, 0x0000000088100000| Untracked 
| 130|0x0000000088200000, 0x0000000088300000, 0x0000000088300000|100%| O|  |TAMS 0x0000000088300000, 0x0000000088200000| Untracked 
| 131|0x0000000088300000, 0x0000000088400000, 0x0000000088400000|100%| O|  |TAMS 0x0000000088400000, 0x0000000088300000| Untracked 
| 132|0x0000000088400000, 0x0000000088500000, 0x0000000088500000|100%| O|  |TAMS 0x0000000088500000, 0x0000000088400000| Untracked 
| 133|0x0000000088500000, 0x0000000088600000, 0x0000000088600000|100%| O|  |TAMS 0x0000000088600000, 0x0000000088500000| Untracked 
| 134|0x0000000088600000, 0x0000000088700000, 0x0000000088700000|100%| O|  |TAMS 0x0000000088700000, 0x0000000088600000| Untracked 
| 135|0x0000000088700000, 0x0000000088800000, 0x0000000088800000|100%| O|  |TAMS 0x0000000088700000, 0x0000000088700000| Untracked 
| 136|0x0000000088800000, 0x0000000088900000, 0x0000000088900000|100%| O|  |TAMS 0x0000000088800000, 0x0000000088800000| Untracked 
| 137|0x0000000088900000, 0x0000000088986800, 0x0000000088a00000| 52%| O|  |TAMS 0x0000000088900000, 0x0000000088900000| Untracked 
| 138|0x0000000088a00000, 0x0000000088a00000, 0x0000000088b00000|  0%| F|  |TAMS 0x0000000088a00000, 0x0000000088a00000| Untracked 
| 139|0x0000000088b00000, 0x0000000088b00000, 0x0000000088c00000|  0%| F|  |TAMS 0x0000000088b00000, 0x0000000088b00000| Untracked 
| 140|0x0000000088c00000, 0x0000000088d00000, 0x0000000088d00000|100%| O|  |TAMS 0x0000000088d00000, 0x0000000088c00000| Untracked 
| 141|0x0000000088d00000, 0x0000000088e00000, 0x0000000088e00000|100%| O|  |TAMS 0x0000000088db2a00, 0x0000000088d00000| Untracked 
| 142|0x0000000088e00000, 0x0000000088e00000, 0x0000000088f00000|  0%| F|  |TAMS 0x0000000088e00000, 0x0000000088e00000| Untracked 
| 143|0x0000000088f00000, 0x0000000088f00000, 0x0000000089000000|  0%| F|  |TAMS 0x0000000088f00000, 0x0000000088f00000| Untracked 
| 144|0x0000000089000000, 0x0000000089100000, 0x0000000089100000|100%| O|  |TAMS 0x0000000089000000, 0x0000000089000000| Untracked 
| 145|0x0000000089100000, 0x0000000089200000, 0x0000000089200000|100%| O|  |TAMS 0x0000000089100000, 0x0000000089100000| Untracked 
| 146|0x0000000089200000, 0x0000000089300000, 0x0000000089300000|100%| O|  |TAMS 0x0000000089200000, 0x0000000089200000| Untracked 
| 147|0x0000000089300000, 0x0000000089400000, 0x0000000089400000|100%| O|  |TAMS 0x0000000089300000, 0x0000000089300000| Untracked 
| 148|0x0000000089400000, 0x0000000089500000, 0x0000000089500000|100%| O|  |TAMS 0x0000000089400000, 0x0000000089400000| Untracked 
| 149|0x0000000089500000, 0x0000000089600000, 0x0000000089600000|100%| O|  |TAMS 0x0000000089500000, 0x0000000089500000| Untracked 
| 150|0x0000000089600000, 0x0000000089700000, 0x0000000089700000|100%| O|  |TAMS 0x0000000089600000, 0x0000000089600000| Untracked 
| 151|0x0000000089700000, 0x0000000089800000, 0x0000000089800000|100%| O|  |TAMS 0x0000000089700000, 0x0000000089700000| Untracked 
| 152|0x0000000089800000, 0x0000000089800000, 0x0000000089900000|  0%| F|  |TAMS 0x0000000089800000, 0x0000000089800000| Untracked 
| 153|0x0000000089900000, 0x0000000089900000, 0x0000000089a00000|  0%| F|  |TAMS 0x0000000089900000, 0x0000000089900000| Untracked 
| 154|0x0000000089a00000, 0x0000000089a00000, 0x0000000089b00000|  0%| F|  |TAMS 0x0000000089a00000, 0x0000000089a00000| Untracked 
| 155|0x0000000089b00000, 0x0000000089b00000, 0x0000000089c00000|  0%| F|  |TAMS 0x0000000089b00000, 0x0000000089b00000| Untracked 
| 156|0x0000000089c00000, 0x0000000089c00000, 0x0000000089d00000|  0%| F|  |TAMS 0x0000000089c00000, 0x0000000089c00000| Untracked 
| 157|0x0000000089d00000, 0x0000000089d00000, 0x0000000089e00000|  0%| F|  |TAMS 0x0000000089d00000, 0x0000000089d00000| Untracked 
| 158|0x0000000089e00000, 0x0000000089e00000, 0x0000000089f00000|  0%| F|  |TAMS 0x0000000089e00000, 0x0000000089e00000| Untracked 
| 159|0x0000000089f00000, 0x0000000089f00000, 0x000000008a000000|  0%| F|  |TAMS 0x0000000089f00000, 0x0000000089f00000| Untracked 
| 160|0x000000008a000000, 0x000000008a000000, 0x000000008a100000|  0%| F|  |TAMS 0x000000008a000000, 0x000000008a000000| Untracked 
| 161|0x000000008a100000, 0x000000008a100000, 0x000000008a200000|  0%| F|  |TAMS 0x000000008a100000, 0x000000008a100000| Untracked 
| 162|0x000000008a200000, 0x000000008a200000, 0x000000008a300000|  0%| F|  |TAMS 0x000000008a200000, 0x000000008a200000| Untracked 
| 163|0x000000008a300000, 0x000000008a300000, 0x000000008a400000|  0%| F|  |TAMS 0x000000008a300000, 0x000000008a300000| Untracked 
| 164|0x000000008a400000, 0x000000008a400000, 0x000000008a500000|  0%| F|  |TAMS 0x000000008a400000, 0x000000008a400000| Untracked 
| 165|0x000000008a500000, 0x000000008a500000, 0x000000008a600000|  0%| F|  |TAMS 0x000000008a500000, 0x000000008a500000| Untracked 
| 166|0x000000008a600000, 0x000000008a600000, 0x000000008a700000|  0%| F|  |TAMS 0x000000008a600000, 0x000000008a600000| Untracked 
| 167|0x000000008a700000, 0x000000008a700000, 0x000000008a800000|  0%| F|  |TAMS 0x000000008a700000, 0x000000008a700000| Untracked 
| 168|0x000000008a800000, 0x000000008a800000, 0x000000008a900000|  0%| F|  |TAMS 0x000000008a800000, 0x000000008a800000| Untracked 
| 169|0x000000008a900000, 0x000000008a900000, 0x000000008aa00000|  0%| F|  |TAMS 0x000000008a900000, 0x000000008a900000| Untracked 
| 170|0x000000008aa00000, 0x000000008aa00000, 0x000000008ab00000|  0%| F|  |TAMS 0x000000008aa00000, 0x000000008aa00000| Untracked 
| 171|0x000000008ab00000, 0x000000008ab00000, 0x000000008ac00000|  0%| F|  |TAMS 0x000000008ab00000, 0x000000008ab00000| Untracked 
| 172|0x000000008ac00000, 0x000000008ac00000, 0x000000008ad00000|  0%| F|  |TAMS 0x000000008ac00000, 0x000000008ac00000| Untracked 
| 173|0x000000008ad00000, 0x000000008ad00000, 0x000000008ae00000|  0%| F|  |TAMS 0x000000008ad00000, 0x000000008ad00000| Untracked 
| 174|0x000000008ae00000, 0x000000008ae00000, 0x000000008af00000|  0%| F|  |TAMS 0x000000008ae00000, 0x000000008ae00000| Untracked 
| 175|0x000000008af00000, 0x000000008aff9900, 0x000000008b000000| 97%| S|CS|TAMS 0x000000008af00000, 0x000000008af00000| Complete 
| 176|0x000000008b000000, 0x000000008b000000, 0x000000008b100000|  0%| F|  |TAMS 0x000000008b000000, 0x000000008b000000| Untracked 
| 177|0x000000008b100000, 0x000000008b100000, 0x000000008b200000|  0%| F|  |TAMS 0x000000008b100000, 0x000000008b100000| Untracked 
| 178|0x000000008b200000, 0x000000008b2ea410, 0x000000008b300000| 91%| E|  |TAMS 0x000000008b200000, 0x000000008b200000| Complete 
| 179|0x000000008b300000, 0x000000008b400000, 0x000000008b400000|100%| E|  |TAMS 0x000000008b300000, 0x000000008b300000| Complete 
| 180|0x000000008b400000, 0x000000008b500000, 0x000000008b500000|100%| E|CS|TAMS 0x000000008b400000, 0x000000008b400000| Complete 
| 181|0x000000008b500000, 0x000000008b600000, 0x000000008b600000|100%| E|CS|TAMS 0x000000008b500000, 0x000000008b500000| Complete 
| 182|0x000000008b600000, 0x000000008b700000, 0x000000008b700000|100%| E|CS|TAMS 0x000000008b600000, 0x000000008b600000| Complete 
| 183|0x000000008b700000, 0x000000008b800000, 0x000000008b800000|100%| E|CS|TAMS 0x000000008b700000, 0x000000008b700000| Complete 
| 184|0x000000008b800000, 0x000000008b900000, 0x000000008b900000|100%| E|CS|TAMS 0x000000008b800000, 0x000000008b800000| Complete 
| 185|0x000000008b900000, 0x000000008ba00000, 0x000000008ba00000|100%| E|CS|TAMS 0x000000008b900000, 0x000000008b900000| Complete 
| 186|0x000000008ba00000, 0x000000008bb00000, 0x000000008bb00000|100%| E|CS|TAMS 0x000000008ba00000, 0x000000008ba00000| Complete 
| 187|0x000000008bb00000, 0x000000008bc00000, 0x000000008bc00000|100%| E|CS|TAMS 0x000000008bb00000, 0x000000008bb00000| Complete 
| 188|0x000000008bc00000, 0x000000008bd00000, 0x000000008bd00000|100%| E|CS|TAMS 0x000000008bc00000, 0x000000008bc00000| Complete 
| 189|0x000000008bd00000, 0x000000008be00000, 0x000000008be00000|100%| E|CS|TAMS 0x000000008bd00000, 0x000000008bd00000| Complete 
| 190|0x000000008be00000, 0x000000008bf00000, 0x000000008bf00000|100%| E|CS|TAMS 0x000000008be00000, 0x000000008be00000| Complete 
| 191|0x000000008bf00000, 0x000000008c000000, 0x000000008c000000|100%| E|CS|TAMS 0x000000008bf00000, 0x000000008bf00000| Complete 

Card table byte_map: [0x000001d229960000,0x000001d229d60000] _byte_map_base: 0x000001d229560000

Marking Bits (Prev, Next): (CMBitMap*) 0x000001d21648b320, (CMBitMap*) 0x000001d21648b2e8
 Prev Bits: [0x000001d22c160000, 0x000001d22e160000)
 Next Bits: [0x000001d22a160000, 0x000001d22c160000)

Polling page: 0x000001d214c00000

Metaspace:

Usage:
  Non-class:    118.24 MB capacity,   115.73 MB ( 98%) used,     2.07 MB (  2%) free+waste,   457.81 KB ( <1%) overhead. 
      Class:     18.19 MB capacity,    16.76 MB ( 92%) used,     1.23 MB (  7%) free+waste,   208.44 KB (  1%) overhead. 
       Both:    136.44 MB capacity,   132.48 MB ( 97%) used,     3.30 MB (  2%) free+waste,   666.25 KB ( <1%) overhead. 

Virtual space:
  Non-class space:      120.00 MB reserved,     118.42 MB ( 99%) committed 
      Class space:        1.00 GB reserved,      18.20 MB (  2%) committed 
             Both:        1.12 GB reserved,     136.62 MB ( 12%) committed 

Chunk freelists:
   Non-Class:  50.00 KB
       Class:  0 bytes
        Both:  50.00 KB

MaxMetaspaceSize: 17179869184.00 GB
CompressedClassSpaceSize: 1.00 GB

CodeHeap 'non-profiled nmethods': size=120064Kb used=12208Kb max_used=12208Kb free=107855Kb
 bounds [0x000001d221a00000, 0x000001d2225f0000, 0x000001d228f40000]
CodeHeap 'profiled nmethods': size=120000Kb used=41507Kb max_used=41507Kb free=78492Kb
 bounds [0x000001d21a4d0000, 0x000001d21cd70000, 0x000001d221a00000]
CodeHeap 'non-nmethods': size=5696Kb used=2369Kb max_used=2399Kb free=3326Kb
 bounds [0x000001d219f40000, 0x000001d21a1b0000, 0x000001d21a4d0000]
 total_blobs=19641 nmethods=18642 adapters=909
 compilation: enabled
              stopped_count=0, restarted_count=0
 full_count=0

Compilation events (20 events):
Event: 520.877 Thread 0x000001d23dca7000 nmethod 19491 0x000001d2225de910 code [0x000001d2225deae0, 0x000001d2225def08]
Event: 520.877 Thread 0x000001d23dca7000 19492       4       sun.security.provider.SHA::implReset (13 bytes)
Event: 520.883 Thread 0x000001d23dca7000 nmethod 19492 0x000001d2225df290 code [0x000001d2225df420, 0x000001d2225df5d8]
Event: 520.883 Thread 0x000001d23dca7000 19478       4       sun.nio.fs.WindowsPath::<init> (26 bytes)
Event: 520.883 Thread 0x000001d231008000 19495       3       sun.security.util.DerInputStream::getDerValue (12 bytes)
Event: 520.883 Thread 0x000001d231008000 nmethod 19495 0x000001d21cd28710 code [0x000001d21cd288c0, 0x000001d21cd28a68]
Event: 520.883 Thread 0x000001d231008000 19497       3       java.util.Vector::elementData (7 bytes)
Event: 520.883 Thread 0x000001d231008000 nmethod 19497 0x000001d21cd28b10 code [0x000001d21cd28cc0, 0x000001d21cd28df8]
Event: 520.884 Thread 0x000001d231008000 19496       3       sun.security.util.DerValue::<init> (250 bytes)
Event: 520.888 Thread 0x000001d231008000 nmethod 19496 0x000001d21cd28f10 code [0x000001d21cd29420, 0x000001d21cd2caf8]
Event: 520.888 Thread 0x000001d231008000 19498  s    3       java.util.Vector::elementAt (48 bytes)
Event: 520.890 Thread 0x000001d231008000 nmethod 19498 0x000001d21cd2da10 code [0x000001d21cd2dca0, 0x000001d21cd2e848]
Event: 520.890 Thread 0x000001d231008000 19502       3       java.lang.invoke.MethodType::invokerType (9 bytes)
Event: 520.890 Thread 0x000001d231008000 nmethod 19502 0x000001d21cd2ec90 code [0x000001d21cd2ee40, 0x000001d21cd2ef88]
Event: 520.890 Thread 0x000001d231008000 19499       3       sun.security.util.DerOutputStream::<init> (5 bytes)
Event: 520.891 Thread 0x000001d231008000 nmethod 19499 0x000001d21cd2f010 code [0x000001d21cd2f1e0, 0x000001d21cd2f368]
Event: 520.891 Thread 0x000001d23dca7000 nmethod 19478 0x000001d2225dfd10 code [0x000001d2225dfea0, 0x000001d2225e0218]
Event: 520.893 Thread 0x000001d23dca7000 19505 % !   4       com.sun.crypto.provider.PKCS12PBECipherCore::derive @ 233 (501 bytes)
Event: 520.904 Thread 0x000001d23dca7000 nmethod 19505% 0x000001d2225e0290 code [0x000001d2225e0480, 0x000001d2225e0c38]
Event: 520.907 Thread 0x000001d23dca7000 19506   !   4       com.sun.crypto.provider.PKCS12PBECipherCore::derive (501 bytes)

GC Heap History (20 events):
Event: 511.014 GC heap before
{Heap before GC invocations=40 (full 0):
 garbage-first heap   total 196608K, used 165105K [0x0000000080000000, 0x0000000100000000)
  region size 1024K, 23 young (23552K), 2 survivors (2048K)
 Metaspace       used 122995K, capacity 126257K, committed 126328K, reserved 1159168K
  class space    used 15363K, capacity 16580K, committed 16588K, reserved 1048576K
}
Event: 511.022 GC heap after
{Heap after GC invocations=41 (full 0):
 garbage-first heap   total 196608K, used 144076K [0x0000000080000000, 0x0000000100000000)
  region size 1024K, 2 young (2048K), 2 survivors (2048K)
 Metaspace       used 122995K, capacity 126257K, committed 126328K, reserved 1159168K
  class space    used 15363K, capacity 16580K, committed 16588K, reserved 1048576K
}
Event: 511.597 GC heap before
{Heap before GC invocations=41 (full 0):
 garbage-first heap   total 196608K, used 167628K [0x0000000080000000, 0x0000000100000000)
  region size 1024K, 25 young (25600K), 2 survivors (2048K)
 Metaspace       used 123192K, capacity 126443K, committed 126584K, reserved 1159168K
  class space    used 15360K, capacity 16572K, committed 16588K, reserved 1048576K
}
Event: 511.605 GC heap after
{Heap after GC invocations=42 (full 0):
 garbage-first heap   total 196608K, used 144297K [0x0000000080000000, 0x0000000100000000)
  region size 1024K, 2 young (2048K), 2 survivors (2048K)
 Metaspace       used 123192K, capacity 126443K, committed 126584K, reserved 1159168K
  class space    used 15360K, capacity 16572K, committed 16588K, reserved 1048576K
}
Event: 512.037 GC heap before
{Heap before GC invocations=43 (full 0):
 garbage-first heap   total 196608K, used 168873K [0x0000000080000000, 0x0000000100000000)
  region size 1024K, 26 young (26624K), 2 survivors (2048K)
 Metaspace       used 123576K, capacity 126859K, committed 127224K, reserved 1159168K
  class space    used 15377K, capacity 16604K, committed 16716K, reserved 1048576K
}
Event: 512.045 GC heap after
{Heap after GC invocations=44 (full 0):
 garbage-first heap   total 196608K, used 144719K [0x0000000080000000, 0x0000000100000000)
  region size 1024K, 3 young (3072K), 3 survivors (3072K)
 Metaspace       used 123576K, capacity 126859K, committed 127224K, reserved 1159168K
  class space    used 15377K, capacity 16604K, committed 16716K, reserved 1048576K
}
Event: 512.286 GC heap before
{Heap before GC invocations=44 (full 0):
 garbage-first heap   total 196608K, used 150863K [0x0000000080000000, 0x0000000100000000)
  region size 1024K, 9 young (9216K), 3 survivors (3072K)
 Metaspace       used 123887K, capacity 127162K, committed 127480K, reserved 1161216K
  class space    used 15403K, capacity 16641K, committed 16716K, reserved 1048576K
}
Event: 512.296 GC heap after
{Heap after GC invocations=45 (full 0):
 garbage-first heap   total 196608K, used 144582K [0x0000000080000000, 0x0000000100000000)
  region size 1024K, 2 young (2048K), 2 survivors (2048K)
 Metaspace       used 123887K, capacity 127162K, committed 127480K, reserved 1161216K
  class space    used 15403K, capacity 16641K, committed 16716K, reserved 1048576K
}
Event: 513.592 GC heap before
{Heap before GC invocations=45 (full 0):
 garbage-first heap   total 196608K, used 170182K [0x0000000080000000, 0x0000000100000000)
  region size 1024K, 25 young (25600K), 2 survivors (2048K)
 Metaspace       used 124426K, capacity 127786K, committed 127992K, reserved 1161216K
  class space    used 15447K, capacity 16653K, committed 16716K, reserved 1048576K
}
Event: 513.601 GC heap after
{Heap after GC invocations=46 (full 0):
 garbage-first heap   total 196608K, used 147946K [0x0000000080000000, 0x0000000100000000)
  region size 1024K, 3 young (3072K), 3 survivors (3072K)
 Metaspace       used 124426K, capacity 127786K, committed 127992K, reserved 1161216K
  class space    used 15447K, capacity 16653K, committed 16716K, reserved 1048576K
}
Event: 514.591 GC heap before
{Heap before GC invocations=47 (full 0):
 garbage-first heap   total 196608K, used 169450K [0x0000000080000000, 0x0000000100000000)
  region size 1024K, 25 young (25600K), 3 survivors (3072K)
 Metaspace       used 126001K, capacity 129443K, committed 129528K, reserved 1161216K
  class space    used 15678K, capacity 16921K, committed 16972K, reserved 1048576K
}
Event: 514.604 GC heap after
{Heap after GC invocations=48 (full 0):
 garbage-first heap   total 196608K, used 150661K [0x0000000080000000, 0x0000000100000000)
  region size 1024K, 4 young (4096K), 4 survivors (4096K)
 Metaspace       used 126001K, capacity 129443K, committed 129528K, reserved 1161216K
  class space    used 15678K, capacity 16921K, committed 16972K, reserved 1048576K
}
Event: 514.672 GC heap before
{Heap before GC invocations=48 (full 0):
 garbage-first heap   total 196608K, used 155781K [0x0000000080000000, 0x0000000100000000)
  region size 1024K, 9 young (9216K), 4 survivors (4096K)
 Metaspace       used 126141K, capacity 129587K, committed 129784K, reserved 1163264K
  class space    used 15687K, capacity 16925K, committed 16972K, reserved 1048576K
}
Event: 514.701 GC heap after
{Heap after GC invocations=49 (full 0):
 garbage-first heap   total 196608K, used 147673K [0x0000000080000000, 0x0000000100000000)
  region size 1024K, 2 young (2048K), 2 survivors (2048K)
 Metaspace       used 126141K, capacity 129587K, committed 129784K, reserved 1163264K
  class space    used 15687K, capacity 16925K, committed 16972K, reserved 1048576K
}
Event: 515.489 GC heap before
{Heap before GC invocations=49 (full 0):
 garbage-first heap   total 196608K, used 166105K [0x0000000080000000, 0x0000000100000000)
  region size 1024K, 21 young (21504K), 2 survivors (2048K)
 Metaspace       used 130161K, capacity 133917K, committed 134136K, reserved 1165312K
  class space    used 16363K, capacity 17701K, committed 17740K, reserved 1048576K
}
Event: 515.498 GC heap after
{Heap after GC invocations=50 (full 0):
 garbage-first heap   total 196608K, used 150156K [0x0000000080000000, 0x0000000100000000)
  region size 1024K, 2 young (2048K), 2 survivors (2048K)
 Metaspace       used 130161K, capacity 133917K, committed 134136K, reserved 1165312K
  class space    used 16363K, capacity 17701K, committed 17740K, reserved 1048576K
}
Event: 516.200 GC heap before
{Heap before GC invocations=50 (full 0):
 garbage-first heap   total 196608K, used 167564K [0x0000000080000000, 0x0000000100000000)
  region size 1024K, 20 young (20480K), 2 survivors (2048K)
 Metaspace       used 132418K, capacity 136280K, committed 136568K, reserved 1167360K
  class space    used 16665K, capacity 18079K, committed 18124K, reserved 1048576K
}
Event: 516.211 GC heap after
{Heap after GC invocations=51 (full 0):
 garbage-first heap   total 196608K, used 151755K [0x0000000080000000, 0x0000000100000000)
  region size 1024K, 2 young (2048K), 2 survivors (2048K)
 Metaspace       used 132418K, capacity 136280K, committed 136568K, reserved 1167360K
  class space    used 16665K, capacity 18079K, committed 18124K, reserved 1048576K
}
Event: 520.061 GC heap before
{Heap before GC invocations=51 (full 0):
 garbage-first heap   total 196608K, used 168139K [0x0000000080000000, 0x0000000100000000)
  region size 1024K, 19 young (19456K), 2 survivors (2048K)
 Metaspace       used 133901K, capacity 137789K, committed 137976K, reserved 1169408K
  class space    used 16970K, capacity 18405K, committed 18508K, reserved 1048576K
}
Event: 520.069 GC heap after
{Heap after GC invocations=52 (full 0):
 garbage-first heap   total 196608K, used 152154K [0x0000000080000000, 0x0000000100000000)
  region size 1024K, 3 young (3072K), 3 survivors (3072K)
 Metaspace       used 133901K, capacity 137789K, committed 137976K, reserved 1169408K
  class space    used 16970K, capacity 18405K, committed 18508K, reserved 1048576K
}

Deoptimization events (20 events):
Event: 520.751 Thread 0x000001d234beb800 Uncommon trap: trap_request=0xffffff4d fr.pc=0x000001d2225a0054 relative=0x0000000000000274
Event: 520.751 Thread 0x000001d234beb800 Uncommon trap: reason=unstable_if action=reinterpret pc=0x000001d2225a0054 method=java.util.regex.Pattern$SliceU.match(Ljava/util/regex/Matcher;ILjava/lang/CharSequence;)Z @ 58 c2
Event: 520.751 Thread 0x000001d234beb800 DEOPT PACKING pc=0x000001d2225a0054 sp=0x00000002ffafaed0
Event: 520.751 Thread 0x000001d234beb800 DEOPT UNPACKING pc=0x000001d219f678af sp=0x00000002ffafae58 mode 2
Event: 520.754 Thread 0x000001d234beb800 Uncommon trap: trap_request=0xffffffde fr.pc=0x000001d222592dbc relative=0x000000000000125c
Event: 520.754 Thread 0x000001d234beb800 Uncommon trap: reason=class_check action=maybe_recompile pc=0x000001d222592dbc method=sun.nio.fs.WindowsDirectoryStream$WindowsDirectoryIterator.acceptEntry(Ljava/lang/String;Ljava/nio/file/attribute/BasicFileAttributes;)Ljava/nio/file/Path; @ 44 c2
Event: 520.754 Thread 0x000001d234beb800 DEOPT PACKING pc=0x000001d222592dbc sp=0x00000002ffafb2c0
Event: 520.754 Thread 0x000001d234beb800 DEOPT UNPACKING pc=0x000001d219f678af sp=0x00000002ffafb1c8 mode 2
Event: 520.755 Thread 0x000001d234beb800 Uncommon trap: trap_request=0xffffff4d fr.pc=0x000001d221dc8b68 relative=0x0000000000002ae8
Event: 520.755 Thread 0x000001d234beb800 Uncommon trap: reason=unstable_if action=reinterpret pc=0x000001d221dc8b68 method=java.net.URL.toLowerCase(Ljava/lang/String;)Ljava/lang/String; @ 24 c2
Event: 520.755 Thread 0x000001d234beb800 DEOPT PACKING pc=0x000001d221dc8b68 sp=0x00000002ffafcbe0
Event: 520.755 Thread 0x000001d234beb800 DEOPT UNPACKING pc=0x000001d219f678af sp=0x00000002ffafcb40 mode 2
Event: 520.758 Thread 0x000001d234beb800 DEOPT PACKING pc=0x000001d21a591664 sp=0x00000002ffafcb20
Event: 520.758 Thread 0x000001d234beb800 DEOPT UNPACKING pc=0x000001d219f676ce sp=0x00000002ffafbff0 mode 0
Event: 520.775 Thread 0x000001d234beb800 Uncommon trap: trap_request=0xffffff4d fr.pc=0x000001d221ccf794 relative=0x00000000000009d4
Event: 520.775 Thread 0x000001d234beb800 Uncommon trap: reason=unstable_if action=reinterpret pc=0x000001d221ccf794 method=sun.net.util.IPAddressUtil.scan(Ljava/lang/String;JJ[C)I @ 14 c2
Event: 520.775 Thread 0x000001d234beb800 DEOPT PACKING pc=0x000001d221ccf794 sp=0x00000002ffafc7a0
Event: 520.775 Thread 0x000001d234beb800 DEOPT UNPACKING pc=0x000001d219f678af sp=0x00000002ffafc620 mode 2
Event: 520.907 Thread 0x000001d234beb800 DEOPT PACKING pc=0x000001d21cd265b6 sp=0x00000002ffafd4e0
Event: 520.907 Thread 0x000001d234beb800 DEOPT UNPACKING pc=0x000001d219f676ce sp=0x00000002ffafca60 mode 0

Classes redefined (0 events):
No events

Internal exceptions (20 events):
Event: 515.660 Thread 0x000001d234be4800 Exception <a 'java/lang/IncompatibleClassChangeError'{0x000000008bb75f60}: Found class java.lang.Object, but interface was expected> (0x000000008bb75f60) thrown at [./src/hotspot/share/interpreter/linkResolver.cpp, line 839]
Event: 515.664 Thread 0x000001d234beb800 Exception <a 'java/lang/NoSuchMethodError'{0x000000008bb99320}: 'java.lang.Object java.lang.invoke.DirectMethodHandle$Holder.invokeInterface(java.lang.Object, java.lang.Object, int)'> (0x000000008bb99320) thrown at [./src/hotspot/share/interpreter/linkResolver.cpp, line 773]
Event: 515.699 Thread 0x000001d234be4800 Exception <a 'java/lang/NoSuchMethodError'{0x000000008b957f78}: 'void java.lang.invoke.DirectMethodHandle$Holder.invokeSpecial(java.lang.Object, java.lang.Object, int, java.lang.Object, java.lang.Object, java.lang.Object, java.lang.Object)'> (0x000000008b957f78) thrown at [./src/hotspot/share/interpreter/linkResolver.cpp, line 773]
Event: 515.707 Thread 0x000001d234be4800 Exception <a 'java/lang/NoSuchMethodError'{0x000000008b9e7790}: 'java.lang.Object java.lang.invoke.Invokers$Holder.linkToTargetMethod(java.lang.Object, int, java.lang.Object, java.lang.Object, java.lang.Object, java.lang.Object)'> (0x000000008b9e7790) thrown at [./src/hotspot/share/interpreter/linkResolver.cpp, line 773]
Event: 515.707 Thread 0x000001d234be4800 Exception <a 'java/lang/NoSuchMethodError'{0x000000008b9eb448}: 'void java.lang.invoke.DirectMethodHandle$Holder.invokeSpecial(java.lang.Object, java.lang.Object, java.lang.Object, java.lang.Object, java.lang.Object, java.lang.Object, java.lang.Object, java.lang.Object, java.lang.Object)'> (0x000000008b9eb448) thrown at [./src/hotspot/share/interpreter/linkResolver.cpp, line 773]
Event: 515.711 Thread 0x000001d234be4800 Exception <a 'java/lang/NoSuchMethodError'{0x000000008b802fc8}: 'void java.lang.invoke.DirectMethodHandle$Holder.invokeStatic(java.lang.Object, java.lang.Object, java.lang.Object, java.lang.Object, java.lang.Object, java.lang.Object, java.lang.Object, java.lang.Object)'> (0x000000008b802fc8) thrown at [./src/hotspot/share/interpreter/linkResolver.cpp, line 773]
Event: 515.833 Thread 0x000001d234be4800 Exception <a 'java/lang/IncompatibleClassChangeError'{0x000000008b568f78}: Found class java.lang.Object, but interface was expected> (0x000000008b568f78) thrown at [./src/hotspot/share/interpreter/linkResolver.cpp, line 839]
Event: 515.926 Thread 0x000001d234be4800 Exception <a 'java/lang/NoSuchMethodError'{0x000000008b3933a0}: 'void java.lang.invoke.DirectMethodHandle$Holder.invokeVirtual(java.lang.Object, java.lang.Object, int)'> (0x000000008b3933a0) thrown at [./src/hotspot/share/interpreter/linkResolver.cpp, line 773]
Event: 515.989 Thread 0x000001d234be4800 Exception <a 'sun/nio/fs/WindowsException'{0x000000008b1326a8}> (0x000000008b1326a8) thrown at [./src/hotspot/share/prims/jni.cpp, line 615]
Event: 515.995 Thread 0x000001d234be4800 Exception <a 'sun/nio/fs/WindowsException'{0x000000008b164a30}> (0x000000008b164a30) thrown at [./src/hotspot/share/prims/jni.cpp, line 615]
Event: 516.019 Thread 0x000001d234be4800 Exception <a 'sun/nio/fs/WindowsException'{0x000000008b16c5a8}> (0x000000008b16c5a8) thrown at [./src/hotspot/share/prims/jni.cpp, line 615]
Event: 516.197 Thread 0x000001d234beb800 Exception <a 'sun/nio/fs/WindowsException'{0x000000008ae78398}> (0x000000008ae78398) thrown at [./src/hotspot/share/prims/jni.cpp, line 615]
Event: 516.213 Thread 0x000001d234beb800 Exception <a 'sun/nio/fs/WindowsException'{0x000000008bf44ff0}> (0x000000008bf44ff0) thrown at [./src/hotspot/share/prims/jni.cpp, line 615]
Event: 516.229 Thread 0x000001d234beb800 Exception <a 'sun/nio/fs/WindowsException'{0x000000008bfba3b8}> (0x000000008bfba3b8) thrown at [./src/hotspot/share/prims/jni.cpp, line 615]
Event: 516.321 Thread 0x000001d234be3800 Exception <a 'java/lang/NoSuchMethodError'{0x000000008bdd49d8}: <clinit>> (0x000000008bdd49d8) thrown at [./src/hotspot/share/prims/jni.cpp, line 1362]
Event: 519.118 Thread 0x000001d234be5000 Exception <a 'sun/nio/fs/WindowsException'{0x000000008b87f268}> (0x000000008b87f268) thrown at [./src/hotspot/share/prims/jni.cpp, line 615]
Event: 520.264 Thread 0x000001d234be5000 Exception <a 'sun/nio/fs/WindowsException'{0x000000008ba12cc0}> (0x000000008ba12cc0) thrown at [./src/hotspot/share/prims/jni.cpp, line 615]
Event: 520.749 Thread 0x000001d234beb800 Exception <a 'sun/nio/fs/WindowsException'{0x000000008b69a920}> (0x000000008b69a920) thrown at [./src/hotspot/share/prims/jni.cpp, line 615]
Event: 520.889 Thread 0x000001d234beb800 Exception <a 'java/lang/NoSuchMethodError'{0x000000008b2a4618}: 'java.lang.Object java.lang.invoke.DirectMethodHandle$Holder.invokeStatic(java.lang.Object, java.lang.Object, java.lang.Object, java.lang.Object, java.lang.Object, int, java.lang.Object)'> (0x000000008b2a4618) thrown at [./src/hotspot/share/interpreter/linkResolver.cpp, line 773]
Event: 520.890 Thread 0x000001d234beb800 Exception <a 'java/lang/NoSuchMethodError'{0x000000008b2ab818}: 'java.lang.Object java.lang.invoke.Invokers$Holder.linkToTargetMethod(java.lang.Object, java.lang.Object, java.lang.Object, java.lang.Object, int, java.lang.Object, java.lang.Object)'> (0x000000008b2ab818) thrown at [./src/hotspot/share/interpreter/linkResolver.cpp, line 773]

Events (20 events):
Event: 520.881 loading class javax/crypto/spec/IvParameterSpec
Event: 520.881 loading class javax/crypto/spec/IvParameterSpec done
Event: 520.881 loading class javax/crypto/NullCipher
Event: 520.881 loading class javax/crypto/NullCipher done
Event: 520.881 loading class sun/security/util/ArrayUtil
Event: 520.882 loading class sun/security/util/ArrayUtil done
Event: 520.883 Executing VM operation: RevokeBias
Event: 520.883 Executing VM operation: RevokeBias done
Event: 520.884 loading class sun/security/pkcs12/PKCS12KeyStore$CertEntry
Event: 520.884 loading class sun/security/pkcs12/PKCS12KeyStore$CertEntry done
Event: 520.885 loading class sun/security/pkcs12/MacData
Event: 520.885 loading class sun/security/pkcs12/MacData done
Event: 520.885 loading class javax/crypto/Mac
Event: 520.886 loading class javax/crypto/Mac done
Event: 520.891 loading class com/sun/crypto/provider/HmacPKCS12PBESHA1
Event: 520.891 loading class com/sun/crypto/provider/HmacCore
Event: 520.892 loading class javax/crypto/MacSpi
Event: 520.892 loading class javax/crypto/MacSpi done
Event: 520.892 loading class com/sun/crypto/provider/HmacCore done
Event: 520.892 loading class com/sun/crypto/provider/HmacPKCS12PBESHA1 done


Dynamic libraries:
0x00007ff7c9660000 - 0x00007ff7c966a000 	C:\Program Files\Android\Android Studio\jre\bin\java.exe
0x00007ffd31470000 - 0x00007ffd31665000 	C:\WINDOWS\SYSTEM32\ntdll.dll
0x00007ffd30670000 - 0x00007ffd3072e000 	C:\WINDOWS\System32\KERNEL32.DLL
0x00007ffd2ef20000 - 0x00007ffd2f1e9000 	C:\WINDOWS\System32\KERNELBASE.dll
0x00007ffd2f1f0000 - 0x00007ffd2f2f0000 	C:\WINDOWS\System32\ucrtbase.dll
0x00007ffd26240000 - 0x00007ffd26259000 	C:\Program Files\Android\Android Studio\jre\bin\jli.dll
0x00007ffd13680000 - 0x00007ffd13697000 	C:\Program Files\Android\Android Studio\jre\bin\VCRUNTIME140.dll
0x00007ffd304c0000 - 0x00007ffd30661000 	C:\WINDOWS\System32\USER32.dll
0x00007ffd2f2f0000 - 0x00007ffd2f312000 	C:\WINDOWS\System32\win32u.dll
0x00007ffd2df00000 - 0x00007ffd2e19a000 	C:\WINDOWS\WinSxS\amd64_microsoft.windows.common-controls_6595b64144ccf1df_6.0.19041.1110_none_60b5254171f9507e\COMCTL32.dll
0x00007ffd2f720000 - 0x00007ffd2f74b000 	C:\WINDOWS\System32\GDI32.dll
0x00007ffd2f7c0000 - 0x00007ffd2f85e000 	C:\WINDOWS\System32\msvcrt.dll
0x00007ffd2f320000 - 0x00007ffd2f42b000 	C:\WINDOWS\System32\gdi32full.dll
0x00007ffd2ecf0000 - 0x00007ffd2ed8d000 	C:\WINDOWS\System32\msvcp_win.dll
0x00007ffd307f0000 - 0x00007ffd30820000 	C:\WINDOWS\System32\IMM32.DLL
0x00007ffce75a0000 - 0x00007ffce763d000 	C:\Program Files\Android\Android Studio\jre\bin\msvcp140.dll
0x00007ffcc1110000 - 0x00007ffcc1bdf000 	C:\Program Files\Android\Android Studio\jre\bin\server\jvm.dll
0x00007ffd30ee0000 - 0x00007ffd30f8c000 	C:\WINDOWS\System32\ADVAPI32.dll
0x00007ffd2fce0000 - 0x00007ffd2fd7b000 	C:\WINDOWS\System32\sechost.dll
0x00007ffd30840000 - 0x00007ffd3096a000 	C:\WINDOWS\System32\RPCRT4.dll
0x00007ffd307e0000 - 0x00007ffd307e8000 	C:\WINDOWS\System32\PSAPI.DLL
0x00007ffd0f710000 - 0x00007ffd0f719000 	C:\WINDOWS\SYSTEM32\WSOCK32.dll
0x00007ffd30ff0000 - 0x00007ffd3105b000 	C:\WINDOWS\System32\WS2_32.dll
0x00007ffd0dd10000 - 0x00007ffd0dd37000 	C:\WINDOWS\SYSTEM32\WINMM.dll
0x00007ffd24930000 - 0x00007ffd2493a000 	C:\WINDOWS\SYSTEM32\VERSION.dll
0x00007ffd2d070000 - 0x00007ffd2d082000 	C:\WINDOWS\SYSTEM32\kernel.appcore.dll
0x00007ffd29b10000 - 0x00007ffd29b21000 	C:\Program Files\Android\Android Studio\jre\bin\verify.dll
0x00007ffd2e2e0000 - 0x00007ffd2e4c4000 	C:\WINDOWS\SYSTEM32\DBGHELP.DLL
0x00007ffd2e2b0000 - 0x00007ffd2e2dc000 	C:\WINDOWS\SYSTEM32\dbgcore.DLL
0x00007ffd2ee40000 - 0x00007ffd2eec3000 	C:\WINDOWS\System32\bcryptPrimitives.dll
0x00007ffd0f360000 - 0x00007ffd0f389000 	C:\Program Files\Android\Android Studio\jre\bin\java.dll
0x00007ffd2c7b0000 - 0x00007ffd2c7bb000 	C:\Program Files\Android\Android Studio\jre\bin\jimage.dll
0x00007ffd1ffb0000 - 0x00007ffd1ffc8000 	C:\Program Files\Android\Android Studio\jre\bin\zip.dll
0x00007ffd2fd80000 - 0x00007ffd304bf000 	C:\WINDOWS\System32\SHELL32.dll
0x00007ffd2b8e0000 - 0x00007ffd2c070000 	C:\WINDOWS\SYSTEM32\windows.storage.dll
0x00007ffd30970000 - 0x00007ffd30cc5000 	C:\WINDOWS\System32\combase.dll
0x00007ffd2ded0000 - 0x00007ffd2defc000 	C:\WINDOWS\SYSTEM32\Wldp.dll
0x00007ffd2f660000 - 0x00007ffd2f70d000 	C:\WINDOWS\System32\SHCORE.dll
0x00007ffd2f760000 - 0x00007ffd2f7b5000 	C:\WINDOWS\System32\shlwapi.dll
0x00007ffd2eaa0000 - 0x00007ffd2eabf000 	C:\WINDOWS\SYSTEM32\profapi.dll
0x00007ffd0c460000 - 0x00007ffd0c47a000 	C:\Program Files\Android\Android Studio\jre\bin\net.dll
0x00007ffd23ad0000 - 0x00007ffd23bd8000 	C:\WINDOWS\SYSTEM32\WINHTTP.dll
0x00007ffd2dbb0000 - 0x00007ffd2dc1a000 	C:\WINDOWS\system32\mswsock.dll
0x00007ffd0c440000 - 0x00007ffd0c454000 	C:\Program Files\Android\Android Studio\jre\bin\nio.dll
0x00007ffcf33e0000 - 0x00007ffcf3407000 	C:\Users\user\.gradle\native\8bec1ad78214c89d9ad589b4d07fe93259594b29d510b10fafb7a158f7737e5d\windows-amd64\native-platform.dll
0x00007ffcc6340000 - 0x00007ffcc647d000 	C:\Users\user\.gradle\native\53dbd7edfb1c66fb8903c78663c9afc45aea4f116125fa6feffd364cf09443e8\windows-amd64\native-platform-file-events.dll
0x00007ffd20160000 - 0x00007ffd2016a000 	C:\Program Files\Android\Android Studio\jre\bin\management.dll
0x00007ffd20100000 - 0x00007ffd2010c000 	C:\Program Files\Android\Android Studio\jre\bin\management_ext.dll
0x00007ffd2e830000 - 0x00007ffd2e848000 	C:\WINDOWS\SYSTEM32\CRYPTSP.dll
0x00007ffd2d560000 - 0x00007ffd2d594000 	C:\WINDOWS\system32\rsaenh.dll
0x00007ffd2eb60000 - 0x00007ffd2eb87000 	C:\WINDOWS\System32\bcrypt.dll
0x00007ffd2ea20000 - 0x00007ffd2ea4e000 	C:\WINDOWS\SYSTEM32\USERENV.dll
0x00007ffd2ddf0000 - 0x00007ffd2ddfc000 	C:\WINDOWS\SYSTEM32\CRYPTBASE.dll
0x00007ffd2d8b0000 - 0x00007ffd2d8eb000 	C:\WINDOWS\SYSTEM32\IPHLPAPI.DLL
0x00007ffd2f710000 - 0x00007ffd2f718000 	C:\WINDOWS\System32\NSI.dll
0x00007ffd29510000 - 0x00007ffd29527000 	C:\WINDOWS\SYSTEM32\dhcpcsvc6.DLL
0x00007ffd262c0000 - 0x00007ffd262dd000 	C:\WINDOWS\SYSTEM32\dhcpcsvc.DLL
0x00007ffd2d950000 - 0x00007ffd2da1c000 	C:\WINDOWS\SYSTEM32\DNSAPI.dll
0x00007ffd201b0000 - 0x00007ffd201d7000 	C:\Program Files\Android\Android Studio\jre\bin\sunec.dll

dbghelp: loaded successfully - version: 4.0.5 - missing functions: none
symbol engine: initialized successfully - sym options: 0x614 - pdb path: .;C:\Program Files\Android\Android Studio\jre\bin;C:\WINDOWS\SYSTEM32;C:\WINDOWS\WinSxS\amd64_microsoft.windows.common-controls_6595b64144ccf1df_6.0.19041.1110_none_60b5254171f9507e;C:\Program Files\Android\Android Studio\jre\bin\server;C:\Users\user\.gradle\native\8bec1ad78214c89d9ad589b4d07fe93259594b29d510b10fafb7a158f7737e5d\windows-amd64;C:\Users\user\.gradle\native\53dbd7edfb1c66fb8903c78663c9afc45aea4f116125fa6feffd364cf09443e8\windows-amd64

VM Arguments:
jvm_args: --add-opens=java.base/java.util=ALL-UNNAMED --add-opens=java.base/java.lang=ALL-UNNAMED --add-opens=java.base/java.lang.invoke=ALL-UNNAMED --add-opens=java.base/java.util=ALL-UNNAMED --add-opens=java.prefs/java.util.prefs=ALL-UNNAMED --add-opens=java.prefs/java.util.prefs=ALL-UNNAMED --add-opens=java.base/java.nio.charset=ALL-UNNAMED --add-opens=java.base/java.net=ALL-UNNAMED --add-opens=java.base/java.util.concurrent.atomic=ALL-UNNAMED -Xmx2048m -Dfile.encoding=UTF-8 -Duser.country=US -Duser.language=en -Duser.variant 
java_command: org.gradle.launcher.daemon.bootstrap.GradleDaemon 7.0.2
java_class_path (initial): C:\Users\user\.gradle\wrapper\dists\gradle-7.0.2-bin\857tjihv64xamwrf0h14cai3r\gradle-7.0.2\lib\gradle-launcher-7.0.2.jar
Launcher Type: SUN_STANDARD

[Global flags]
     intx CICompilerCount                          = 3                                         {product} {ergonomic}
     uint ConcGCThreads                            = 1                                         {product} {ergonomic}
     uint G1ConcRefinementThreads                  = 4                                         {product} {ergonomic}
   size_t G1HeapRegionSize                         = 1048576                                   {product} {ergonomic}
    uintx GCDrainStackTargetSize                   = 64                                        {product} {ergonomic}
   size_t InitialHeapSize                          = 201326592                                 {product} {ergonomic}
   size_t MarkStackSize                            = 4194304                                   {product} {ergonomic}
   size_t MaxHeapSize                              = 2147483648                                {product} {command line}
   size_t MaxNewSize                               = 1287651328                                {product} {ergonomic}
   size_t MinHeapDeltaBytes                        = 1048576                                   {product} {ergonomic}
    uintx NonNMethodCodeHeapSize                   = 5830732                                {pd product} {ergonomic}
    uintx NonProfiledCodeHeapSize                  = 122913754                              {pd product} {ergonomic}
    uintx ProfiledCodeHeapSize                     = 122913754                              {pd product} {ergonomic}
    uintx ReservedCodeCacheSize                    = 251658240                              {pd product} {ergonomic}
     bool SegmentedCodeCache                       = true                                      {product} {ergonomic}
     bool UseCompressedClassPointers               = true                                 {lp64_product} {ergonomic}
     bool UseCompressedOops                        = true                                 {lp64_product} {ergonomic}
     bool UseG1GC                                  = true                                      {product} {ergonomic}
     bool UseLargePagesIndividualAllocation        = false                                  {pd product} {ergonomic}

Logging:
Log output configuration:
 #0: stdout all=warning uptime,level,tags
 #1: stderr all=off uptime,level,tags

Environment Variables:
PATH=C:\WINDOWS\system32;C:\WINDOWS;C:\WINDOWS\System32\Wbem;C:\WINDOWS\System32\WindowsPowerShell\v1.0\;C:\WINDOWS\System32\OpenSSH\;C:\Users\user\AppData\Local\Microsoft\WindowsApps;;C:\Users\user\AppData\Local\Programs\Microsoft VS Code\bin
USERNAME=user
OS=Windows_NT
PROCESSOR_IDENTIFIER=Intel64 Family 6 Model 78 Stepping 3, GenuineIntel



---------------  S Y S T E M  ---------------

OS: Windows 10 , 64 bit Build 19041 (10.0.19041.1202)
OS uptime: 0 days 13:36 hours

CPU:total 4 (initial active 4) (2 cores per cpu, 2 threads per core) family 6 model 78 stepping 3 microcode 0xcc, cmov, cx8, fxsr, mmx, sse, sse2, sse3, ssse3, sse4.1, sse4.2, popcnt, avx, avx2, aes, clmul, erms, 3dnowpref, lzcnt, ht, tsc, tscinvbit, bmi1, bmi2, adx, fma

Memory: 4k page, system-wide physical 12184M (4933M free)
TotalPageFile size 17320M (AvailPageFile size 8604M)
current process WorkingSet (physical memory assigned to process): 542M, peak: 542M
current process commit charge ("private bytes"): 571M, peak: 576M

vm_info: OpenJDK 64-Bit Server VM (11.0.10+0-b96-7249189) for windows-amd64 JRE (11.0.10+0-b96-7249189), built on Mar 31 2021 21:44:00 by "builder" with MS VC++ 14.0 (VS2015)

END.
