#
# A fatal error has been detected by the Java Runtime Environment:
#
#  EXCEPTION_ACCESS_VIOLATION (0xc0000005) at pc=0x00007ff8512a5710, pid=860, tid=11360
#
# JRE version: OpenJDK Runtime Environment (11.0.10) (build 11.0.10+0-b96-7249189)
# Java VM: OpenJDK 64-Bit Server VM (11.0.10+0-b96-7249189, mixed mode, tiered, compressed oops, g1 gc, windows-amd64)
# Problematic frame:
# V  [jvm.dll+0x2b5710]
#
# No core dump will be written. Minidumps are not enabled by default on client versions of Windows
#
# If you would like to submit a bug report, please visit:
#   https://bugreport.java.com/bugreport/crash.jsp
#

---------------  S U M M A R Y ------------

Command Line: --add-opens=java.base/java.util=ALL-UNNAMED --add-opens=java.base/java.lang=ALL-UNNAMED --add-opens=java.base/java.lang.invoke=ALL-UNNAMED --add-opens=java.base/java.util=ALL-UNNAMED --add-opens=java.prefs/java.util.prefs=ALL-UNNAMED --add-opens=java.prefs/java.util.prefs=ALL-UNNAMED --add-opens=java.base/java.nio.charset=ALL-UNNAMED --add-opens=java.base/java.net=ALL-UNNAMED --add-opens=java.base/java.util.concurrent.atomic=ALL-UNNAMED -Xmx2048m -Dfile.encoding=UTF-8 -Duser.country=US -Duser.language=en -Duser.variant org.gradle.launcher.daemon.bootstrap.GradleDaemon 7.0.2

Host: Intel(R) Core(TM) i5-6200U CPU @ 2.30GHz, 4 cores, 11G,  Windows 10 , 64 bit Build 19041 (10.0.19041.1202)
Time: Sat Nov 20 00:24:43 2021 E. Africa Standard Time elapsed time: 29.066412 seconds (0d 0h 0m 29s)

---------------  T H R E A D  ---------------

Current thread (0x000001927e537800):  JavaThread "C2 CompilerThread1" daemon [_thread_in_native, id=11360, stack(0x0000006c78200000,0x0000006c78300000)]


Current CompileTask:
C2:  29066 16124 %     4       com.android.tools.r8.ir.regalloc.a::a @ 2204 (3985 bytes)

Stack: [0x0000006c78200000,0x0000006c78300000],  sp=0x0000006c782faaa8,  free space=1002k
Native frames: (J=compiled Java code, j=interpreted, Vv=VM code, C=native code)
V  [jvm.dll+0x2b5710]
V  [jvm.dll+0x2b519a]
V  [jvm.dll+0x506028]
V  [jvm.dll+0x203253]
V  [jvm.dll+0x1fd07c]
V  [jvm.dll+0x1fa77f]
V  [jvm.dll+0x18354c]
V  [jvm.dll+0x208ee7]
V  [jvm.dll+0x207731]
V  [jvm.dll+0x6eb1cf]
V  [jvm.dll+0x6e3d45]
V  [jvm.dll+0x5ebe96]
C  [ucrtbase.dll+0x21bb2]
C  [KERNEL32.DLL+0x17034]
C  [ntdll.dll+0x52651]


siginfo: EXCEPTION_ACCESS_VIOLATION (0xc0000005), writing address 0x000001929a44f070


Register to memory mapping:

RIP=0x00007ff8512a5710 jvm.dll
RAX=0x000001929a44f050 is an unknown value
RBX=0x000001921a45aab8 points into unknown readable memory: 0x000001921a44f050 | 50 f0 44 1a 92 01 00 00
RCX=0x000001921a45aa90 points into unknown readable memory: 0x0000019211a08fb0 | b0 8f a0 11 92 01 00 00
RDX=0x000001921a44f050 points into unknown readable memory: 0x0000000000000000 | 00 00 00 00 00 00 00 00
RSP=0x0000006c782faaa8 is pointing into the stack for thread: 0x000001927e537800
RBP=0x000001921a45a9f0 points into unknown readable memory: 0x0000019210d13640 | 40 36 d1 10 92 01 00 00
RSI=0x000001921a44f050 points into unknown readable memory: 0x0000000000000000 | 00 00 00 00 00 00 00 00
RDI=0x000001921a454a50 points into unknown readable memory: 0x0000019210d13568 | 68 35 d1 10 92 01 00 00
R8 =0x000001921a45a9f0 points into unknown readable memory: 0x0000019210d13640 | 40 36 d1 10 92 01 00 00
R9 =0x000001921a45aa90 points into unknown readable memory: 0x0000019211a08fb0 | b0 8f a0 11 92 01 00 00
R10=0x0000000000000004 is an unknown value
R11=0x000001921a45a9f0 points into unknown readable memory: 0x0000019210d13640 | 40 36 d1 10 92 01 00 00
R12=0x00000192161e4800 points into unknown readable memory: 0x000001921a44f040 | 40 f0 44 1a 92 01 00 00
R13=0x0000019210d13640 points into unknown readable memory: 0x00007ff8517d4288 | 88 42 7d 51 f8 7f 00 00
R14=0x000001921a45a9f0 points into unknown readable memory: 0x0000019210d13640 | 40 36 d1 10 92 01 00 00
R15=0x0000019218db4020 points into unknown readable memory: 0xffffffff00000001 | 01 00 00 00 ff ff ff ff


Registers:
RAX=0x000001929a44f050, RBX=0x000001921a45aab8, RCX=0x000001921a45aa90, RDX=0x000001921a44f050
RSP=0x0000006c782faaa8, RBP=0x000001921a45a9f0, RSI=0x000001921a44f050, RDI=0x000001921a454a50
R8 =0x000001921a45a9f0, R9 =0x000001921a45aa90, R10=0x0000000000000004, R11=0x000001921a45a9f0
R12=0x00000192161e4800, R13=0x0000019210d13640, R14=0x000001921a45a9f0, R15=0x0000019218db4020
RIP=0x00007ff8512a5710, EFLAGS=0x0000000000010206

Top of Stack: (sp=0x0000006c782faaa8)
0x0000006c782faaa8:   00007ff8512a519a 000001921a454a50
0x0000006c782faab8:   000001921a44f050 0000000000000000
0x0000006c782faac8:   0000000000000001 0000000000000251
0x0000006c782faad8:   000001921a44f050 000001927e3cb980
0x0000006c782faae8:   00000192161e4800 00000192161f7f00
0x0000006c782faaf8:   00000000004bc910 00000192161f7f00
0x0000006c782fab08:   00007ff85185de48 000001927e3cb980
0x0000006c782fab18:   00007ff800000400 00000192191aecb0
0x0000006c782fab28:   0000000000000001 000000001145fd79
0x0000006c782fab38:   000001927e3cb980 0000000000000002
0x0000006c782fab48:   000001920fa2e580 0000000000000000
0x0000006c782fab58:   0000006c782fb000 0000006c782fda01
0x0000006c782fab68:   0000006c782fac80 0000000000000000
0x0000006c782fab78:   00007ff8514f6028 0000006c782fb000
0x0000006c782fab88:   0000006c000014e2 0000019218db4020
0x0000006c782fab98:   000001921a45a9f0 000001927e3cb980 

Instructions: (pc=0x00007ff8512a5710)
0x00007ff8512a5610:   54 24 48 49 8b ce e8 b5 77 e0 ff 49 8b cc e8 5d
0x00007ff8512a5620:   76 e0 ff 48 8b 44 24 50 49 89 46 20 4d 89 66 10
0x00007ff8512a5630:   4d 89 6e 18 48 81 c4 88 00 00 00 41 5f 41 5e 41
0x00007ff8512a5640:   5d 41 5c 5f 5e 5d 5b c3 cc cc cc cc cc cc cc cc
0x00007ff8512a5650:   48 89 5c 24 08 48 89 6c 24 10 48 89 74 24 18 48
0x00007ff8512a5660:   89 7c 24 20 4c 8b 4a 28 48 8d 5a 28 4c 8b 5a 18
0x00007ff8512a5670:   49 8b f0 48 8b ea 48 8b f9 48 8b c2 4d 8b 51 18
0x00007ff8512a5680:   45 8b 4a 08 45 39 4b 08 73 5a 66 0f 1f 44 00 00
0x00007ff8512a5690:   4c 8b 0b 44 8b 50 0c 49 8b 49 28 44 8b 41 0c 41
0x00007ff8512a56a0:   8b 49 0c 45 03 c2 03 c9 44 3b c1 72 10 49 89 41
0x00007ff8512a56b0:   20 48 8b 0b 48 8b 51 28 48 89 13 eb 0e 45 89 51
0x00007ff8512a56c0:   0c 48 8b 0b 48 89 48 20 48 8b c1 48 8b 48 28 48
0x00007ff8512a56d0:   8d 58 28 4c 8b 45 18 48 8b 51 18 8b 4a 08 41 39
0x00007ff8512a56e0:   48 08 72 ac 48 8b 4d 18 48 89 48 18 8b 4d 0c 01
0x00007ff8512a56f0:   4f 0c 8b 4d 0c 03 c9 39 4f 0c 73 0b 48 8b c8 48
0x00007ff8512a5700:   8b 47 28 48 89 4f 28 48 3b c6 74 11 0f 1f 40 00
0x00007ff8512a5710:   48 89 78 20 48 8b 40 28 48 3b c6 75 f3 48 8b 5c
0x00007ff8512a5720:   24 08 48 8b 6c 24 10 48 8b 74 24 18 48 8b 7c 24
0x00007ff8512a5730:   20 c3 cc cc cc cc cc cc cc cc cc cc cc cc cc cc
0x00007ff8512a5740:   40 53 55 56 57 41 54 41 55 41 56 41 57 48 83 ec
0x00007ff8512a5750:   38 8b 59 40 4c 8b e1 3b 59 20 72 0b 8b d3 48 83
0x00007ff8512a5760:   c1 20 e8 e9 af e5 ff 49 8b 44 24 30 33 ff 8b 0d
0x00007ff8512a5770:   08 e0 77 00 ba 08 00 00 00 48 89 3c d8 65 48 8b
0x00007ff8512a5780:   04 25 58 00 00 00 48 8b 04 c8 48 8b 0c 10 33 d2
0x00007ff8512a5790:   48 8b b1 78 02 00 00 48 89 b4 24 88 00 00 00 48
0x00007ff8512a57a0:   8b 46 28 48 8b 6e 10 4c 8b 76 18 4c 8b 7e 20 48
0x00007ff8512a57b0:   89 44 24 28 41 8b 44 24 40 ff c0 48 89 ac 24 90
0x00007ff8512a57c0:   00 00 00 4c 89 b4 24 98 00 00 00 4c 89 7c 24 20
0x00007ff8512a57d0:   48 8d 0c 80 48 c1 e1 04 e8 23 32 39 00 45 8b 44
0x00007ff8512a57e0:   24 40 48 8b d0 49 8b cc 4c 8b e8 e8 80 03 00 00
0x00007ff8512a57f0:   41 8b 54 24 40 8d 48 ff 3b ca 74 37 49 8b 5c 24
0x00007ff8512a5800:   08 48 8d 15 c0 4d 56 00 40 38 3d 93 e2 6d 00 41 


Stack slot to memory mapping:
stack at sp + 0 slots: 0x00007ff8512a519a jvm.dll
stack at sp + 1 slots: 0x000001921a454a50 points into unknown readable memory: 0x0000019210d13568 | 68 35 d1 10 92 01 00 00
stack at sp + 2 slots: 0x000001921a44f050 points into unknown readable memory: 0x0000000000000000 | 00 00 00 00 00 00 00 00
stack at sp + 3 slots: 0x0 is NULL
stack at sp + 4 slots: 0x0000000000000001 is an unknown value
stack at sp + 5 slots: 0x0000000000000251 is an unknown value
stack at sp + 6 slots: 0x000001921a44f050 points into unknown readable memory: 0x0000000000000000 | 00 00 00 00 00 00 00 00
stack at sp + 7 slots: 0x000001927e3cb980 points into unknown readable memory: 0x766f727000000006 | 06 00 00 00 70 72 6f 76


---------------  P R O C E S S  ---------------

Threads class SMR info:
_java_thread_list=0x0000019215db25b0, length=56, elements={
0x0000019270099800, 0x000001927d451800, 0x000001927d452800, 0x000001927d4a5800,
0x000001927d4aa800, 0x000001927d4ac000, 0x000001927d4b0000, 0x000001927cc39000,
0x000001927cc3c800, 0x000001927d5fa800, 0x000001927ebf6800, 0x000001927d723000,
0x000001920f402800, 0x0000019210293000, 0x000001921066e800, 0x000001920ffe4800,
0x000001920ff7e000, 0x0000019210097800, 0x000001921008f000, 0x0000019210091800,
0x0000019210090000, 0x0000019210092800, 0x000001927e537800, 0x0000019210091000,
0x0000019210093000, 0x000001921008d800, 0x0000019210094000, 0x000001921008e800,
0x000001920f4f8800, 0x000001920f4f9000, 0x000001920f4f6000, 0x000001920f4fa000,
0x000001920f4f4000, 0x000001920f4fa800, 0x000001920f4fc800, 0x000001920f4fd000,
0x000001920f4f7800, 0x000001920f501000, 0x000001920f500800, 0x000001920f4fe000,
0x000001920f4ff000, 0x000001920f4ff800, 0x000001920f503000, 0x0000019211dc1800,
0x0000019211dbf000, 0x0000019211dc0000, 0x0000019211dc1000, 0x0000019211dbe800,
0x0000019211dc2800, 0x0000019211dc3800, 0x0000019211dbd800, 0x0000019211dca000,
0x0000019211dc7800, 0x0000019211dc8000, 0x0000019211dc6800, 0x0000019211dc9000
}

Java Threads: ( => current thread )
  0x0000019270099800 JavaThread "main" [_thread_blocked, id=2096, stack(0x0000006c76200000,0x0000006c76300000)]
  0x000001927d451800 JavaThread "Reference Handler" daemon [_thread_blocked, id=12484, stack(0x0000006c76900000,0x0000006c76a00000)]
  0x000001927d452800 JavaThread "Finalizer" daemon [_thread_blocked, id=8540, stack(0x0000006c76a00000,0x0000006c76b00000)]
  0x000001927d4a5800 JavaThread "Signal Dispatcher" daemon [_thread_blocked, id=12336, stack(0x0000006c76b00000,0x0000006c76c00000)]
  0x000001927d4aa800 JavaThread "Attach Listener" daemon [_thread_blocked, id=2200, stack(0x0000006c76c00000,0x0000006c76d00000)]
  0x000001927d4ac000 JavaThread "Service Thread" daemon [_thread_blocked, id=13104, stack(0x0000006c76d00000,0x0000006c76e00000)]
  0x000001927d4b0000 JavaThread "C2 CompilerThread0" daemon [_thread_in_native, id=13904, stack(0x0000006c76e00000,0x0000006c76f00000)]
  0x000001927cc39000 JavaThread "C1 CompilerThread0" daemon [_thread_blocked, id=6740, stack(0x0000006c76f00000,0x0000006c77000000)]
  0x000001927cc3c800 JavaThread "Sweeper thread" daemon [_thread_blocked, id=11308, stack(0x0000006c77000000,0x0000006c77100000)]
  0x000001927d5fa800 JavaThread "Common-Cleaner" daemon [_thread_blocked, id=13960, stack(0x0000006c77100000,0x0000006c77200000)]
  0x000001927ebf6800 JavaThread "Daemon health stats" [_thread_blocked, id=12296, stack(0x0000006c77700000,0x0000006c77800000)]
  0x000001927d723000 JavaThread "Incoming local TCP Connector on port 58963" [_thread_in_native, id=12260, stack(0x0000006c77300000,0x0000006c77400000)]
  0x000001920f402800 JavaThread "Daemon periodic checks" [_thread_blocked, id=5384, stack(0x0000006c77800000,0x0000006c77900000)]
  0x0000019210293000 JavaThread "Daemon" [_thread_blocked, id=14284, stack(0x0000006c77900000,0x0000006c77a00000)]
  0x000001921066e800 JavaThread "Handler for socket connection from /127.0.0.1:58963 to /127.0.0.1:58964" [_thread_in_native, id=9644, stack(0x0000006c77a00000,0x0000006c77b00000)]
  0x000001920ffe4800 JavaThread "Cancel handler" [_thread_blocked, id=12872, stack(0x0000006c77b00000,0x0000006c77c00000)]
  0x000001920ff7e000 JavaThread "Daemon worker" [_thread_blocked, id=904, stack(0x0000006c77c00000,0x0000006c77d00000)]
  0x0000019210097800 JavaThread "Asynchronous log dispatcher for DefaultDaemonConnection: socket connection from /127.0.0.1:58963 to /127.0.0.1:58964" [_thread_blocked, id=11540, stack(0x0000006c77d00000,0x0000006c77e00000)]
  0x000001921008f000 JavaThread "Stdin handler" [_thread_blocked, id=10380, stack(0x0000006c77e00000,0x0000006c77f00000)]
  0x0000019210091800 JavaThread "Daemon client event forwarder" [_thread_blocked, id=6440, stack(0x0000006c77f00000,0x0000006c78000000)]
  0x0000019210090000 JavaThread "Cache worker for file hash cache (C:\Users\user\.gradle\caches\7.0.2\fileHashes)" [_thread_blocked, id=10496, stack(0x0000006c78000000,0x0000006c78100000)]
  0x0000019210092800 JavaThread "File lock request listener" [_thread_in_native, id=13252, stack(0x0000006c78100000,0x0000006c78200000)]
=>0x000001927e537800 JavaThread "C2 CompilerThread1" daemon [_thread_in_native, id=11360, stack(0x0000006c78200000,0x0000006c78300000)]
  0x0000019210091000 JavaThread "Cache worker for journal cache (C:\Users\user\.gradle\caches\journal-1)" [_thread_blocked, id=9196, stack(0x0000006c78300000,0x0000006c78400000)]
  0x0000019210093000 JavaThread "Cache worker for file hash cache (C:\Users\user\AndroidStudioProjects\MyApplication\.gradle\7.0.2\fileHashes)" [_thread_blocked, id=13452, stack(0x0000006c78400000,0x0000006c78500000)]
  0x000001921008d800 JavaThread "File watcher server" daemon [_thread_in_native, id=404, stack(0x0000006c78500000,0x0000006c78600000)]
  0x0000019210094000 JavaThread "File watcher consumer" daemon [_thread_blocked, id=9696, stack(0x0000006c78600000,0x0000006c78700000)]
  0x000001921008e800 JavaThread "Cache worker for checksums cache (C:\Users\user\AndroidStudioProjects\MyApplication\.gradle\checksums)" [_thread_blocked, id=8804, stack(0x0000006c78700000,0x0000006c78800000)]
  0x000001920f4f8800 JavaThread "Cache worker for cache directory md-supplier (C:\Users\user\.gradle\caches\7.0.2\md-supplier)" [_thread_blocked, id=5740, stack(0x0000006c78800000,0x0000006c78900000)]
  0x000001920f4f9000 JavaThread "Cache worker for cache directory md-rule (C:\Users\user\.gradle\caches\7.0.2\md-rule)" [_thread_blocked, id=444, stack(0x0000006c78900000,0x0000006c78a00000)]
  0x000001920f4f6000 JavaThread "Cache worker for execution history cache (C:\Users\user\.gradle\caches\7.0.2\executionHistory)" [_thread_blocked, id=13576, stack(0x0000006c78a00000,0x0000006c78b00000)]
  0x000001920f4fa000 JavaThread "jar transforms" [_thread_blocked, id=13996, stack(0x0000006c78b00000,0x0000006c78c00000)]
  0x000001920f4f4000 JavaThread "jar transforms Thread 2" [_thread_blocked, id=11548, stack(0x0000006c78c00000,0x0000006c78d00000)]
  0x000001920f4fa800 JavaThread "Cache worker for file content cache (C:\Users\user\.gradle\caches\7.0.2\fileContent)" [_thread_blocked, id=12092, stack(0x0000006c78d00000,0x0000006c78e00000)]
  0x000001920f4fc800 JavaThread "Cache worker for dependencies-accessors (C:\Users\user\AndroidStudioProjects\MyApplication\.gradle\7.0.2\dependencies-accessors)" [_thread_blocked, id=12052, stack(0x0000006c78e00000,0x0000006c78f00000)]
  0x000001920f4fd000 JavaThread "jar transforms Thread 3" [_thread_blocked, id=1796, stack(0x0000006c78f00000,0x0000006c79000000)]
  0x000001920f4f7800 JavaThread "Cache worker for Build Output Cleanup Cache (C:\Users\user\AndroidStudioProjects\MyApplication\.gradle\buildOutputCleanup)" [_thread_blocked, id=1416, stack(0x0000006c79000000,0x0000006c79100000)]
  0x000001920f501000 JavaThread "Build operations" [_thread_blocked, id=4092, stack(0x0000006c79100000,0x0000006c79200000)]
  0x000001920f500800 JavaThread "Build operations Thread 2" [_thread_blocked, id=888, stack(0x0000006c79200000,0x0000006c79300000)]
  0x000001920f4fe000 JavaThread "Build operations Thread 3" [_thread_blocked, id=12488, stack(0x0000006c79300000,0x0000006c79400000)]
  0x000001920f4ff000 JavaThread "Build operations Thread 4" [_thread_blocked, id=5608, stack(0x0000006c79400000,0x0000006c79500000)]
  0x000001920f4ff800 JavaThread "jar transforms Thread 4" [_thread_blocked, id=6172, stack(0x0000006c79500000,0x0000006c79600000)]
  0x000001920f503000 JavaThread "Memory manager" [_thread_blocked, id=13796, stack(0x0000006c79600000,0x0000006c79700000)]
  0x0000019211dc1800 JavaThread "build event listener" [_thread_blocked, id=13940, stack(0x0000006c79700000,0x0000006c79800000)]
  0x0000019211dbf000 JavaThread "pool-3-thread-1" [_thread_blocked, id=12212, stack(0x0000006c79800000,0x0000006c79900000)]
  0x0000019211dc0000 JavaThread "build event listener" [_thread_blocked, id=13736, stack(0x0000006c79900000,0x0000006c79a00000)]
  0x0000019211dc1000 JavaThread "Execution worker for ':'" [_thread_blocked, id=8772, stack(0x0000006c79a00000,0x0000006c79b00000)]
  0x0000019211dbe800 JavaThread "Execution worker for ':' Thread 2" [_thread_blocked, id=12628, stack(0x0000006c79b00000,0x0000006c79c00000)]
  0x0000019211dc2800 JavaThread "Execution worker for ':' Thread 3" [_thread_blocked, id=11404, stack(0x0000006c79c00000,0x0000006c79d00000)]
  0x0000019211dc3800 JavaThread "Cache worker for execution history cache (C:\Users\user\AndroidStudioProjects\MyApplication\.gradle\7.0.2\executionHistory)" [_thread_blocked, id=13896, stack(0x0000006c79d00000,0x0000006c79e00000)]
  0x0000019211dbd800 JavaThread "Cache worker for Java compile cache (C:\Users\user\.gradle\caches\7.0.2\javaCompile)" [_thread_blocked, id=12972, stack(0x0000006c79e00000,0x0000006c79f00000)]
  0x0000019211dca000 JavaThread "Cache worker for Java compile cache (C:\Users\user\AndroidStudioProjects\MyApplication\.gradle\7.0.2\javaCompile)" [_thread_blocked, id=11348, stack(0x0000006c79f00000,0x0000006c7a000000)]
  0x0000019211dc7800 JavaThread "WorkerExecutor Queue" [_thread_in_Java, id=11932, stack(0x0000006c7a000000,0x0000006c7a100000)]
  0x0000019211dc8000 JavaThread "WorkerExecutor Queue Thread 3" [_thread_blocked, id=10064, stack(0x0000006c7a200000,0x0000006c7a300000)]
  0x0000019211dc6800 JavaThread "WorkerExecutor Queue Thread 4" [_thread_blocked, id=5136, stack(0x0000006c7a300000,0x0000006c7a400000)]
  0x0000019211dc9000 JavaThread "WorkerExecutor Queue Thread 5" [_thread_blocked, id=8040, stack(0x0000006c7a400000,0x0000006c7a500000)]

Other Threads:
  0x000001927cc2c000 VMThread "VM Thread" [stack: 0x0000006c76800000,0x0000006c76900000] [id=12436]
  0x000001927d664000 WatcherThread [stack: 0x0000006c77200000,0x0000006c77300000] [id=12340]
  0x00000192700b3000 GCTaskThread "GC Thread#0" [stack: 0x0000006c76300000,0x0000006c76400000] [id=13456]
  0x000001927df24800 GCTaskThread "GC Thread#1" [stack: 0x0000006c77400000,0x0000006c77500000] [id=8000]
  0x000001927ddee000 GCTaskThread "GC Thread#2" [stack: 0x0000006c77500000,0x0000006c77600000] [id=13112]
  0x000001927dc3f000 GCTaskThread "GC Thread#3" [stack: 0x0000006c77600000,0x0000006c77700000] [id=260]
  0x00000192700e4000 ConcurrentGCThread "G1 Main Marker" [stack: 0x0000006c76400000,0x0000006c76500000] [id=12664]
  0x00000192700e5000 ConcurrentGCThread "G1 Conc#0" [stack: 0x0000006c76500000,0x0000006c76600000] [id=9744]
  0x000001927ca7e800 ConcurrentGCThread "G1 Refine#0" [stack: 0x0000006c76600000,0x0000006c76700000] [id=4100]
  0x00000192104e9000 ConcurrentGCThread "G1 Refine#1" [stack: 0x0000006c7a500000,0x0000006c7a600000] [id=4808]
  0x000001927ca7f000 ConcurrentGCThread "G1 Young RemSet Sampling" [stack: 0x0000006c76700000,0x0000006c76800000] [id=11872]

Threads with active compile tasks:
C2 CompilerThread0  29263 16283 %     4       com.android.tools.r8.internal.Mv::a @ 55 (406 bytes)
C2 CompilerThread1  29263 16124 %     4       com.android.tools.r8.ir.regalloc.a::a @ 2204 (3985 bytes)

VM state:not at safepoint (normal execution)

VM Mutex/Monitor currently owned by a thread: None

Heap address: 0x0000000080000000, size: 2048 MB, Compressed Oops mode: 32-bit
Narrow klass base: 0x0000000000000000, Narrow klass shift: 3
Compressed class space size: 1073741824 Address: 0x0000000100000000

Heap:
 garbage-first heap   total 284672K, used 163840K [0x0000000080000000, 0x0000000100000000)
  region size 1024K, 29 young (29696K), 4 survivors (4096K)
 Metaspace       used 105988K, capacity 108753K, committed 109008K, reserved 1144832K
  class space    used 13445K, capacity 14533K, committed 14668K, reserved 1048576K
Heap Regions: E=young(eden), S=young(survivor), O=old, HS=humongous(starts), HC=humongous(continues), CS=collection set, F=free, A=archive, TAMS=top-at-mark-start (previous, next)
|   0|0x0000000080000000, 0x0000000080100000, 0x0000000080100000|100%| O|  |TAMS 0x0000000080100000, 0x0000000080000000| Updating 
|   1|0x0000000080100000, 0x0000000080200000, 0x0000000080200000|100%| O|  |TAMS 0x0000000080200000, 0x0000000080100000| Updating 
|   2|0x0000000080200000, 0x0000000080300000, 0x0000000080300000|100%| O|  |TAMS 0x0000000080300000, 0x0000000080200000| Updating 
|   3|0x0000000080300000, 0x0000000080400000, 0x0000000080400000|100%|HS|  |TAMS 0x0000000080400000, 0x0000000080300000| Complete 
|   4|0x0000000080400000, 0x0000000080500000, 0x0000000080500000|100%|HC|  |TAMS 0x0000000080500000, 0x0000000080400000| Complete 
|   5|0x0000000080500000, 0x0000000080600000, 0x0000000080600000|100%|HC|  |TAMS 0x0000000080600000, 0x0000000080500000| Complete 
|   6|0x0000000080600000, 0x0000000080700000, 0x0000000080700000|100%| O|  |TAMS 0x0000000080700000, 0x0000000080600000| Updating 
|   7|0x0000000080700000, 0x0000000080800000, 0x0000000080800000|100%| O|  |TAMS 0x0000000080800000, 0x0000000080700000| Updating 
|   8|0x0000000080800000, 0x0000000080900000, 0x0000000080900000|100%| O|  |TAMS 0x0000000080900000, 0x0000000080800000| Updating 
|   9|0x0000000080900000, 0x0000000080a00000, 0x0000000080a00000|100%| O|  |TAMS 0x0000000080a00000, 0x0000000080900000| Updating 
|  10|0x0000000080a00000, 0x0000000080b00000, 0x0000000080b00000|100%| O|  |TAMS 0x0000000080b00000, 0x0000000080a00000| Updating 
|  11|0x0000000080b00000, 0x0000000080c00000, 0x0000000080c00000|100%| O|  |TAMS 0x0000000080c00000, 0x0000000080b00000| Updating 
|  12|0x0000000080c00000, 0x0000000080d00000, 0x0000000080d00000|100%| O|  |TAMS 0x0000000080d00000, 0x0000000080c00000| Updating 
|  13|0x0000000080d00000, 0x0000000080e00000, 0x0000000080e00000|100%|HS|  |TAMS 0x0000000080e00000, 0x0000000080d00000| Complete 
|  14|0x0000000080e00000, 0x0000000080f00000, 0x0000000080f00000|100%|HS|  |TAMS 0x0000000080f00000, 0x0000000080e00000| Complete 
|  15|0x0000000080f00000, 0x0000000081000000, 0x0000000081000000|100%|HS|  |TAMS 0x0000000081000000, 0x0000000080f00000| Complete 
|  16|0x0000000081000000, 0x0000000081100000, 0x0000000081100000|100%|HC|  |TAMS 0x0000000081100000, 0x0000000081000000| Complete 
|  17|0x0000000081100000, 0x0000000081200000, 0x0000000081200000|100%| O|  |TAMS 0x0000000081200000, 0x0000000081100000| Updating 
|  18|0x0000000081200000, 0x0000000081300000, 0x0000000081300000|100%| O|  |TAMS 0x0000000081300000, 0x0000000081200000| Updating 
|  19|0x0000000081300000, 0x0000000081400000, 0x0000000081400000|100%| O|  |TAMS 0x0000000081400000, 0x0000000081300000| Updating 
|  20|0x0000000081400000, 0x0000000081500000, 0x0000000081500000|100%| O|  |TAMS 0x0000000081500000, 0x0000000081400000| Updating 
|  21|0x0000000081500000, 0x0000000081600000, 0x0000000081600000|100%| O|  |TAMS 0x0000000081600000, 0x0000000081500000| Updating 
|  22|0x0000000081600000, 0x0000000081700000, 0x0000000081700000|100%| O|  |TAMS 0x0000000081700000, 0x0000000081600000| Updating 
|  23|0x0000000081700000, 0x0000000081800000, 0x0000000081800000|100%| O|  |TAMS 0x0000000081800000, 0x0000000081700000| Updating 
|  24|0x0000000081800000, 0x0000000081900000, 0x0000000081900000|100%| O|  |TAMS 0x0000000081900000, 0x0000000081800000| Updating 
|  25|0x0000000081900000, 0x0000000081a00000, 0x0000000081a00000|100%| O|  |TAMS 0x0000000081a00000, 0x0000000081900000| Updating 
|  26|0x0000000081a00000, 0x0000000081b00000, 0x0000000081b00000|100%| O|  |TAMS 0x0000000081b00000, 0x0000000081a00000| Updating 
|  27|0x0000000081b00000, 0x0000000081c00000, 0x0000000081c00000|100%| O|  |TAMS 0x0000000081c00000, 0x0000000081b00000| Updating 
|  28|0x0000000081c00000, 0x0000000081d00000, 0x0000000081d00000|100%| O|  |TAMS 0x0000000081d00000, 0x0000000081c00000| Updating 
|  29|0x0000000081d00000, 0x0000000081e00000, 0x0000000081e00000|100%| O|  |TAMS 0x0000000081e00000, 0x0000000081d00000| Updating 
|  30|0x0000000081e00000, 0x0000000081f00000, 0x0000000081f00000|100%| O|  |TAMS 0x0000000081f00000, 0x0000000081e00000| Updating 
|  31|0x0000000081f00000, 0x0000000082000000, 0x0000000082000000|100%| O|  |TAMS 0x0000000082000000, 0x0000000081f00000| Updating 
|  32|0x0000000082000000, 0x0000000082100000, 0x0000000082100000|100%| O|  |TAMS 0x0000000082100000, 0x0000000082000000| Updating 
|  33|0x0000000082100000, 0x0000000082200000, 0x0000000082200000|100%| O|  |TAMS 0x0000000082200000, 0x0000000082100000| Updating 
|  34|0x0000000082200000, 0x0000000082300000, 0x0000000082300000|100%| O|  |TAMS 0x0000000082300000, 0x0000000082200000| Updating 
|  35|0x0000000082300000, 0x0000000082400000, 0x0000000082400000|100%| O|  |TAMS 0x0000000082400000, 0x0000000082300000| Updating 
|  36|0x0000000082400000, 0x0000000082500000, 0x0000000082500000|100%| O|  |TAMS 0x0000000082500000, 0x0000000082400000| Updating 
|  37|0x0000000082500000, 0x0000000082600000, 0x0000000082600000|100%| O|  |TAMS 0x0000000082600000, 0x0000000082500000| Updating 
|  38|0x0000000082600000, 0x0000000082700000, 0x0000000082700000|100%| O|  |TAMS 0x0000000082700000, 0x0000000082600000| Updating 
|  39|0x0000000082700000, 0x0000000082800000, 0x0000000082800000|100%| O|  |TAMS 0x0000000082800000, 0x0000000082700000| Updating 
|  40|0x0000000082800000, 0x0000000082900000, 0x0000000082900000|100%| O|  |TAMS 0x0000000082900000, 0x0000000082800000| Updating 
|  41|0x0000000082900000, 0x0000000082a00000, 0x0000000082a00000|100%| O|  |TAMS 0x0000000082a00000, 0x0000000082900000| Updating 
|  42|0x0000000082a00000, 0x0000000082b00000, 0x0000000082b00000|100%| O|  |TAMS 0x0000000082b00000, 0x0000000082a00000| Updating 
|  43|0x0000000082b00000, 0x0000000082c00000, 0x0000000082c00000|100%| O|  |TAMS 0x0000000082c00000, 0x0000000082b00000| Updating 
|  44|0x0000000082c00000, 0x0000000082d00000, 0x0000000082d00000|100%| O|  |TAMS 0x0000000082d00000, 0x0000000082c00000| Updating 
|  45|0x0000000082d00000, 0x0000000082e00000, 0x0000000082e00000|100%| O|  |TAMS 0x0000000082e00000, 0x0000000082d00000| Updating 
|  46|0x0000000082e00000, 0x0000000082f00000, 0x0000000082f00000|100%| O|  |TAMS 0x0000000082f00000, 0x0000000082e00000| Updating 
|  47|0x0000000082f00000, 0x0000000083000000, 0x0000000083000000|100%| O|  |TAMS 0x0000000083000000, 0x0000000082f00000| Updating 
|  48|0x0000000083000000, 0x0000000083100000, 0x0000000083100000|100%| O|  |TAMS 0x0000000083100000, 0x0000000083000000| Updating 
|  49|0x0000000083100000, 0x0000000083200000, 0x0000000083200000|100%| O|  |TAMS 0x0000000083200000, 0x0000000083100000| Updating 
|  50|0x0000000083200000, 0x0000000083300000, 0x0000000083300000|100%| O|  |TAMS 0x0000000083300000, 0x0000000083200000| Updating 
|  51|0x0000000083300000, 0x0000000083400000, 0x0000000083400000|100%| O|  |TAMS 0x0000000083400000, 0x0000000083300000| Updating 
|  52|0x0000000083400000, 0x0000000083500000, 0x0000000083500000|100%| O|  |TAMS 0x0000000083500000, 0x0000000083400000| Updating 
|  53|0x0000000083500000, 0x0000000083600000, 0x0000000083600000|100%| O|  |TAMS 0x0000000083600000, 0x0000000083500000| Updating 
|  54|0x0000000083600000, 0x0000000083700000, 0x0000000083700000|100%| O|  |TAMS 0x0000000083700000, 0x0000000083600000| Updating 
|  55|0x0000000083700000, 0x0000000083800000, 0x0000000083800000|100%| O|  |TAMS 0x0000000083800000, 0x0000000083700000| Updating 
|  56|0x0000000083800000, 0x0000000083900000, 0x0000000083900000|100%| O|  |TAMS 0x0000000083900000, 0x0000000083800000| Updating 
|  57|0x0000000083900000, 0x0000000083a00000, 0x0000000083a00000|100%| O|  |TAMS 0x0000000083a00000, 0x0000000083900000| Updating 
|  58|0x0000000083a00000, 0x0000000083b00000, 0x0000000083b00000|100%| O|  |TAMS 0x0000000083b00000, 0x0000000083a00000| Updating 
|  59|0x0000000083b00000, 0x0000000083c00000, 0x0000000083c00000|100%| O|  |TAMS 0x0000000083c00000, 0x0000000083b00000| Updating 
|  60|0x0000000083c00000, 0x0000000083d00000, 0x0000000083d00000|100%| O|  |TAMS 0x0000000083d00000, 0x0000000083c00000| Updating 
|  61|0x0000000083d00000, 0x0000000083e00000, 0x0000000083e00000|100%| O|  |TAMS 0x0000000083e00000, 0x0000000083d00000| Updating 
|  62|0x0000000083e00000, 0x0000000083f00000, 0x0000000083f00000|100%| O|  |TAMS 0x0000000083f00000, 0x0000000083e00000| Updating 
|  63|0x0000000083f00000, 0x0000000084000000, 0x0000000084000000|100%| O|  |TAMS 0x0000000084000000, 0x0000000083f00000| Updating 
|  64|0x0000000084000000, 0x0000000084100000, 0x0000000084100000|100%| O|  |TAMS 0x0000000084100000, 0x0000000084000000| Updating 
|  65|0x0000000084100000, 0x0000000084200000, 0x0000000084200000|100%| O|  |TAMS 0x0000000084200000, 0x0000000084100000| Updating 
|  66|0x0000000084200000, 0x0000000084300000, 0x0000000084300000|100%| O|  |TAMS 0x0000000084300000, 0x0000000084200000| Updating 
|  67|0x0000000084300000, 0x0000000084400000, 0x0000000084400000|100%| O|  |TAMS 0x0000000084400000, 0x0000000084300000| Updating 
|  68|0x0000000084400000, 0x0000000084500000, 0x0000000084500000|100%| O|  |TAMS 0x0000000084500000, 0x0000000084400000| Updating 
|  69|0x0000000084500000, 0x0000000084600000, 0x0000000084600000|100%| O|  |TAMS 0x0000000084600000, 0x0000000084500000| Updating 
|  70|0x0000000084600000, 0x0000000084700000, 0x0000000084700000|100%| O|  |TAMS 0x0000000084700000, 0x0000000084600000| Updating 
|  71|0x0000000084700000, 0x0000000084800000, 0x0000000084800000|100%| O|  |TAMS 0x0000000084800000, 0x0000000084700000| Updating 
|  72|0x0000000084800000, 0x0000000084900000, 0x0000000084900000|100%| O|  |TAMS 0x0000000084900000, 0x0000000084800000| Updating 
|  73|0x0000000084900000, 0x0000000084a00000, 0x0000000084a00000|100%| O|  |TAMS 0x0000000084a00000, 0x0000000084900000| Updating 
|  74|0x0000000084a00000, 0x0000000084b00000, 0x0000000084b00000|100%| O|  |TAMS 0x0000000084b00000, 0x0000000084a00000| Updating 
|  75|0x0000000084b00000, 0x0000000084c00000, 0x0000000084c00000|100%| O|  |TAMS 0x0000000084c00000, 0x0000000084b00000| Updating 
|  76|0x0000000084c00000, 0x0000000084d00000, 0x0000000084d00000|100%| O|  |TAMS 0x0000000084d00000, 0x0000000084c00000| Updating 
|  77|0x0000000084d00000, 0x0000000084e00000, 0x0000000084e00000|100%| O|  |TAMS 0x0000000084e00000, 0x0000000084d00000| Updating 
|  78|0x0000000084e00000, 0x0000000084f00000, 0x0000000084f00000|100%| O|  |TAMS 0x0000000084f00000, 0x0000000084e00000| Updating 
|  79|0x0000000084f00000, 0x0000000085000000, 0x0000000085000000|100%| O|  |TAMS 0x0000000085000000, 0x0000000084f00000| Updating 
|  80|0x0000000085000000, 0x0000000085100000, 0x0000000085100000|100%| O|  |TAMS 0x0000000085100000, 0x0000000085000000| Updating 
|  81|0x0000000085100000, 0x0000000085200000, 0x0000000085200000|100%| O|  |TAMS 0x0000000085200000, 0x0000000085100000| Updating 
|  82|0x0000000085200000, 0x0000000085300000, 0x0000000085300000|100%| O|  |TAMS 0x0000000085300000, 0x0000000085200000| Updating 
|  83|0x0000000085300000, 0x0000000085400000, 0x0000000085400000|100%| O|  |TAMS 0x0000000085400000, 0x0000000085300000| Updating 
|  84|0x0000000085400000, 0x0000000085500000, 0x0000000085500000|100%| O|  |TAMS 0x0000000085500000, 0x0000000085400000| Updating 
|  85|0x0000000085500000, 0x0000000085600000, 0x0000000085600000|100%| O|  |TAMS 0x0000000085600000, 0x0000000085500000| Updating 
|  86|0x0000000085600000, 0x0000000085700000, 0x0000000085700000|100%| O|  |TAMS 0x0000000085700000, 0x0000000085600000| Updating 
|  87|0x0000000085700000, 0x0000000085800000, 0x0000000085800000|100%| O|  |TAMS 0x0000000085800000, 0x0000000085700000| Updating 
|  88|0x0000000085800000, 0x0000000085900000, 0x0000000085900000|100%| O|  |TAMS 0x0000000085900000, 0x0000000085800000| Updating 
|  89|0x0000000085900000, 0x0000000085a00000, 0x0000000085a00000|100%| O|  |TAMS 0x0000000085a00000, 0x0000000085900000| Updating 
|  90|0x0000000085a00000, 0x0000000085b00000, 0x0000000085b00000|100%| O|  |TAMS 0x0000000085b00000, 0x0000000085a00000| Updating 
|  91|0x0000000085b00000, 0x0000000085c00000, 0x0000000085c00000|100%|HS|  |TAMS 0x0000000085c00000, 0x0000000085b00000| Complete 
|  92|0x0000000085c00000, 0x0000000085d00000, 0x0000000085d00000|100%|HC|  |TAMS 0x0000000085d00000, 0x0000000085c00000| Complete 
|  93|0x0000000085d00000, 0x0000000085e00000, 0x0000000085e00000|100%| O|  |TAMS 0x0000000085e00000, 0x0000000085d00000| Updating 
|  94|0x0000000085e00000, 0x0000000085f00000, 0x0000000085f00000|100%| O|  |TAMS 0x0000000085f00000, 0x0000000085e00000| Updating 
|  95|0x0000000085f00000, 0x0000000086000000, 0x0000000086000000|100%| O|  |TAMS 0x0000000086000000, 0x0000000085f00000| Updating 
|  96|0x0000000086000000, 0x0000000086100000, 0x0000000086100000|100%| O|  |TAMS 0x0000000086100000, 0x0000000086000000| Updating 
|  97|0x0000000086100000, 0x0000000086200000, 0x0000000086200000|100%| O|  |TAMS 0x0000000086200000, 0x0000000086100000| Updating 
|  98|0x0000000086200000, 0x0000000086300000, 0x0000000086300000|100%| O|  |TAMS 0x0000000086300000, 0x0000000086200000| Updating 
|  99|0x0000000086300000, 0x0000000086400000, 0x0000000086400000|100%| O|  |TAMS 0x0000000086400000, 0x0000000086300000| Updating 
| 100|0x0000000086400000, 0x0000000086500000, 0x0000000086500000|100%| O|  |TAMS 0x0000000086500000, 0x0000000086400000| Updating 
| 101|0x0000000086500000, 0x0000000086600000, 0x0000000086600000|100%| O|  |TAMS 0x0000000086600000, 0x0000000086500000| Updating 
| 102|0x0000000086600000, 0x0000000086700000, 0x0000000086700000|100%| O|  |TAMS 0x0000000086700000, 0x0000000086600000| Updating 
| 103|0x0000000086700000, 0x0000000086800000, 0x0000000086800000|100%| O|  |TAMS 0x0000000086800000, 0x0000000086700000| Updating 
| 104|0x0000000086800000, 0x0000000086900000, 0x0000000086900000|100%| O|  |TAMS 0x0000000086900000, 0x0000000086800000| Updating 
| 105|0x0000000086900000, 0x0000000086a00000, 0x0000000086a00000|100%| O|  |TAMS 0x0000000086a00000, 0x0000000086900000| Updating 
| 106|0x0000000086a00000, 0x0000000086b00000, 0x0000000086b00000|100%| O|  |TAMS 0x0000000086b00000, 0x0000000086a00000| Updating 
| 107|0x0000000086b00000, 0x0000000086c00000, 0x0000000086c00000|100%| O|  |TAMS 0x0000000086c00000, 0x0000000086b00000| Updating 
| 108|0x0000000086c00000, 0x0000000086d00000, 0x0000000086d00000|100%| O|  |TAMS 0x0000000086d00000, 0x0000000086c00000| Updating 
| 109|0x0000000086d00000, 0x0000000086e00000, 0x0000000086e00000|100%| O|  |TAMS 0x0000000086e00000, 0x0000000086d00000| Updating 
| 110|0x0000000086e00000, 0x0000000086f00000, 0x0000000086f00000|100%| O|  |TAMS 0x0000000086f00000, 0x0000000086e00000| Updating 
| 111|0x0000000086f00000, 0x0000000087000000, 0x0000000087000000|100%| O|  |TAMS 0x0000000087000000, 0x0000000086f00000| Updating 
| 112|0x0000000087000000, 0x0000000087100000, 0x0000000087100000|100%| O|  |TAMS 0x0000000087100000, 0x0000000087000000| Updating 
| 113|0x0000000087100000, 0x0000000087200000, 0x0000000087200000|100%| O|  |TAMS 0x0000000087200000, 0x0000000087100000| Updating 
| 114|0x0000000087200000, 0x0000000087300000, 0x0000000087300000|100%| O|  |TAMS 0x0000000087300000, 0x0000000087200000| Updating 
| 115|0x0000000087300000, 0x0000000087400000, 0x0000000087400000|100%| O|  |TAMS 0x0000000087400000, 0x0000000087300000| Updating 
| 116|0x0000000087400000, 0x0000000087500000, 0x0000000087500000|100%| O|  |TAMS 0x0000000087500000, 0x0000000087400000| Updating 
| 117|0x0000000087500000, 0x0000000087600000, 0x0000000087600000|100%| O|  |TAMS 0x0000000087600000, 0x0000000087500000| Updating 
| 118|0x0000000087600000, 0x0000000087700000, 0x0000000087700000|100%| O|  |TAMS 0x0000000087700000, 0x0000000087600000| Updating 
| 119|0x0000000087700000, 0x0000000087800000, 0x0000000087800000|100%| O|  |TAMS 0x0000000087800000, 0x0000000087700000| Updating 
| 120|0x0000000087800000, 0x0000000087900000, 0x0000000087900000|100%| O|  |TAMS 0x0000000087900000, 0x0000000087800000| Updating 
| 121|0x0000000087900000, 0x0000000087a00000, 0x0000000087a00000|100%| O|  |TAMS 0x0000000087a00000, 0x0000000087900000| Updating 
| 122|0x0000000087a00000, 0x0000000087b00000, 0x0000000087b00000|100%| O|  |TAMS 0x0000000087b00000, 0x0000000087a00000| Updating 
| 123|0x0000000087b00000, 0x0000000087c00000, 0x0000000087c00000|100%| O|  |TAMS 0x0000000087c00000, 0x0000000087b00000| Updating 
| 124|0x0000000087c00000, 0x0000000087c00000, 0x0000000087d00000|  0%| F|  |TAMS 0x0000000087c00000, 0x0000000087c00000| Untracked 
| 125|0x0000000087d00000, 0x0000000087d00000, 0x0000000087e00000|  0%| F|  |TAMS 0x0000000087d00000, 0x0000000087d00000| Untracked 
| 126|0x0000000087e00000, 0x0000000087e00000, 0x0000000087f00000|  0%| F|  |TAMS 0x0000000087e00000, 0x0000000087e00000| Untracked 
| 127|0x0000000087f00000, 0x0000000087f00000, 0x0000000088000000|  0%| F|  |TAMS 0x0000000087f00000, 0x0000000087f00000| Untracked 
| 128|0x0000000088000000, 0x0000000088000000, 0x0000000088100000|  0%| F|  |TAMS 0x0000000088000000, 0x0000000088000000| Untracked 
| 129|0x0000000088100000, 0x0000000088200000, 0x0000000088200000|100%| O|  |TAMS 0x0000000088200000, 0x0000000088100000| Updating 
| 130|0x0000000088200000, 0x0000000088300000, 0x0000000088300000|100%| O|  |TAMS 0x0000000088300000, 0x0000000088200000| Updating 
| 131|0x0000000088300000, 0x0000000088400000, 0x0000000088400000|100%| O|  |TAMS 0x0000000088400000, 0x0000000088300000| Updating 
| 132|0x0000000088400000, 0x0000000088500000, 0x0000000088500000|100%| O|  |TAMS 0x0000000088500000, 0x0000000088400000| Updating 
| 133|0x0000000088500000, 0x0000000088600000, 0x0000000088600000|100%| O|  |TAMS 0x0000000088600000, 0x0000000088500000| Updating 
| 134|0x0000000088600000, 0x0000000088700000, 0x0000000088700000|100%| O|  |TAMS 0x0000000088700000, 0x0000000088600000| Updating 
| 135|0x0000000088700000, 0x0000000088800000, 0x0000000088800000|100%| O|  |TAMS 0x0000000088800000, 0x0000000088700000| Updating 
| 136|0x0000000088800000, 0x0000000088900000, 0x0000000088900000|100%| O|  |TAMS 0x0000000088900000, 0x0000000088800000| Updating 
| 137|0x0000000088900000, 0x0000000088900000, 0x0000000088a00000|  0%| F|  |TAMS 0x0000000088900000, 0x0000000088900000| Untracked 
| 138|0x0000000088a00000, 0x0000000088a00000, 0x0000000088b00000|  0%| F|  |TAMS 0x0000000088a00000, 0x0000000088a00000| Untracked 
| 139|0x0000000088b00000, 0x0000000088b00000, 0x0000000088c00000|  0%| F|  |TAMS 0x0000000088b00000, 0x0000000088b00000| Untracked 
| 140|0x0000000088c00000, 0x0000000088c00000, 0x0000000088d00000|  0%| F|  |TAMS 0x0000000088c00000, 0x0000000088c00000| Untracked 
| 141|0x0000000088d00000, 0x0000000088d00000, 0x0000000088e00000|  0%| F|  |TAMS 0x0000000088d00000, 0x0000000088d00000| Untracked 
| 142|0x0000000088e00000, 0x0000000088e00000, 0x0000000088f00000|  0%| F|  |TAMS 0x0000000088e00000, 0x0000000088e00000| Untracked 
| 143|0x0000000088f00000, 0x0000000088f00000, 0x0000000089000000|  0%| F|  |TAMS 0x0000000088f00000, 0x0000000088f00000| Untracked 
| 144|0x0000000089000000, 0x0000000089000000, 0x0000000089100000|  0%| F|  |TAMS 0x0000000089000000, 0x0000000089000000| Untracked 
| 145|0x0000000089100000, 0x0000000089100000, 0x0000000089200000|  0%| F|  |TAMS 0x0000000089100000, 0x0000000089100000| Untracked 
| 146|0x0000000089200000, 0x0000000089200000, 0x0000000089300000|  0%| F|  |TAMS 0x0000000089200000, 0x0000000089200000| Untracked 
| 147|0x0000000089300000, 0x0000000089300000, 0x0000000089400000|  0%| F|  |TAMS 0x0000000089300000, 0x0000000089300000| Untracked 
| 148|0x0000000089400000, 0x0000000089400000, 0x0000000089500000|  0%| F|  |TAMS 0x0000000089400000, 0x0000000089400000| Untracked 
| 149|0x0000000089500000, 0x0000000089500000, 0x0000000089600000|  0%| F|  |TAMS 0x0000000089500000, 0x0000000089500000| Untracked 
| 150|0x0000000089600000, 0x0000000089600000, 0x0000000089700000|  0%| F|  |TAMS 0x0000000089600000, 0x0000000089600000| Untracked 
| 151|0x0000000089700000, 0x0000000089700000, 0x0000000089800000|  0%| F|  |TAMS 0x0000000089700000, 0x0000000089700000| Untracked 
| 152|0x0000000089800000, 0x0000000089800000, 0x0000000089900000|  0%| F|  |TAMS 0x0000000089800000, 0x0000000089800000| Untracked 
| 153|0x0000000089900000, 0x0000000089900000, 0x0000000089a00000|  0%| F|  |TAMS 0x0000000089900000, 0x0000000089900000| Untracked 
| 154|0x0000000089a00000, 0x0000000089a00000, 0x0000000089b00000|  0%| F|  |TAMS 0x0000000089a00000, 0x0000000089a00000| Untracked 
| 155|0x0000000089b00000, 0x0000000089b00000, 0x0000000089c00000|  0%| F|  |TAMS 0x0000000089b00000, 0x0000000089b00000| Untracked 
| 156|0x0000000089c00000, 0x0000000089c00000, 0x0000000089d00000|  0%| F|  |TAMS 0x0000000089c00000, 0x0000000089c00000| Untracked 
| 157|0x0000000089d00000, 0x0000000089d00000, 0x0000000089e00000|  0%| F|  |TAMS 0x0000000089d00000, 0x0000000089d00000| Untracked 
| 158|0x0000000089e00000, 0x0000000089e00000, 0x0000000089f00000|  0%| F|  |TAMS 0x0000000089e00000, 0x0000000089e00000| Untracked 
| 159|0x0000000089f00000, 0x0000000089f00000, 0x000000008a000000|  0%| F|  |TAMS 0x0000000089f00000, 0x0000000089f00000| Untracked 
| 160|0x000000008a000000, 0x000000008a000000, 0x000000008a100000|  0%| F|  |TAMS 0x000000008a000000, 0x000000008a000000| Untracked 
| 161|0x000000008a100000, 0x000000008a100000, 0x000000008a200000|  0%| F|  |TAMS 0x000000008a100000, 0x000000008a100000| Untracked 
| 162|0x000000008a200000, 0x000000008a200000, 0x000000008a300000|  0%| F|  |TAMS 0x000000008a200000, 0x000000008a200000| Untracked 
| 163|0x000000008a300000, 0x000000008a300000, 0x000000008a400000|  0%| F|  |TAMS 0x000000008a300000, 0x000000008a300000| Untracked 
| 164|0x000000008a400000, 0x000000008a400000, 0x000000008a500000|  0%| F|  |TAMS 0x000000008a400000, 0x000000008a400000| Untracked 
| 165|0x000000008a500000, 0x000000008a500000, 0x000000008a600000|  0%| F|  |TAMS 0x000000008a500000, 0x000000008a500000| Untracked 
| 166|0x000000008a600000, 0x000000008a600000, 0x000000008a700000|  0%| F|  |TAMS 0x000000008a600000, 0x000000008a600000| Untracked 
| 167|0x000000008a700000, 0x000000008a700000, 0x000000008a800000|  0%| F|  |TAMS 0x000000008a700000, 0x000000008a700000| Untracked 
| 168|0x000000008a800000, 0x000000008a800000, 0x000000008a900000|  0%| F|  |TAMS 0x000000008a800000, 0x000000008a800000| Untracked 
| 169|0x000000008a900000, 0x000000008a900000, 0x000000008aa00000|  0%| F|  |TAMS 0x000000008a900000, 0x000000008a900000| Untracked 
| 170|0x000000008aa00000, 0x000000008aa00000, 0x000000008ab00000|  0%| F|  |TAMS 0x000000008aa00000, 0x000000008aa00000| Untracked 
| 171|0x000000008ab00000, 0x000000008ab00000, 0x000000008ac00000|  0%| F|  |TAMS 0x000000008ab00000, 0x000000008ab00000| Untracked 
| 172|0x000000008ac00000, 0x000000008ac00000, 0x000000008ad00000|  0%| F|  |TAMS 0x000000008ac00000, 0x000000008ac00000| Untracked 
| 173|0x000000008ad00000, 0x000000008ad00000, 0x000000008ae00000|  0%| F|  |TAMS 0x000000008ad00000, 0x000000008ad00000| Untracked 
| 174|0x000000008ae00000, 0x000000008ae00000, 0x000000008af00000|  0%| F|  |TAMS 0x000000008ae00000, 0x000000008ae00000| Untracked 
| 175|0x000000008af00000, 0x000000008af00000, 0x000000008b000000|  0%| F|  |TAMS 0x000000008af00000, 0x000000008af00000| Untracked 
| 176|0x000000008b000000, 0x000000008b000000, 0x000000008b100000|  0%| F|  |TAMS 0x000000008b000000, 0x000000008b000000| Untracked 
| 177|0x000000008b100000, 0x000000008b100000, 0x000000008b200000|  0%| F|  |TAMS 0x000000008b100000, 0x000000008b100000| Untracked 
| 178|0x000000008b200000, 0x000000008b200000, 0x000000008b300000|  0%| F|  |TAMS 0x000000008b200000, 0x000000008b200000| Untracked 
| 179|0x000000008b300000, 0x000000008b300000, 0x000000008b400000|  0%| F|  |TAMS 0x000000008b300000, 0x000000008b300000| Untracked 
| 180|0x000000008b400000, 0x000000008b400000, 0x000000008b500000|  0%| F|  |TAMS 0x000000008b400000, 0x000000008b400000| Untracked 
| 181|0x000000008b500000, 0x000000008b500000, 0x000000008b600000|  0%| F|  |TAMS 0x000000008b500000, 0x000000008b500000| Untracked 
| 182|0x000000008b600000, 0x000000008b600000, 0x000000008b700000|  0%| F|  |TAMS 0x000000008b600000, 0x000000008b600000| Untracked 
| 183|0x000000008b700000, 0x000000008b700000, 0x000000008b800000|  0%| F|  |TAMS 0x000000008b700000, 0x000000008b700000| Untracked 
| 184|0x000000008b800000, 0x000000008b800000, 0x000000008b900000|  0%| F|  |TAMS 0x000000008b800000, 0x000000008b800000| Untracked 
| 185|0x000000008b900000, 0x000000008b900000, 0x000000008ba00000|  0%| F|  |TAMS 0x000000008b900000, 0x000000008b900000| Untracked 
| 186|0x000000008ba00000, 0x000000008ba00000, 0x000000008bb00000|  0%| F|  |TAMS 0x000000008ba00000, 0x000000008ba00000| Untracked 
| 187|0x000000008bb00000, 0x000000008bb00000, 0x000000008bc00000|  0%| F|  |TAMS 0x000000008bb00000, 0x000000008bb00000| Untracked 
| 188|0x000000008bc00000, 0x000000008bc00000, 0x000000008bd00000|  0%| F|  |TAMS 0x000000008bc00000, 0x000000008bc00000| Untracked 
| 189|0x000000008bd00000, 0x000000008bd00000, 0x000000008be00000|  0%| F|  |TAMS 0x000000008bd00000, 0x000000008bd00000| Untracked 
| 190|0x000000008be00000, 0x000000008be00000, 0x000000008bf00000|  0%| F|  |TAMS 0x000000008be00000, 0x000000008be00000| Untracked 
| 191|0x000000008bf00000, 0x000000008bf00000, 0x000000008c000000|  0%| F|  |TAMS 0x000000008bf00000, 0x000000008bf00000| Untracked 
| 192|0x000000008c000000, 0x000000008c000000, 0x000000008c100000|  0%| F|  |TAMS 0x000000008c000000, 0x000000008c000000| Untracked 
| 193|0x000000008c100000, 0x000000008c100000, 0x000000008c200000|  0%| F|  |TAMS 0x000000008c100000, 0x000000008c100000| Untracked 
| 194|0x000000008c200000, 0x000000008c300000, 0x000000008c300000|100%| S|CS|TAMS 0x000000008c200000, 0x000000008c200000| Complete 
| 195|0x000000008c300000, 0x000000008c400000, 0x000000008c400000|100%| S|CS|TAMS 0x000000008c300000, 0x000000008c300000| Complete 
| 196|0x000000008c400000, 0x000000008c500000, 0x000000008c500000|100%| S|CS|TAMS 0x000000008c400000, 0x000000008c400000| Complete 
| 197|0x000000008c500000, 0x000000008c600000, 0x000000008c600000|100%| S|CS|TAMS 0x000000008c500000, 0x000000008c500000| Complete 
| 198|0x000000008c600000, 0x000000008c600000, 0x000000008c700000|  0%| F|  |TAMS 0x000000008c600000, 0x000000008c600000| Untracked 
| 199|0x000000008c700000, 0x000000008c700000, 0x000000008c800000|  0%| F|  |TAMS 0x000000008c700000, 0x000000008c700000| Untracked 
| 200|0x000000008c800000, 0x000000008c800000, 0x000000008c900000|  0%| F|  |TAMS 0x000000008c800000, 0x000000008c800000| Untracked 
| 201|0x000000008c900000, 0x000000008c900000, 0x000000008ca00000|  0%| F|  |TAMS 0x000000008c900000, 0x000000008c900000| Untracked 
| 202|0x000000008ca00000, 0x000000008ca00000, 0x000000008cb00000|  0%| F|  |TAMS 0x000000008ca00000, 0x000000008ca00000| Untracked 
| 203|0x000000008cb00000, 0x000000008cb00000, 0x000000008cc00000|  0%| F|  |TAMS 0x000000008cb00000, 0x000000008cb00000| Untracked 
| 204|0x000000008cc00000, 0x000000008cc00000, 0x000000008cd00000|  0%| F|  |TAMS 0x000000008cc00000, 0x000000008cc00000| Untracked 
| 205|0x000000008cd00000, 0x000000008cd00000, 0x000000008ce00000|  0%| F|  |TAMS 0x000000008cd00000, 0x000000008cd00000| Untracked 
| 206|0x000000008ce00000, 0x000000008ce00000, 0x000000008cf00000|  0%| F|  |TAMS 0x000000008ce00000, 0x000000008ce00000| Untracked 
| 207|0x000000008cf00000, 0x000000008cf00000, 0x000000008d000000|  0%| F|  |TAMS 0x000000008cf00000, 0x000000008cf00000| Untracked 
| 208|0x000000008d000000, 0x000000008d000000, 0x000000008d100000|  0%| F|  |TAMS 0x000000008d000000, 0x000000008d000000| Untracked 
| 209|0x000000008d100000, 0x000000008d100000, 0x000000008d200000|  0%| F|  |TAMS 0x000000008d100000, 0x000000008d100000| Untracked 
| 210|0x000000008d200000, 0x000000008d200000, 0x000000008d300000|  0%| F|  |TAMS 0x000000008d200000, 0x000000008d200000| Untracked 
| 211|0x000000008d300000, 0x000000008d300000, 0x000000008d400000|  0%| F|  |TAMS 0x000000008d300000, 0x000000008d300000| Untracked 
| 212|0x000000008d400000, 0x000000008d400000, 0x000000008d500000|  0%| F|  |TAMS 0x000000008d400000, 0x000000008d400000| Untracked 
| 213|0x000000008d500000, 0x000000008d500000, 0x000000008d600000|  0%| F|  |TAMS 0x000000008d500000, 0x000000008d500000| Untracked 
| 214|0x000000008d600000, 0x000000008d600000, 0x000000008d700000|  0%| F|  |TAMS 0x000000008d600000, 0x000000008d600000| Untracked 
| 215|0x000000008d700000, 0x000000008d700000, 0x000000008d800000|  0%| F|  |TAMS 0x000000008d700000, 0x000000008d700000| Untracked 
| 216|0x000000008d800000, 0x000000008d800000, 0x000000008d900000|  0%| F|  |TAMS 0x000000008d800000, 0x000000008d800000| Untracked 
| 217|0x000000008d900000, 0x000000008d900000, 0x000000008da00000|  0%| F|  |TAMS 0x000000008d900000, 0x000000008d900000| Untracked 
| 218|0x000000008da00000, 0x000000008da00000, 0x000000008db00000|  0%| F|  |TAMS 0x000000008da00000, 0x000000008da00000| Untracked 
| 219|0x000000008db00000, 0x000000008db00000, 0x000000008dc00000|  0%| F|  |TAMS 0x000000008db00000, 0x000000008db00000| Untracked 
| 220|0x000000008dc00000, 0x000000008dc00000, 0x000000008dd00000|  0%| F|  |TAMS 0x000000008dc00000, 0x000000008dc00000| Untracked 
| 221|0x000000008dd00000, 0x000000008dd00000, 0x000000008de00000|  0%| F|  |TAMS 0x000000008dd00000, 0x000000008dd00000| Untracked 
| 222|0x000000008de00000, 0x000000008de00000, 0x000000008df00000|  0%| F|  |TAMS 0x000000008de00000, 0x000000008de00000| Untracked 
| 223|0x000000008df00000, 0x000000008df00000, 0x000000008e000000|  0%| F|  |TAMS 0x000000008df00000, 0x000000008df00000| Untracked 
| 224|0x000000008e000000, 0x000000008e000000, 0x000000008e100000|  0%| F|  |TAMS 0x000000008e000000, 0x000000008e000000| Untracked 
| 225|0x000000008e100000, 0x000000008e100000, 0x000000008e200000|  0%| F|  |TAMS 0x000000008e100000, 0x000000008e100000| Untracked 
| 226|0x000000008e200000, 0x000000008e200000, 0x000000008e300000|  0%| F|  |TAMS 0x000000008e200000, 0x000000008e200000| Untracked 
| 227|0x000000008e300000, 0x000000008e300000, 0x000000008e400000|  0%| F|  |TAMS 0x000000008e300000, 0x000000008e300000| Untracked 
| 228|0x000000008e400000, 0x000000008e400000, 0x000000008e500000|  0%| F|  |TAMS 0x000000008e400000, 0x000000008e400000| Untracked 
| 229|0x000000008e500000, 0x000000008e500000, 0x000000008e600000|  0%| F|  |TAMS 0x000000008e500000, 0x000000008e500000| Untracked 
| 230|0x000000008e600000, 0x000000008e600000, 0x000000008e700000|  0%| F|  |TAMS 0x000000008e600000, 0x000000008e600000| Untracked 
| 231|0x000000008e700000, 0x000000008e700000, 0x000000008e800000|  0%| F|  |TAMS 0x000000008e700000, 0x000000008e700000| Untracked 
| 232|0x000000008e800000, 0x000000008e800000, 0x000000008e900000|  0%| F|  |TAMS 0x000000008e800000, 0x000000008e800000| Untracked 
| 233|0x000000008e900000, 0x000000008e900000, 0x000000008ea00000|  0%| F|  |TAMS 0x000000008e900000, 0x000000008e900000| Untracked 
| 234|0x000000008ea00000, 0x000000008ea00000, 0x000000008eb00000|  0%| F|  |TAMS 0x000000008ea00000, 0x000000008ea00000| Untracked 
| 235|0x000000008eb00000, 0x000000008eb00000, 0x000000008ec00000|  0%| F|  |TAMS 0x000000008eb00000, 0x000000008eb00000| Untracked 
| 236|0x000000008ec00000, 0x000000008ec00000, 0x000000008ed00000|  0%| F|  |TAMS 0x000000008ec00000, 0x000000008ec00000| Untracked 
| 237|0x000000008ed00000, 0x000000008ed00000, 0x000000008ee00000|  0%| F|  |TAMS 0x000000008ed00000, 0x000000008ed00000| Untracked 
| 238|0x000000008ee00000, 0x000000008ee00000, 0x000000008ef00000|  0%| F|  |TAMS 0x000000008ee00000, 0x000000008ee00000| Untracked 
| 239|0x000000008ef00000, 0x000000008ef00000, 0x000000008f000000|  0%| F|  |TAMS 0x000000008ef00000, 0x000000008ef00000| Untracked 
| 240|0x000000008f000000, 0x000000008f000000, 0x000000008f100000|  0%| F|  |TAMS 0x000000008f000000, 0x000000008f000000| Untracked 
| 241|0x000000008f100000, 0x000000008f100000, 0x000000008f200000|  0%| F|  |TAMS 0x000000008f100000, 0x000000008f100000| Untracked 
| 242|0x000000008f200000, 0x000000008f200000, 0x000000008f300000|  0%| F|  |TAMS 0x000000008f200000, 0x000000008f200000| Untracked 
| 243|0x000000008f300000, 0x000000008f300000, 0x000000008f400000|  0%| F|  |TAMS 0x000000008f300000, 0x000000008f300000| Untracked 
| 244|0x000000008f400000, 0x000000008f400000, 0x000000008f500000|  0%| F|  |TAMS 0x000000008f400000, 0x000000008f400000| Untracked 
| 245|0x000000008f500000, 0x000000008f500000, 0x000000008f600000|  0%| F|  |TAMS 0x000000008f500000, 0x000000008f500000| Untracked 
| 246|0x000000008f600000, 0x000000008f600000, 0x000000008f700000|  0%| F|  |TAMS 0x000000008f600000, 0x000000008f600000| Untracked 
| 247|0x000000008f700000, 0x000000008f700000, 0x000000008f800000|  0%| F|  |TAMS 0x000000008f700000, 0x000000008f700000| Untracked 
| 248|0x000000008f800000, 0x000000008f800000, 0x000000008f900000|  0%| F|  |TAMS 0x000000008f800000, 0x000000008f800000| Untracked 
| 249|0x000000008f900000, 0x000000008f900000, 0x000000008fa00000|  0%| F|  |TAMS 0x000000008f900000, 0x000000008f900000| Untracked 
| 250|0x000000008fa00000, 0x000000008fa00000, 0x000000008fb00000|  0%| F|  |TAMS 0x000000008fa00000, 0x000000008fa00000| Untracked 
| 251|0x000000008fb00000, 0x000000008fb00000, 0x000000008fc00000|  0%| F|  |TAMS 0x000000008fb00000, 0x000000008fb00000| Untracked 
| 252|0x000000008fc00000, 0x000000008fc00000, 0x000000008fd00000|  0%| F|  |TAMS 0x000000008fc00000, 0x000000008fc00000| Untracked 
| 253|0x000000008fd00000, 0x000000008fd80800, 0x000000008fe00000| 50%| E|  |TAMS 0x000000008fd00000, 0x000000008fd00000| Complete 
| 254|0x000000008fe00000, 0x000000008ff00000, 0x000000008ff00000|100%| E|CS|TAMS 0x000000008fe00000, 0x000000008fe00000| Complete 
| 255|0x000000008ff00000, 0x0000000090000000, 0x0000000090000000|100%| E|CS|TAMS 0x000000008ff00000, 0x000000008ff00000| Complete 
| 256|0x0000000090000000, 0x0000000090100000, 0x0000000090100000|100%| E|CS|TAMS 0x0000000090000000, 0x0000000090000000| Complete 
| 257|0x0000000090100000, 0x0000000090200000, 0x0000000090200000|100%| E|CS|TAMS 0x0000000090100000, 0x0000000090100000| Complete 
| 258|0x0000000090200000, 0x0000000090300000, 0x0000000090300000|100%| E|CS|TAMS 0x0000000090200000, 0x0000000090200000| Complete 
| 259|0x0000000090300000, 0x0000000090400000, 0x0000000090400000|100%| E|CS|TAMS 0x0000000090300000, 0x0000000090300000| Complete 
| 260|0x0000000090400000, 0x0000000090500000, 0x0000000090500000|100%| E|CS|TAMS 0x0000000090400000, 0x0000000090400000| Complete 
| 261|0x0000000090500000, 0x0000000090600000, 0x0000000090600000|100%| E|CS|TAMS 0x0000000090500000, 0x0000000090500000| Complete 
| 262|0x0000000090600000, 0x0000000090700000, 0x0000000090700000|100%| E|CS|TAMS 0x0000000090600000, 0x0000000090600000| Complete 
| 263|0x0000000090700000, 0x0000000090800000, 0x0000000090800000|100%| E|CS|TAMS 0x0000000090700000, 0x0000000090700000| Complete 
| 264|0x0000000090800000, 0x0000000090900000, 0x0000000090900000|100%| E|CS|TAMS 0x0000000090800000, 0x0000000090800000| Complete 
| 265|0x0000000090900000, 0x0000000090a00000, 0x0000000090a00000|100%| E|CS|TAMS 0x0000000090900000, 0x0000000090900000| Complete 
| 266|0x0000000090a00000, 0x0000000090b00000, 0x0000000090b00000|100%| E|CS|TAMS 0x0000000090a00000, 0x0000000090a00000| Complete 
| 267|0x0000000090b00000, 0x0000000090c00000, 0x0000000090c00000|100%| E|CS|TAMS 0x0000000090b00000, 0x0000000090b00000| Complete 
| 268|0x0000000090c00000, 0x0000000090d00000, 0x0000000090d00000|100%| E|CS|TAMS 0x0000000090c00000, 0x0000000090c00000| Complete 
| 269|0x0000000090d00000, 0x0000000090e00000, 0x0000000090e00000|100%| E|CS|TAMS 0x0000000090d00000, 0x0000000090d00000| Complete 
| 270|0x0000000090e00000, 0x0000000090f00000, 0x0000000090f00000|100%| E|CS|TAMS 0x0000000090e00000, 0x0000000090e00000| Complete 
| 271|0x0000000090f00000, 0x0000000091000000, 0x0000000091000000|100%| E|CS|TAMS 0x0000000090f00000, 0x0000000090f00000| Complete 
| 272|0x0000000091000000, 0x0000000091100000, 0x0000000091100000|100%| E|CS|TAMS 0x0000000091000000, 0x0000000091000000| Complete 
| 273|0x0000000091100000, 0x0000000091200000, 0x0000000091200000|100%| E|CS|TAMS 0x0000000091100000, 0x0000000091100000| Complete 
| 274|0x0000000091200000, 0x0000000091300000, 0x0000000091300000|100%| E|CS|TAMS 0x0000000091200000, 0x0000000091200000| Complete 
| 275|0x0000000091300000, 0x0000000091400000, 0x0000000091400000|100%| E|CS|TAMS 0x0000000091300000, 0x0000000091300000| Complete 
| 276|0x0000000091400000, 0x0000000091500000, 0x0000000091500000|100%| E|CS|TAMS 0x0000000091400000, 0x0000000091400000| Complete 
| 277|0x0000000091500000, 0x0000000091600000, 0x0000000091600000|100%| E|CS|TAMS 0x0000000091500000, 0x0000000091500000| Complete 

Card table byte_map: [0x0000019275dc0000,0x00000192761c0000] _byte_map_base: 0x00000192759c0000

Marking Bits (Prev, Next): (CMBitMap*) 0x00000192700daf48, (CMBitMap*) 0x00000192700daf80
 Prev Bits: [0x00000192765c0000, 0x00000192785c0000)
 Next Bits: [0x00000192785c0000, 0x000001927a5c0000)

Polling page: 0x0000019270180000

Metaspace:

Usage:
  Non-class:     92.01 MB capacity,    90.37 MB ( 98%) used,     1.30 MB (  1%) free+waste,   344.19 KB ( <1%) overhead. 
      Class:     14.19 MB capacity,    13.13 MB ( 93%) used,   934.88 KB (  6%) free+waste,   152.81 KB (  1%) overhead. 
       Both:    106.20 MB capacity,   103.50 MB ( 97%) used,     2.21 MB (  2%) free+waste,   497.00 KB ( <1%) overhead. 

Virtual space:
  Non-class space:       94.00 MB reserved,      92.13 MB ( 98%) committed 
      Class space:        1.00 GB reserved,      14.32 MB (  1%) committed 
             Both:        1.09 GB reserved,     106.45 MB ( 10%) committed 

Chunk freelists:
   Non-Class:  120.00 KB
       Class:  70.00 KB
        Both:  190.00 KB

MaxMetaspaceSize: 17179869184.00 GB
CompressedClassSpaceSize: 1.00 GB

CodeHeap 'non-profiled nmethods': size=120064Kb used=8763Kb max_used=8763Kb free=111300Kb
 bounds [0x0000019207ac0000, 0x0000019208350000, 0x000001920f000000]
CodeHeap 'profiled nmethods': size=120000Kb used=37596Kb max_used=37596Kb free=82403Kb
 bounds [0x0000019200590000, 0x0000019202a50000, 0x0000019207ac0000]
CodeHeap 'non-nmethods': size=5696Kb used=2312Kb max_used=2385Kb free=3383Kb
 bounds [0x0000019200000000, 0x0000019200270000, 0x0000019200590000]
 total_blobs=16843 nmethods=15917 adapters=836
 compilation: enabled
              stopped_count=0, restarted_count=0
 full_count=0

Compilation events (20 events):
Event: 28.939 Thread 0x000001927cc39000 16296 %     3       com.android.tools.r8.internal.Mv::a @ 80 (1305 bytes)
Event: 28.957 Thread 0x000001927cc39000 nmethod 16296% 0x0000019202a19610 code [0x0000019202a1a7e0, 0x0000019202a27338]
Event: 28.957 Thread 0x000001927cc39000 16297       3       com.android.tools.r8.internal.Mv::a (1305 bytes)
Event: 28.975 Thread 0x000001927cc39000 nmethod 16297 0x0000019202a2bf10 code [0x0000019202a2d0e0, 0x0000019202a39a38]
Event: 28.977 Thread 0x000001927cc39000 16298       2       java.util.HashMap$TreeNode::balanceInsertion (245 bytes)
Event: 28.978 Thread 0x000001927cc39000 nmethod 16298 0x0000019202a3e510 code [0x0000019202a3e740, 0x0000019202a3ed58]
Event: 28.984 Thread 0x000001927cc39000 16299       2       com.android.tools.r8.internal.i2::j (52 bytes)
Event: 28.984 Thread 0x000001927cc39000 nmethod 16299 0x0000019202a3f190 code [0x0000019202a3f3c0, 0x0000019202a3f718]
Event: 28.985 Thread 0x000001927cc39000 16300 %     3       java.util.ArrayList::remove @ 39 (76 bytes)
Event: 28.986 Thread 0x000001927cc39000 nmethod 16300% 0x0000019202a3f990 code [0x0000019202a3fb80, 0x0000019202a400d8]
Event: 28.986 Thread 0x000001927cc39000 16301       3       java.util.ArrayList::remove (76 bytes)
Event: 28.986 Thread 0x000001927cc39000 nmethod 16301 0x0000019202a40310 code [0x0000019202a40500, 0x0000019202a409d8]
Event: 28.989 Thread 0x000001927cc39000 16302       2       com.android.tools.r8.internal.i2::b (884 bytes)
Event: 28.993 Thread 0x000001927cc39000 nmethod 16302 0x0000019202a40c10 code [0x0000019202a410c0, 0x0000019202a426f8]
Event: 28.993 Thread 0x000001927cc39000 16304       2       com.android.tools.r8.internal.F7::b (42 bytes)
Event: 28.994 Thread 0x000001927cc39000 nmethod 16304 0x0000019202a43610 code [0x0000019202a43840, 0x0000019202a43e08]
Event: 28.994 Thread 0x000001927cc39000 16303       2       com.android.tools.r8.internal.F7::a (93 bytes)
Event: 28.994 Thread 0x000001927cc39000 nmethod 16303 0x0000019202a44090 code [0x0000019202a442e0, 0x0000019202a446c8]
Event: 29.000 Thread 0x000001927cc39000 16306       2       com.android.tools.r8.internal.F7::b (158 bytes)
Event: 29.002 Thread 0x000001927cc39000 nmethod 16306 0x0000019202a44a10 code [0x0000019202a44d80, 0x0000019202a45fc8]

GC Heap History (20 events):
Event: 26.365 GC heap before
{Heap before GC invocations=24 (full 0):
 garbage-first heap   total 284672K, used 193673K [0x0000000080000000, 0x0000000100000000)
  region size 1024K, 83 young (84992K), 10 survivors (10240K)
 Metaspace       used 105844K, capacity 108699K, committed 109008K, reserved 1144832K
  class space    used 13478K, capacity 14593K, committed 14668K, reserved 1048576K
}
Event: 26.389 GC heap after
{Heap after GC invocations=25 (full 0):
 garbage-first heap   total 284672K, used 124095K [0x0000000080000000, 0x0000000100000000)
  region size 1024K, 7 young (7168K), 7 survivors (7168K)
 Metaspace       used 105844K, capacity 108699K, committed 109008K, reserved 1144832K
  class space    used 13478K, capacity 14593K, committed 14668K, reserved 1048576K
}
Event: 26.559 GC heap before
{Heap before GC invocations=25 (full 0):
 garbage-first heap   total 284672K, used 199871K [0x0000000080000000, 0x0000000100000000)
  region size 1024K, 82 young (83968K), 7 survivors (7168K)
 Metaspace       used 105898K, capacity 108783K, committed 109008K, reserved 1144832K
  class space    used 13482K, capacity 14600K, committed 14668K, reserved 1048576K
}
Event: 26.574 GC heap after
{Heap after GC invocations=26 (full 0):
 garbage-first heap   total 284672K, used 128230K [0x0000000080000000, 0x0000000100000000)
  region size 1024K, 5 young (5120K), 5 survivors (5120K)
 Metaspace       used 105898K, capacity 108783K, committed 109008K, reserved 1144832K
  class space    used 13482K, capacity 14600K, committed 14668K, reserved 1048576K
}
Event: 26.589 GC heap before
{Heap before GC invocations=26 (full 0):
 garbage-first heap   total 284672K, used 206054K [0x0000000080000000, 0x0000000100000000)
  region size 1024K, 82 young (83968K), 5 survivors (5120K)
 Metaspace       used 105902K, capacity 108785K, committed 109008K, reserved 1144832K
  class space    used 13482K, capacity 14600K, committed 14668K, reserved 1048576K
}
Event: 26.600 GC heap after
{Heap after GC invocations=27 (full 0):
 garbage-first heap   total 284672K, used 128301K [0x0000000080000000, 0x0000000100000000)
  region size 1024K, 5 young (5120K), 5 survivors (5120K)
 Metaspace       used 105902K, capacity 108785K, committed 109008K, reserved 1144832K
  class space    used 13482K, capacity 14600K, committed 14668K, reserved 1048576K
}
Event: 26.620 GC heap before
{Heap before GC invocations=27 (full 0):
 garbage-first heap   total 284672K, used 211245K [0x0000000080000000, 0x0000000100000000)
  region size 1024K, 87 young (89088K), 5 survivors (5120K)
 Metaspace       used 105902K, capacity 108785K, committed 109008K, reserved 1144832K
  class space    used 13482K, capacity 14600K, committed 14668K, reserved 1048576K
}
Event: 26.630 GC heap after
{Heap after GC invocations=28 (full 0):
 garbage-first heap   total 284672K, used 128480K [0x0000000080000000, 0x0000000100000000)
  region size 1024K, 5 young (5120K), 5 survivors (5120K)
 Metaspace       used 105902K, capacity 108785K, committed 109008K, reserved 1144832K
  class space    used 13482K, capacity 14600K, committed 14668K, reserved 1048576K
}
Event: 26.644 GC heap before
{Heap before GC invocations=28 (full 0):
 garbage-first heap   total 284672K, used 216544K [0x0000000080000000, 0x0000000100000000)
  region size 1024K, 92 young (94208K), 5 survivors (5120K)
 Metaspace       used 105902K, capacity 108785K, committed 109008K, reserved 1144832K
  class space    used 13482K, capacity 14600K, committed 14668K, reserved 1048576K
}
Event: 26.654 GC heap after
{Heap after GC invocations=29 (full 0):
 garbage-first heap   total 284672K, used 128459K [0x0000000080000000, 0x0000000100000000)
  region size 1024K, 5 young (5120K), 5 survivors (5120K)
 Metaspace       used 105902K, capacity 108785K, committed 109008K, reserved 1144832K
  class space    used 13482K, capacity 14600K, committed 14668K, reserved 1048576K
}
Event: 26.675 GC heap before
{Heap before GC invocations=29 (full 0):
 garbage-first heap   total 284672K, used 221643K [0x0000000080000000, 0x0000000100000000)
  region size 1024K, 97 young (99328K), 5 survivors (5120K)
 Metaspace       used 105904K, capacity 108786K, committed 109008K, reserved 1144832K
  class space    used 13482K, capacity 14600K, committed 14668K, reserved 1048576K
}
Event: 26.685 GC heap after
{Heap after GC invocations=30 (full 0):
 garbage-first heap   total 284672K, used 129069K [0x0000000080000000, 0x0000000100000000)
  region size 1024K, 6 young (6144K), 6 survivors (6144K)
 Metaspace       used 105904K, capacity 108786K, committed 109008K, reserved 1144832K
  class space    used 13482K, capacity 14600K, committed 14668K, reserved 1048576K
}
Event: 26.699 GC heap before
{Heap before GC invocations=30 (full 0):
 garbage-first heap   total 284672K, used 225325K [0x0000000080000000, 0x0000000100000000)
  region size 1024K, 101 young (103424K), 6 survivors (6144K)
 Metaspace       used 105905K, capacity 108786K, committed 109008K, reserved 1144832K
  class space    used 13482K, capacity 14600K, committed 14668K, reserved 1048576K
}
Event: 26.710 GC heap after
{Heap after GC invocations=31 (full 0):
 garbage-first heap   total 284672K, used 129114K [0x0000000080000000, 0x0000000100000000)
  region size 1024K, 6 young (6144K), 6 survivors (6144K)
 Metaspace       used 105905K, capacity 108786K, committed 109008K, reserved 1144832K
  class space    used 13482K, capacity 14600K, committed 14668K, reserved 1048576K
}
Event: 27.135 GC heap before
{Heap before GC invocations=31 (full 0):
 garbage-first heap   total 284672K, used 228442K [0x0000000080000000, 0x0000000100000000)
  region size 1024K, 104 young (106496K), 6 survivors (6144K)
 Metaspace       used 105984K, capacity 108857K, committed 109008K, reserved 1144832K
  class space    used 13482K, capacity 14600K, committed 14668K, reserved 1048576K
}
Event: 27.153 GC heap after
{Heap after GC invocations=32 (full 0):
 garbage-first heap   total 284672K, used 131407K [0x0000000080000000, 0x0000000100000000)
  region size 1024K, 8 young (8192K), 8 survivors (8192K)
 Metaspace       used 105984K, capacity 108857K, committed 109008K, reserved 1144832K
  class space    used 13482K, capacity 14600K, committed 14668K, reserved 1048576K
}
Event: 28.297 GC heap before
{Heap before GC invocations=32 (full 0):
 garbage-first heap   total 284672K, used 232783K [0x0000000080000000, 0x0000000100000000)
  region size 1024K, 107 young (109568K), 8 survivors (8192K)
 Metaspace       used 106037K, capacity 108865K, committed 109008K, reserved 1144832K
  class space    used 13483K, capacity 14601K, committed 14668K, reserved 1048576K
}
Event: 28.332 GC heap after
{Heap after GC invocations=33 (full 0):
 garbage-first heap   total 284672K, used 146655K [0x0000000080000000, 0x0000000100000000)
  region size 1024K, 14 young (14336K), 14 survivors (14336K)
 Metaspace       used 106037K, capacity 108865K, committed 109008K, reserved 1144832K
  class space    used 13483K, capacity 14601K, committed 14668K, reserved 1048576K
}
Event: 28.819 GC heap before
{Heap before GC invocations=33 (full 0):
 garbage-first heap   total 284672K, used 228575K [0x0000000080000000, 0x0000000100000000)
  region size 1024K, 94 young (96256K), 14 survivors (14336K)
 Metaspace       used 106091K, capacity 108935K, committed 109008K, reserved 1144832K
  class space    used 13484K, capacity 14603K, committed 14668K, reserved 1048576K
}
Event: 28.842 GC heap after
{Heap after GC invocations=34 (full 0):
 garbage-first heap   total 284672K, used 144384K [0x0000000080000000, 0x0000000100000000)
  region size 1024K, 4 young (4096K), 4 survivors (4096K)
 Metaspace       used 106091K, capacity 108935K, committed 109008K, reserved 1144832K
  class space    used 13484K, capacity 14603K, committed 14668K, reserved 1048576K
}

Deoptimization events (20 events):
Event: 28.373 Thread 0x0000019211dc7800 DEOPT PACKING pc=0x0000019207f11324 sp=0x0000006c7a0fbbb0
Event: 28.373 Thread 0x0000019211dc7800 DEOPT UNPACKING pc=0x00000192000278af sp=0x0000006c7a0fbb38 mode 2
Event: 28.397 Thread 0x0000019211dc7800 DEOPT PACKING pc=0x0000019202459cad sp=0x0000006c7a0fbcb0
Event: 28.397 Thread 0x0000019211dc7800 DEOPT UNPACKING pc=0x00000192000276ce sp=0x0000006c7a0fb2e8 mode 0
Event: 28.613 Thread 0x0000019211dc7800 DEOPT PACKING pc=0x000001920225c158 sp=0x0000006c7a0fc150
Event: 28.613 Thread 0x0000019211dc7800 DEOPT UNPACKING pc=0x00000192000276ce sp=0x0000006c7a0fb630 mode 0
Event: 28.615 Thread 0x0000019211dc7800 DEOPT PACKING pc=0x00000192022fb23e sp=0x0000006c7a0fc2b0
Event: 28.615 Thread 0x0000019211dc7800 DEOPT UNPACKING pc=0x00000192000276ce sp=0x0000006c7a0fba68 mode 0
Event: 28.693 Thread 0x0000019211dc7800 Uncommon trap: trap_request=0xffffff4d fr.pc=0x0000019207c557e8 relative=0x0000000000000228
Event: 28.693 Thread 0x0000019211dc7800 Uncommon trap: reason=unstable_if action=reinterpret pc=0x0000019207c557e8 method=java.util.HashMap.getNode(ILjava/lang/Object;)Ljava/util/HashMap$Node; @ 84 c2
Event: 28.693 Thread 0x0000019211dc7800 DEOPT PACKING pc=0x0000019207c557e8 sp=0x0000006c7a0fc510
Event: 28.693 Thread 0x0000019211dc7800 DEOPT UNPACKING pc=0x00000192000278af sp=0x0000006c7a0fc418 mode 2
Event: 28.783 Thread 0x0000019211dc7800 DEOPT PACKING pc=0x00000192023f79b7 sp=0x0000006c7a0fc550
Event: 28.783 Thread 0x0000019211dc7800 DEOPT UNPACKING pc=0x00000192000276ce sp=0x0000006c7a0fbb60 mode 0
Event: 28.921 Thread 0x0000019211dc7800 DEOPT PACKING pc=0x0000019202364e8a sp=0x0000006c7a0fc750
Event: 28.921 Thread 0x0000019211dc7800 DEOPT UNPACKING pc=0x00000192000276ce sp=0x0000006c7a0fbd18 mode 0
Event: 28.975 Thread 0x0000019211dc7800 DEOPT PACKING pc=0x000001920254263a sp=0x0000006c7a0fc360
Event: 28.975 Thread 0x0000019211dc7800 DEOPT UNPACKING pc=0x00000192000276ce sp=0x0000006c7a0fbae0 mode 0
Event: 28.986 Thread 0x0000019211dc7800 DEOPT PACKING pc=0x0000019201889707 sp=0x0000006c7a0fc590
Event: 28.986 Thread 0x0000019211dc7800 DEOPT UNPACKING pc=0x00000192000276ce sp=0x0000006c7a0fba40 mode 0

Classes redefined (0 events):
No events

Internal exceptions (20 events):
Event: 26.806 Thread 0x0000019211dc9000 Exception <a 'sun/nio/fs/WindowsException'{0x000000008e1ce768}> (0x000000008e1ce768) thrown at [./src/hotspot/share/prims/jni.cpp, line 615]
Event: 26.812 Thread 0x0000019211dc9000 Exception <a 'sun/nio/fs/WindowsException'{0x000000008e1d6a78}> (0x000000008e1d6a78) thrown at [./src/hotspot/share/prims/jni.cpp, line 615]
Event: 26.817 Thread 0x0000019211dc9000 Exception <a 'sun/nio/fs/WindowsException'{0x000000008dec8e80}> (0x000000008dec8e80) thrown at [./src/hotspot/share/prims/jni.cpp, line 615]
Event: 26.820 Thread 0x0000019211dc9000 Exception <a 'sun/nio/fs/WindowsException'{0x000000008ddc6008}> (0x000000008ddc6008) thrown at [./src/hotspot/share/prims/jni.cpp, line 615]
Event: 26.828 Thread 0x0000019211dc9000 Exception <a 'sun/nio/fs/WindowsException'{0x000000008dcc2ad0}> (0x000000008dcc2ad0) thrown at [./src/hotspot/share/prims/jni.cpp, line 615]
Event: 26.831 Thread 0x0000019211dc9000 Exception <a 'sun/nio/fs/WindowsException'{0x000000008dccadf0}> (0x000000008dccadf0) thrown at [./src/hotspot/share/prims/jni.cpp, line 615]
Event: 26.836 Thread 0x0000019211dc9000 Exception <a 'sun/nio/fs/WindowsException'{0x000000008db879a0}> (0x000000008db879a0) thrown at [./src/hotspot/share/prims/jni.cpp, line 615]
Event: 26.857 Thread 0x0000019211dc9000 Exception <a 'sun/nio/fs/WindowsException'{0x000000008dac66e0}> (0x000000008dac66e0) thrown at [./src/hotspot/share/prims/jni.cpp, line 615]
Event: 26.863 Thread 0x0000019211dc9000 Exception <a 'sun/nio/fs/WindowsException'{0x000000008d743278}> (0x000000008d743278) thrown at [./src/hotspot/share/prims/jni.cpp, line 615]
Event: 26.884 Thread 0x0000019211dc9000 Exception <a 'sun/nio/fs/WindowsException'{0x000000008d74b598}> (0x000000008d74b598) thrown at [./src/hotspot/share/prims/jni.cpp, line 615]
Event: 26.888 Thread 0x0000019211dc9000 Exception <a 'sun/nio/fs/WindowsException'{0x000000008d548c38}> (0x000000008d548c38) thrown at [./src/hotspot/share/prims/jni.cpp, line 615]
Event: 26.893 Thread 0x0000019211dc9000 Exception <a 'sun/nio/fs/WindowsException'{0x000000008d593308}> (0x000000008d593308) thrown at [./src/hotspot/share/prims/jni.cpp, line 615]
Event: 26.896 Thread 0x0000019211dc9000 Exception <a 'sun/nio/fs/WindowsException'{0x000000008d5dce60}> (0x000000008d5dce60) thrown at [./src/hotspot/share/prims/jni.cpp, line 615]
Event: 26.907 Thread 0x0000019211dc9000 Exception <a 'sun/nio/fs/WindowsException'{0x000000008d5e5f00}> (0x000000008d5e5f00) thrown at [./src/hotspot/share/prims/jni.cpp, line 615]
Event: 26.910 Thread 0x0000019211dc9000 Exception <a 'sun/nio/fs/WindowsException'{0x000000008d5ee220}> (0x000000008d5ee220) thrown at [./src/hotspot/share/prims/jni.cpp, line 615]
Event: 26.913 Thread 0x0000019211dc9000 Exception <a 'sun/nio/fs/WindowsException'{0x000000008d5f8890}> (0x000000008d5f8890) thrown at [./src/hotspot/share/prims/jni.cpp, line 615]
Event: 26.915 Thread 0x0000019211dc9000 Exception <a 'sun/nio/fs/WindowsException'{0x000000008d384b08}> (0x000000008d384b08) thrown at [./src/hotspot/share/prims/jni.cpp, line 615]
Event: 26.923 Thread 0x0000019211dc9000 Exception <a 'sun/nio/fs/WindowsException'{0x000000008d2c1468}> (0x000000008d2c1468) thrown at [./src/hotspot/share/prims/jni.cpp, line 615]
Event: 26.929 Thread 0x0000019211dc9000 Exception <a 'sun/nio/fs/WindowsException'{0x000000008d2c9778}> (0x000000008d2c9778) thrown at [./src/hotspot/share/prims/jni.cpp, line 615]
Event: 26.941 Thread 0x0000019211dc9000 Exception <a 'sun/nio/fs/WindowsException'{0x000000008d2d3ce8}> (0x000000008d2d3ce8) thrown at [./src/hotspot/share/prims/jni.cpp, line 615]

Events (20 events):
Event: 26.654 Executing VM operation: G1CollectForAllocation done
Event: 26.675 Executing VM operation: G1CollectForAllocation
Event: 26.685 Executing VM operation: G1CollectForAllocation done
Event: 26.699 Executing VM operation: G1CollectForAllocation
Event: 26.710 Executing VM operation: G1CollectForAllocation done
Event: 26.904 Loaded shared library C:\Program Files\Android\Android Studio\jre\bin\nio.dll
Event: 26.996 Executing VM operation: ICBufferFull
Event: 26.996 Executing VM operation: ICBufferFull done
Event: 27.135 Executing VM operation: G1CollectForAllocation
Event: 27.153 Executing VM operation: G1CollectForAllocation done
Event: 28.082 Executing VM operation: ICBufferFull
Event: 28.082 Executing VM operation: ICBufferFull done
Event: 28.143 loading class com/android/tools/r8/ir/regalloc/a
Event: 28.143 loading class com/android/tools/r8/ir/regalloc/a done
Event: 28.297 Executing VM operation: G1CollectForAllocation
Event: 28.332 Executing VM operation: G1CollectForAllocation done
Event: 28.373 loading class com/android/tools/r8/ir/regalloc/b
Event: 28.373 loading class com/android/tools/r8/ir/regalloc/b done
Event: 28.819 Executing VM operation: G1CollectForAllocation
Event: 28.842 Executing VM operation: G1CollectForAllocation done


Dynamic libraries:
0x00007ff6eb430000 - 0x00007ff6eb43a000 	C:\Program Files\Android\Android Studio\jre\bin\java.exe
0x00007ff8b6c90000 - 0x00007ff8b6e85000 	C:\WINDOWS\SYSTEM32\ntdll.dll
0x00007ff8b6910000 - 0x00007ff8b69ce000 	C:\WINDOWS\System32\KERNEL32.DLL
0x00007ff8b4700000 - 0x00007ff8b49c9000 	C:\WINDOWS\System32\KERNELBASE.dll
0x00007ff8b4520000 - 0x00007ff8b4620000 	C:\WINDOWS\System32\ucrtbase.dll
0x00007ff8ab7e0000 - 0x00007ff8ab7f9000 	C:\Program Files\Android\Android Studio\jre\bin\jli.dll
0x00007ff8b4cb0000 - 0x00007ff8b4e51000 	C:\WINDOWS\System32\USER32.dll
0x00007ff8b4b30000 - 0x00007ff8b4b52000 	C:\WINDOWS\System32\win32u.dll
0x00007ff8b5fc0000 - 0x00007ff8b5feb000 	C:\WINDOWS\System32\GDI32.dll
0x00007ff8b4410000 - 0x00007ff8b451b000 	C:\WINDOWS\System32\gdi32full.dll
0x00007ff8b4b60000 - 0x00007ff8b4bfd000 	C:\WINDOWS\System32\msvcp_win.dll
0x00007ff8aa970000 - 0x00007ff8aa987000 	C:\Program Files\Android\Android Studio\jre\bin\VCRUNTIME140.dll
0x00007ff8966f0000 - 0x00007ff89698a000 	C:\WINDOWS\WinSxS\amd64_microsoft.windows.common-controls_6595b64144ccf1df_6.0.19041.1110_none_60b5254171f9507e\COMCTL32.dll
0x00007ff8b6090000 - 0x00007ff8b612e000 	C:\WINDOWS\System32\msvcrt.dll
0x00007ff8b6ac0000 - 0x00007ff8b6af0000 	C:\WINDOWS\System32\IMM32.DLL
0x00007ff897530000 - 0x00007ff8975cd000 	C:\Program Files\Android\Android Studio\jre\bin\msvcp140.dll
0x00007ff850ff0000 - 0x00007ff851abf000 	C:\Program Files\Android\Android Studio\jre\bin\server\jvm.dll
0x00007ff8b5f10000 - 0x00007ff8b5fbc000 	C:\WINDOWS\System32\ADVAPI32.dll
0x00007ff8b5ff0000 - 0x00007ff8b608b000 	C:\WINDOWS\System32\sechost.dll
0x00007ff8b4e60000 - 0x00007ff8b4f8a000 	C:\WINDOWS\System32\RPCRT4.dll
0x00007ff8b6190000 - 0x00007ff8b6198000 	C:\WINDOWS\System32\PSAPI.DLL
0x00007ff8a2120000 - 0x00007ff8a2147000 	C:\WINDOWS\SYSTEM32\WINMM.dll
0x00007ff895990000 - 0x00007ff895999000 	C:\WINDOWS\SYSTEM32\WSOCK32.dll
0x00007ff8b61a0000 - 0x00007ff8b620b000 	C:\WINDOWS\System32\WS2_32.dll
0x00007ff8a2da0000 - 0x00007ff8a2daa000 	C:\WINDOWS\SYSTEM32\VERSION.dll
0x00007ff8b1780000 - 0x00007ff8b1792000 	C:\WINDOWS\SYSTEM32\kernel.appcore.dll
0x00007ff8b2370000 - 0x00007ff8b2381000 	C:\Program Files\Android\Android Studio\jre\bin\verify.dll
0x00007ff8b3d20000 - 0x00007ff8b3f04000 	C:\WINDOWS\SYSTEM32\DBGHELP.DLL
0x00007ff8b3cf0000 - 0x00007ff8b3d1c000 	C:\WINDOWS\SYSTEM32\dbgcore.DLL
0x00007ff8b4670000 - 0x00007ff8b46f3000 	C:\WINDOWS\System32\bcryptPrimitives.dll
0x00007ff8b2340000 - 0x00007ff8b2369000 	C:\Program Files\Android\Android Studio\jre\bin\java.dll
0x00007ff8b3f10000 - 0x00007ff8b3f1b000 	C:\Program Files\Android\Android Studio\jre\bin\jimage.dll
0x00007ff8b20b0000 - 0x00007ff8b20c8000 	C:\Program Files\Android\Android Studio\jre\bin\zip.dll
0x00007ff8b5220000 - 0x00007ff8b595f000 	C:\WINDOWS\System32\SHELL32.dll
0x00007ff8b17a0000 - 0x00007ff8b1f30000 	C:\WINDOWS\SYSTEM32\windows.storage.dll
0x00007ff8b5b50000 - 0x00007ff8b5ea5000 	C:\WINDOWS\System32\combase.dll
0x00007ff8b36e0000 - 0x00007ff8b370c000 	C:\WINDOWS\SYSTEM32\Wldp.dll
0x00007ff8b6210000 - 0x00007ff8b62bd000 	C:\WINDOWS\System32\SHCORE.dll
0x00007ff8b5eb0000 - 0x00007ff8b5f05000 	C:\WINDOWS\System32\shlwapi.dll
0x00007ff8b42c0000 - 0x00007ff8b42df000 	C:\WINDOWS\SYSTEM32\profapi.dll
0x00007ff8b2090000 - 0x00007ff8b20aa000 	C:\Program Files\Android\Android Studio\jre\bin\net.dll
0x00007ff8a25e0000 - 0x00007ff8a26e8000 	C:\WINDOWS\SYSTEM32\WINHTTP.dll
0x00007ff8b3460000 - 0x00007ff8b34ca000 	C:\WINDOWS\system32\mswsock.dll
0x00007ff8b2070000 - 0x00007ff8b2084000 	C:\Program Files\Android\Android Studio\jre\bin\nio.dll
0x00007ff8974a0000 - 0x00007ff8974c7000 	C:\Users\user\.gradle\native\8bec1ad78214c89d9ad589b4d07fe93259594b29d510b10fafb7a158f7737e5d\windows-amd64\native-platform.dll
0x00007ff862c90000 - 0x00007ff862dcd000 	C:\Users\user\.gradle\native\53dbd7edfb1c66fb8903c78663c9afc45aea4f116125fa6feffd364cf09443e8\windows-amd64\native-platform-file-events.dll
0x00007ff8b2330000 - 0x00007ff8b233a000 	C:\Program Files\Android\Android Studio\jre\bin\management.dll
0x00007ff8b22c0000 - 0x00007ff8b22cc000 	C:\Program Files\Android\Android Studio\jre\bin\management_ext.dll
0x00007ff8b40c0000 - 0x00007ff8b40d8000 	C:\WINDOWS\SYSTEM32\CRYPTSP.dll
0x00007ff8b2d80000 - 0x00007ff8b2db4000 	C:\WINDOWS\system32\rsaenh.dll
0x00007ff8b43e0000 - 0x00007ff8b4407000 	C:\WINDOWS\System32\bcrypt.dll
0x00007ff8b4280000 - 0x00007ff8b42ae000 	C:\WINDOWS\SYSTEM32\USERENV.dll
0x00007ff8b36d0000 - 0x00007ff8b36dc000 	C:\WINDOWS\SYSTEM32\CRYPTBASE.dll
0x00007ff8b3130000 - 0x00007ff8b316b000 	C:\WINDOWS\SYSTEM32\IPHLPAPI.DLL
0x00007ff8b6af0000 - 0x00007ff8b6af8000 	C:\WINDOWS\System32\NSI.dll
0x00007ff8b0a70000 - 0x00007ff8b0a87000 	C:\WINDOWS\SYSTEM32\dhcpcsvc6.DLL
0x00007ff8b0a50000 - 0x00007ff8b0a6d000 	C:\WINDOWS\SYSTEM32\dhcpcsvc.DLL
0x00007ff8b3170000 - 0x00007ff8b323c000 	C:\WINDOWS\SYSTEM32\DNSAPI.dll

dbghelp: loaded successfully - version: 4.0.5 - missing functions: none
symbol engine: initialized successfully - sym options: 0x614 - pdb path: .;C:\Program Files\Android\Android Studio\jre\bin;C:\WINDOWS\SYSTEM32;C:\WINDOWS\WinSxS\amd64_microsoft.windows.common-controls_6595b64144ccf1df_6.0.19041.1110_none_60b5254171f9507e;C:\Program Files\Android\Android Studio\jre\bin\server;C:\Users\user\.gradle\native\8bec1ad78214c89d9ad589b4d07fe93259594b29d510b10fafb7a158f7737e5d\windows-amd64;C:\Users\user\.gradle\native\53dbd7edfb1c66fb8903c78663c9afc45aea4f116125fa6feffd364cf09443e8\windows-amd64

VM Arguments:
jvm_args: --add-opens=java.base/java.util=ALL-UNNAMED --add-opens=java.base/java.lang=ALL-UNNAMED --add-opens=java.base/java.lang.invoke=ALL-UNNAMED --add-opens=java.base/java.util=ALL-UNNAMED --add-opens=java.prefs/java.util.prefs=ALL-UNNAMED --add-opens=java.prefs/java.util.prefs=ALL-UNNAMED --add-opens=java.base/java.nio.charset=ALL-UNNAMED --add-opens=java.base/java.net=ALL-UNNAMED --add-opens=java.base/java.util.concurrent.atomic=ALL-UNNAMED -Xmx2048m -Dfile.encoding=UTF-8 -Duser.country=US -Duser.language=en -Duser.variant 
java_command: org.gradle.launcher.daemon.bootstrap.GradleDaemon 7.0.2
java_class_path (initial): C:\Users\user\.gradle\wrapper\dists\gradle-7.0.2-bin\857tjihv64xamwrf0h14cai3r\gradle-7.0.2\lib\gradle-launcher-7.0.2.jar
Launcher Type: SUN_STANDARD

[Global flags]
     intx CICompilerCount                          = 3                                         {product} {ergonomic}
     uint ConcGCThreads                            = 1                                         {product} {ergonomic}
     uint G1ConcRefinementThreads                  = 4                                         {product} {ergonomic}
   size_t G1HeapRegionSize                         = 1048576                                   {product} {ergonomic}
    uintx GCDrainStackTargetSize                   = 64                                        {product} {ergonomic}
   size_t InitialHeapSize                          = 201326592                                 {product} {ergonomic}
   size_t MarkStackSize                            = 4194304                                   {product} {ergonomic}
   size_t MaxHeapSize                              = 2147483648                                {product} {command line}
   size_t MaxNewSize                               = 1287651328                                {product} {ergonomic}
   size_t MinHeapDeltaBytes                        = 1048576                                   {product} {ergonomic}
    uintx NonNMethodCodeHeapSize                   = 5830732                                {pd product} {ergonomic}
    uintx NonProfiledCodeHeapSize                  = 122913754                              {pd product} {ergonomic}
    uintx ProfiledCodeHeapSize                     = 122913754                              {pd product} {ergonomic}
    uintx ReservedCodeCacheSize                    = 251658240                              {pd product} {ergonomic}
     bool SegmentedCodeCache                       = true                                      {product} {ergonomic}
     bool UseCompressedClassPointers               = true                                 {lp64_product} {ergonomic}
     bool UseCompressedOops                        = true                                 {lp64_product} {ergonomic}
     bool UseG1GC                                  = true                                      {product} {ergonomic}
     bool UseLargePagesIndividualAllocation        = false                                  {pd product} {ergonomic}

Logging:
Log output configuration:
 #0: stdout all=warning uptime,level,tags
 #1: stderr all=off uptime,level,tags

Environment Variables:
PATH=C:\WINDOWS\system32;C:\WINDOWS;C:\WINDOWS\System32\Wbem;C:\WINDOWS\System32\WindowsPowerShell\v1.0\;C:\WINDOWS\System32\OpenSSH\;C:\Users\user\AppData\Local\Microsoft\WindowsApps;;C:\Users\user\AppData\Local\Programs\Microsoft VS Code\bin
USERNAME=user
OS=Windows_NT
PROCESSOR_IDENTIFIER=Intel64 Family 6 Model 78 Stepping 3, GenuineIntel



---------------  S Y S T E M  ---------------

OS: Windows 10 , 64 bit Build 19041 (10.0.19041.1202)
OS uptime: 0 days 23:06 hours

CPU:total 4 (initial active 4) (2 cores per cpu, 2 threads per core) family 6 model 78 stepping 3 microcode 0xcc, cmov, cx8, fxsr, mmx, sse, sse2, sse3, ssse3, sse4.1, sse4.2, popcnt, avx, avx2, aes, clmul, erms, 3dnowpref, lzcnt, ht, tsc, tscinvbit, bmi1, bmi2, adx, fma

Memory: 4k page, system-wide physical 12184M (2837M free)
TotalPageFile size 16704M (AvailPageFile size 5123M)
current process WorkingSet (physical memory assigned to process): 599M, peak: 599M
current process commit charge ("private bytes"): 624M, peak: 624M

vm_info: OpenJDK 64-Bit Server VM (11.0.10+0-b96-7249189) for windows-amd64 JRE (11.0.10+0-b96-7249189), built on Mar 31 2021 21:44:00 by "builder" with MS VC++ 14.0 (VS2015)

END.
