#
# A fatal error has been detected by the Java Runtime Environment:
#
#  EXCEPTION_ACCESS_VIOLATION (0xc0000005) at pc=0x0000025325fee1e3, pid=12120, tid=3036
#
# JRE version: OpenJDK Runtime Environment (11.0.10) (build 11.0.10+0-b96-7249189)
# Java VM: OpenJDK 64-Bit Server VM (11.0.10+0-b96-7249189, mixed mode, tiered, compressed oops, g1 gc, windows-amd64)
# Problematic frame:
# j  java.util.stream.Collectors.lambda$uniqKeysMapAccumulator$1(Ljava/util/function/Function;Ljava/util/function/Function;Ljava/util/Map;Ljava/lang/Object;)V+2 java.base@11.0.10
#
# No core dump will be written. Minidumps are not enabled by default on client versions of Windows
#
# If you would like to submit a bug report, please visit:
#   https://bugreport.java.com/bugreport/crash.jsp
#

---------------  S U M M A R Y ------------

Command Line: --add-opens=java.base/java.util=ALL-UNNAMED --add-opens=java.base/java.lang=ALL-UNNAMED --add-opens=java.base/java.lang.invoke=ALL-UNNAMED --add-opens=java.base/java.util=ALL-UNNAMED --add-opens=java.prefs/java.util.prefs=ALL-UNNAMED --add-opens=java.prefs/java.util.prefs=ALL-UNNAMED --add-opens=java.base/java.nio.charset=ALL-UNNAMED --add-opens=java.base/java.net=ALL-UNNAMED --add-opens=java.base/java.util.concurrent.atomic=ALL-UNNAMED -Xmx2048m -Dfile.encoding=UTF-8 -Duser.country=US -Duser.language=en -Duser.variant org.gradle.launcher.daemon.bootstrap.GradleDaemon 7.0.2

Host: Intel(R) Core(TM) i5-6200U CPU @ 2.30GHz, 4 cores, 11G,  Windows 10 , 64 bit Build 19041 (10.0.19041.1202)
Time: Sat Nov 20 00:19:41 2021 E. Africa Standard Time elapsed time: 6.210085 seconds (0d 0h 0m 6s)

---------------  T H R E A D  ---------------

Current thread (0x000002533ed6d800):  JavaThread "Daemon worker" [_thread_in_Java, id=3036, stack(0x000000b9f5d00000,0x000000b9f5e00000)]

Stack: [0x000000b9f5d00000,0x000000b9f5e00000],  sp=0x000000b9f5df9c08,  free space=999k
Native frames: (J=compiled Java code, j=interpreted, Vv=VM code, C=native code)
C  0x0000025325fee1e3


siginfo: EXCEPTION_ACCESS_VIOLATION (0xc0000005), reading address 0x00000001104b7268


Register to memory mapping:

RIP=0x0000025325fee1e3 is at code_begin+2019 in an Interpreter codelet
invokeinterface  185 invokeinterface  [0x0000025325feda00, 0x0000025325fee520]  2848 bytes
RAX=0x000000010003e6e0 is a pointer to class: 
java.util.function.Function {0x000000010003e6e8}
RBX=0x000000010003e6e0 is a pointer to class: 
java.util.function.Function {0x000000010003e6e8}
RCX={method} {0x000002533cb34df0} 'apply' '(Ljava/lang/Object;)Ljava/lang/Object;' in 'java/util/function/Function'
RDX=0x00000001004b7040 is a pointer to class: 
org.codehaus.groovy.vmplugin.v9.Java9$$Lambda$279/0x00000001004b7040 {0x00000001004b7048}
RSP=0x000000b9f5df9c08 is pointing into the stack for thread: 0x000002533ed6d800
RBP=0x000000b9f5df9c68 is pointing into the stack for thread: 0x000002533ed6d800
RSI=0x0000000100175468 is a pointer to class: 
java.util.stream.ReduceOps$3ReducingSink {0x0000000100175470}
RDI=0x0000025343472328 is pointing into metadata
R8 =0x0000000000000008 is an unknown value
R9 =0x00000000000000dc is an unknown value
R10=0x00007ff851a04f90 jvm.dll
R11=0x000000b9f5df99f0 is pointing into the stack for thread: 0x000002533ed6d800
R12=0x0 is NULL
R13=0x0000000010000228 is an unknown value
R14=0x00000001004b7040 is a pointer to class: 
org.codehaus.groovy.vmplugin.v9.Java9$$Lambda$279/0x00000001004b7040 {0x00000001004b7048}
R15=0x000002533ed6d800 is a thread


Registers:
RAX=0x000000010003e6e0, RBX=0x000000010003e6e0, RCX=0x000002533cb34de8, RDX=0x00000001004b7040
RSP=0x000000b9f5df9c08, RBP=0x000000b9f5df9c68, RSI=0x0000000100175468, RDI=0x0000025343472328
R8 =0x0000000000000008, R9 =0x00000000000000dc, R10=0x00007ff851a04f90, R11=0x000000b9f5df99f0
R12=0x0000000000000000, R13=0x0000000010000228, R14=0x00000001004b7040, R15=0x000002533ed6d800
RIP=0x0000025325fee1e3, EFLAGS=0x0000000000010246

Top of Stack: (sp=0x000000b9f5df9c08)
0x000000b9f5df9c08:   0000025325fd9f16 000000008bf15d78
0x000000b9f5df9c18:   000000008be2a6d8 000000b9f5df9c20
0x000000b9f5df9c28:   000002534006ca42 000000b9f5df9ca8
0x000000b9f5df9c38:   000002534006d2f0 0000000000000000
0x000000b9f5df9c48:   00000000893180a8 000002534006cad0
0x000000b9f5df9c58:   0000000000000000 000000b9f5df9c90
0x000000b9f5df9c68:   000000b9f5df9cf8 0000025325fda0c3
0x000000b9f5df9c78:   0000000000000000 0000000000000000
0x000000b9f5df9c88:   0000000000000000 000000008bf15d78
0x000000b9f5df9c98:   000000008be35048 000000008be2d8d0
0x000000b9f5df9ca8:   000000008be2a6d8 000000b9f5df9cb0
0x000000b9f5df9cb8:   0000025343c71bdd 000000b9f5df9d18
0x000000b9f5df9cc8:   0000025343c71cc8 0000000000000000
0x000000b9f5df9cd8:   000000008be32768 0000025343c71c40
0x000000b9f5df9ce8:   000000b9f5df9c90 000000b9f5df9d08
0x000000b9f5df9cf8:   000000b9f5df9d68 0000025325fda108 

Instructions: (pc=0x0000025325fee1e3)
0x0000025325fee0e3:   83 c6 10 4d 8b 2e 49 3b c5 75 eb 4c 8b 6d c0 4c
0x0000025325fee0f3:   8b 6d d8 4d 85 ed 0f 84 97 00 00 00 4d 8b 75 18
0x0000025325fee103:   4c 3b f2 0f 85 0f 00 00 00 49 83 45 20 01 49 83
0x0000025325fee113:   5d 20 00 e9 73 00 00 00 4d 85 f6 0f 84 43 00 00
0x0000025325fee123:   00 4d 8b 75 28 4c 3b f2 0f 85 0f 00 00 00 49 83
0x0000025325fee133:   45 30 01 49 83 5d 30 00 e9 4e 00 00 00 4d 85 f6
0x0000025325fee143:   74 0f 49 83 45 08 01 49 83 5d 08 00 e9 3a 00 00
0x0000025325fee153:   00 49 89 55 28 41 be 01 00 00 00 4d 89 75 30 e9
0x0000025325fee163:   27 00 00 00 49 3b 55 28 0f 85 0f 00 00 00 49 83
0x0000025325fee173:   45 30 01 49 83 5d 30 00 e9 0e 00 00 00 49 89 55
0x0000025325fee183:   18 41 be 01 00 00 00 4d 89 75 20 49 83 c5 38 4c
0x0000025325fee193:   89 6d d8 48 8b 43 08 48 8b 40 08 48 8b 40 18 8b
0x0000025325fee1a3:   5b 24 83 eb f6 f7 db 4c 8b f2 45 8b ae c4 00 00
0x0000025325fee1b3:   00 4f 8d ac ee d0 01 00 00 4d 8d 34 de 49 8b 5d
0x0000025325fee1c3:   00 48 3b c3 74 16 48 85 db 0f 84 5e 02 00 00 49
0x0000025325fee1d3:   83 c5 10 49 8b 5d 00 48 3b c3 75 ea 45 8b 6d 08
0x0000025325fee1e3:   4b 8b 1c 2e 48 85 db 0f 84 64 01 00 00 48 8b 55
0x0000025325fee1f3:   d8 48 85 d2 0f 84 2f 01 00 00 80 7a c8 0b 0f 85
0x0000025325fee203:   25 01 00 00 48 83 c2 08 4c 8b 6a f8 41 83 ed 00
0x0000025325fee213:   41 83 fd 02 0f 8c 04 01 00 00 4c 8b 6b 08 45 0f
0x0000025325fee223:   b7 6d 34 4c 2b 2a 41 83 ed 01 4e 8b 6c ec 08 4d
0x0000025325fee233:   85 ed 75 0a 48 81 4a 08 01 00 00 00 eb 4d 45 8b
0x0000025325fee243:   6d 08 49 c1 e5 03 4c 33 6a 08 49 f7 c5 fc ff ff
0x0000025325fee253:   ff 74 38 49 f7 c5 02 00 00 00 75 2f 48 81 7a 08
0x0000025325fee263:   00 00 00 00 74 21 48 81 7a 08 01 00 00 00 74 17
0x0000025325fee273:   4c 33 6a 08 49 f7 c5 fc ff ff ff 74 0e 48 81 4a
0x0000025325fee283:   08 02 00 00 00 eb 04 4c 89 6a 08 48 83 c2 10 4c
0x0000025325fee293:   8b 6a e8 41 83 ed 02 41 83 fd 02 0f 8c 7d 00 00
0x0000025325fee2a3:   00 4c 8b 6b 08 45 0f b7 6d 34 4c 2b 2a 41 83 ed
0x0000025325fee2b3:   01 4e 8b 6c ec 08 4d 85 ed 75 0a 48 81 4a 08 01
0x0000025325fee2c3:   00 00 00 eb 4d 45 8b 6d 08 49 c1 e5 03 4c 33 6a
0x0000025325fee2d3:   08 49 f7 c5 fc ff ff ff 74 38 49 f7 c5 02 00 00 


Stack slot to memory mapping:
stack at sp + 0 slots: 0x0000025325fd9f16 is at code_begin+1878 in an Interpreter codelet
invoke return entry points  [0x0000025325fd97c0, 0x0000025325fda1a0]  2528 bytes
stack at sp + 1 slots: 0x000000008bf15d78 is an oop: java.util.LinkedHashMap$Entry 
{0x000000008bf15d78} - klass: 'java/util/LinkedHashMap$Entry'
stack at sp + 2 slots: 0x000000008be2a6d8 is an oop: org.codehaus.groovy.vmplugin.v9.Java9$$Lambda$279/0x00000001004b7040 
{0x000000008be2a6d8} - klass: 'org/codehaus/groovy/vmplugin/v9/Java9$$Lambda$279'
stack at sp + 3 slots: 0x000000b9f5df9c20 is pointing into the stack for thread: 0x000002533ed6d800
stack at sp + 4 slots: 0x000002534006ca42 is pointing into metadata
stack at sp + 5 slots: 0x000000b9f5df9ca8 is pointing into the stack for thread: 0x000002533ed6d800
stack at sp + 6 slots: 0x000002534006d2f0 is pointing into metadata
stack at sp + 7 slots: 0x0 is NULL

invokeinterface  185 invokeinterface  [0x0000025325feda00, 0x0000025325fee520]  2848 bytes

---------------  P R O C E S S  ---------------

Threads class SMR info:
_java_thread_list=0x0000025342321250, length=31, elements={
0x00000253224ca000, 0x000002533c86c800, 0x000002533c878000, 0x000002533d0df800,
0x000002533d0e3800, 0x000002533d0e7000, 0x000002533d0ec000, 0x000002533d0f8800,
0x000002533d14a800, 0x000002533d26a000, 0x000002533f62e800, 0x000002533d339800,
0x000002533ed3d000, 0x000002533f615800, 0x000002533e59f800, 0x000002533f82f000,
0x000002533ed6d800, 0x000002533f8fd000, 0x0000025340c37800, 0x000002533f8e2800,
0x000002533f8e2000, 0x000002533f8e5000, 0x000002533f8e0800, 0x000002533fe0f000,
0x000002533f8e3800, 0x000002533f8e4800, 0x000002533f8e1000, 0x000002533f8e6000,
0x000002533f8e7000, 0x0000025340d0d000, 0x0000025340d13800
}

Java Threads: ( => current thread )
  0x00000253224ca000 JavaThread "main" [_thread_blocked, id=11096, stack(0x000000b9f4300000,0x000000b9f4400000)]
  0x000002533c86c800 JavaThread "Reference Handler" daemon [_thread_blocked, id=8068, stack(0x000000b9f4a00000,0x000000b9f4b00000)]
  0x000002533c878000 JavaThread "Finalizer" daemon [_thread_blocked, id=13276, stack(0x000000b9f4b00000,0x000000b9f4c00000)]
  0x000002533d0df800 JavaThread "Signal Dispatcher" daemon [_thread_blocked, id=10488, stack(0x000000b9f4c00000,0x000000b9f4d00000)]
  0x000002533d0e3800 JavaThread "Attach Listener" daemon [_thread_blocked, id=11336, stack(0x000000b9f4d00000,0x000000b9f4e00000)]
  0x000002533d0e7000 JavaThread "Service Thread" daemon [_thread_blocked, id=12848, stack(0x000000b9f4e00000,0x000000b9f4f00000)]
  0x000002533d0ec000 JavaThread "C2 CompilerThread0" daemon [_thread_in_native, id=692, stack(0x000000b9f4f00000,0x000000b9f5000000)]
  0x000002533d0f8800 JavaThread "C1 CompilerThread0" daemon [_thread_blocked, id=10672, stack(0x000000b9f5000000,0x000000b9f5100000)]
  0x000002533d14a800 JavaThread "Sweeper thread" daemon [_thread_blocked, id=6436, stack(0x000000b9f5100000,0x000000b9f5200000)]
  0x000002533d26a000 JavaThread "Common-Cleaner" daemon [_thread_blocked, id=11184, stack(0x000000b9f5200000,0x000000b9f5300000)]
  0x000002533f62e800 JavaThread "Daemon health stats" [_thread_blocked, id=7588, stack(0x000000b9f5800000,0x000000b9f5900000)]
  0x000002533d339800 JavaThread "Incoming local TCP Connector on port 58885" [_thread_in_native, id=13320, stack(0x000000b9f5400000,0x000000b9f5500000)]
  0x000002533ed3d000 JavaThread "Daemon periodic checks" [_thread_blocked, id=10776, stack(0x000000b9f5900000,0x000000b9f5a00000)]
  0x000002533f615800 JavaThread "Daemon" [_thread_blocked, id=11788, stack(0x000000b9f5a00000,0x000000b9f5b00000)]
  0x000002533e59f800 JavaThread "Handler for socket connection from /127.0.0.1:58885 to /127.0.0.1:58886" [_thread_in_native, id=2872, stack(0x000000b9f5b00000,0x000000b9f5c00000)]
  0x000002533f82f000 JavaThread "Cancel handler" [_thread_blocked, id=13492, stack(0x000000b9f5c00000,0x000000b9f5d00000)]
=>0x000002533ed6d800 JavaThread "Daemon worker" [_thread_in_Java, id=3036, stack(0x000000b9f5d00000,0x000000b9f5e00000)]
  0x000002533f8fd000 JavaThread "Asynchronous log dispatcher for DefaultDaemonConnection: socket connection from /127.0.0.1:58885 to /127.0.0.1:58886" [_thread_blocked, id=13764, stack(0x000000b9f5e00000,0x000000b9f5f00000)]
  0x0000025340c37800 JavaThread "Stdin handler" [_thread_blocked, id=1528, stack(0x000000b9f5f00000,0x000000b9f6000000)]
  0x000002533f8e2800 JavaThread "Daemon client event forwarder" [_thread_blocked, id=13364, stack(0x000000b9f6000000,0x000000b9f6100000)]
  0x000002533f8e2000 JavaThread "Cache worker for file hash cache (C:\Users\user\.gradle\caches\7.0.2\fileHashes)" [_thread_blocked, id=5856, stack(0x000000b9f6100000,0x000000b9f6200000)]
  0x000002533f8e5000 JavaThread "File lock request listener" [_thread_in_native, id=13288, stack(0x000000b9f6200000,0x000000b9f6300000)]
  0x000002533f8e0800 JavaThread "Cache worker for journal cache (C:\Users\user\.gradle\caches\journal-1)" [_thread_blocked, id=13824, stack(0x000000b9f6300000,0x000000b9f6400000)]
  0x000002533fe0f000 JavaThread "C2 CompilerThread1" daemon [_thread_in_native, id=14276, stack(0x000000b9f6400000,0x000000b9f6500000)]
  0x000002533f8e3800 JavaThread "Cache worker for file hash cache (C:\Users\user\AndroidStudioProjects\MyApplication\.gradle\7.0.2\fileHashes)" [_thread_blocked, id=11972, stack(0x000000b9f6500000,0x000000b9f6600000)]
  0x000002533f8e4800 JavaThread "File watcher server" daemon [_thread_in_native, id=12600, stack(0x000000b9f6600000,0x000000b9f6700000)]
  0x000002533f8e1000 JavaThread "File watcher consumer" daemon [_thread_blocked, id=8388, stack(0x000000b9f6700000,0x000000b9f6800000)]
  0x000002533f8e6000 JavaThread "Cache worker for checksums cache (C:\Users\user\AndroidStudioProjects\MyApplication\.gradle\checksums)" [_thread_blocked, id=13696, stack(0x000000b9f6800000,0x000000b9f6900000)]
  0x000002533f8e7000 JavaThread "Cache worker for cache directory md-supplier (C:\Users\user\.gradle\caches\7.0.2\md-supplier)" [_thread_blocked, id=936, stack(0x000000b9f6900000,0x000000b9f6a00000)]
  0x0000025340d0d000 JavaThread "Cache worker for cache directory md-rule (C:\Users\user\.gradle\caches\7.0.2\md-rule)" [_thread_blocked, id=12248, stack(0x000000b9f6a00000,0x000000b9f6b00000)]
  0x0000025340d13800 JavaThread "Cache worker for execution history cache (C:\Users\user\.gradle\caches\7.0.2\executionHistory)" [_thread_blocked, id=14184, stack(0x000000b9f6b00000,0x000000b9f6c00000)]

Other Threads:
  0x000002533d093800 VMThread "VM Thread" [stack: 0x000000b9f4900000,0x000000b9f4a00000] [id=6796]
  0x000002533d298000 WatcherThread [stack: 0x000000b9f5300000,0x000000b9f5400000] [id=4056]
  0x00000253224e3800 GCTaskThread "GC Thread#0" [stack: 0x000000b9f4400000,0x000000b9f4500000] [id=3284]
  0x000002533d609800 GCTaskThread "GC Thread#1" [stack: 0x000000b9f5500000,0x000000b9f5600000] [id=13268]
  0x000002533dcf7000 GCTaskThread "GC Thread#2" [stack: 0x000000b9f5600000,0x000000b9f5700000] [id=8876]
  0x000002533dcf7800 GCTaskThread "GC Thread#3" [stack: 0x000000b9f5700000,0x000000b9f5800000] [id=12108]
  0x0000025322514800 ConcurrentGCThread "G1 Main Marker" [stack: 0x000000b9f4500000,0x000000b9f4600000] [id=7756]
  0x0000025322516000 ConcurrentGCThread "G1 Conc#0" [stack: 0x000000b9f4600000,0x000000b9f4700000] [id=3924]
  0x00000253225ad800 ConcurrentGCThread "G1 Refine#0" [stack: 0x000000b9f4700000,0x000000b9f4800000] [id=11644]
  0x00000253225ae000 ConcurrentGCThread "G1 Young RemSet Sampling" [stack: 0x000000b9f4800000,0x000000b9f4900000] [id=6732]

Threads with active compile tasks:
C2 CompilerThread0   6263 2821   !   4       java.net.URL::<init> (543 bytes)
C2 CompilerThread1   6264 2847       4       jdk.internal.org.objectweb.asm.Type::getArgumentsAndReturnSizes (151 bytes)

VM state:not at safepoint (normal execution)

VM Mutex/Monitor currently owned by a thread: None

Heap address: 0x0000000080000000, size: 2048 MB, Compressed Oops mode: 32-bit
Narrow klass base: 0x0000000000000000, Narrow klass shift: 3
Compressed class space size: 1073741824 Address: 0x0000000100000000

Heap:
 garbage-first heap   total 196608K, used 24424K [0x0000000080000000, 0x0000000100000000)
  region size 1024K, 13 young (13312K), 11 survivors (11264K)
 Metaspace       used 35136K, capacity 35960K, committed 36096K, reserved 1081344K
  class space    used 4531K, capacity 4844K, committed 4864K, reserved 1048576K
Heap Regions: E=young(eden), S=young(survivor), O=old, HS=humongous(starts), HC=humongous(continues), CS=collection set, F=free, A=archive, TAMS=top-at-mark-start (previous, next)
|   0|0x0000000080000000, 0x0000000080100000, 0x0000000080100000|100%| O|  |TAMS 0x0000000080100000, 0x0000000080000000| Untracked 
|   1|0x0000000080100000, 0x0000000080200000, 0x0000000080200000|100%| O|  |TAMS 0x0000000080200000, 0x0000000080100000| Untracked 
|   2|0x0000000080200000, 0x0000000080300000, 0x0000000080300000|100%| O|  |TAMS 0x0000000080300000, 0x0000000080200000| Untracked 
|   3|0x0000000080300000, 0x0000000080400000, 0x0000000080400000|100%|HS|  |TAMS 0x0000000080400000, 0x0000000080300000| Complete 
|   4|0x0000000080400000, 0x0000000080500000, 0x0000000080500000|100%|HC|  |TAMS 0x0000000080500000, 0x0000000080400000| Complete 
|   5|0x0000000080500000, 0x0000000080600000, 0x0000000080600000|100%|HC|  |TAMS 0x0000000080600000, 0x0000000080500000| Complete 
|   6|0x0000000080600000, 0x0000000080700000, 0x0000000080700000|100%| O|  |TAMS 0x0000000080700000, 0x0000000080600000| Untracked 
|   7|0x0000000080700000, 0x0000000080800000, 0x0000000080800000|100%| O|  |TAMS 0x0000000080800000, 0x0000000080700000| Untracked 
|   8|0x0000000080800000, 0x0000000080900000, 0x0000000080900000|100%| O|  |TAMS 0x0000000080900000, 0x0000000080800000| Untracked 
|   9|0x0000000080900000, 0x0000000080a00000, 0x0000000080a00000|100%| O|  |TAMS 0x0000000080a00000, 0x0000000080900000| Untracked 
|  10|0x0000000080a00000, 0x0000000080b00000, 0x0000000080b00000|100%| O|  |TAMS 0x0000000080b00000, 0x0000000080a00000| Untracked 
|  11|0x0000000080b00000, 0x0000000080bda200, 0x0000000080c00000| 85%| O|  |TAMS 0x0000000080bda200, 0x0000000080b00000| Untracked 
|  12|0x0000000080c00000, 0x0000000080c00000, 0x0000000080d00000|  0%| F|  |TAMS 0x0000000080c00000, 0x0000000080c00000| Untracked 
|  13|0x0000000080d00000, 0x0000000080d00000, 0x0000000080e00000|  0%| F|  |TAMS 0x0000000080d00000, 0x0000000080d00000| Untracked 
|  14|0x0000000080e00000, 0x0000000080e00000, 0x0000000080f00000|  0%| F|  |TAMS 0x0000000080e00000, 0x0000000080e00000| Untracked 
|  15|0x0000000080f00000, 0x0000000080f00000, 0x0000000081000000|  0%| F|  |TAMS 0x0000000080f00000, 0x0000000080f00000| Untracked 
|  16|0x0000000081000000, 0x0000000081000000, 0x0000000081100000|  0%| F|  |TAMS 0x0000000081000000, 0x0000000081000000| Untracked 
|  17|0x0000000081100000, 0x0000000081100000, 0x0000000081200000|  0%| F|  |TAMS 0x0000000081100000, 0x0000000081100000| Untracked 
|  18|0x0000000081200000, 0x0000000081200000, 0x0000000081300000|  0%| F|  |TAMS 0x0000000081200000, 0x0000000081200000| Untracked 
|  19|0x0000000081300000, 0x0000000081300000, 0x0000000081400000|  0%| F|  |TAMS 0x0000000081300000, 0x0000000081300000| Untracked 
|  20|0x0000000081400000, 0x0000000081400000, 0x0000000081500000|  0%| F|  |TAMS 0x0000000081400000, 0x0000000081400000| Untracked 
|  21|0x0000000081500000, 0x0000000081500000, 0x0000000081600000|  0%| F|  |TAMS 0x0000000081500000, 0x0000000081500000| Untracked 
|  22|0x0000000081600000, 0x0000000081600000, 0x0000000081700000|  0%| F|  |TAMS 0x0000000081600000, 0x0000000081600000| Untracked 
|  23|0x0000000081700000, 0x0000000081700000, 0x0000000081800000|  0%| F|  |TAMS 0x0000000081700000, 0x0000000081700000| Untracked 
|  24|0x0000000081800000, 0x0000000081800000, 0x0000000081900000|  0%| F|  |TAMS 0x0000000081800000, 0x0000000081800000| Untracked 
|  25|0x0000000081900000, 0x0000000081900000, 0x0000000081a00000|  0%| F|  |TAMS 0x0000000081900000, 0x0000000081900000| Untracked 
|  26|0x0000000081a00000, 0x0000000081a00000, 0x0000000081b00000|  0%| F|  |TAMS 0x0000000081a00000, 0x0000000081a00000| Untracked 
|  27|0x0000000081b00000, 0x0000000081b00000, 0x0000000081c00000|  0%| F|  |TAMS 0x0000000081b00000, 0x0000000081b00000| Untracked 
|  28|0x0000000081c00000, 0x0000000081c00000, 0x0000000081d00000|  0%| F|  |TAMS 0x0000000081c00000, 0x0000000081c00000| Untracked 
|  29|0x0000000081d00000, 0x0000000081d00000, 0x0000000081e00000|  0%| F|  |TAMS 0x0000000081d00000, 0x0000000081d00000| Untracked 
|  30|0x0000000081e00000, 0x0000000081e00000, 0x0000000081f00000|  0%| F|  |TAMS 0x0000000081e00000, 0x0000000081e00000| Untracked 
|  31|0x0000000081f00000, 0x0000000081f00000, 0x0000000082000000|  0%| F|  |TAMS 0x0000000081f00000, 0x0000000081f00000| Untracked 
|  32|0x0000000082000000, 0x0000000082000000, 0x0000000082100000|  0%| F|  |TAMS 0x0000000082000000, 0x0000000082000000| Untracked 
|  33|0x0000000082100000, 0x0000000082100000, 0x0000000082200000|  0%| F|  |TAMS 0x0000000082100000, 0x0000000082100000| Untracked 
|  34|0x0000000082200000, 0x0000000082200000, 0x0000000082300000|  0%| F|  |TAMS 0x0000000082200000, 0x0000000082200000| Untracked 
|  35|0x0000000082300000, 0x0000000082300000, 0x0000000082400000|  0%| F|  |TAMS 0x0000000082300000, 0x0000000082300000| Untracked 
|  36|0x0000000082400000, 0x0000000082400000, 0x0000000082500000|  0%| F|  |TAMS 0x0000000082400000, 0x0000000082400000| Untracked 
|  37|0x0000000082500000, 0x0000000082500000, 0x0000000082600000|  0%| F|  |TAMS 0x0000000082500000, 0x0000000082500000| Untracked 
|  38|0x0000000082600000, 0x0000000082600000, 0x0000000082700000|  0%| F|  |TAMS 0x0000000082600000, 0x0000000082600000| Untracked 
|  39|0x0000000082700000, 0x0000000082700000, 0x0000000082800000|  0%| F|  |TAMS 0x0000000082700000, 0x0000000082700000| Untracked 
|  40|0x0000000082800000, 0x0000000082800000, 0x0000000082900000|  0%| F|  |TAMS 0x0000000082800000, 0x0000000082800000| Untracked 
|  41|0x0000000082900000, 0x0000000082900000, 0x0000000082a00000|  0%| F|  |TAMS 0x0000000082900000, 0x0000000082900000| Untracked 
|  42|0x0000000082a00000, 0x0000000082a00000, 0x0000000082b00000|  0%| F|  |TAMS 0x0000000082a00000, 0x0000000082a00000| Untracked 
|  43|0x0000000082b00000, 0x0000000082b00000, 0x0000000082c00000|  0%| F|  |TAMS 0x0000000082b00000, 0x0000000082b00000| Untracked 
|  44|0x0000000082c00000, 0x0000000082c00000, 0x0000000082d00000|  0%| F|  |TAMS 0x0000000082c00000, 0x0000000082c00000| Untracked 
|  45|0x0000000082d00000, 0x0000000082d00000, 0x0000000082e00000|  0%| F|  |TAMS 0x0000000082d00000, 0x0000000082d00000| Untracked 
|  46|0x0000000082e00000, 0x0000000082e00000, 0x0000000082f00000|  0%| F|  |TAMS 0x0000000082e00000, 0x0000000082e00000| Untracked 
|  47|0x0000000082f00000, 0x0000000082f00000, 0x0000000083000000|  0%| F|  |TAMS 0x0000000082f00000, 0x0000000082f00000| Untracked 
|  48|0x0000000083000000, 0x0000000083000000, 0x0000000083100000|  0%| F|  |TAMS 0x0000000083000000, 0x0000000083000000| Untracked 
|  49|0x0000000083100000, 0x0000000083100000, 0x0000000083200000|  0%| F|  |TAMS 0x0000000083100000, 0x0000000083100000| Untracked 
|  50|0x0000000083200000, 0x0000000083200000, 0x0000000083300000|  0%| F|  |TAMS 0x0000000083200000, 0x0000000083200000| Untracked 
|  51|0x0000000083300000, 0x0000000083300000, 0x0000000083400000|  0%| F|  |TAMS 0x0000000083300000, 0x0000000083300000| Untracked 
|  52|0x0000000083400000, 0x0000000083400000, 0x0000000083500000|  0%| F|  |TAMS 0x0000000083400000, 0x0000000083400000| Untracked 
|  53|0x0000000083500000, 0x0000000083500000, 0x0000000083600000|  0%| F|  |TAMS 0x0000000083500000, 0x0000000083500000| Untracked 
|  54|0x0000000083600000, 0x0000000083600000, 0x0000000083700000|  0%| F|  |TAMS 0x0000000083600000, 0x0000000083600000| Untracked 
|  55|0x0000000083700000, 0x0000000083700000, 0x0000000083800000|  0%| F|  |TAMS 0x0000000083700000, 0x0000000083700000| Untracked 
|  56|0x0000000083800000, 0x0000000083800000, 0x0000000083900000|  0%| F|  |TAMS 0x0000000083800000, 0x0000000083800000| Untracked 
|  57|0x0000000083900000, 0x0000000083900000, 0x0000000083a00000|  0%| F|  |TAMS 0x0000000083900000, 0x0000000083900000| Untracked 
|  58|0x0000000083a00000, 0x0000000083a00000, 0x0000000083b00000|  0%| F|  |TAMS 0x0000000083a00000, 0x0000000083a00000| Untracked 
|  59|0x0000000083b00000, 0x0000000083b00000, 0x0000000083c00000|  0%| F|  |TAMS 0x0000000083b00000, 0x0000000083b00000| Untracked 
|  60|0x0000000083c00000, 0x0000000083c00000, 0x0000000083d00000|  0%| F|  |TAMS 0x0000000083c00000, 0x0000000083c00000| Untracked 
|  61|0x0000000083d00000, 0x0000000083d00000, 0x0000000083e00000|  0%| F|  |TAMS 0x0000000083d00000, 0x0000000083d00000| Untracked 
|  62|0x0000000083e00000, 0x0000000083e00000, 0x0000000083f00000|  0%| F|  |TAMS 0x0000000083e00000, 0x0000000083e00000| Untracked 
|  63|0x0000000083f00000, 0x0000000083f00000, 0x0000000084000000|  0%| F|  |TAMS 0x0000000083f00000, 0x0000000083f00000| Untracked 
|  64|0x0000000084000000, 0x0000000084000000, 0x0000000084100000|  0%| F|  |TAMS 0x0000000084000000, 0x0000000084000000| Untracked 
|  65|0x0000000084100000, 0x0000000084100000, 0x0000000084200000|  0%| F|  |TAMS 0x0000000084100000, 0x0000000084100000| Untracked 
|  66|0x0000000084200000, 0x0000000084200000, 0x0000000084300000|  0%| F|  |TAMS 0x0000000084200000, 0x0000000084200000| Untracked 
|  67|0x0000000084300000, 0x0000000084300000, 0x0000000084400000|  0%| F|  |TAMS 0x0000000084300000, 0x0000000084300000| Untracked 
|  68|0x0000000084400000, 0x0000000084400000, 0x0000000084500000|  0%| F|  |TAMS 0x0000000084400000, 0x0000000084400000| Untracked 
|  69|0x0000000084500000, 0x0000000084500000, 0x0000000084600000|  0%| F|  |TAMS 0x0000000084500000, 0x0000000084500000| Untracked 
|  70|0x0000000084600000, 0x0000000084600000, 0x0000000084700000|  0%| F|  |TAMS 0x0000000084600000, 0x0000000084600000| Untracked 
|  71|0x0000000084700000, 0x0000000084700000, 0x0000000084800000|  0%| F|  |TAMS 0x0000000084700000, 0x0000000084700000| Untracked 
|  72|0x0000000084800000, 0x0000000084800000, 0x0000000084900000|  0%| F|  |TAMS 0x0000000084800000, 0x0000000084800000| Untracked 
|  73|0x0000000084900000, 0x0000000084900000, 0x0000000084a00000|  0%| F|  |TAMS 0x0000000084900000, 0x0000000084900000| Untracked 
|  74|0x0000000084a00000, 0x0000000084a00000, 0x0000000084b00000|  0%| F|  |TAMS 0x0000000084a00000, 0x0000000084a00000| Untracked 
|  75|0x0000000084b00000, 0x0000000084b00000, 0x0000000084c00000|  0%| F|  |TAMS 0x0000000084b00000, 0x0000000084b00000| Untracked 
|  76|0x0000000084c00000, 0x0000000084c00000, 0x0000000084d00000|  0%| F|  |TAMS 0x0000000084c00000, 0x0000000084c00000| Untracked 
|  77|0x0000000084d00000, 0x0000000084d00000, 0x0000000084e00000|  0%| F|  |TAMS 0x0000000084d00000, 0x0000000084d00000| Untracked 
|  78|0x0000000084e00000, 0x0000000084e00000, 0x0000000084f00000|  0%| F|  |TAMS 0x0000000084e00000, 0x0000000084e00000| Untracked 
|  79|0x0000000084f00000, 0x0000000084f00000, 0x0000000085000000|  0%| F|  |TAMS 0x0000000084f00000, 0x0000000084f00000| Untracked 
|  80|0x0000000085000000, 0x0000000085000000, 0x0000000085100000|  0%| F|  |TAMS 0x0000000085000000, 0x0000000085000000| Untracked 
|  81|0x0000000085100000, 0x0000000085100000, 0x0000000085200000|  0%| F|  |TAMS 0x0000000085100000, 0x0000000085100000| Untracked 
|  82|0x0000000085200000, 0x0000000085200000, 0x0000000085300000|  0%| F|  |TAMS 0x0000000085200000, 0x0000000085200000| Untracked 
|  83|0x0000000085300000, 0x0000000085300000, 0x0000000085400000|  0%| F|  |TAMS 0x0000000085300000, 0x0000000085300000| Untracked 
|  84|0x0000000085400000, 0x0000000085400000, 0x0000000085500000|  0%| F|  |TAMS 0x0000000085400000, 0x0000000085400000| Untracked 
|  85|0x0000000085500000, 0x0000000085500000, 0x0000000085600000|  0%| F|  |TAMS 0x0000000085500000, 0x0000000085500000| Untracked 
|  86|0x0000000085600000, 0x0000000085600000, 0x0000000085700000|  0%| F|  |TAMS 0x0000000085600000, 0x0000000085600000| Untracked 
|  87|0x0000000085700000, 0x0000000085700000, 0x0000000085800000|  0%| F|  |TAMS 0x0000000085700000, 0x0000000085700000| Untracked 
|  88|0x0000000085800000, 0x0000000085800000, 0x0000000085900000|  0%| F|  |TAMS 0x0000000085800000, 0x0000000085800000| Untracked 
|  89|0x0000000085900000, 0x0000000085900000, 0x0000000085a00000|  0%| F|  |TAMS 0x0000000085900000, 0x0000000085900000| Untracked 
|  90|0x0000000085a00000, 0x0000000085a00000, 0x0000000085b00000|  0%| F|  |TAMS 0x0000000085a00000, 0x0000000085a00000| Untracked 
|  91|0x0000000085b00000, 0x0000000085b00000, 0x0000000085c00000|  0%| F|  |TAMS 0x0000000085b00000, 0x0000000085b00000| Untracked 
|  92|0x0000000085c00000, 0x0000000085c00000, 0x0000000085d00000|  0%| F|  |TAMS 0x0000000085c00000, 0x0000000085c00000| Untracked 
|  93|0x0000000085d00000, 0x0000000085d00000, 0x0000000085e00000|  0%| F|  |TAMS 0x0000000085d00000, 0x0000000085d00000| Untracked 
|  94|0x0000000085e00000, 0x0000000085e00000, 0x0000000085f00000|  0%| F|  |TAMS 0x0000000085e00000, 0x0000000085e00000| Untracked 
|  95|0x0000000085f00000, 0x0000000085f00000, 0x0000000086000000|  0%| F|  |TAMS 0x0000000085f00000, 0x0000000085f00000| Untracked 
|  96|0x0000000086000000, 0x0000000086000000, 0x0000000086100000|  0%| F|  |TAMS 0x0000000086000000, 0x0000000086000000| Untracked 
|  97|0x0000000086100000, 0x0000000086100000, 0x0000000086200000|  0%| F|  |TAMS 0x0000000086100000, 0x0000000086100000| Untracked 
|  98|0x0000000086200000, 0x0000000086200000, 0x0000000086300000|  0%| F|  |TAMS 0x0000000086200000, 0x0000000086200000| Untracked 
|  99|0x0000000086300000, 0x0000000086300000, 0x0000000086400000|  0%| F|  |TAMS 0x0000000086300000, 0x0000000086300000| Untracked 
| 100|0x0000000086400000, 0x0000000086400000, 0x0000000086500000|  0%| F|  |TAMS 0x0000000086400000, 0x0000000086400000| Untracked 
| 101|0x0000000086500000, 0x0000000086500000, 0x0000000086600000|  0%| F|  |TAMS 0x0000000086500000, 0x0000000086500000| Untracked 
| 102|0x0000000086600000, 0x0000000086600000, 0x0000000086700000|  0%| F|  |TAMS 0x0000000086600000, 0x0000000086600000| Untracked 
| 103|0x0000000086700000, 0x0000000086700000, 0x0000000086800000|  0%| F|  |TAMS 0x0000000086700000, 0x0000000086700000| Untracked 
| 104|0x0000000086800000, 0x0000000086800000, 0x0000000086900000|  0%| F|  |TAMS 0x0000000086800000, 0x0000000086800000| Untracked 
| 105|0x0000000086900000, 0x0000000086900000, 0x0000000086a00000|  0%| F|  |TAMS 0x0000000086900000, 0x0000000086900000| Untracked 
| 106|0x0000000086a00000, 0x0000000086a00000, 0x0000000086b00000|  0%| F|  |TAMS 0x0000000086a00000, 0x0000000086a00000| Untracked 
| 107|0x0000000086b00000, 0x0000000086b00000, 0x0000000086c00000|  0%| F|  |TAMS 0x0000000086b00000, 0x0000000086b00000| Untracked 
| 108|0x0000000086c00000, 0x0000000086c00000, 0x0000000086d00000|  0%| F|  |TAMS 0x0000000086c00000, 0x0000000086c00000| Untracked 
| 109|0x0000000086d00000, 0x0000000086d00000, 0x0000000086e00000|  0%| F|  |TAMS 0x0000000086d00000, 0x0000000086d00000| Untracked 
| 110|0x0000000086e00000, 0x0000000086e00000, 0x0000000086f00000|  0%| F|  |TAMS 0x0000000086e00000, 0x0000000086e00000| Untracked 
| 111|0x0000000086f00000, 0x0000000086f00000, 0x0000000087000000|  0%| F|  |TAMS 0x0000000086f00000, 0x0000000086f00000| Untracked 
| 112|0x0000000087000000, 0x0000000087000000, 0x0000000087100000|  0%| F|  |TAMS 0x0000000087000000, 0x0000000087000000| Untracked 
| 113|0x0000000087100000, 0x0000000087100000, 0x0000000087200000|  0%| F|  |TAMS 0x0000000087100000, 0x0000000087100000| Untracked 
| 114|0x0000000087200000, 0x0000000087200000, 0x0000000087300000|  0%| F|  |TAMS 0x0000000087200000, 0x0000000087200000| Untracked 
| 115|0x0000000087300000, 0x0000000087300000, 0x0000000087400000|  0%| F|  |TAMS 0x0000000087300000, 0x0000000087300000| Untracked 
| 116|0x0000000087400000, 0x0000000087400000, 0x0000000087500000|  0%| F|  |TAMS 0x0000000087400000, 0x0000000087400000| Untracked 
| 117|0x0000000087500000, 0x0000000087500000, 0x0000000087600000|  0%| F|  |TAMS 0x0000000087500000, 0x0000000087500000| Untracked 
| 118|0x0000000087600000, 0x0000000087600000, 0x0000000087700000|  0%| F|  |TAMS 0x0000000087600000, 0x0000000087600000| Untracked 
| 119|0x0000000087700000, 0x0000000087700000, 0x0000000087800000|  0%| F|  |TAMS 0x0000000087700000, 0x0000000087700000| Untracked 
| 120|0x0000000087800000, 0x0000000087800000, 0x0000000087900000|  0%| F|  |TAMS 0x0000000087800000, 0x0000000087800000| Untracked 
| 121|0x0000000087900000, 0x0000000087900000, 0x0000000087a00000|  0%| F|  |TAMS 0x0000000087900000, 0x0000000087900000| Untracked 
| 122|0x0000000087a00000, 0x0000000087a00000, 0x0000000087b00000|  0%| F|  |TAMS 0x0000000087a00000, 0x0000000087a00000| Untracked 
| 123|0x0000000087b00000, 0x0000000087b00000, 0x0000000087c00000|  0%| F|  |TAMS 0x0000000087b00000, 0x0000000087b00000| Untracked 
| 124|0x0000000087c00000, 0x0000000087c00000, 0x0000000087d00000|  0%| F|  |TAMS 0x0000000087c00000, 0x0000000087c00000| Untracked 
| 125|0x0000000087d00000, 0x0000000087d00000, 0x0000000087e00000|  0%| F|  |TAMS 0x0000000087d00000, 0x0000000087d00000| Untracked 
| 126|0x0000000087e00000, 0x0000000087e00000, 0x0000000087f00000|  0%| F|  |TAMS 0x0000000087e00000, 0x0000000087e00000| Untracked 
| 127|0x0000000087f00000, 0x0000000087f00000, 0x0000000088000000|  0%| F|  |TAMS 0x0000000087f00000, 0x0000000087f00000| Untracked 
| 128|0x0000000088000000, 0x0000000088000000, 0x0000000088100000|  0%| F|  |TAMS 0x0000000088000000, 0x0000000088000000| Untracked 
| 129|0x0000000088100000, 0x0000000088100000, 0x0000000088200000|  0%| F|  |TAMS 0x0000000088100000, 0x0000000088100000| Untracked 
| 130|0x0000000088200000, 0x0000000088200000, 0x0000000088300000|  0%| F|  |TAMS 0x0000000088200000, 0x0000000088200000| Untracked 
| 131|0x0000000088300000, 0x0000000088300000, 0x0000000088400000|  0%| F|  |TAMS 0x0000000088300000, 0x0000000088300000| Untracked 
| 132|0x0000000088400000, 0x0000000088400000, 0x0000000088500000|  0%| F|  |TAMS 0x0000000088400000, 0x0000000088400000| Untracked 
| 133|0x0000000088500000, 0x0000000088500000, 0x0000000088600000|  0%| F|  |TAMS 0x0000000088500000, 0x0000000088500000| Untracked 
| 134|0x0000000088600000, 0x0000000088600000, 0x0000000088700000|  0%| F|  |TAMS 0x0000000088600000, 0x0000000088600000| Untracked 
| 135|0x0000000088700000, 0x0000000088700000, 0x0000000088800000|  0%| F|  |TAMS 0x0000000088700000, 0x0000000088700000| Untracked 
| 136|0x0000000088800000, 0x0000000088800000, 0x0000000088900000|  0%| F|  |TAMS 0x0000000088800000, 0x0000000088800000| Untracked 
| 137|0x0000000088900000, 0x0000000088900000, 0x0000000088a00000|  0%| F|  |TAMS 0x0000000088900000, 0x0000000088900000| Untracked 
| 138|0x0000000088a00000, 0x0000000088a00000, 0x0000000088b00000|  0%| F|  |TAMS 0x0000000088a00000, 0x0000000088a00000| Untracked 
| 139|0x0000000088b00000, 0x0000000088b00000, 0x0000000088c00000|  0%| F|  |TAMS 0x0000000088b00000, 0x0000000088b00000| Untracked 
| 140|0x0000000088c00000, 0x0000000088c00000, 0x0000000088d00000|  0%| F|  |TAMS 0x0000000088c00000, 0x0000000088c00000| Untracked 
| 141|0x0000000088d00000, 0x0000000088d00000, 0x0000000088e00000|  0%| F|  |TAMS 0x0000000088d00000, 0x0000000088d00000| Untracked 
| 142|0x0000000088e00000, 0x0000000088e00000, 0x0000000088f00000|  0%| F|  |TAMS 0x0000000088e00000, 0x0000000088e00000| Untracked 
| 143|0x0000000088f00000, 0x0000000088f00000, 0x0000000089000000|  0%| F|  |TAMS 0x0000000088f00000, 0x0000000088f00000| Untracked 
| 144|0x0000000089000000, 0x0000000089100000, 0x0000000089100000|100%| S|CS|TAMS 0x0000000089000000, 0x0000000089000000| Complete 
| 145|0x0000000089100000, 0x0000000089200000, 0x0000000089200000|100%| S|CS|TAMS 0x0000000089100000, 0x0000000089100000| Complete 
| 146|0x0000000089200000, 0x0000000089300000, 0x0000000089300000|100%| S|CS|TAMS 0x0000000089200000, 0x0000000089200000| Complete 
| 147|0x0000000089300000, 0x0000000089400000, 0x0000000089400000|100%| S|CS|TAMS 0x0000000089300000, 0x0000000089300000| Complete 
| 148|0x0000000089400000, 0x0000000089500000, 0x0000000089500000|100%| S|CS|TAMS 0x0000000089400000, 0x0000000089400000| Complete 
| 149|0x0000000089500000, 0x0000000089600000, 0x0000000089600000|100%| S|CS|TAMS 0x0000000089500000, 0x0000000089500000| Complete 
| 150|0x0000000089600000, 0x0000000089700000, 0x0000000089700000|100%| S|CS|TAMS 0x0000000089600000, 0x0000000089600000| Complete 
| 151|0x0000000089700000, 0x0000000089800000, 0x0000000089800000|100%| S|CS|TAMS 0x0000000089700000, 0x0000000089700000| Complete 
| 152|0x0000000089800000, 0x0000000089900000, 0x0000000089900000|100%| S|CS|TAMS 0x0000000089800000, 0x0000000089800000| Complete 
| 153|0x0000000089900000, 0x0000000089a00000, 0x0000000089a00000|100%| S|CS|TAMS 0x0000000089900000, 0x0000000089900000| Complete 
| 154|0x0000000089a00000, 0x0000000089b00000, 0x0000000089b00000|100%| S|CS|TAMS 0x0000000089a00000, 0x0000000089a00000| Complete 
| 155|0x0000000089b00000, 0x0000000089b00000, 0x0000000089c00000|  0%| F|  |TAMS 0x0000000089b00000, 0x0000000089b00000| Untracked 
| 156|0x0000000089c00000, 0x0000000089c00000, 0x0000000089d00000|  0%| F|  |TAMS 0x0000000089c00000, 0x0000000089c00000| Untracked 
| 157|0x0000000089d00000, 0x0000000089d00000, 0x0000000089e00000|  0%| F|  |TAMS 0x0000000089d00000, 0x0000000089d00000| Untracked 
| 158|0x0000000089e00000, 0x0000000089e00000, 0x0000000089f00000|  0%| F|  |TAMS 0x0000000089e00000, 0x0000000089e00000| Untracked 
| 159|0x0000000089f00000, 0x0000000089f00000, 0x000000008a000000|  0%| F|  |TAMS 0x0000000089f00000, 0x0000000089f00000| Untracked 
| 160|0x000000008a000000, 0x000000008a000000, 0x000000008a100000|  0%| F|  |TAMS 0x000000008a000000, 0x000000008a000000| Untracked 
| 161|0x000000008a100000, 0x000000008a100000, 0x000000008a200000|  0%| F|  |TAMS 0x000000008a100000, 0x000000008a100000| Untracked 
| 162|0x000000008a200000, 0x000000008a200000, 0x000000008a300000|  0%| F|  |TAMS 0x000000008a200000, 0x000000008a200000| Untracked 
| 163|0x000000008a300000, 0x000000008a300000, 0x000000008a400000|  0%| F|  |TAMS 0x000000008a300000, 0x000000008a300000| Untracked 
| 164|0x000000008a400000, 0x000000008a400000, 0x000000008a500000|  0%| F|  |TAMS 0x000000008a400000, 0x000000008a400000| Untracked 
| 165|0x000000008a500000, 0x000000008a500000, 0x000000008a600000|  0%| F|  |TAMS 0x000000008a500000, 0x000000008a500000| Untracked 
| 166|0x000000008a600000, 0x000000008a600000, 0x000000008a700000|  0%| F|  |TAMS 0x000000008a600000, 0x000000008a600000| Untracked 
| 167|0x000000008a700000, 0x000000008a700000, 0x000000008a800000|  0%| F|  |TAMS 0x000000008a700000, 0x000000008a700000| Untracked 
| 168|0x000000008a800000, 0x000000008a800000, 0x000000008a900000|  0%| F|  |TAMS 0x000000008a800000, 0x000000008a800000| Untracked 
| 169|0x000000008a900000, 0x000000008a900000, 0x000000008aa00000|  0%| F|  |TAMS 0x000000008a900000, 0x000000008a900000| Untracked 
| 170|0x000000008aa00000, 0x000000008aa00000, 0x000000008ab00000|  0%| F|  |TAMS 0x000000008aa00000, 0x000000008aa00000| Untracked 
| 171|0x000000008ab00000, 0x000000008ab00000, 0x000000008ac00000|  0%| F|  |TAMS 0x000000008ab00000, 0x000000008ab00000| Untracked 
| 172|0x000000008ac00000, 0x000000008ac00000, 0x000000008ad00000|  0%| F|  |TAMS 0x000000008ac00000, 0x000000008ac00000| Untracked 
| 173|0x000000008ad00000, 0x000000008ad00000, 0x000000008ae00000|  0%| F|  |TAMS 0x000000008ad00000, 0x000000008ad00000| Untracked 
| 174|0x000000008ae00000, 0x000000008ae00000, 0x000000008af00000|  0%| F|  |TAMS 0x000000008ae00000, 0x000000008ae00000| Untracked 
| 175|0x000000008af00000, 0x000000008af00000, 0x000000008b000000|  0%| F|  |TAMS 0x000000008af00000, 0x000000008af00000| Untracked 
| 176|0x000000008b000000, 0x000000008b000000, 0x000000008b100000|  0%| F|  |TAMS 0x000000008b000000, 0x000000008b000000| Untracked 
| 177|0x000000008b100000, 0x000000008b100000, 0x000000008b200000|  0%| F|  |TAMS 0x000000008b100000, 0x000000008b100000| Untracked 
| 178|0x000000008b200000, 0x000000008b200000, 0x000000008b300000|  0%| F|  |TAMS 0x000000008b200000, 0x000000008b200000| Untracked 
| 179|0x000000008b300000, 0x000000008b300000, 0x000000008b400000|  0%| F|  |TAMS 0x000000008b300000, 0x000000008b300000| Untracked 
| 180|0x000000008b400000, 0x000000008b400000, 0x000000008b500000|  0%| F|  |TAMS 0x000000008b400000, 0x000000008b400000| Untracked 
| 181|0x000000008b500000, 0x000000008b500000, 0x000000008b600000|  0%| F|  |TAMS 0x000000008b500000, 0x000000008b500000| Untracked 
| 182|0x000000008b600000, 0x000000008b600000, 0x000000008b700000|  0%| F|  |TAMS 0x000000008b600000, 0x000000008b600000| Untracked 
| 183|0x000000008b700000, 0x000000008b700000, 0x000000008b800000|  0%| F|  |TAMS 0x000000008b700000, 0x000000008b700000| Untracked 
| 184|0x000000008b800000, 0x000000008b800000, 0x000000008b900000|  0%| F|  |TAMS 0x000000008b800000, 0x000000008b800000| Untracked 
| 185|0x000000008b900000, 0x000000008b900000, 0x000000008ba00000|  0%| F|  |TAMS 0x000000008b900000, 0x000000008b900000| Untracked 
| 186|0x000000008ba00000, 0x000000008ba00000, 0x000000008bb00000|  0%| F|  |TAMS 0x000000008ba00000, 0x000000008ba00000| Untracked 
| 187|0x000000008bb00000, 0x000000008bb00000, 0x000000008bc00000|  0%| F|  |TAMS 0x000000008bb00000, 0x000000008bb00000| Untracked 
| 188|0x000000008bc00000, 0x000000008bc00000, 0x000000008bd00000|  0%| F|  |TAMS 0x000000008bc00000, 0x000000008bc00000| Untracked 
| 189|0x000000008bd00000, 0x000000008bd00000, 0x000000008be00000|  0%| F|  |TAMS 0x000000008bd00000, 0x000000008bd00000| Untracked 
| 190|0x000000008be00000, 0x000000008bec7600, 0x000000008bf00000| 77%| E|  |TAMS 0x000000008be00000, 0x000000008be00000| Complete 
| 191|0x000000008bf00000, 0x000000008c000000, 0x000000008c000000|100%| E|CS|TAMS 0x000000008bf00000, 0x000000008bf00000| Complete 

Card table byte_map: [0x0000025335a00000,0x0000025335e00000] _byte_map_base: 0x0000025335600000

Marking Bits (Prev, Next): (CMBitMap*) 0x000002532250bc18, (CMBitMap*) 0x000002532250bc50
 Prev Bits: [0x0000025336200000, 0x0000025338200000)
 Next Bits: [0x0000025338200000, 0x000002533a200000)

Polling page: 0x0000025320b30000

Metaspace:

Usage:
  Non-class:     30.39 MB capacity,    29.89 MB ( 98%) used,   435.96 KB (  1%) free+waste,    75.38 KB ( <1%) overhead. 
      Class:      4.73 MB capacity,     4.43 MB ( 94%) used,   275.33 KB (  6%) free+waste,    37.06 KB ( <1%) overhead. 
       Both:     35.12 MB capacity,    34.31 MB ( 98%) used,   711.29 KB (  2%) free+waste,   112.44 KB ( <1%) overhead. 

Virtual space:
  Non-class space:       32.00 MB reserved,      30.50 MB ( 95%) committed 
      Class space:        1.00 GB reserved,       4.75 MB ( <1%) committed 
             Both:        1.03 GB reserved,      35.25 MB (  3%) committed 

Chunk freelists:
   Non-Class:  0 bytes
       Class:  20.00 KB
        Both:  20.00 KB

MaxMetaspaceSize: 17179869184.00 GB
CompressedClassSpaceSize: 1.00 GB

CodeHeap 'non-profiled nmethods': size=120064Kb used=1444Kb max_used=1444Kb free=118619Kb
 bounds [0x000002532da90000, 0x000002532dd00000, 0x0000025334fd0000]
CodeHeap 'profiled nmethods': size=120000Kb used=6112Kb max_used=6112Kb free=113887Kb
 bounds [0x0000025326560000, 0x0000025326b60000, 0x000002532da90000]
CodeHeap 'non-nmethods': size=5696Kb used=1507Kb max_used=1560Kb free=4188Kb
 bounds [0x0000025325fd0000, 0x0000025326240000, 0x0000025326560000]
 total_blobs=3581 nmethods=2966 adapters=526
 compilation: enabled
              stopped_count=0, restarted_count=0
 full_count=0

Compilation events (20 events):
Event: 6.175 Thread 0x000002533d0f8800 2976 %     3       jdk.nio.zipfs.ZipPath::getResolved @ 2 (62 bytes)
Event: 6.176 Thread 0x000002533d0f8800 nmethod 2976% 0x0000025326b53590 code [0x0000025326b53760, 0x0000025326b53a88]
Event: 6.176 Thread 0x000002533d0f8800 2977 %     3       jdk.nio.zipfs.ZipCoder$UTF8::toString @ 8 (49 bytes)
Event: 6.176 Thread 0x000002533d0f8800 nmethod 2977% 0x0000025326b53c10 code [0x0000025326b53e00, 0x0000025326b541f8]
Event: 6.176 Thread 0x000002533d0f8800 2970       2       java.time.LocalDateTime::<init> (15 bytes)
Event: 6.176 Thread 0x000002533d0f8800 nmethod 2970 0x0000025326b54410 code [0x0000025326b545c0, 0x0000025326b54758]
Event: 6.176 Thread 0x000002533d0f8800 2972       2       java.time.LocalDate::create (190 bytes)
Event: 6.177 Thread 0x000002533d0f8800 nmethod 2972 0x0000025326b54810 code [0x0000025326b54ae0, 0x0000025326b553f8]
Event: 6.178 Thread 0x000002533d0f8800 2975   !   2       java.nio.file.FileTreeWalker::getAttributes (126 bytes)
Event: 6.179 Thread 0x000002533d0f8800 nmethod 2975 0x0000025326b55890 code [0x0000025326b55b20, 0x0000025326b56278]
Event: 6.179 Thread 0x000002533d0f8800 2973       2       jdk.nio.zipfs.ZipPath::toString (12 bytes)
Event: 6.179 Thread 0x000002533d0f8800 nmethod 2973 0x0000025326b56690 code [0x0000025326b56840, 0x0000025326b56968]
Event: 6.179 Thread 0x000002533d0f8800 2974       2       org.codehaus.groovy.vmplugin.v9.ClassFinder$1$$Lambda$276/0x00000001004b0c40::apply (8 bytes)
Event: 6.179 Thread 0x000002533d0f8800 nmethod 2974 0x0000025326b56a90 code [0x0000025326b56c80, 0x0000025326b56f08]
Event: 6.179 Thread 0x000002533d0f8800 2965       2       java.util.ArrayDeque::peekFirst (12 bytes)
Event: 6.179 Thread 0x000002533d0f8800 nmethod 2965 0x0000025326b57010 code [0x0000025326b571c0, 0x0000025326b572d8]
Event: 6.180 Thread 0x000002533d0f8800 2978       2       java.lang.Class::getDeclaredConstructors (27 bytes)
Event: 6.180 Thread 0x000002533d0f8800 nmethod 2978 0x0000025326b57410 code [0x0000025326b575e0, 0x0000025326b57778]
Event: 6.180 Thread 0x000002533d0f8800 2979       1       java.lang.invoke.MethodHandleImpl$IntrinsicMethodHandle::getTarget (5 bytes)
Event: 6.180 Thread 0x000002533d0f8800 nmethod 2979 0x000002532dbf7f90 code [0x000002532dbf8140, 0x000002532dbf81f8]

GC Heap History (12 events):
Event: 0.720 GC heap before
{Heap before GC invocations=0 (full 0):
 garbage-first heap   total 196608K, used 19456K [0x0000000080000000, 0x0000000100000000)
  region size 1024K, 14 young (14336K), 0 survivors (0K)
 Metaspace       used 6725K, capacity 6921K, committed 7168K, reserved 1056768K
  class space    used 582K, capacity 650K, committed 768K, reserved 1048576K
}
Event: 0.724 GC heap after
{Heap after GC invocations=1 (full 0):
 garbage-first heap   total 196608K, used 7988K [0x0000000080000000, 0x0000000100000000)
  region size 1024K, 2 young (2048K), 2 survivors (2048K)
 Metaspace       used 6725K, capacity 6921K, committed 7168K, reserved 1056768K
  class space    used 582K, capacity 650K, committed 768K, reserved 1048576K
}
Event: 1.144 GC heap before
{Heap before GC invocations=1 (full 0):
 garbage-first heap   total 196608K, used 20276K [0x0000000080000000, 0x0000000100000000)
  region size 1024K, 14 young (14336K), 2 survivors (2048K)
 Metaspace       used 9831K, capacity 10050K, committed 10112K, reserved 1058816K
  class space    used 1022K, capacity 1102K, committed 1152K, reserved 1048576K
}
Event: 1.147 GC heap after
{Heap after GC invocations=2 (full 0):
 garbage-first heap   total 196608K, used 9171K [0x0000000080000000, 0x0000000100000000)
  region size 1024K, 2 young (2048K), 2 survivors (2048K)
 Metaspace       used 9831K, capacity 10050K, committed 10112K, reserved 1058816K
  class space    used 1022K, capacity 1102K, committed 1152K, reserved 1048576K
}
Event: 1.757 GC heap before
{Heap before GC invocations=2 (full 0):
 garbage-first heap   total 196608K, used 39891K [0x0000000080000000, 0x0000000100000000)
  region size 1024K, 32 young (32768K), 2 survivors (2048K)
 Metaspace       used 10785K, capacity 11067K, committed 11264K, reserved 1058816K
  class space    used 1125K, capacity 1206K, committed 1280K, reserved 1048576K
}
Event: 1.760 GC heap after
{Heap after GC invocations=3 (full 0):
 garbage-first heap   total 196608K, used 11970K [0x0000000080000000, 0x0000000100000000)
  region size 1024K, 4 young (4096K), 4 survivors (4096K)
 Metaspace       used 10785K, capacity 11067K, committed 11264K, reserved 1058816K
  class space    used 1125K, capacity 1206K, committed 1280K, reserved 1048576K
}
Event: 3.872 GC heap before
{Heap before GC invocations=3 (full 0):
 garbage-first heap   total 196608K, used 74434K [0x0000000080000000, 0x0000000100000000)
  region size 1024K, 66 young (67584K), 4 survivors (4096K)
 Metaspace       used 20630K, capacity 21118K, committed 21248K, reserved 1067008K
  class space    used 2522K, capacity 2720K, committed 2816K, reserved 1048576K
}
Event: 3.882 GC heap after
{Heap after GC invocations=4 (full 0):
 garbage-first heap   total 196608K, used 16640K [0x0000000080000000, 0x0000000100000000)
  region size 1024K, 9 young (9216K), 9 survivors (9216K)
 Metaspace       used 20630K, capacity 21118K, committed 21248K, reserved 1067008K
  class space    used 2522K, capacity 2720K, committed 2816K, reserved 1048576K
}
Event: 5.149 GC heap before
{Heap before GC invocations=5 (full 0):
 garbage-first heap   total 196608K, used 91392K [0x0000000080000000, 0x0000000100000000)
  region size 1024K, 82 young (83968K), 9 survivors (9216K)
 Metaspace       used 27874K, capacity 28498K, committed 28544K, reserved 1073152K
  class space    used 3697K, capacity 3930K, committed 3968K, reserved 1048576K
}
Event: 5.161 GC heap after
{Heap after GC invocations=6 (full 0):
 garbage-first heap   total 196608K, used 19304K [0x0000000080000000, 0x0000000100000000)
  region size 1024K, 7 young (7168K), 7 survivors (7168K)
 Metaspace       used 27874K, capacity 28498K, committed 28544K, reserved 1073152K
  class space    used 3697K, capacity 3930K, committed 3968K, reserved 1048576K
}
Event: 6.099 GC heap before
{Heap before GC invocations=6 (full 0):
 garbage-first heap   total 196608K, used 55144K [0x0000000080000000, 0x0000000100000000)
  region size 1024K, 44 young (45056K), 7 survivors (7168K)
 Metaspace       used 35047K, capacity 35806K, committed 35840K, reserved 1081344K
  class space    used 4520K, capacity 4835K, committed 4864K, reserved 1048576K
}
Event: 6.113 GC heap after
{Heap after GC invocations=7 (full 0):
 garbage-first heap   total 196608K, used 23400K [0x0000000080000000, 0x0000000100000000)
  region size 1024K, 11 young (11264K), 11 survivors (11264K)
 Metaspace       used 35047K, capacity 35806K, committed 35840K, reserved 1081344K
  class space    used 4520K, capacity 4835K, committed 4864K, reserved 1048576K
}

Deoptimization events (20 events):
Event: 5.421 Thread 0x000002533ed6d800 DEOPT PACKING pc=0x000002532db83030 sp=0x000000b9f5dfb1d0
Event: 5.421 Thread 0x000002533ed6d800 DEOPT UNPACKING pc=0x0000025325ff78af sp=0x000000b9f5dfb0e0 mode 2
Event: 5.765 Thread 0x000002533ed6d800 Uncommon trap: trap_request=0xffffff4d fr.pc=0x000002532db918f4 relative=0x0000000000005154
Event: 5.765 Thread 0x000002533ed6d800 Uncommon trap: reason=unstable_if action=reinterpret pc=0x000002532db918f4 method=jdk.internal.loader.BuiltinClassLoader.loadClassOrNull(Ljava/lang/String;Z)Ljava/lang/Class; @ 42 c2
Event: 5.765 Thread 0x000002533ed6d800 DEOPT PACKING pc=0x000002532db918f4 sp=0x000000b9f5df5d30
Event: 5.765 Thread 0x000002533ed6d800 DEOPT UNPACKING pc=0x0000025325ff78af sp=0x000000b9f5df5bb0 mode 2
Event: 5.918 Thread 0x000002533ed6d800 Uncommon trap: trap_request=0xffffff5c fr.pc=0x000002532db2a114 relative=0x0000000000000e54
Event: 5.918 Thread 0x000002533ed6d800 Uncommon trap: reason=speculate_null_assert action=make_not_entrant pc=0x000002532db2a114 method=jdk.internal.loader.URLClassPath$JarLoader.getResource(Ljava/lang/String;ZLjava/util/Set;)Ljdk/internal/loader/Resource; @ 17 c2
Event: 5.918 Thread 0x000002533ed6d800 DEOPT PACKING pc=0x000002532db2a114 sp=0x000000b9f5df5c50
Event: 5.918 Thread 0x000002533ed6d800 DEOPT UNPACKING pc=0x0000025325ff78af sp=0x000000b9f5df5bf8 mode 2
Event: 5.950 Thread 0x000002533ed6d800 DEOPT PACKING pc=0x0000025326950e79 sp=0x000000b9f5df9140
Event: 5.950 Thread 0x000002533ed6d800 DEOPT UNPACKING pc=0x0000025325ff76ce sp=0x000000b9f5df8688 mode 0
Event: 6.018 Thread 0x000002533ed6d800 Uncommon trap: trap_request=0xffffff4d fr.pc=0x000002532daa935c relative=0x000000000000003c
Event: 6.018 Thread 0x000002533ed6d800 Uncommon trap: reason=unstable_if action=reinterpret pc=0x000002532daa935c method=sun.nio.fs.WindowsPathParser.isSlash(C)Z @ 9 c2
Event: 6.018 Thread 0x000002533ed6d800 DEOPT PACKING pc=0x000002532daa935c sp=0x000000b9f5df9d40
Event: 6.018 Thread 0x000002533ed6d800 DEOPT UNPACKING pc=0x0000025325ff78af sp=0x000000b9f5df9cc8 mode 2
Event: 6.018 Thread 0x000002533ed6d800 Uncommon trap: trap_request=0xffffff4d fr.pc=0x000002532db1be18 relative=0x00000000000014f8
Event: 6.018 Thread 0x000002533ed6d800 Uncommon trap: reason=unstable_if action=reinterpret pc=0x000002532db1be18 method=sun.nio.fs.WindowsPathParser.isSlash(C)Z @ 9 c2
Event: 6.018 Thread 0x000002533ed6d800 DEOPT PACKING pc=0x000002532db1be18 sp=0x000000b9f5df9c70
Event: 6.018 Thread 0x000002533ed6d800 DEOPT UNPACKING pc=0x0000025325ff78af sp=0x000000b9f5df9c18 mode 2

Classes redefined (0 events):
No events

Internal exceptions (20 events):
Event: 4.977 Thread 0x000002533ed6d800 Implicit null exception at 0x000002532db96cf5 to 0x000002532db96ebc
Event: 4.977 Thread 0x000002533ed6d800 Implicit null exception at 0x000002532db66aaf to 0x000002532db66b1d
Event: 5.557 Thread 0x000002533ed6d800 Exception <a 'java/lang/NoSuchMethodError'{0x000000008a9603f8}: 'void java.lang.invoke.DirectMethodHandle$Holder.invokeStaticInit(java.lang.Object, java.lang.Object, java.lang.Object)'> (0x000000008a9603f8) thrown at [./src/hotspot/share/interpreter/linkResolver.cpp, line 773]
Event: 5.558 Thread 0x000002533ed6d800 Exception <a 'java/lang/NoSuchMethodError'{0x000000008a9671d0}: 'void java.lang.invoke.DirectMethodHandle$Holder.invokeStaticInit(java.lang.Object, java.lang.Object, java.lang.Object, java.lang.Object)'> (0x000000008a9671d0) thrown at [./src/hotspot/share/interpreter/linkResolver.cpp, line 773]
Event: 5.563 Thread 0x000002533ed6d800 Exception <a 'java/lang/NoSuchMethodError'{0x000000008a989a58}: 'void java.lang.invoke.DirectMethodHandle$Holder.invokeStaticInit(java.lang.Object, java.lang.Object, java.lang.Object, java.lang.Object, java.lang.Object)'> (0x000000008a989a58) thrown at [./src/hotspot/share/interpreter/linkResolver.cpp, line 773]
Event: 5.563 Thread 0x000002533ed6d800 Exception <a 'java/lang/NoSuchMethodError'{0x000000008a991168}: 'int java.lang.invoke.DirectMethodHandle$Holder.invokeStaticInit(java.lang.Object, java.lang.Object, java.lang.Object)'> (0x000000008a991168) thrown at [./src/hotspot/share/interpreter/linkResolver.cpp, line 773]
Event: 5.632 Thread 0x000002533ed6d800 Exception <a 'java/lang/NoSuchMethodError'{0x000000008a9efeb8}: 'int java.lang.invoke.DirectMethodHandle$Holder.invokeStaticInit(java.lang.Object, java.lang.Object, java.lang.Object, java.lang.Object)'> (0x000000008a9efeb8) thrown at [./src/hotspot/share/interpreter/linkResolver.cpp, line 773]
Event: 5.633 Thread 0x000002533ed6d800 Exception <a 'java/lang/IncompatibleClassChangeError'{0x000000008a9f9418}: Found class java.lang.Object, but interface was expected> (0x000000008a9f9418) thrown at [./src/hotspot/share/interpreter/linkResolver.cpp, line 839]
Event: 5.821 Thread 0x000002533ed6d800 Exception <a 'java/lang/ClassFormatError'{0x000000008a4fe8d8}: Invalid pc in LineNumberTable in class file java/awt/Rectangle> (0x000000008a4fe8d8) thrown at [./src/hotspot/share/classfile/classFileError.cpp, line 39]
Event: 5.821 Thread 0x000002533ed6d800 Exception <a 'java/lang/ClassFormatError'{0x000000008a4fe8d8}> (0x000000008a4fe8d8) thrown at [./src/hotspot/share/prims/jvm.cpp, line 1310]
Event: 5.909 Thread 0x000002533ed6d800 Exception <a 'java/lang/NoSuchMethodError'{0x000000008a10dd60}: 'java.lang.Object java.lang.invoke.DirectMethodHandle$Holder.invokeStatic(java.lang.Object, java.lang.Object, java.lang.Object, java.lang.Object, java.lang.Object, java.lang.Object, java.lang.Object, java.lang.Object, java.lang.Object, java.lang.Object, java.lang.Object, int)'> (0x000000008a10dd60) thrown at [./src/hotspot/share/interpreter/linkResolver.cpp, line 773]
Event: 5.912 Thread 0x000002533ed6d800 Exception <a 'java/lang/NoSuchMethodError'{0x000000008a12c7e0}: 'java.lang.Object java.lang.invoke.DirectMethodHandle$Holder.invokeStatic(java.lang.Object, java.lang.Object, java.lang.Object, java.lang.Object, java.lang.Object, java.lang.Object, java.lang.Object, java.lang.Object, java.lang.Object, java.lang.Object, java.lang.Object, int, int)'> (0x000000008a12c7e0) thrown at [./src/hotspot/share/interpreter/linkResolver.cpp, line 773]
Event: 5.914 Thread 0x000002533ed6d800 Exception <a 'java/lang/NoSuchMethodError'{0x000000008a14c010}: 'java.lang.Object java.lang.invoke.DirectMethodHandle$Holder.invokeStatic(java.lang.Object, java.lang.Object, java.lang.Object, java.lang.Object, java.lang.Object, java.lang.Object, java.lang.Object, java.lang.Object, java.lang.Object, java.lang.Object, java.lang.Object, int, int, java.lang.Object)'> (0x000000008a14c010) thrown at [./src/hotspot/share/interpreter/linkResolver.cpp, line 773]
Event: 5.916 Thread 0x000002533ed6d800 Exception <a 'java/lang/NoSuchMethodError'{0x000000008a16d108}: 'java.lang.Object java.lang.invoke.DirectMethodHandle$Holder.invokeStatic(java.lang.Object, java.lang.Object, java.lang.Object, java.lang.Object, java.lang.Object, java.lang.Object, java.lang.Object, java.lang.Object, java.lang.Object, java.lang.Object, java.lang.Object, int, int, java.lang.Object, java.lang.Object)'> (0x000000008a16d108) thrown at [./src/hotspot/share/interpreter/linkResolver.cpp, line 773]
Event: 5.922 Thread 0x000002533ed6d800 Exception <a 'java/lang/ClassNotFoundException'{0x000000008a19d290}: groovy/lang/ExpandoMetaClassBeanInfo> (0x000000008a19d290) thrown at [./src/hotspot/share/classfile/systemDictionary.cpp, line 231]
Event: 5.923 Thread 0x000002533ed6d800 Exception <a 'java/lang/ClassNotFoundException'{0x000000008a1bd490}: groovy/lang/MetaClassImplBeanInfo> (0x000000008a1bd490) thrown at [./src/hotspot/share/classfile/systemDictionary.cpp, line 231]
Event: 5.924 Thread 0x000002533ed6d800 Exception <a 'java/lang/ClassNotFoundException'{0x000000008a1c6598}: java/lang/ObjectBeanInfo> (0x000000008a1c6598) thrown at [./src/hotspot/share/classfile/systemDictionary.cpp, line 231]
Event: 5.925 Thread 0x000002533ed6d800 Exception <a 'java/lang/ClassNotFoundException'{0x000000008a1d1b18}: java/lang/ObjectCustomizer> (0x000000008a1d1b18) thrown at [./src/hotspot/share/classfile/systemDictionary.cpp, line 231]
Event: 5.930 Thread 0x000002533ed6d800 Exception <a 'java/lang/ClassNotFoundException'{0x000000008a1f8cd0}: groovy/lang/MetaClassImplCustomizer> (0x000000008a1f8cd0) thrown at [./src/hotspot/share/classfile/systemDictionary.cpp, line 231]
Event: 5.937 Thread 0x000002533ed6d800 Exception <a 'java/lang/ClassNotFoundException'{0x000000008a038d78}: groovy/lang/ExpandoMetaClassCustomizer> (0x000000008a038d78) thrown at [./src/hotspot/share/classfile/systemDictionary.cpp, line 231]

Events (20 events):
Event: 6.115 loading class java/nio/file/ClosedDirectoryStreamException
Event: 6.115 loading class java/nio/file/ClosedDirectoryStreamException done
Event: 6.115 loading class java/nio/file/DirectoryIteratorException
Event: 6.115 loading class java/nio/file/DirectoryIteratorException done
Event: 6.115 loading class java/nio/file/FileTreeWalker$DirectoryNode
Event: 6.115 loading class java/nio/file/FileTreeWalker$DirectoryNode done
Event: 6.115 loading class java/nio/file/FileTreeWalker$Event
Event: 6.115 loading class java/nio/file/FileTreeWalker$Event done
Event: 6.116 loading class java/nio/file/FileTreeWalker$EventType
Event: 6.116 loading class java/nio/file/FileTreeWalker$EventType done
Event: 6.116 loading class java/nio/file/Files$3
Event: 6.116 loading class java/nio/file/Files$3 done
Event: 6.116 loading class java/nio/file/FileVisitResult
Event: 6.116 loading class java/nio/file/FileVisitResult done
Event: 6.138 Executing VM operation: CGC_Operation
Event: 6.142 Executing VM operation: CGC_Operation done
Event: 6.147 Executing VM operation: CGC_Operation
Event: 6.147 Executing VM operation: CGC_Operation done
Event: 6.177 loading class jdk/nio/zipfs/ZipFileSystem
Event: 6.177 loading class jdk/nio/zipfs/ZipFileSystem done


Dynamic libraries:
0x00007ff6eb430000 - 0x00007ff6eb43a000 	C:\Program Files\Android\Android Studio\jre\bin\java.exe
0x00007ff8b6c90000 - 0x00007ff8b6e85000 	C:\WINDOWS\SYSTEM32\ntdll.dll
0x00007ff8b6910000 - 0x00007ff8b69ce000 	C:\WINDOWS\System32\KERNEL32.DLL
0x00007ff8b4700000 - 0x00007ff8b49c9000 	C:\WINDOWS\System32\KERNELBASE.dll
0x00007ff8b4520000 - 0x00007ff8b4620000 	C:\WINDOWS\System32\ucrtbase.dll
0x00007ff8b2310000 - 0x00007ff8b2329000 	C:\Program Files\Android\Android Studio\jre\bin\jli.dll
0x00007ff8b22f0000 - 0x00007ff8b2307000 	C:\Program Files\Android\Android Studio\jre\bin\VCRUNTIME140.dll
0x00007ff8b4cb0000 - 0x00007ff8b4e51000 	C:\WINDOWS\System32\USER32.dll
0x00007ff8b4b30000 - 0x00007ff8b4b52000 	C:\WINDOWS\System32\win32u.dll
0x00007ff8966f0000 - 0x00007ff89698a000 	C:\WINDOWS\WinSxS\amd64_microsoft.windows.common-controls_6595b64144ccf1df_6.0.19041.1110_none_60b5254171f9507e\COMCTL32.dll
0x00007ff8b5fc0000 - 0x00007ff8b5feb000 	C:\WINDOWS\System32\GDI32.dll
0x00007ff8b6090000 - 0x00007ff8b612e000 	C:\WINDOWS\System32\msvcrt.dll
0x00007ff8b4410000 - 0x00007ff8b451b000 	C:\WINDOWS\System32\gdi32full.dll
0x00007ff8b4b60000 - 0x00007ff8b4bfd000 	C:\WINDOWS\System32\msvcp_win.dll
0x00007ff8b6ac0000 - 0x00007ff8b6af0000 	C:\WINDOWS\System32\IMM32.DLL
0x00007ff897530000 - 0x00007ff8975cd000 	C:\Program Files\Android\Android Studio\jre\bin\msvcp140.dll
0x00007ff850ff0000 - 0x00007ff851abf000 	C:\Program Files\Android\Android Studio\jre\bin\server\jvm.dll
0x00007ff8b5f10000 - 0x00007ff8b5fbc000 	C:\WINDOWS\System32\ADVAPI32.dll
0x00007ff8b5ff0000 - 0x00007ff8b608b000 	C:\WINDOWS\System32\sechost.dll
0x00007ff8b4e60000 - 0x00007ff8b4f8a000 	C:\WINDOWS\System32\RPCRT4.dll
0x00007ff8b6190000 - 0x00007ff8b6198000 	C:\WINDOWS\System32\PSAPI.DLL
0x00007ff895990000 - 0x00007ff895999000 	C:\WINDOWS\SYSTEM32\WSOCK32.dll
0x00007ff8a2da0000 - 0x00007ff8a2daa000 	C:\WINDOWS\SYSTEM32\VERSION.dll
0x00007ff8a2120000 - 0x00007ff8a2147000 	C:\WINDOWS\SYSTEM32\WINMM.dll
0x00007ff8b61a0000 - 0x00007ff8b620b000 	C:\WINDOWS\System32\WS2_32.dll
0x00007ff8b1780000 - 0x00007ff8b1792000 	C:\WINDOWS\SYSTEM32\kernel.appcore.dll
0x00007ff8b2370000 - 0x00007ff8b2381000 	C:\Program Files\Android\Android Studio\jre\bin\verify.dll
0x00007ff8b3d20000 - 0x00007ff8b3f04000 	C:\WINDOWS\SYSTEM32\DBGHELP.DLL
0x00007ff8b3cf0000 - 0x00007ff8b3d1c000 	C:\WINDOWS\SYSTEM32\dbgcore.DLL
0x00007ff8b4670000 - 0x00007ff8b46f3000 	C:\WINDOWS\System32\bcryptPrimitives.dll
0x00007ff8b2340000 - 0x00007ff8b2369000 	C:\Program Files\Android\Android Studio\jre\bin\java.dll
0x00007ff8b3f10000 - 0x00007ff8b3f1b000 	C:\Program Files\Android\Android Studio\jre\bin\jimage.dll
0x00007ff8b20b0000 - 0x00007ff8b20c8000 	C:\Program Files\Android\Android Studio\jre\bin\zip.dll
0x00007ff8b5220000 - 0x00007ff8b595f000 	C:\WINDOWS\System32\SHELL32.dll
0x00007ff8b17a0000 - 0x00007ff8b1f30000 	C:\WINDOWS\SYSTEM32\windows.storage.dll
0x00007ff8b5b50000 - 0x00007ff8b5ea5000 	C:\WINDOWS\System32\combase.dll
0x00007ff8b36e0000 - 0x00007ff8b370c000 	C:\WINDOWS\SYSTEM32\Wldp.dll
0x00007ff8b6210000 - 0x00007ff8b62bd000 	C:\WINDOWS\System32\SHCORE.dll
0x00007ff8b5eb0000 - 0x00007ff8b5f05000 	C:\WINDOWS\System32\shlwapi.dll
0x00007ff8b42c0000 - 0x00007ff8b42df000 	C:\WINDOWS\SYSTEM32\profapi.dll
0x00007ff8b2090000 - 0x00007ff8b20aa000 	C:\Program Files\Android\Android Studio\jre\bin\net.dll
0x00007ff8a25e0000 - 0x00007ff8a26e8000 	C:\WINDOWS\SYSTEM32\WINHTTP.dll
0x00007ff8b3460000 - 0x00007ff8b34ca000 	C:\WINDOWS\system32\mswsock.dll
0x00007ff8b2070000 - 0x00007ff8b2084000 	C:\Program Files\Android\Android Studio\jre\bin\nio.dll
0x00007ff8974a0000 - 0x00007ff8974c7000 	C:\Users\user\.gradle\native\8bec1ad78214c89d9ad589b4d07fe93259594b29d510b10fafb7a158f7737e5d\windows-amd64\native-platform.dll
0x00007ff862c90000 - 0x00007ff862dcd000 	C:\Users\user\.gradle\native\53dbd7edfb1c66fb8903c78663c9afc45aea4f116125fa6feffd364cf09443e8\windows-amd64\native-platform-file-events.dll
0x00007ff8b2330000 - 0x00007ff8b233a000 	C:\Program Files\Android\Android Studio\jre\bin\management.dll
0x00007ff8b22c0000 - 0x00007ff8b22cc000 	C:\Program Files\Android\Android Studio\jre\bin\management_ext.dll
0x00007ff8b40c0000 - 0x00007ff8b40d8000 	C:\WINDOWS\SYSTEM32\CRYPTSP.dll
0x00007ff8b2d80000 - 0x00007ff8b2db4000 	C:\WINDOWS\system32\rsaenh.dll
0x00007ff8b43e0000 - 0x00007ff8b4407000 	C:\WINDOWS\System32\bcrypt.dll
0x00007ff8b4280000 - 0x00007ff8b42ae000 	C:\WINDOWS\SYSTEM32\USERENV.dll
0x00007ff8b36d0000 - 0x00007ff8b36dc000 	C:\WINDOWS\SYSTEM32\CRYPTBASE.dll
0x00007ff8b3130000 - 0x00007ff8b316b000 	C:\WINDOWS\SYSTEM32\IPHLPAPI.DLL
0x00007ff8b6af0000 - 0x00007ff8b6af8000 	C:\WINDOWS\System32\NSI.dll
0x00007ff8b0a70000 - 0x00007ff8b0a87000 	C:\WINDOWS\SYSTEM32\dhcpcsvc6.DLL
0x00007ff8b0a50000 - 0x00007ff8b0a6d000 	C:\WINDOWS\SYSTEM32\dhcpcsvc.DLL
0x00007ff8b3170000 - 0x00007ff8b323c000 	C:\WINDOWS\SYSTEM32\DNSAPI.dll

dbghelp: loaded successfully - version: 4.0.5 - missing functions: none
symbol engine: initialized successfully - sym options: 0x614 - pdb path: .;C:\Program Files\Android\Android Studio\jre\bin;C:\WINDOWS\SYSTEM32;C:\WINDOWS\WinSxS\amd64_microsoft.windows.common-controls_6595b64144ccf1df_6.0.19041.1110_none_60b5254171f9507e;C:\Program Files\Android\Android Studio\jre\bin\server;C:\Users\user\.gradle\native\8bec1ad78214c89d9ad589b4d07fe93259594b29d510b10fafb7a158f7737e5d\windows-amd64;C:\Users\user\.gradle\native\53dbd7edfb1c66fb8903c78663c9afc45aea4f116125fa6feffd364cf09443e8\windows-amd64

VM Arguments:
jvm_args: --add-opens=java.base/java.util=ALL-UNNAMED --add-opens=java.base/java.lang=ALL-UNNAMED --add-opens=java.base/java.lang.invoke=ALL-UNNAMED --add-opens=java.base/java.util=ALL-UNNAMED --add-opens=java.prefs/java.util.prefs=ALL-UNNAMED --add-opens=java.prefs/java.util.prefs=ALL-UNNAMED --add-opens=java.base/java.nio.charset=ALL-UNNAMED --add-opens=java.base/java.net=ALL-UNNAMED --add-opens=java.base/java.util.concurrent.atomic=ALL-UNNAMED -Xmx2048m -Dfile.encoding=UTF-8 -Duser.country=US -Duser.language=en -Duser.variant 
java_command: org.gradle.launcher.daemon.bootstrap.GradleDaemon 7.0.2
java_class_path (initial): C:\Users\user\.gradle\wrapper\dists\gradle-7.0.2-bin\857tjihv64xamwrf0h14cai3r\gradle-7.0.2\lib\gradle-launcher-7.0.2.jar
Launcher Type: SUN_STANDARD

[Global flags]
     intx CICompilerCount                          = 3                                         {product} {ergonomic}
     uint ConcGCThreads                            = 1                                         {product} {ergonomic}
     uint G1ConcRefinementThreads                  = 4                                         {product} {ergonomic}
   size_t G1HeapRegionSize                         = 1048576                                   {product} {ergonomic}
    uintx GCDrainStackTargetSize                   = 64                                        {product} {ergonomic}
   size_t InitialHeapSize                          = 201326592                                 {product} {ergonomic}
   size_t MarkStackSize                            = 4194304                                   {product} {ergonomic}
   size_t MaxHeapSize                              = 2147483648                                {product} {command line}
   size_t MaxNewSize                               = 1287651328                                {product} {ergonomic}
   size_t MinHeapDeltaBytes                        = 1048576                                   {product} {ergonomic}
    uintx NonNMethodCodeHeapSize                   = 5830732                                {pd product} {ergonomic}
    uintx NonProfiledCodeHeapSize                  = 122913754                              {pd product} {ergonomic}
    uintx ProfiledCodeHeapSize                     = 122913754                              {pd product} {ergonomic}
    uintx ReservedCodeCacheSize                    = 251658240                              {pd product} {ergonomic}
     bool SegmentedCodeCache                       = true                                      {product} {ergonomic}
     bool UseCompressedClassPointers               = true                                 {lp64_product} {ergonomic}
     bool UseCompressedOops                        = true                                 {lp64_product} {ergonomic}
     bool UseG1GC                                  = true                                      {product} {ergonomic}
     bool UseLargePagesIndividualAllocation        = false                                  {pd product} {ergonomic}

Logging:
Log output configuration:
 #0: stdout all=warning uptime,level,tags
 #1: stderr all=off uptime,level,tags

Environment Variables:
PATH=C:\WINDOWS\system32;C:\WINDOWS;C:\WINDOWS\System32\Wbem;C:\WINDOWS\System32\WindowsPowerShell\v1.0\;C:\WINDOWS\System32\OpenSSH\;C:\Users\user\AppData\Local\Microsoft\WindowsApps;;C:\Users\user\AppData\Local\Programs\Microsoft VS Code\bin
USERNAME=user
OS=Windows_NT
PROCESSOR_IDENTIFIER=Intel64 Family 6 Model 78 Stepping 3, GenuineIntel



---------------  S Y S T E M  ---------------

OS: Windows 10 , 64 bit Build 19041 (10.0.19041.1202)
OS uptime: 0 days 23:01 hours

CPU:total 4 (initial active 4) (2 cores per cpu, 2 threads per core) family 6 model 78 stepping 3 microcode 0xcc, cmov, cx8, fxsr, mmx, sse, sse2, sse3, ssse3, sse4.1, sse4.2, popcnt, avx, avx2, aes, clmul, erms, 3dnowpref, lzcnt, ht, tsc, tscinvbit, bmi1, bmi2, adx, fma

Memory: 4k page, system-wide physical 12184M (3018M free)
TotalPageFile size 16704M (AvailPageFile size 5170M)
current process WorkingSet (physical memory assigned to process): 249M, peak: 257M
current process commit charge ("private bytes"): 370M, peak: 377M

vm_info: OpenJDK 64-Bit Server VM (11.0.10+0-b96-7249189) for windows-amd64 JRE (11.0.10+0-b96-7249189), built on Mar 31 2021 21:44:00 by "builder" with MS VC++ 14.0 (VS2015)

END.
