#
# A fatal error has been detected by the Java Runtime Environment:
#
#  EXCEPTION_ACCESS_VIOLATION (0xc0000005) at pc=0x00007ffdf82f885e, pid=14424, tid=11772
#
# JRE version: OpenJDK Runtime Environment (11.0.10) (build 11.0.10+0-b96-7249189)
# Java VM: OpenJDK 64-Bit Server VM (11.0.10+0-b96-7249189, mixed mode, tiered, compressed oops, g1 gc, windows-amd64)
# Problematic frame:
# V  [jvm.dll+0x19885e]
#
# No core dump will be written. Minidumps are not enabled by default on client versions of Windows
#
# If you would like to submit a bug report, please visit:
#   https://bugreport.java.com/bugreport/crash.jsp
#

---------------  S U M M A R Y ------------

Command Line: --add-opens=java.base/java.util=ALL-UNNAMED --add-opens=java.base/java.lang=ALL-UNNAMED --add-opens=java.base/java.lang.invoke=ALL-UNNAMED --add-opens=java.base/java.util=ALL-UNNAMED --add-opens=java.prefs/java.util.prefs=ALL-UNNAMED --add-opens=java.prefs/java.util.prefs=ALL-UNNAMED --add-opens=java.base/java.nio.charset=ALL-UNNAMED --add-opens=java.base/java.net=ALL-UNNAMED --add-opens=java.base/java.util.concurrent.atomic=ALL-UNNAMED -Xmx2048m -Dfile.encoding=UTF-8 -Duser.country=US -Duser.language=en -Duser.variant org.gradle.launcher.daemon.bootstrap.GradleDaemon 7.0.2

Host: Intel(R) Core(TM) i5-6200U CPU @ 2.30GHz, 4 cores, 11G,  Windows 10 , 64 bit Build 19041 (10.0.19041.1348)
Time: Mon Jan  3 14:05:18 2022 E. Africa Standard Time elapsed time: 7.537352 seconds (0d 0h 0m 7s)

---------------  T H R E A D  ---------------

Current thread (0x0000019affa3b800):  JavaThread "C2 CompilerThread1" daemon [_thread_in_native, id=11772, stack(0x0000007bbe800000,0x0000007bbe900000)]


Current CompileTask:
C2:   7537 2214       4       java.net.URLClassLoader$1::run (5 bytes)

Stack: [0x0000007bbe800000,0x0000007bbe900000],  sp=0x0000007bbe8fc1e0,  free space=1008k
Native frames: (J=compiled Java code, j=interpreted, Vv=VM code, C=native code)
V  [jvm.dll+0x19885e]
V  [jvm.dll+0x1980a7]
V  [jvm.dll+0x1fb70e]
V  [jvm.dll+0x1fa7f4]
V  [jvm.dll+0x18354c]
V  [jvm.dll+0x208ee7]
V  [jvm.dll+0x207731]
V  [jvm.dll+0x6eb1cf]
V  [jvm.dll+0x6e3d45]
V  [jvm.dll+0x5ebe96]
C  [ucrtbase.dll+0x21bb2]
C  [KERNEL32.DLL+0x17034]
C  [ntdll.dll+0x52651]


siginfo: EXCEPTION_ACCESS_VIOLATION (0xc0000005), reading address 0x000001ea95bc95b8


Register to memory mapping:

RIP=0x00007ffdf82f885e jvm.dll
RAX=0x0000019a95a9c050 points into unknown readable memory: 0x0000000000000000 | 00 00 00 00 00 00 00 00
RBX=0x0000007bbe8fc7d0 is pointing into the stack for thread: 0x0000019affa3b800
RCX=0x0000007bbe8fc200 is pointing into the stack for thread: 0x0000019affa3b800
RDX=0x000000500012d540 is an unknown value
RSP=0x0000007bbe8fc1e0 is pointing into the stack for thread: 0x0000019affa3b800
RBP=0x00007ffdf8160000 jvm.dll
RSI=0x0000007bbe8fc8b8 is pointing into the stack for thread: 0x0000019affa3b800
RDI=0x0000000080001e22 points into unknown readable memory: 00 00 48 00 00 00
R8 =0x0000007bbe8fc450 is pointing into the stack for thread: 0x0000019affa3b800
R9 =0x0000007bbe8fc200 is pointing into the stack for thread: 0x0000019affa3b800
R10=0x0 is NULL
R11=0x0000007bbe8fc1c0 is pointing into the stack for thread: 0x0000019affa3b800
R12=0x00000000000003d8 is an unknown value
R13=0x0000000000000008 is an unknown value
R14=0x0 is NULL
R15=0x0000019a91b41410 points into unknown readable memory: 0x0000019a95917040 | 40 70 91 95 9a 01 00 00


Registers:
RAX=0x0000019a95a9c050, RBX=0x0000007bbe8fc7d0, RCX=0x0000007bbe8fc200, RDX=0x000000500012d540
RSP=0x0000007bbe8fc1e0, RBP=0x00007ffdf8160000, RSI=0x0000007bbe8fc8b8, RDI=0x0000000080001e22
R8 =0x0000007bbe8fc450, R9 =0x0000007bbe8fc200, R10=0x0000000000000000, R11=0x0000007bbe8fc1c0
R12=0x00000000000003d8, R13=0x0000000000000008, R14=0x0000000000000000, R15=0x0000019a91b41410
RIP=0x00007ffdf82f885e, EFLAGS=0x0000000000010202

Top of Stack: (sp=0x0000007bbe8fc1e0)
0x0000007bbe8fc1e0:   0000007bbe8fc7d0 00007ffdf8160000
0x0000007bbe8fc1f0:   0000007bbe8fc8b8 000000000012da40
0x0000007bbe8fc200:   0000000500000000 0000019a00000008
0x0000007bbe8fc210:   0000019a9295b000 0000007b00000001
0x0000007bbe8fc220:   0000019a92ff37a0 0000019a00000001
0x0000007bbe8fc230:   0000019a95a44950 0000007b00000015
0x0000007bbe8fc240:   0000019a943b72f8 00007ffdf826fa31
0x0000007bbe8fc250:   000000000012da40 00007ffdf84b8676
0x0000007bbe8fc260:   0000000000000000 0000000000000000
0x0000007bbe8fc270:   0000000000000000 0000000000000000
0x0000007bbe8fc280:   0000019a94bccce8 0000019a94bccc00
0x0000007bbe8fc290:   00007ffdf895ca80 00007ffdf895ca90
0x0000007bbe8fc2a0:   0000000000000000 0000000000000000
0x0000007bbe8fc2b0:   0000000000000000 00007ffdf895ca90
0x0000007bbe8fc2c0:   0000019a91b41400 0000000000000005
0x0000007bbe8fc2d0:   0000000000000000 0000000000000000 

Instructions: (pc=0x00007ffdf82f885e)
0x00007ffdf82f875e:   d1 8a ff ff 48 81 c4 d8 00 00 00 41 5d 5d c3 cc
0x00007ffdf82f876e:   cc cc 48 8b c4 48 89 58 10 48 89 68 18 48 89 78
0x00007ffdf82f877e:   20 41 56 48 81 ec 80 01 00 00 0f 29 70 e8 4c 8d
0x00007ffdf82f878e:   05 dd 67 87 00 0f 29 78 d8 48 8d 15 f2 42 66 00
0x00007ffdf82f879e:   44 0f 29 40 c8 48 8b d9 44 0f 29 48 b8 48 8d 88
0x00007ffdf82f87ae:   08 ff ff ff 44 0f 29 50 a8 44 0f 29 58 98 44 0f
0x00007ffdf82f87be:   29 60 88 44 0f 29 a8 78 ff ff ff 44 0f 29 b0 68
0x00007ffdf82f87ce:   ff ff ff e8 8a 28 06 00 f2 44 0f 10 25 29 43 66
0x00007ffdf82f87de:   00 48 8d 2d 1a 78 e6 ff f2 44 0f 10 2d f1 42 66
0x00007ffdf82f87ee:   00 45 33 f6 f2 0f 10 3d 36 43 66 00 45 0f 57 f6
0x00007ffdf82f87fe:   f2 44 0f 10 05 21 43 66 00 f2 44 0f 10 1d e0 42
0x00007ffdf82f880e:   66 00 f2 44 0f 10 0d 07 43 66 00 f2 44 0f 10 15
0x00007ffdf82f881e:   ee 42 66 00 48 89 b4 24 90 01 00 00 66 0f 1f 44
0x00007ffdf82f882e:   00 00 8b bb c0 00 00 00 85 ff 75 11 44 39 b3 c4
0x00007ffdf82f883e:   00 00 00 0f 84 fa 01 00 00 85 ff 74 1f 4c 8b 43
0x00007ffdf82f884e:   70 48 8d 14 bf 49 83 c0 20 48 c1 e2 05 49 8b 00
0x00007ffdf82f885e:   8b 4c 02 28 89 8b c0 00 00 00 eb 23 8b bb c4 00
0x00007ffdf82f886e:   00 00 4c 8b 43 70 49 83 c0 20 48 8d 14 bf 48 c1
0x00007ffdf82f887e:   e2 05 49 8b 00 8b 4c 02 28 89 8b c4 00 00 00 49
0x00007ffdf82f888e:   8b 08 8b 83 cc 00 00 00 89 44 0a 28 48 8b 4b 70
0x00007ffdf82f889e:   89 bb cc 00 00 00 48 8b 41 20 f7 84 10 98 00 00
0x00007ffdf82f88ae:   00 00 20 00 00 74 78 48 03 51 10 48 8d 4c 24 58
0x00007ffdf82f88be:   e8 0d f4 1b 00 8b 44 24 58 85 c0 74 3c 44 8b 44
0x00007ffdf82f88ce:   24 5c a8 1f 75 0b c1 e8 05 41 83 c0 05 a8 1f 74
0x00007ffdf82f88de:   f5 8b d0 83 e2 1f 0f b6 8c 2a 40 cd 82 00 d3 e8
0x00007ffdf82f88ee:   89 44 24 58 42 8d 04 01 89 44 24 5c 0f b6 84 2a
0x00007ffdf82f88fe:   20 cd 82 00 41 03 c0 eb 0a 48 8d 4c 24 58 e8 0f
0x00007ffdf82f890e:   f4 1b 00 85 c0 74 18 8b c0 48 8d 14 80 48 8b 43
0x00007ffdf82f891e:   70 48 c1 e2 05 48 8b 48 20 89 7c 0a 20 eb 96 48
0x00007ffdf82f892e:   8b 4b 70 8b d7 e8 98 ae 1b 00 48 8b d0 48 8d 4c
0x00007ffdf82f893e:   24 20 e8 8b f3 1b 00 44 8b 44 24 20 66 0f 1f 44
0x00007ffdf82f894e:   00 00 45 85 c0 74 45 44 8b 4c 24 24 41 f6 c0 1f 


Stack slot to memory mapping:
stack at sp + 0 slots: 0x0000007bbe8fc7d0 is pointing into the stack for thread: 0x0000019affa3b800
stack at sp + 1 slots: 0x00007ffdf8160000 jvm.dll
stack at sp + 2 slots: 0x0000007bbe8fc8b8 is pointing into the stack for thread: 0x0000019affa3b800
stack at sp + 3 slots: 0x000000000012da40 is an unknown value
stack at sp + 4 slots: 0x0000000500000000 is an unknown value
stack at sp + 5 slots: 0x0000019a00000008 is an unknown value
stack at sp + 6 slots: 0x0000019a9295b000 points into unknown readable memory: 0x0000000000000004 | 04 00 00 00 00 00 00 00
stack at sp + 7 slots: 0x0000007b00000001 is an unknown value


---------------  P R O C E S S  ---------------

Threads class SMR info:
_java_thread_list=0x0000019a96506d60, length=34, elements={
0x0000019af435b000, 0x0000019afeee8800, 0x0000019afeee9800, 0x0000019aff734800,
0x0000019aff736000, 0x0000019aff738000, 0x0000019aff740000, 0x0000019aff743800,
0x0000019aff747800, 0x0000019aff8aa000, 0x0000019a9345b800, 0x0000019a92781800,
0x0000019a92d13800, 0x0000019a9374d800, 0x0000019a9374e000, 0x0000019a92109800,
0x0000019a926ba800, 0x0000019a92ab2800, 0x0000019a929ff000, 0x0000019a9267a800,
0x0000019a92677800, 0x0000019a9267c000, 0x0000019a9267b800, 0x0000019affa3b800,
0x0000019a92676800, 0x0000019a92678000, 0x0000019a92679000, 0x0000019a92679800,
0x0000019a9267d000, 0x0000019a934de800, 0x0000019a934dd000, 0x0000019a934df800,
0x0000019a934db000, 0x0000019a934d9800
}

Java Threads: ( => current thread )
  0x0000019af435b000 JavaThread "main" [_thread_blocked, id=17240, stack(0x0000007bbc700000,0x0000007bbc800000)]
  0x0000019afeee8800 JavaThread "Reference Handler" daemon [_thread_blocked, id=15256, stack(0x0000007bbce00000,0x0000007bbcf00000)]
  0x0000019afeee9800 JavaThread "Finalizer" daemon [_thread_blocked, id=10988, stack(0x0000007bbcf00000,0x0000007bbd000000)]
  0x0000019aff734800 JavaThread "Signal Dispatcher" daemon [_thread_blocked, id=13672, stack(0x0000007bbd000000,0x0000007bbd100000)]
  0x0000019aff736000 JavaThread "Attach Listener" daemon [_thread_blocked, id=15756, stack(0x0000007bbd100000,0x0000007bbd200000)]
  0x0000019aff738000 JavaThread "Service Thread" daemon [_thread_blocked, id=11340, stack(0x0000007bbd200000,0x0000007bbd300000)]
  0x0000019aff740000 JavaThread "C2 CompilerThread0" daemon [_thread_in_native, id=16916, stack(0x0000007bbd300000,0x0000007bbd400000)]
  0x0000019aff743800 JavaThread "C1 CompilerThread0" daemon [_thread_blocked, id=3924, stack(0x0000007bbd400000,0x0000007bbd500000)]
  0x0000019aff747800 JavaThread "Sweeper thread" daemon [_thread_blocked, id=14872, stack(0x0000007bbd500000,0x0000007bbd600000)]
  0x0000019aff8aa000 JavaThread "Common-Cleaner" daemon [_thread_blocked, id=1964, stack(0x0000007bbd600000,0x0000007bbd700000)]
  0x0000019a9345b800 JavaThread "Daemon health stats" [_thread_blocked, id=16480, stack(0x0000007bbdc00000,0x0000007bbdd00000)]
  0x0000019a92781800 JavaThread "Incoming local TCP Connector on port 51738" [_thread_in_native, id=12008, stack(0x0000007bbd800000,0x0000007bbd900000)]
  0x0000019a92d13800 JavaThread "Daemon periodic checks" [_thread_blocked, id=14696, stack(0x0000007bbdd00000,0x0000007bbde00000)]
  0x0000019a9374d800 JavaThread "Daemon" [_thread_blocked, id=16636, stack(0x0000007bbde00000,0x0000007bbdf00000)]
  0x0000019a9374e000 JavaThread "Handler for socket connection from /127.0.0.1:51738 to /127.0.0.1:51739" [_thread_in_native, id=5392, stack(0x0000007bbdf00000,0x0000007bbe000000)]
  0x0000019a92109800 JavaThread "Cancel handler" [_thread_blocked, id=14408, stack(0x0000007bbe000000,0x0000007bbe100000)]
  0x0000019a926ba800 JavaThread "Daemon worker" [_thread_in_Java, id=7744, stack(0x0000007bbe100000,0x0000007bbe200000)]
  0x0000019a92ab2800 JavaThread "Asynchronous log dispatcher for DefaultDaemonConnection: socket connection from /127.0.0.1:51738 to /127.0.0.1:51739" [_thread_blocked, id=3408, stack(0x0000007bbe200000,0x0000007bbe300000)]
  0x0000019a929ff000 JavaThread "Stdin handler" [_thread_blocked, id=5364, stack(0x0000007bbe300000,0x0000007bbe400000)]
  0x0000019a9267a800 JavaThread "Daemon client event forwarder" [_thread_blocked, id=11584, stack(0x0000007bbe400000,0x0000007bbe500000)]
  0x0000019a92677800 JavaThread "Cache worker for file hash cache (C:\Users\smith\.gradle\caches\7.0.2\fileHashes)" [_thread_blocked, id=14092, stack(0x0000007bbe500000,0x0000007bbe600000)]
  0x0000019a9267c000 JavaThread "File lock request listener" [_thread_in_native, id=13768, stack(0x0000007bbe600000,0x0000007bbe700000)]
  0x0000019a9267b800 JavaThread "Cache worker for journal cache (C:\Users\smith\.gradle\caches\journal-1)" [_thread_blocked, id=10528, stack(0x0000007bbe700000,0x0000007bbe800000)]
=>0x0000019affa3b800 JavaThread "C2 CompilerThread1" daemon [_thread_in_native, id=11772, stack(0x0000007bbe800000,0x0000007bbe900000)]
  0x0000019a92676800 JavaThread "Cache worker for file hash cache (C:\Users\smith\AndroidStudioProjects\MyApplication\.gradle\7.0.2\fileHashes)" [_thread_blocked, id=3284, stack(0x0000007bbe900000,0x0000007bbea00000)]
  0x0000019a92678000 JavaThread "File watcher server" daemon [_thread_in_native, id=8552, stack(0x0000007bbea00000,0x0000007bbeb00000)]
  0x0000019a92679000 JavaThread "File watcher consumer" daemon [_thread_blocked, id=14284, stack(0x0000007bbeb00000,0x0000007bbec00000)]
  0x0000019a92679800 JavaThread "jar transforms" [_thread_blocked, id=16932, stack(0x0000007bbec00000,0x0000007bbed00000)]
  0x0000019a9267d000 JavaThread "jar transforms Thread 2" [_thread_blocked, id=5208, stack(0x0000007bbed00000,0x0000007bbee00000)]
  0x0000019a934de800 JavaThread "jar transforms Thread 3" [_thread_blocked, id=15112, stack(0x0000007bbee00000,0x0000007bbef00000)]
  0x0000019a934dd000 JavaThread "jar transforms Thread 4" [_thread_blocked, id=13148, stack(0x0000007bbef00000,0x0000007bbf000000)]
  0x0000019a934df800 JavaThread "Cache worker for checksums cache (C:\Users\smith\AndroidStudioProjects\MyApplication\.gradle\checksums)" [_thread_blocked, id=14020, stack(0x0000007bbf000000,0x0000007bbf100000)]
  0x0000019a934db000 JavaThread "Cache worker for cache directory md-supplier (C:\Users\smith\.gradle\caches\7.0.2\md-supplier)" [_thread_blocked, id=9840, stack(0x0000007bbf100000,0x0000007bbf200000)]
  0x0000019a934d9800 JavaThread "Cache worker for cache directory md-rule (C:\Users\smith\.gradle\caches\7.0.2\md-rule)" [_thread_blocked, id=16924, stack(0x0000007bbf200000,0x0000007bbf300000)]

Other Threads:
  0x0000019afeed2800 VMThread "VM Thread" [stack: 0x0000007bbcd00000,0x0000007bbce00000] [id=1300]
  0x0000019aff8d7800 WatcherThread [stack: 0x0000007bbd700000,0x0000007bbd800000] [id=1712]
  0x0000019af4373800 GCTaskThread "GC Thread#0" [stack: 0x0000007bbc800000,0x0000007bbc900000] [id=7852]
  0x0000019a9111a000 GCTaskThread "GC Thread#1" [stack: 0x0000007bbd900000,0x0000007bbda00000] [id=4740]
  0x0000019a91614800 GCTaskThread "GC Thread#2" [stack: 0x0000007bbda00000,0x0000007bbdb00000] [id=15652]
  0x0000019a91615000 GCTaskThread "GC Thread#3" [stack: 0x0000007bbdb00000,0x0000007bbdc00000] [id=6272]
  0x0000019af43a3800 ConcurrentGCThread "G1 Main Marker" [stack: 0x0000007bbc900000,0x0000007bbca00000] [id=13692]
  0x0000019af43a4800 ConcurrentGCThread "G1 Conc#0" [stack: 0x0000007bbca00000,0x0000007bbcb00000] [id=2316]
  0x0000019afed1c800 ConcurrentGCThread "G1 Refine#0" [stack: 0x0000007bbcb00000,0x0000007bbcc00000] [id=604]
  0x0000019afed1f800 ConcurrentGCThread "G1 Young RemSet Sampling" [stack: 0x0000007bbcc00000,0x0000007bbcd00000] [id=12780]

Threads with active compile tasks:
C2 CompilerThread0   7672 2439       4       java.lang.reflect.ProxyGenerator$ConstantPool::getValue (87 bytes)
C2 CompilerThread1   7672 2214       4       java.net.URLClassLoader$1::run (5 bytes)

VM state:not at safepoint (normal execution)

VM Mutex/Monitor currently owned by a thread: None

Heap address: 0x0000000080000000, size: 2048 MB, Compressed Oops mode: 32-bit
Narrow klass base: 0x0000000000000000, Narrow klass shift: 3
Compressed class space size: 1073741824 Address: 0x0000000100000000

Heap:
 garbage-first heap   total 196608K, used 41049K [0x0000000080000000, 0x0000000100000000)
  region size 1024K, 20 young (20480K), 10 survivors (10240K)
 Metaspace       used 28821K, capacity 29601K, committed 29824K, reserved 1075200K
  class space    used 3845K, capacity 4136K, committed 4224K, reserved 1048576K
Heap Regions: E=young(eden), S=young(survivor), O=old, HS=humongous(starts), HC=humongous(continues), CS=collection set, F=free, A=archive, TAMS=top-at-mark-start (previous, next)
|   0|0x0000000080000000, 0x0000000080100000, 0x0000000080100000|100%| O|  |TAMS 0x0000000080100000, 0x0000000080000000| Untracked 
|   1|0x0000000080100000, 0x0000000080200000, 0x0000000080200000|100%| O|  |TAMS 0x00000000801e0a00, 0x0000000080100000| Untracked 
|   2|0x0000000080200000, 0x0000000080300000, 0x0000000080300000|100%| O|  |TAMS 0x0000000080200000, 0x0000000080200000| Untracked 
|   3|0x0000000080300000, 0x0000000080400000, 0x0000000080400000|100%|HS|  |TAMS 0x0000000080400000, 0x0000000080300000| Complete 
|   4|0x0000000080400000, 0x0000000080500000, 0x0000000080500000|100%|HC|  |TAMS 0x0000000080500000, 0x0000000080400000| Complete 
|   5|0x0000000080500000, 0x0000000080600000, 0x0000000080600000|100%|HC|  |TAMS 0x0000000080600000, 0x0000000080500000| Complete 
|   6|0x0000000080600000, 0x0000000080700000, 0x0000000080700000|100%| O|  |TAMS 0x0000000080700000, 0x0000000080600000| Untracked 
|   7|0x0000000080700000, 0x0000000080800000, 0x0000000080800000|100%| O|  |TAMS 0x0000000080800000, 0x0000000080700000| Untracked 
|   8|0x0000000080800000, 0x0000000080900000, 0x0000000080900000|100%| O|  |TAMS 0x0000000080900000, 0x0000000080800000| Untracked 
|   9|0x0000000080900000, 0x0000000080a00000, 0x0000000080a00000|100%|HS|  |TAMS 0x0000000080900000, 0x0000000080900000| Complete 
|  10|0x0000000080a00000, 0x0000000080b00000, 0x0000000080b00000|100%|HC|  |TAMS 0x0000000080a00000, 0x0000000080a00000| Complete 
|  11|0x0000000080b00000, 0x0000000080c00000, 0x0000000080c00000|100%|HS|  |TAMS 0x0000000080b00000, 0x0000000080b00000| Complete 
|  12|0x0000000080c00000, 0x0000000080d00000, 0x0000000080d00000|100%|HC|  |TAMS 0x0000000080c00000, 0x0000000080c00000| Complete 
|  13|0x0000000080d00000, 0x0000000080e00000, 0x0000000080e00000|100%|HC|  |TAMS 0x0000000080d00000, 0x0000000080d00000| Complete 
|  14|0x0000000080e00000, 0x0000000080f00000, 0x0000000080f00000|100%|HS|  |TAMS 0x0000000080e00000, 0x0000000080e00000| Complete 
|  15|0x0000000080f00000, 0x0000000081000000, 0x0000000081000000|100%|HC|  |TAMS 0x0000000080f00000, 0x0000000080f00000| Complete 
|  16|0x0000000081000000, 0x0000000081100000, 0x0000000081100000|100%|HC|  |TAMS 0x0000000081000000, 0x0000000081000000| Complete 
|  17|0x0000000081100000, 0x0000000081200000, 0x0000000081200000|100%|HC|  |TAMS 0x0000000081100000, 0x0000000081100000| Complete 
|  18|0x0000000081200000, 0x0000000081300000, 0x0000000081300000|100%|HC|  |TAMS 0x0000000081200000, 0x0000000081200000| Complete 
|  19|0x0000000081300000, 0x0000000081400000, 0x0000000081400000|100%| O|  |TAMS 0x0000000081300000, 0x0000000081300000| Untracked 
|  20|0x0000000081400000, 0x0000000081500000, 0x0000000081500000|100%| O|  |TAMS 0x0000000081400000, 0x0000000081400000| Untracked 
|  21|0x0000000081500000, 0x0000000081542e00, 0x0000000081600000| 26%| O|  |TAMS 0x0000000081500000, 0x0000000081500000| Untracked 
|  22|0x0000000081600000, 0x0000000081600000, 0x0000000081700000|  0%| F|  |TAMS 0x0000000081600000, 0x0000000081600000| Untracked 
|  23|0x0000000081700000, 0x0000000081700000, 0x0000000081800000|  0%| F|  |TAMS 0x0000000081700000, 0x0000000081700000| Untracked 
|  24|0x0000000081800000, 0x0000000081800000, 0x0000000081900000|  0%| F|  |TAMS 0x0000000081800000, 0x0000000081800000| Untracked 
|  25|0x0000000081900000, 0x0000000081900000, 0x0000000081a00000|  0%| F|  |TAMS 0x0000000081900000, 0x0000000081900000| Untracked 
|  26|0x0000000081a00000, 0x0000000081a00000, 0x0000000081b00000|  0%| F|  |TAMS 0x0000000081a00000, 0x0000000081a00000| Untracked 
|  27|0x0000000081b00000, 0x0000000081b00000, 0x0000000081c00000|  0%| F|  |TAMS 0x0000000081b00000, 0x0000000081b00000| Untracked 
|  28|0x0000000081c00000, 0x0000000081c00000, 0x0000000081d00000|  0%| F|  |TAMS 0x0000000081c00000, 0x0000000081c00000| Untracked 
|  29|0x0000000081d00000, 0x0000000081d00000, 0x0000000081e00000|  0%| F|  |TAMS 0x0000000081d00000, 0x0000000081d00000| Untracked 
|  30|0x0000000081e00000, 0x0000000081e00000, 0x0000000081f00000|  0%| F|  |TAMS 0x0000000081e00000, 0x0000000081e00000| Untracked 
|  31|0x0000000081f00000, 0x0000000081f00000, 0x0000000082000000|  0%| F|  |TAMS 0x0000000081f00000, 0x0000000081f00000| Untracked 
|  32|0x0000000082000000, 0x0000000082000000, 0x0000000082100000|  0%| F|  |TAMS 0x0000000082000000, 0x0000000082000000| Untracked 
|  33|0x0000000082100000, 0x0000000082100000, 0x0000000082200000|  0%| F|  |TAMS 0x0000000082100000, 0x0000000082100000| Untracked 
|  34|0x0000000082200000, 0x0000000082200000, 0x0000000082300000|  0%| F|  |TAMS 0x0000000082200000, 0x0000000082200000| Untracked 
|  35|0x0000000082300000, 0x0000000082300000, 0x0000000082400000|  0%| F|  |TAMS 0x0000000082300000, 0x0000000082300000| Untracked 
|  36|0x0000000082400000, 0x0000000082400000, 0x0000000082500000|  0%| F|  |TAMS 0x0000000082400000, 0x0000000082400000| Untracked 
|  37|0x0000000082500000, 0x0000000082500000, 0x0000000082600000|  0%| F|  |TAMS 0x0000000082500000, 0x0000000082500000| Untracked 
|  38|0x0000000082600000, 0x0000000082600000, 0x0000000082700000|  0%| F|  |TAMS 0x0000000082600000, 0x0000000082600000| Untracked 
|  39|0x0000000082700000, 0x0000000082700000, 0x0000000082800000|  0%| F|  |TAMS 0x0000000082700000, 0x0000000082700000| Untracked 
|  40|0x0000000082800000, 0x0000000082800000, 0x0000000082900000|  0%| F|  |TAMS 0x0000000082800000, 0x0000000082800000| Untracked 
|  41|0x0000000082900000, 0x0000000082900000, 0x0000000082a00000|  0%| F|  |TAMS 0x0000000082900000, 0x0000000082900000| Untracked 
|  42|0x0000000082a00000, 0x0000000082a00000, 0x0000000082b00000|  0%| F|  |TAMS 0x0000000082a00000, 0x0000000082a00000| Untracked 
|  43|0x0000000082b00000, 0x0000000082b00000, 0x0000000082c00000|  0%| F|  |TAMS 0x0000000082b00000, 0x0000000082b00000| Untracked 
|  44|0x0000000082c00000, 0x0000000082c00000, 0x0000000082d00000|  0%| F|  |TAMS 0x0000000082c00000, 0x0000000082c00000| Untracked 
|  45|0x0000000082d00000, 0x0000000082d00000, 0x0000000082e00000|  0%| F|  |TAMS 0x0000000082d00000, 0x0000000082d00000| Untracked 
|  46|0x0000000082e00000, 0x0000000082e00000, 0x0000000082f00000|  0%| F|  |TAMS 0x0000000082e00000, 0x0000000082e00000| Untracked 
|  47|0x0000000082f00000, 0x0000000082f00000, 0x0000000083000000|  0%| F|  |TAMS 0x0000000082f00000, 0x0000000082f00000| Untracked 
|  48|0x0000000083000000, 0x0000000083000000, 0x0000000083100000|  0%| F|  |TAMS 0x0000000083000000, 0x0000000083000000| Untracked 
|  49|0x0000000083100000, 0x0000000083100000, 0x0000000083200000|  0%| F|  |TAMS 0x0000000083100000, 0x0000000083100000| Untracked 
|  50|0x0000000083200000, 0x0000000083200000, 0x0000000083300000|  0%| F|  |TAMS 0x0000000083200000, 0x0000000083200000| Untracked 
|  51|0x0000000083300000, 0x0000000083300000, 0x0000000083400000|  0%| F|  |TAMS 0x0000000083300000, 0x0000000083300000| Untracked 
|  52|0x0000000083400000, 0x0000000083400000, 0x0000000083500000|  0%| F|  |TAMS 0x0000000083400000, 0x0000000083400000| Untracked 
|  53|0x0000000083500000, 0x0000000083500000, 0x0000000083600000|  0%| F|  |TAMS 0x0000000083500000, 0x0000000083500000| Untracked 
|  54|0x0000000083600000, 0x0000000083600000, 0x0000000083700000|  0%| F|  |TAMS 0x0000000083600000, 0x0000000083600000| Untracked 
|  55|0x0000000083700000, 0x0000000083700000, 0x0000000083800000|  0%| F|  |TAMS 0x0000000083700000, 0x0000000083700000| Untracked 
|  56|0x0000000083800000, 0x0000000083800000, 0x0000000083900000|  0%| F|  |TAMS 0x0000000083800000, 0x0000000083800000| Untracked 
|  57|0x0000000083900000, 0x0000000083900000, 0x0000000083a00000|  0%| F|  |TAMS 0x0000000083900000, 0x0000000083900000| Untracked 
|  58|0x0000000083a00000, 0x0000000083a00000, 0x0000000083b00000|  0%| F|  |TAMS 0x0000000083a00000, 0x0000000083a00000| Untracked 
|  59|0x0000000083b00000, 0x0000000083b00000, 0x0000000083c00000|  0%| F|  |TAMS 0x0000000083b00000, 0x0000000083b00000| Untracked 
|  60|0x0000000083c00000, 0x0000000083c00000, 0x0000000083d00000|  0%| F|  |TAMS 0x0000000083c00000, 0x0000000083c00000| Untracked 
|  61|0x0000000083d00000, 0x0000000083d00000, 0x0000000083e00000|  0%| F|  |TAMS 0x0000000083d00000, 0x0000000083d00000| Untracked 
|  62|0x0000000083e00000, 0x0000000083e00000, 0x0000000083f00000|  0%| F|  |TAMS 0x0000000083e00000, 0x0000000083e00000| Untracked 
|  63|0x0000000083f00000, 0x0000000083f00000, 0x0000000084000000|  0%| F|  |TAMS 0x0000000083f00000, 0x0000000083f00000| Untracked 
|  64|0x0000000084000000, 0x0000000084000000, 0x0000000084100000|  0%| F|  |TAMS 0x0000000084000000, 0x0000000084000000| Untracked 
|  65|0x0000000084100000, 0x0000000084100000, 0x0000000084200000|  0%| F|  |TAMS 0x0000000084100000, 0x0000000084100000| Untracked 
|  66|0x0000000084200000, 0x0000000084200000, 0x0000000084300000|  0%| F|  |TAMS 0x0000000084200000, 0x0000000084200000| Untracked 
|  67|0x0000000084300000, 0x0000000084300000, 0x0000000084400000|  0%| F|  |TAMS 0x0000000084300000, 0x0000000084300000| Untracked 
|  68|0x0000000084400000, 0x0000000084400000, 0x0000000084500000|  0%| F|  |TAMS 0x0000000084400000, 0x0000000084400000| Untracked 
|  69|0x0000000084500000, 0x0000000084500000, 0x0000000084600000|  0%| F|  |TAMS 0x0000000084500000, 0x0000000084500000| Untracked 
|  70|0x0000000084600000, 0x0000000084600000, 0x0000000084700000|  0%| F|  |TAMS 0x0000000084600000, 0x0000000084600000| Untracked 
|  71|0x0000000084700000, 0x0000000084700000, 0x0000000084800000|  0%| F|  |TAMS 0x0000000084700000, 0x0000000084700000| Untracked 
|  72|0x0000000084800000, 0x0000000084800000, 0x0000000084900000|  0%| F|  |TAMS 0x0000000084800000, 0x0000000084800000| Untracked 
|  73|0x0000000084900000, 0x0000000084900000, 0x0000000084a00000|  0%| F|  |TAMS 0x0000000084900000, 0x0000000084900000| Untracked 
|  74|0x0000000084a00000, 0x0000000084a00000, 0x0000000084b00000|  0%| F|  |TAMS 0x0000000084a00000, 0x0000000084a00000| Untracked 
|  75|0x0000000084b00000, 0x0000000084b00000, 0x0000000084c00000|  0%| F|  |TAMS 0x0000000084b00000, 0x0000000084b00000| Untracked 
|  76|0x0000000084c00000, 0x0000000084c00000, 0x0000000084d00000|  0%| F|  |TAMS 0x0000000084c00000, 0x0000000084c00000| Untracked 
|  77|0x0000000084d00000, 0x0000000084d00000, 0x0000000084e00000|  0%| F|  |TAMS 0x0000000084d00000, 0x0000000084d00000| Untracked 
|  78|0x0000000084e00000, 0x0000000084e00000, 0x0000000084f00000|  0%| F|  |TAMS 0x0000000084e00000, 0x0000000084e00000| Untracked 
|  79|0x0000000084f00000, 0x0000000084f00000, 0x0000000085000000|  0%| F|  |TAMS 0x0000000084f00000, 0x0000000084f00000| Untracked 
|  80|0x0000000085000000, 0x0000000085000000, 0x0000000085100000|  0%| F|  |TAMS 0x0000000085000000, 0x0000000085000000| Untracked 
|  81|0x0000000085100000, 0x0000000085100000, 0x0000000085200000|  0%| F|  |TAMS 0x0000000085100000, 0x0000000085100000| Untracked 
|  82|0x0000000085200000, 0x0000000085200000, 0x0000000085300000|  0%| F|  |TAMS 0x0000000085200000, 0x0000000085200000| Untracked 
|  83|0x0000000085300000, 0x0000000085300000, 0x0000000085400000|  0%| F|  |TAMS 0x0000000085300000, 0x0000000085300000| Untracked 
|  84|0x0000000085400000, 0x0000000085400000, 0x0000000085500000|  0%| F|  |TAMS 0x0000000085400000, 0x0000000085400000| Untracked 
|  85|0x0000000085500000, 0x0000000085500000, 0x0000000085600000|  0%| F|  |TAMS 0x0000000085500000, 0x0000000085500000| Untracked 
|  86|0x0000000085600000, 0x0000000085600000, 0x0000000085700000|  0%| F|  |TAMS 0x0000000085600000, 0x0000000085600000| Untracked 
|  87|0x0000000085700000, 0x0000000085700000, 0x0000000085800000|  0%| F|  |TAMS 0x0000000085700000, 0x0000000085700000| Untracked 
|  88|0x0000000085800000, 0x0000000085800000, 0x0000000085900000|  0%| F|  |TAMS 0x0000000085800000, 0x0000000085800000| Untracked 
|  89|0x0000000085900000, 0x0000000085900000, 0x0000000085a00000|  0%| F|  |TAMS 0x0000000085900000, 0x0000000085900000| Untracked 
|  90|0x0000000085a00000, 0x0000000085a00000, 0x0000000085b00000|  0%| F|  |TAMS 0x0000000085a00000, 0x0000000085a00000| Untracked 
|  91|0x0000000085b00000, 0x0000000085b00000, 0x0000000085c00000|  0%| F|  |TAMS 0x0000000085b00000, 0x0000000085b00000| Untracked 
|  92|0x0000000085c00000, 0x0000000085c00000, 0x0000000085d00000|  0%| F|  |TAMS 0x0000000085c00000, 0x0000000085c00000| Untracked 
|  93|0x0000000085d00000, 0x0000000085d00000, 0x0000000085e00000|  0%| F|  |TAMS 0x0000000085d00000, 0x0000000085d00000| Untracked 
|  94|0x0000000085e00000, 0x0000000085e00000, 0x0000000085f00000|  0%| F|  |TAMS 0x0000000085e00000, 0x0000000085e00000| Untracked 
|  95|0x0000000085f00000, 0x0000000085f00000, 0x0000000086000000|  0%| F|  |TAMS 0x0000000085f00000, 0x0000000085f00000| Untracked 
|  96|0x0000000086000000, 0x0000000086000000, 0x0000000086100000|  0%| F|  |TAMS 0x0000000086000000, 0x0000000086000000| Untracked 
|  97|0x0000000086100000, 0x0000000086100000, 0x0000000086200000|  0%| F|  |TAMS 0x0000000086100000, 0x0000000086100000| Untracked 
|  98|0x0000000086200000, 0x0000000086200000, 0x0000000086300000|  0%| F|  |TAMS 0x0000000086200000, 0x0000000086200000| Untracked 
|  99|0x0000000086300000, 0x00000000863d3640, 0x0000000086400000| 82%| S|CS|TAMS 0x0000000086300000, 0x0000000086300000| Complete 
| 100|0x0000000086400000, 0x0000000086500000, 0x0000000086500000|100%| S|CS|TAMS 0x0000000086400000, 0x0000000086400000| Complete 
| 101|0x0000000086500000, 0x0000000086600000, 0x0000000086600000|100%| S|CS|TAMS 0x0000000086500000, 0x0000000086500000| Complete 
| 102|0x0000000086600000, 0x0000000086700000, 0x0000000086700000|100%| S|CS|TAMS 0x0000000086600000, 0x0000000086600000| Complete 
| 103|0x0000000086700000, 0x0000000086800000, 0x0000000086800000|100%| S|CS|TAMS 0x0000000086700000, 0x0000000086700000| Complete 
| 104|0x0000000086800000, 0x0000000086900000, 0x0000000086900000|100%| S|CS|TAMS 0x0000000086800000, 0x0000000086800000| Complete 
| 105|0x0000000086900000, 0x0000000086a00000, 0x0000000086a00000|100%| S|CS|TAMS 0x0000000086900000, 0x0000000086900000| Complete 
| 106|0x0000000086a00000, 0x0000000086b00000, 0x0000000086b00000|100%| S|CS|TAMS 0x0000000086a00000, 0x0000000086a00000| Complete 
| 107|0x0000000086b00000, 0x0000000086c00000, 0x0000000086c00000|100%| S|CS|TAMS 0x0000000086b00000, 0x0000000086b00000| Complete 
| 108|0x0000000086c00000, 0x0000000086d00000, 0x0000000086d00000|100%| S|CS|TAMS 0x0000000086c00000, 0x0000000086c00000| Complete 
| 109|0x0000000086d00000, 0x0000000086d00000, 0x0000000086e00000|  0%| F|  |TAMS 0x0000000086d00000, 0x0000000086d00000| Untracked 
| 110|0x0000000086e00000, 0x0000000086e00000, 0x0000000086f00000|  0%| F|  |TAMS 0x0000000086e00000, 0x0000000086e00000| Untracked 
| 111|0x0000000086f00000, 0x0000000086f00000, 0x0000000087000000|  0%| F|  |TAMS 0x0000000086f00000, 0x0000000086f00000| Untracked 
| 112|0x0000000087000000, 0x0000000087000000, 0x0000000087100000|  0%| F|  |TAMS 0x0000000087000000, 0x0000000087000000| Untracked 
| 113|0x0000000087100000, 0x0000000087100000, 0x0000000087200000|  0%| F|  |TAMS 0x0000000087100000, 0x0000000087100000| Untracked 
| 114|0x0000000087200000, 0x0000000087200000, 0x0000000087300000|  0%| F|  |TAMS 0x0000000087200000, 0x0000000087200000| Untracked 
| 115|0x0000000087300000, 0x0000000087300000, 0x0000000087400000|  0%| F|  |TAMS 0x0000000087300000, 0x0000000087300000| Untracked 
| 116|0x0000000087400000, 0x0000000087400000, 0x0000000087500000|  0%| F|  |TAMS 0x0000000087400000, 0x0000000087400000| Untracked 
| 117|0x0000000087500000, 0x0000000087500000, 0x0000000087600000|  0%| F|  |TAMS 0x0000000087500000, 0x0000000087500000| Untracked 
| 118|0x0000000087600000, 0x0000000087600000, 0x0000000087700000|  0%| F|  |TAMS 0x0000000087600000, 0x0000000087600000| Untracked 
| 119|0x0000000087700000, 0x0000000087700000, 0x0000000087800000|  0%| F|  |TAMS 0x0000000087700000, 0x0000000087700000| Untracked 
| 120|0x0000000087800000, 0x0000000087800000, 0x0000000087900000|  0%| F|  |TAMS 0x0000000087800000, 0x0000000087800000| Untracked 
| 121|0x0000000087900000, 0x0000000087900000, 0x0000000087a00000|  0%| F|  |TAMS 0x0000000087900000, 0x0000000087900000| Untracked 
| 122|0x0000000087a00000, 0x0000000087a00000, 0x0000000087b00000|  0%| F|  |TAMS 0x0000000087a00000, 0x0000000087a00000| Untracked 
| 123|0x0000000087b00000, 0x0000000087b00000, 0x0000000087c00000|  0%| F|  |TAMS 0x0000000087b00000, 0x0000000087b00000| Untracked 
| 124|0x0000000087c00000, 0x0000000087c00000, 0x0000000087d00000|  0%| F|  |TAMS 0x0000000087c00000, 0x0000000087c00000| Untracked 
| 125|0x0000000087d00000, 0x0000000087d00000, 0x0000000087e00000|  0%| F|  |TAMS 0x0000000087d00000, 0x0000000087d00000| Untracked 
| 126|0x0000000087e00000, 0x0000000087e00000, 0x0000000087f00000|  0%| F|  |TAMS 0x0000000087e00000, 0x0000000087e00000| Untracked 
| 127|0x0000000087f00000, 0x0000000087f00000, 0x0000000088000000|  0%| F|  |TAMS 0x0000000087f00000, 0x0000000087f00000| Untracked 
| 128|0x0000000088000000, 0x0000000088000000, 0x0000000088100000|  0%| F|  |TAMS 0x0000000088000000, 0x0000000088000000| Untracked 
| 129|0x0000000088100000, 0x0000000088100000, 0x0000000088200000|  0%| F|  |TAMS 0x0000000088100000, 0x0000000088100000| Untracked 
| 130|0x0000000088200000, 0x0000000088200000, 0x0000000088300000|  0%| F|  |TAMS 0x0000000088200000, 0x0000000088200000| Untracked 
| 131|0x0000000088300000, 0x0000000088300000, 0x0000000088400000|  0%| F|  |TAMS 0x0000000088300000, 0x0000000088300000| Untracked 
| 132|0x0000000088400000, 0x0000000088400000, 0x0000000088500000|  0%| F|  |TAMS 0x0000000088400000, 0x0000000088400000| Untracked 
| 133|0x0000000088500000, 0x0000000088500000, 0x0000000088600000|  0%| F|  |TAMS 0x0000000088500000, 0x0000000088500000| Untracked 
| 134|0x0000000088600000, 0x0000000088600000, 0x0000000088700000|  0%| F|  |TAMS 0x0000000088600000, 0x0000000088600000| Untracked 
| 135|0x0000000088700000, 0x0000000088700000, 0x0000000088800000|  0%| F|  |TAMS 0x0000000088700000, 0x0000000088700000| Untracked 
| 136|0x0000000088800000, 0x0000000088800000, 0x0000000088900000|  0%| F|  |TAMS 0x0000000088800000, 0x0000000088800000| Untracked 
| 137|0x0000000088900000, 0x0000000088900000, 0x0000000088a00000|  0%| F|  |TAMS 0x0000000088900000, 0x0000000088900000| Untracked 
| 138|0x0000000088a00000, 0x0000000088a00000, 0x0000000088b00000|  0%| F|  |TAMS 0x0000000088a00000, 0x0000000088a00000| Untracked 
| 139|0x0000000088b00000, 0x0000000088b00000, 0x0000000088c00000|  0%| F|  |TAMS 0x0000000088b00000, 0x0000000088b00000| Untracked 
| 140|0x0000000088c00000, 0x0000000088c00000, 0x0000000088d00000|  0%| F|  |TAMS 0x0000000088c00000, 0x0000000088c00000| Untracked 
| 141|0x0000000088d00000, 0x0000000088d00000, 0x0000000088e00000|  0%| F|  |TAMS 0x0000000088d00000, 0x0000000088d00000| Untracked 
| 142|0x0000000088e00000, 0x0000000088e00000, 0x0000000088f00000|  0%| F|  |TAMS 0x0000000088e00000, 0x0000000088e00000| Untracked 
| 143|0x0000000088f00000, 0x0000000088f00000, 0x0000000089000000|  0%| F|  |TAMS 0x0000000088f00000, 0x0000000088f00000| Untracked 
| 144|0x0000000089000000, 0x0000000089000000, 0x0000000089100000|  0%| F|  |TAMS 0x0000000089000000, 0x0000000089000000| Untracked 
| 145|0x0000000089100000, 0x0000000089100000, 0x0000000089200000|  0%| F|  |TAMS 0x0000000089100000, 0x0000000089100000| Untracked 
| 146|0x0000000089200000, 0x0000000089200000, 0x0000000089300000|  0%| F|  |TAMS 0x0000000089200000, 0x0000000089200000| Untracked 
| 147|0x0000000089300000, 0x0000000089300000, 0x0000000089400000|  0%| F|  |TAMS 0x0000000089300000, 0x0000000089300000| Untracked 
| 148|0x0000000089400000, 0x0000000089400000, 0x0000000089500000|  0%| F|  |TAMS 0x0000000089400000, 0x0000000089400000| Untracked 
| 149|0x0000000089500000, 0x0000000089500000, 0x0000000089600000|  0%| F|  |TAMS 0x0000000089500000, 0x0000000089500000| Untracked 
| 150|0x0000000089600000, 0x0000000089600000, 0x0000000089700000|  0%| F|  |TAMS 0x0000000089600000, 0x0000000089600000| Untracked 
| 151|0x0000000089700000, 0x0000000089700000, 0x0000000089800000|  0%| F|  |TAMS 0x0000000089700000, 0x0000000089700000| Untracked 
| 152|0x0000000089800000, 0x0000000089800000, 0x0000000089900000|  0%| F|  |TAMS 0x0000000089800000, 0x0000000089800000| Untracked 
| 153|0x0000000089900000, 0x0000000089900000, 0x0000000089a00000|  0%| F|  |TAMS 0x0000000089900000, 0x0000000089900000| Untracked 
| 154|0x0000000089a00000, 0x0000000089a00000, 0x0000000089b00000|  0%| F|  |TAMS 0x0000000089a00000, 0x0000000089a00000| Untracked 
| 155|0x0000000089b00000, 0x0000000089b00000, 0x0000000089c00000|  0%| F|  |TAMS 0x0000000089b00000, 0x0000000089b00000| Untracked 
| 156|0x0000000089c00000, 0x0000000089c00000, 0x0000000089d00000|  0%| F|  |TAMS 0x0000000089c00000, 0x0000000089c00000| Untracked 
| 157|0x0000000089d00000, 0x0000000089d00000, 0x0000000089e00000|  0%| F|  |TAMS 0x0000000089d00000, 0x0000000089d00000| Untracked 
| 158|0x0000000089e00000, 0x0000000089e00000, 0x0000000089f00000|  0%| F|  |TAMS 0x0000000089e00000, 0x0000000089e00000| Untracked 
| 159|0x0000000089f00000, 0x0000000089f00000, 0x000000008a000000|  0%| F|  |TAMS 0x0000000089f00000, 0x0000000089f00000| Untracked 
| 160|0x000000008a000000, 0x000000008a000000, 0x000000008a100000|  0%| F|  |TAMS 0x000000008a000000, 0x000000008a000000| Untracked 
| 161|0x000000008a100000, 0x000000008a100000, 0x000000008a200000|  0%| F|  |TAMS 0x000000008a100000, 0x000000008a100000| Untracked 
| 162|0x000000008a200000, 0x000000008a200000, 0x000000008a300000|  0%| F|  |TAMS 0x000000008a200000, 0x000000008a200000| Untracked 
| 163|0x000000008a300000, 0x000000008a300000, 0x000000008a400000|  0%| F|  |TAMS 0x000000008a300000, 0x000000008a300000| Untracked 
| 164|0x000000008a400000, 0x000000008a400000, 0x000000008a500000|  0%| F|  |TAMS 0x000000008a400000, 0x000000008a400000| Untracked 
| 165|0x000000008a500000, 0x000000008a500000, 0x000000008a600000|  0%| F|  |TAMS 0x000000008a500000, 0x000000008a500000| Untracked 
| 166|0x000000008a600000, 0x000000008a600000, 0x000000008a700000|  0%| F|  |TAMS 0x000000008a600000, 0x000000008a600000| Untracked 
| 167|0x000000008a700000, 0x000000008a700000, 0x000000008a800000|  0%| F|  |TAMS 0x000000008a700000, 0x000000008a700000| Untracked 
| 168|0x000000008a800000, 0x000000008a800000, 0x000000008a900000|  0%| F|  |TAMS 0x000000008a800000, 0x000000008a800000| Untracked 
| 169|0x000000008a900000, 0x000000008a900000, 0x000000008aa00000|  0%| F|  |TAMS 0x000000008a900000, 0x000000008a900000| Untracked 
| 170|0x000000008aa00000, 0x000000008aa00000, 0x000000008ab00000|  0%| F|  |TAMS 0x000000008aa00000, 0x000000008aa00000| Untracked 
| 171|0x000000008ab00000, 0x000000008ab00000, 0x000000008ac00000|  0%| F|  |TAMS 0x000000008ab00000, 0x000000008ab00000| Untracked 
| 172|0x000000008ac00000, 0x000000008ac00000, 0x000000008ad00000|  0%| F|  |TAMS 0x000000008ac00000, 0x000000008ac00000| Untracked 
| 173|0x000000008ad00000, 0x000000008ad00000, 0x000000008ae00000|  0%| F|  |TAMS 0x000000008ad00000, 0x000000008ad00000| Untracked 
| 174|0x000000008ae00000, 0x000000008ae00000, 0x000000008af00000|  0%| F|  |TAMS 0x000000008ae00000, 0x000000008ae00000| Untracked 
| 175|0x000000008af00000, 0x000000008af00000, 0x000000008b000000|  0%| F|  |TAMS 0x000000008af00000, 0x000000008af00000| Untracked 
| 176|0x000000008b000000, 0x000000008b000000, 0x000000008b100000|  0%| F|  |TAMS 0x000000008b000000, 0x000000008b000000| Untracked 
| 177|0x000000008b100000, 0x000000008b100000, 0x000000008b200000|  0%| F|  |TAMS 0x000000008b100000, 0x000000008b100000| Untracked 
| 178|0x000000008b200000, 0x000000008b200000, 0x000000008b300000|  0%| F|  |TAMS 0x000000008b200000, 0x000000008b200000| Untracked 
| 179|0x000000008b300000, 0x000000008b300000, 0x000000008b400000|  0%| F|  |TAMS 0x000000008b300000, 0x000000008b300000| Untracked 
| 180|0x000000008b400000, 0x000000008b400000, 0x000000008b500000|  0%| F|  |TAMS 0x000000008b400000, 0x000000008b400000| Untracked 
| 181|0x000000008b500000, 0x000000008b500000, 0x000000008b600000|  0%| F|  |TAMS 0x000000008b500000, 0x000000008b500000| Untracked 
| 182|0x000000008b600000, 0x000000008b680800, 0x000000008b700000| 50%| E|  |TAMS 0x000000008b600000, 0x000000008b600000| Complete 
| 183|0x000000008b700000, 0x000000008b800000, 0x000000008b800000|100%| E|CS|TAMS 0x000000008b700000, 0x000000008b700000| Complete 
| 184|0x000000008b800000, 0x000000008b900000, 0x000000008b900000|100%| E|CS|TAMS 0x000000008b800000, 0x000000008b800000| Complete 
| 185|0x000000008b900000, 0x000000008ba00000, 0x000000008ba00000|100%| E|CS|TAMS 0x000000008b900000, 0x000000008b900000| Complete 
| 186|0x000000008ba00000, 0x000000008bb00000, 0x000000008bb00000|100%| E|CS|TAMS 0x000000008ba00000, 0x000000008ba00000| Complete 
| 187|0x000000008bb00000, 0x000000008bc00000, 0x000000008bc00000|100%| E|CS|TAMS 0x000000008bb00000, 0x000000008bb00000| Complete 
| 188|0x000000008bc00000, 0x000000008bd00000, 0x000000008bd00000|100%| E|CS|TAMS 0x000000008bc00000, 0x000000008bc00000| Complete 
| 189|0x000000008bd00000, 0x000000008be00000, 0x000000008be00000|100%| E|CS|TAMS 0x000000008bd00000, 0x000000008bd00000| Complete 
| 190|0x000000008be00000, 0x000000008bf00000, 0x000000008bf00000|100%| E|CS|TAMS 0x000000008be00000, 0x000000008be00000| Complete 
| 191|0x000000008bf00000, 0x000000008c000000, 0x000000008c000000|100%| E|CS|TAMS 0x000000008bf00000, 0x000000008bf00000| Complete 

Card table byte_map: [0x0000019afa050000,0x0000019afa450000] _byte_map_base: 0x0000019af9c50000

Marking Bits (Prev, Next): (CMBitMap*) 0x0000019af439a930, (CMBitMap*) 0x0000019af439a8f8
 Prev Bits: [0x0000019afc850000, 0x0000019afe850000)
 Next Bits: [0x0000019afa850000, 0x0000019afc850000)

Polling page: 0x0000019af5bf0000

Metaspace:

Usage:
  Non-class:     24.87 MB capacity,    24.41 MB ( 98%) used,   406.88 KB (  2%) free+waste,    66.00 KB ( <1%) overhead. 
      Class:      4.04 MB capacity,     3.76 MB ( 93%) used,   254.91 KB (  6%) free+waste,    33.50 KB ( <1%) overhead. 
       Both:     28.91 MB capacity,    28.17 MB ( 97%) used,   661.78 KB (  2%) free+waste,    99.50 KB ( <1%) overhead. 

Virtual space:
  Non-class space:       26.00 MB reserved,      25.00 MB ( 96%) committed 
      Class space:        1.00 GB reserved,       4.13 MB ( <1%) committed 
             Both:        1.03 GB reserved,      29.13 MB (  3%) committed 

Chunk freelists:
   Non-Class:  5.00 KB
       Class:  23.00 KB
        Both:  28.00 KB

MaxMetaspaceSize: 17179869184.00 GB
CompressedClassSpaceSize: 1.00 GB

CodeHeap 'non-profiled nmethods': size=120064Kb used=1223Kb max_used=1223Kb free=118840Kb
 bounds [0x0000019a87ac0000, 0x0000019a87d30000, 0x0000019a8f000000]
CodeHeap 'profiled nmethods': size=120000Kb used=5603Kb max_used=5603Kb free=114397Kb
 bounds [0x0000019a80590000, 0x0000019a80b10000, 0x0000019a87ac0000]
CodeHeap 'non-nmethods': size=5696Kb used=1162Kb max_used=1196Kb free=4533Kb
 bounds [0x0000019a80000000, 0x0000019a80270000, 0x0000019a80590000]
 total_blobs=3063 nmethods=2557 adapters=417
 compilation: enabled
              stopped_count=0, restarted_count=0
 full_count=0

Compilation events (20 events):
Event: 7.351 Thread 0x0000019aff743800 nmethod 2443 0x0000019a80ac1210 code [0x0000019a80ac1440, 0x0000019a80ac1c78]
Event: 7.351 Thread 0x0000019aff743800 2444   !   3       jdk.internal.ref.PhantomCleanable::isListEmpty (34 bytes)
Event: 7.351 Thread 0x0000019aff743800 nmethod 2444 0x0000019a80ac1f90 code [0x0000019a80ac2140, 0x0000019a80ac2438]
Event: 7.351 Thread 0x0000019aff743800 2445       3       jdk.internal.misc.InnocuousThread::eraseThreadLocals (23 bytes)
Event: 7.351 Thread 0x0000019aff743800 nmethod 2445 0x0000019a80ac2590 code [0x0000019a80ac2740, 0x0000019a80ac2918]
Event: 7.360 Thread 0x0000019aff743800 2446       1       java.lang.Class::getAnnotationType (5 bytes)
Event: 7.360 Thread 0x0000019aff743800 nmethod 2446 0x0000019a87be5490 code [0x0000019a87be5640, 0x0000019a87be56f8]
Event: 7.361 Thread 0x0000019aff743800 2447       3       org.gradle.internal.instantiation.generator.AbstractClassGenerator$DisabledAnnotationValidator::validateMethod (68 bytes)
Event: 7.362 Thread 0x0000019aff743800 nmethod 2447 0x0000019a80ac2990 code [0x0000019a80ac2c60, 0x0000019a80ac3688]
Event: 7.362 Thread 0x0000019aff743800 2449       3       com.google.common.collect.ImmutableList::iterator (5 bytes)
Event: 7.363 Thread 0x0000019aff743800 nmethod 2449 0x0000019a80ac3a90 code [0x0000019a80ac3ce0, 0x0000019a80ac4768]
Event: 7.363 Thread 0x0000019aff743800 2450       3       com.google.common.collect.ImmutableList::listIterator (6 bytes)
Event: 7.364 Thread 0x0000019aff743800 nmethod 2450 0x0000019a80ac4a90 code [0x0000019a80ac4d00, 0x0000019a80ac5838]
Event: 7.365 Thread 0x0000019aff743800 2451       3       org.objectweb.asm.MethodWriter::visitVarInsn (302 bytes)
Event: 7.366 Thread 0x0000019aff743800 nmethod 2451 0x0000019a80ac5b90 code [0x0000019a80ac5e00, 0x0000019a80ac6808]
Event: 7.393 Thread 0x0000019aff743800 2452       3       org.gradle.internal.reflect.MutableClassDetails::method (12 bytes)
Event: 7.393 Thread 0x0000019aff743800 nmethod 2452 0x0000019a80ac6a90 code [0x0000019a80ac6c40, 0x0000019a80ac6e08]
Event: 7.393 Thread 0x0000019aff743800 2453       3       org.gradle.internal.reflect.MethodSet::add (50 bytes)
Event: 7.394 Thread 0x0000019aff743800 nmethod 2453 0x0000019a80ac6f10 code [0x0000019a80ac7140, 0x0000019a80ac79b8]
Event: 7.394 Thread 0x0000019aff743800 2454       3       org.gradle.internal.reflect.MethodSet$MethodKey::<init> (6 bytes)

GC Heap History (10 events):
Event: 0.820 GC heap before
{Heap before GC invocations=0 (full 0):
 garbage-first heap   total 196608K, used 19456K [0x0000000080000000, 0x0000000100000000)
  region size 1024K, 14 young (14336K), 0 survivors (0K)
 Metaspace       used 6733K, capacity 6921K, committed 7168K, reserved 1056768K
  class space    used 582K, capacity 650K, committed 768K, reserved 1048576K
}
Event: 0.827 GC heap after
{Heap after GC invocations=1 (full 0):
 garbage-first heap   total 196608K, used 7989K [0x0000000080000000, 0x0000000100000000)
  region size 1024K, 2 young (2048K), 2 survivors (2048K)
 Metaspace       used 6733K, capacity 6921K, committed 7168K, reserved 1056768K
  class space    used 582K, capacity 650K, committed 768K, reserved 1048576K
}
Event: 1.251 GC heap before
{Heap before GC invocations=1 (full 0):
 garbage-first heap   total 196608K, used 19253K [0x0000000080000000, 0x0000000100000000)
  region size 1024K, 13 young (13312K), 2 survivors (2048K)
 Metaspace       used 9809K, capacity 9986K, committed 10112K, reserved 1058816K
  class space    used 1021K, capacity 1102K, committed 1152K, reserved 1048576K
}
Event: 1.254 GC heap after
{Heap after GC invocations=2 (full 0):
 garbage-first heap   total 196608K, used 9208K [0x0000000080000000, 0x0000000100000000)
  region size 1024K, 2 young (2048K), 2 survivors (2048K)
 Metaspace       used 9809K, capacity 9986K, committed 10112K, reserved 1058816K
  class space    used 1021K, capacity 1102K, committed 1152K, reserved 1048576K
}
Event: 2.086 GC heap before
{Heap before GC invocations=2 (full 0):
 garbage-first heap   total 196608K, used 40952K [0x0000000080000000, 0x0000000100000000)
  region size 1024K, 33 young (33792K), 2 survivors (2048K)
 Metaspace       used 10805K, capacity 11067K, committed 11264K, reserved 1058816K
  class space    used 1124K, capacity 1206K, committed 1280K, reserved 1048576K
}
Event: 2.091 GC heap after
{Heap after GC invocations=3 (full 0):
 garbage-first heap   total 196608K, used 12075K [0x0000000080000000, 0x0000000100000000)
  region size 1024K, 4 young (4096K), 4 survivors (4096K)
 Metaspace       used 10805K, capacity 11067K, committed 11264K, reserved 1058816K
  class space    used 1124K, capacity 1206K, committed 1280K, reserved 1048576K
}
Event: 5.451 GC heap before
{Heap before GC invocations=3 (full 0):
 garbage-first heap   total 196608K, used 75563K [0x0000000080000000, 0x0000000100000000)
  region size 1024K, 67 young (68608K), 4 survivors (4096K)
 Metaspace       used 20608K, capacity 21085K, committed 21248K, reserved 1067008K
  class space    used 2512K, capacity 2699K, committed 2816K, reserved 1048576K
}
Event: 5.461 GC heap after
{Heap after GC invocations=4 (full 0):
 garbage-first heap   total 196608K, used 16807K [0x0000000080000000, 0x0000000100000000)
  region size 1024K, 9 young (9216K), 9 survivors (9216K)
 Metaspace       used 20608K, capacity 21085K, committed 21248K, reserved 1067008K
  class space    used 2512K, capacity 2699K, committed 2816K, reserved 1048576K
}
Event: 7.336 GC heap before
{Heap before GC invocations=5 (full 0):
 garbage-first heap   total 196608K, used 101799K [0x0000000080000000, 0x0000000100000000)
  region size 1024K, 83 young (84992K), 9 survivors (9216K)
 Metaspace       used 27688K, capacity 28548K, committed 28672K, reserved 1073152K
  class space    used 3677K, capacity 3999K, committed 4096K, reserved 1048576K
}
Event: 7.350 GC heap after
{Heap after GC invocations=6 (full 0):
 garbage-first heap   total 196608K, used 31833K [0x0000000080000000, 0x0000000100000000)
  region size 1024K, 10 young (10240K), 10 survivors (10240K)
 Metaspace       used 27688K, capacity 28548K, committed 28672K, reserved 1073152K
  class space    used 3677K, capacity 3999K, committed 4096K, reserved 1048576K
}

Deoptimization events (20 events):
Event: 6.845 Thread 0x0000019a926ba800 Uncommon trap: trap_request=0xffffffc6 fr.pc=0x0000019a87bad478 relative=0x0000000000003438
Event: 6.845 Thread 0x0000019a926ba800 Uncommon trap: reason=bimorphic_or_optimized_type_check action=maybe_recompile pc=0x0000019a87bad478 method=java.lang.ClassLoader.loadClass(Ljava/lang/String;Z)Ljava/lang/Class; @ 38 c2
Event: 6.845 Thread 0x0000019a926ba800 DEOPT PACKING pc=0x0000019a87bad478 sp=0x0000007bbe1fa350
Event: 6.845 Thread 0x0000019a926ba800 DEOPT UNPACKING pc=0x0000019a800278af sp=0x0000007bbe1fa3b0 mode 2
Event: 6.852 Thread 0x0000019a926ba800 Uncommon trap: trap_request=0xffffff4d fr.pc=0x0000019a87bcef8c relative=0x0000000000005e8c
Event: 6.852 Thread 0x0000019a926ba800 Uncommon trap: reason=unstable_if action=reinterpret pc=0x0000019a87bcef8c method=java.net.URLClassLoader.getAndVerifyPackage(Ljava/lang/String;Ljava/util/jar/Manifest;Ljava/net/URL;)Ljava/lang/Package; @ 62 c2
Event: 6.852 Thread 0x0000019a926ba800 DEOPT PACKING pc=0x0000019a87bcef8c sp=0x0000007bbe1fa120
Event: 6.852 Thread 0x0000019a926ba800 DEOPT UNPACKING pc=0x0000019a800278af sp=0x0000007bbe1fa060 mode 2
Event: 6.876 Thread 0x0000019a926ba800 DEOPT PACKING pc=0x0000019a80804fda sp=0x0000007bbe1f6310
Event: 6.876 Thread 0x0000019a926ba800 DEOPT UNPACKING pc=0x0000019a800276ce sp=0x0000007bbe1f5798 mode 0
Event: 6.884 Thread 0x0000019a926ba800 Uncommon trap: trap_request=0xffffff4d fr.pc=0x0000019a87b38f54 relative=0x0000000000001994
Event: 6.884 Thread 0x0000019a926ba800 Uncommon trap: reason=unstable_if action=reinterpret pc=0x0000019a87b38f54 method=java.util.zip.ZipFile$Source.initCEN(ILjava/util/zip/ZipCoder;)V @ 582 c2
Event: 6.884 Thread 0x0000019a926ba800 DEOPT PACKING pc=0x0000019a87b38f54 sp=0x0000007bbe1f6350
Event: 6.884 Thread 0x0000019a926ba800 DEOPT UNPACKING pc=0x0000019a800278af sp=0x0000007bbe1f6338 mode 2
Event: 6.900 Thread 0x0000019a926ba800 DEOPT PACKING pc=0x0000019a80a6d3aa sp=0x0000007bbe1f5270
Event: 6.900 Thread 0x0000019a926ba800 DEOPT UNPACKING pc=0x0000019a800276ce sp=0x0000007bbe1f4860 mode 0
Event: 6.958 Thread 0x0000019a926ba800 DEOPT PACKING pc=0x0000019a80a6d3aa sp=0x0000007bbe1f5270
Event: 6.958 Thread 0x0000019a926ba800 DEOPT UNPACKING pc=0x0000019a800276ce sp=0x0000007bbe1f4860 mode 0
Event: 6.970 Thread 0x0000019a926ba800 DEOPT PACKING pc=0x0000019a80905691 sp=0x0000007bbe1f98b0
Event: 6.970 Thread 0x0000019a926ba800 DEOPT UNPACKING pc=0x0000019a800276ce sp=0x0000007bbe1f8d28 mode 0

Classes redefined (0 events):
No events

Internal exceptions (20 events):
Event: 6.982 Thread 0x0000019a926ba800 Exception <a 'java/lang/NoSuchMethodError'{0x00000000889725a8}: <clinit>> (0x00000000889725a8) thrown at [./src/hotspot/share/prims/jni.cpp, line 1362]
Event: 6.989 Thread 0x0000019a926ba800 Exception <a 'java/lang/NoSuchMethodError'{0x00000000889a0d30}: <clinit>> (0x00000000889a0d30) thrown at [./src/hotspot/share/prims/jni.cpp, line 1362]
Event: 6.993 Thread 0x0000019a926ba800 Exception <a 'java/lang/NoSuchMethodError'{0x00000000889bf108}: <clinit>> (0x00000000889bf108) thrown at [./src/hotspot/share/prims/jni.cpp, line 1362]
Event: 6.994 Thread 0x0000019a926ba800 Exception <a 'java/lang/NoSuchMethodError'{0x00000000889c8de0}: <clinit>> (0x00000000889c8de0) thrown at [./src/hotspot/share/prims/jni.cpp, line 1362]
Event: 6.995 Thread 0x0000019a926ba800 Exception <a 'java/lang/NoSuchMethodError'{0x00000000889d2b68}: <clinit>> (0x00000000889d2b68) thrown at [./src/hotspot/share/prims/jni.cpp, line 1362]
Event: 6.997 Thread 0x0000019a926ba800 Exception <a 'java/lang/NoSuchMethodError'{0x00000000889dc208}: <clinit>> (0x00000000889dc208) thrown at [./src/hotspot/share/prims/jni.cpp, line 1362]
Event: 7.019 Thread 0x0000019a926ba800 Exception <a 'java/lang/NoSuchMethodError'{0x000000008888f940}: <clinit>> (0x000000008888f940) thrown at [./src/hotspot/share/prims/jni.cpp, line 1362]
Event: 7.020 Thread 0x0000019a926ba800 Exception <a 'java/lang/NoSuchMethodError'{0x0000000088892378}: <clinit>> (0x0000000088892378) thrown at [./src/hotspot/share/prims/jni.cpp, line 1362]
Event: 7.020 Thread 0x0000019a926ba800 Exception <a 'java/lang/NoSuchMethodError'{0x0000000088893980}: <clinit>> (0x0000000088893980) thrown at [./src/hotspot/share/prims/jni.cpp, line 1362]
Event: 7.020 Thread 0x0000019a926ba800 Exception <a 'java/lang/NoSuchMethodError'{0x0000000088894f18}: <clinit>> (0x0000000088894f18) thrown at [./src/hotspot/share/prims/jni.cpp, line 1362]
Event: 7.020 Thread 0x0000019a926ba800 Exception <a 'java/lang/NoSuchMethodError'{0x0000000088896678}: <clinit>> (0x0000000088896678) thrown at [./src/hotspot/share/prims/jni.cpp, line 1362]
Event: 7.020 Thread 0x0000019a926ba800 Exception <a 'java/lang/NoSuchMethodError'{0x0000000088897d10}: <clinit>> (0x0000000088897d10) thrown at [./src/hotspot/share/prims/jni.cpp, line 1362]
Event: 7.020 Thread 0x0000019a926ba800 Exception <a 'java/lang/NoSuchMethodError'{0x0000000088899248}: <clinit>> (0x0000000088899248) thrown at [./src/hotspot/share/prims/jni.cpp, line 1362]
Event: 7.221 Thread 0x0000019a926ba800 Exception <a 'java/lang/NoSuchMethodError'{0x0000000087d00d78}: 'java.lang.Object java.lang.invoke.DirectMethodHandle$Holder.invokeSpecialIFC(java.lang.Object, java.lang.Object, java.lang.Object, java.lang.Object)'> (0x0000000087d00d78) thrown at [./src/hotspot/share/interpreter/linkResolver.cpp, line 773]
Event: 7.232 Thread 0x0000019a926ba800 Exception <a 'java/lang/NoSuchMethodError'{0x0000000087dd6a30}: 'java.lang.Object java.lang.invoke.DirectMethodHandle$Holder.invokeSpecial(java.lang.Object, java.lang.Object, java.lang.Object, java.lang.Object, java.lang.Object, java.lang.Object, java.lang.Object, java.lang.Object, java.lang.Object, java.lang.Object, java.lang.Object, java.lang.Object, java.lang.Object)'> (0x0000000087dd6a30) thrown at [./src/hotspot/share/interpreter/linkResolver.cpp, line 773]
Event: 7.233 Thread 0x0000019a926ba800 Exception <a 'java/lang/NoSuchMethodError'{0x0000000087de7cb8}: 'java.lang.Object java.lang.invoke.DirectMethodHandle$Holder.invokeSpecial(java.lang.Object, java.lang.Object, java.lang.Object, java.lang.Object, java.lang.Object, java.lang.Object, java.lang.Object, java.lang.Object, java.lang.Object, java.lang.Object, java.lang.Object, java.lang.Object)'> (0x0000000087de7cb8) thrown at [./src/hotspot/share/interpreter/linkResolver.cpp, line 773]
Event: 7.234 Thread 0x0000019a926ba800 Exception <a 'java/lang/NoSuchMethodError'{0x0000000087decde0}: 'java.lang.Object java.lang.invoke.Invokers$Holder.linkToTargetMethod(java.lang.Object, java.lang.Object, java.lang.Object, java.lang.Object, java.lang.Object, java.lang.Object, java.lang.Object, java.lang.Object, java.lang.Object, java.lang.Object, java.lang.Object)'> (0x0000000087decde0) thrown at [./src/hotspot/share/interpreter/linkResolver.cpp, line 773]
Event: 7.251 Thread 0x0000019a926ba800 Exception <a 'java/lang/NoSuchMethodError'{0x0000000087224dc8}: 'java.lang.Object java.lang.invoke.DirectMethodHandle$Holder.invokeSpecial(java.lang.Object, java.lang.Object, java.lang.Object, java.lang.Object, java.lang.Object, java.lang.Object, java.lang.Object, java.lang.Object, java.lang.Object, java.lang.Object, java.lang.Object, java.lang.Object, java.lang.Object, java.lang.Object)'> (0x0000000087224dc8) thrown at [./src/hotspot/share/interpreter/linkResolver.cpp, line 773]
Event: 7.252 Thread 0x0000019a926ba800 Exception <a 'java/lang/NoSuchMethodError'{0x00000000872363c0}: 'java.lang.Object java.lang.invoke.Invokers$Holder.linkToTargetMethod(java.lang.Object, java.lang.Object, java.lang.Object, java.lang.Object, java.lang.Object, java.lang.Object, java.lang.Object, java.lang.Object, java.lang.Object, java.lang.Object, java.lang.Object, java.lang.Object)'> (0x00000000872363c0) thrown at [./src/hotspot/share/interpreter/linkResolver.cpp, line 773]
Event: 7.261 Thread 0x0000019a926ba800 Exception <a 'java/lang/NoSuchMethodError'{0x00000000872c3b00}: 'java.lang.Object java.lang.invoke.DirectMethodHandle$Holder.invokeStaticInit(java.lang.Object, java.lang.Object, java.lang.Object, java.lang.Object)'> (0x00000000872c3b00) thrown at [./src/hotspot/share/interpreter/linkResolver.cpp, line 773]

Events (20 events):
Event: 7.390 loading class org/gradle/api/artifacts/repositories/FlatDirectoryArtifactRepository
Event: 7.390 loading class org/gradle/api/artifacts/repositories/FlatDirectoryArtifactRepository done
Event: 7.391 loading class org/gradle/api/artifacts/repositories/MavenArtifactRepository
Event: 7.391 loading class org/gradle/api/artifacts/repositories/MavenArtifactRepository done
Event: 7.391 loading class org/gradle/api/artifacts/repositories/UrlArtifactRepository
Event: 7.391 loading class org/gradle/api/artifacts/repositories/UrlArtifactRepository done
Event: 7.391 loading class org/gradle/api/artifacts/repositories/AuthenticationSupported
Event: 7.391 loading class org/gradle/api/artifacts/repositories/AuthenticationSupported done
Event: 7.391 loading class org/gradle/api/artifacts/repositories/MetadataSupplierAware
Event: 7.391 loading class org/gradle/api/artifacts/repositories/MetadataSupplierAware done
Event: 7.392 loading class org/gradle/api/artifacts/repositories/IvyArtifactRepository
Event: 7.392 loading class org/gradle/api/artifacts/repositories/IvyArtifactRepository done
Event: 7.392 loading class org/gradle/api/artifacts/repositories/RepositoryContentDescriptor
Event: 7.392 loading class org/gradle/api/artifacts/repositories/RepositoryContentDescriptor done
Event: 7.392 loading class org/gradle/api/artifacts/repositories/InclusiveRepositoryContentDescriptor
Event: 7.392 loading class org/gradle/api/artifacts/repositories/InclusiveRepositoryContentDescriptor done
Event: 7.393 loading class org/gradle/api/internal/collections/CollectionFilter
Event: 7.393 loading class org/gradle/api/internal/collections/CollectionFilter done
Event: 7.394 loading class org/gradle/api/internal/DefaultNamedDomainObjectCollection$ContainerElementsDynamicObject
Event: 7.394 loading class org/gradle/api/internal/DefaultNamedDomainObjectCollection$ContainerElementsDynamicObject done


Dynamic libraries:
0x00007ff666380000 - 0x00007ff66638a000 	C:\Program Files\Android\Android Studio\jre\bin\java.exe
0x00007ffe6cf30000 - 0x00007ffe6d125000 	C:\WINDOWS\SYSTEM32\ntdll.dll
0x00007ffe6c430000 - 0x00007ffe6c4ee000 	C:\WINDOWS\System32\KERNEL32.DLL
0x00007ffe6a640000 - 0x00007ffe6a908000 	C:\WINDOWS\System32\KERNELBASE.dll
0x00007ffe6abb0000 - 0x00007ffe6acb0000 	C:\WINDOWS\System32\ucrtbase.dll
0x00007ffe5a350000 - 0x00007ffe5a369000 	C:\Program Files\Android\Android Studio\jre\bin\jli.dll
0x00007ffe46f30000 - 0x00007ffe46f47000 	C:\Program Files\Android\Android Studio\jre\bin\VCRUNTIME140.dll
0x00007ffe6c4f0000 - 0x00007ffe6c691000 	C:\WINDOWS\System32\USER32.dll
0x00007ffe6a610000 - 0x00007ffe6a632000 	C:\WINDOWS\System32\win32u.dll
0x00007ffe6c8d0000 - 0x00007ffe6c8fb000 	C:\WINDOWS\System32\GDI32.dll
0x00007ffe699b0000 - 0x00007ffe69c4a000 	C:\WINDOWS\WinSxS\amd64_microsoft.windows.common-controls_6595b64144ccf1df_6.0.19041.1110_none_60b5254171f9507e\COMCTL32.dll
0x00007ffe6a9a0000 - 0x00007ffe6aaad000 	C:\WINDOWS\System32\gdi32full.dll
0x00007ffe6aab0000 - 0x00007ffe6ab4d000 	C:\WINDOWS\System32\msvcp_win.dll
0x00007ffe6c0a0000 - 0x00007ffe6c13e000 	C:\WINDOWS\System32\msvcrt.dll
0x00007ffe6c3a0000 - 0x00007ffe6c3d0000 	C:\WINDOWS\System32\IMM32.DLL
0x00007ffdfbc70000 - 0x00007ffdfbd0d000 	C:\Program Files\Android\Android Studio\jre\bin\msvcp140.dll
0x00007ffdf8160000 - 0x00007ffdf8c2f000 	C:\Program Files\Android\Android Studio\jre\bin\server\jvm.dll
0x00007ffe6cd60000 - 0x00007ffe6ce0c000 	C:\WINDOWS\System32\ADVAPI32.dll
0x00007ffe6b070000 - 0x00007ffe6b10b000 	C:\WINDOWS\System32\sechost.dll
0x00007ffe6c270000 - 0x00007ffe6c39a000 	C:\WINDOWS\System32\RPCRT4.dll
0x00007ffe6bdb0000 - 0x00007ffe6bdb8000 	C:\WINDOWS\System32\PSAPI.DLL
0x00007ffe5bf10000 - 0x00007ffe5bf19000 	C:\WINDOWS\SYSTEM32\WSOCK32.dll
0x00007ffe60690000 - 0x00007ffe606b7000 	C:\WINDOWS\SYSTEM32\WINMM.dll
0x00007ffe5fd10000 - 0x00007ffe5fd1a000 	C:\WINDOWS\SYSTEM32\VERSION.dll
0x00007ffe6ccf0000 - 0x00007ffe6cd5b000 	C:\WINDOWS\System32\WS2_32.dll
0x00007ffe689b0000 - 0x00007ffe689c2000 	C:\WINDOWS\SYSTEM32\kernel.appcore.dll
0x00007ffe5dab0000 - 0x00007ffe5dac1000 	C:\Program Files\Android\Android Studio\jre\bin\verify.dll
0x00007ffe6a090000 - 0x00007ffe6a274000 	C:\WINDOWS\SYSTEM32\DBGHELP.DLL
0x00007ffe69d60000 - 0x00007ffe69d8c000 	C:\WINDOWS\SYSTEM32\dbgcore.DLL
0x00007ffe6a910000 - 0x00007ffe6a992000 	C:\WINDOWS\System32\bcryptPrimitives.dll
0x00007ffe5aad0000 - 0x00007ffe5aaf9000 	C:\Program Files\Android\Android Studio\jre\bin\java.dll
0x00007ffe63440000 - 0x00007ffe6344b000 	C:\Program Files\Android\Android Studio\jre\bin\jimage.dll
0x00007ffe5d350000 - 0x00007ffe5d368000 	C:\Program Files\Android\Android Studio\jre\bin\zip.dll
0x00007ffe6b650000 - 0x00007ffe6bd94000 	C:\WINDOWS\System32\SHELL32.dll
0x00007ffe67b00000 - 0x00007ffe68294000 	C:\WINDOWS\SYSTEM32\windows.storage.dll
0x00007ffe6c900000 - 0x00007ffe6cc55000 	C:\WINDOWS\System32\combase.dll
0x00007ffe69910000 - 0x00007ffe6993e000 	C:\WINDOWS\SYSTEM32\Wldp.dll
0x00007ffe6ce10000 - 0x00007ffe6cebd000 	C:\WINDOWS\System32\SHCORE.dll
0x00007ffe6bdc0000 - 0x00007ffe6be15000 	C:\WINDOWS\System32\shlwapi.dll
0x00007ffe6a550000 - 0x00007ffe6a56f000 	C:\WINDOWS\SYSTEM32\profapi.dll
0x00007ffe5a4b0000 - 0x00007ffe5a4ca000 	C:\Program Files\Android\Android Studio\jre\bin\net.dll
0x00007ffe5f570000 - 0x00007ffe5f67c000 	C:\WINDOWS\SYSTEM32\WINHTTP.dll
0x00007ffe697e0000 - 0x00007ffe6984a000 	C:\WINDOWS\system32\mswsock.dll
0x00007ffe5a490000 - 0x00007ffe5a4a4000 	C:\Program Files\Android\Android Studio\jre\bin\nio.dll
0x00007ffe5a3f0000 - 0x00007ffe5a417000 	C:\Users\smith\.gradle\native\8bec1ad78214c89d9ad589b4d07fe93259594b29d510b10fafb7a158f7737e5d\windows-amd64\native-platform.dll
0x00007ffe0cdd0000 - 0x00007ffe0cf0d000 	C:\Users\smith\.gradle\native\53dbd7edfb1c66fb8903c78663c9afc45aea4f116125fa6feffd364cf09443e8\windows-amd64\native-platform-file-events.dll
0x00007ffe63420000 - 0x00007ffe6342a000 	C:\Program Files\Android\Android Studio\jre\bin\management.dll
0x00007ffe60260000 - 0x00007ffe6026c000 	C:\Program Files\Android\Android Studio\jre\bin\management_ext.dll
0x00007ffe6a2c0000 - 0x00007ffe6a2d8000 	C:\WINDOWS\SYSTEM32\CRYPTSP.dll
0x00007ffe69010000 - 0x00007ffe69044000 	C:\WINDOWS\system32\rsaenh.dll
0x00007ffe6af10000 - 0x00007ffe6af37000 	C:\WINDOWS\System32\bcrypt.dll
0x00007ffe6a4d0000 - 0x00007ffe6a4fe000 	C:\WINDOWS\SYSTEM32\USERENV.dll
0x00007ffe69750000 - 0x00007ffe6975c000 	C:\WINDOWS\SYSTEM32\CRYPTBASE.dll
0x00007ffe69360000 - 0x00007ffe6939b000 	C:\WINDOWS\SYSTEM32\IPHLPAPI.DLL
0x00007ffe6bda0000 - 0x00007ffe6bda8000 	C:\WINDOWS\System32\NSI.dll
0x00007ffe67810000 - 0x00007ffe67827000 	C:\WINDOWS\SYSTEM32\dhcpcsvc6.DLL
0x00007ffe646b0000 - 0x00007ffe646cd000 	C:\WINDOWS\SYSTEM32\dhcpcsvc.DLL
0x00007ffe693a0000 - 0x00007ffe6946b000 	C:\WINDOWS\SYSTEM32\DNSAPI.dll

dbghelp: loaded successfully - version: 4.0.5 - missing functions: none
symbol engine: initialized successfully - sym options: 0x614 - pdb path: .;C:\Program Files\Android\Android Studio\jre\bin;C:\WINDOWS\SYSTEM32;C:\WINDOWS\WinSxS\amd64_microsoft.windows.common-controls_6595b64144ccf1df_6.0.19041.1110_none_60b5254171f9507e;C:\Program Files\Android\Android Studio\jre\bin\server;C:\Users\smith\.gradle\native\8bec1ad78214c89d9ad589b4d07fe93259594b29d510b10fafb7a158f7737e5d\windows-amd64;C:\Users\smith\.gradle\native\53dbd7edfb1c66fb8903c78663c9afc45aea4f116125fa6feffd364cf09443e8\windows-amd64

VM Arguments:
jvm_args: --add-opens=java.base/java.util=ALL-UNNAMED --add-opens=java.base/java.lang=ALL-UNNAMED --add-opens=java.base/java.lang.invoke=ALL-UNNAMED --add-opens=java.base/java.util=ALL-UNNAMED --add-opens=java.prefs/java.util.prefs=ALL-UNNAMED --add-opens=java.prefs/java.util.prefs=ALL-UNNAMED --add-opens=java.base/java.nio.charset=ALL-UNNAMED --add-opens=java.base/java.net=ALL-UNNAMED --add-opens=java.base/java.util.concurrent.atomic=ALL-UNNAMED -Xmx2048m -Dfile.encoding=UTF-8 -Duser.country=US -Duser.language=en -Duser.variant 
java_command: org.gradle.launcher.daemon.bootstrap.GradleDaemon 7.0.2
java_class_path (initial): C:\Users\smith\.gradle\wrapper\dists\gradle-7.0.2-bin\857tjihv64xamwrf0h14cai3r\gradle-7.0.2\lib\gradle-launcher-7.0.2.jar
Launcher Type: SUN_STANDARD

[Global flags]
     intx CICompilerCount                          = 3                                         {product} {ergonomic}
     uint ConcGCThreads                            = 1                                         {product} {ergonomic}
     uint G1ConcRefinementThreads                  = 4                                         {product} {ergonomic}
   size_t G1HeapRegionSize                         = 1048576                                   {product} {ergonomic}
    uintx GCDrainStackTargetSize                   = 64                                        {product} {ergonomic}
   size_t InitialHeapSize                          = 201326592                                 {product} {ergonomic}
   size_t MarkStackSize                            = 4194304                                   {product} {ergonomic}
   size_t MaxHeapSize                              = 2147483648                                {product} {command line}
   size_t MaxNewSize                               = 1287651328                                {product} {ergonomic}
   size_t MinHeapDeltaBytes                        = 1048576                                   {product} {ergonomic}
    uintx NonNMethodCodeHeapSize                   = 5830732                                {pd product} {ergonomic}
    uintx NonProfiledCodeHeapSize                  = 122913754                              {pd product} {ergonomic}
    uintx ProfiledCodeHeapSize                     = 122913754                              {pd product} {ergonomic}
    uintx ReservedCodeCacheSize                    = 251658240                              {pd product} {ergonomic}
     bool SegmentedCodeCache                       = true                                      {product} {ergonomic}
     bool UseCompressedClassPointers               = true                                 {lp64_product} {ergonomic}
     bool UseCompressedOops                        = true                                 {lp64_product} {ergonomic}
     bool UseG1GC                                  = true                                      {product} {ergonomic}
     bool UseLargePagesIndividualAllocation        = false                                  {pd product} {ergonomic}

Logging:
Log output configuration:
 #0: stdout all=warning uptime,level,tags
 #1: stderr all=off uptime,level,tags

Environment Variables:
PATH=C:\WINDOWS\system32;C:\WINDOWS;C:\WINDOWS\System32\Wbem;C:\WINDOWS\System32\WindowsPowerShell\v1.0\;C:\WINDOWS\System32\OpenSSH\;C:\Users\smith\AppData\Local\Microsoft\WindowsApps;;C:\Users\smith\AppData\Local\Programs\Microsoft VS Code\bin
USERNAME=Billionaire Smith
OS=Windows_NT
PROCESSOR_IDENTIFIER=Intel64 Family 6 Model 78 Stepping 3, GenuineIntel



---------------  S Y S T E M  ---------------

OS: Windows 10 , 64 bit Build 19041 (10.0.19041.1348)
OS uptime: 0 days 2:03 hours

CPU:total 4 (initial active 4) (2 cores per cpu, 2 threads per core) family 6 model 78 stepping 3 microcode 0xcc, cmov, cx8, fxsr, mmx, sse, sse2, sse3, ssse3, sse4.1, sse4.2, popcnt, avx, avx2, aes, clmul, erms, 3dnowpref, lzcnt, ht, tsc, tscinvbit, bmi1, bmi2, adx, fma

Memory: 4k page, system-wide physical 12184M (5088M free)
TotalPageFile size 15256M (AvailPageFile size 6769M)
current process WorkingSet (physical memory assigned to process): 246M, peak: 250M
current process commit charge ("private bytes"): 357M, peak: 362M

vm_info: OpenJDK 64-Bit Server VM (11.0.10+0-b96-7249189) for windows-amd64 JRE (11.0.10+0-b96-7249189), built on Mar 31 2021 21:44:00 by "builder" with MS VC++ 14.0 (VS2015)

END.
