#
# A fatal error has been detected by the Java Runtime Environment:
#
#  EXCEPTION_ACCESS_VIOLATION (0xc0000005) at pc=0x00007ffd293a8a26, pid=9344, tid=6424
#
# JRE version: OpenJDK Runtime Environment (11.0.10) (build 11.0.10+0-b96-7249189)
# Java VM: OpenJDK 64-Bit Server VM (11.0.10+0-b96-7249189, mixed mode, tiered, compressed oops, g1 gc, windows-amd64)
# Problematic frame:
# V  [jvm.dll+0x198a26]
#
# No core dump will be written. Minidumps are not enabled by default on client versions of Windows
#
# If you would like to submit a bug report, please visit:
#   https://bugreport.java.com/bugreport/crash.jsp
#

---------------  S U M M A R Y ------------

Command Line: --add-opens=java.base/java.util=ALL-UNNAMED --add-opens=java.base/java.lang=ALL-UNNAMED --add-opens=java.base/java.lang.invoke=ALL-UNNAMED --add-opens=java.base/java.util=ALL-UNNAMED --add-opens=java.prefs/java.util.prefs=ALL-UNNAMED --add-opens=java.prefs/java.util.prefs=ALL-UNNAMED --add-opens=java.base/java.nio.charset=ALL-UNNAMED --add-opens=java.base/java.net=ALL-UNNAMED --add-opens=java.base/java.util.concurrent.atomic=ALL-UNNAMED -Xmx2048m -Dfile.encoding=UTF-8 -Duser.country=US -Duser.language=en -Duser.variant org.gradle.launcher.daemon.bootstrap.GradleDaemon 7.0.2

Host: Intel(R) Core(TM) i5-6200U CPU @ 2.30GHz, 4 cores, 11G,  Windows 10 , 64 bit Build 19041 (10.0.19041.1202)
Time: Mon Nov 22 01:22:58 2021 E. Africa Standard Time elapsed time: 667.024160 seconds (0d 0h 11m 7s)

---------------  T H R E A D  ---------------

Current thread (0x0000015a4ce4f000):  JavaThread "C2 CompilerThread0" daemon [_thread_in_native, id=6424, stack(0x0000001fef700000,0x0000001fef800000)]


Current CompileTask:
C2: 667024 19368       4       org.gradle.internal.fingerprint.impl.RelativePathFingerprintingStrategy::lambda$collectFingerprints$0 (119 bytes)

Stack: [0x0000001fef700000,0x0000001fef800000],  sp=0x0000001fef7fbf30,  free space=1007k
Native frames: (J=compiled Java code, j=interpreted, Vv=VM code, C=native code)
V  [jvm.dll+0x198a26]
V  [jvm.dll+0x1980a7]
V  [jvm.dll+0x1fb70e]
V  [jvm.dll+0x1fa7f4]
V  [jvm.dll+0x18354c]
V  [jvm.dll+0x208ee7]
V  [jvm.dll+0x207731]
V  [jvm.dll+0x6eb1cf]
V  [jvm.dll+0x6e3d45]
V  [jvm.dll+0x5ebe96]
C  [ucrtbase.dll+0x21bb2]
C  [KERNEL32.DLL+0x17034]
C  [ntdll.dll+0x52651]


siginfo: EXCEPTION_ACCESS_VIOLATION (0xc0000005), writing address 0x000001aa5c1ddabc


Register to memory mapping:

RIP=0x00007ffd293a8a26 jvm.dll
RAX=0x0000001fef7fc180 is pointing into the stack for thread: 0x0000015a4ce4f000
RBX=0x0000001fef7fc520 is pointing into the stack for thread: 0x0000015a4ce4f000
RCX=0x0000015a5c182050 points into unknown readable memory: 0x0000000000000000 | 00 00 00 00 00 00 00 00
RDX=0x000000500005ba40 is an unknown value
RSP=0x0000001fef7fbf30 is pointing into the stack for thread: 0x0000015a4ce4f000
RBP=0x00007ffd29210000 jvm.dll
RSI=0x0000001fef7fc608 is pointing into the stack for thread: 0x0000015a4ce4f000
RDI=0x0000000000000933 is an unknown value
R8 =0x0000000000000934 is an unknown value
R9 =0x0000015a5c1dde50 points into unknown readable memory: 0x3f36a0f9a6210528 | 28 05 21 a6 f9 a0 36 3f
R10=0x0000000000000930 is an unknown value
R11=0x0000015a5c182050 points into unknown readable memory: 0x0000000000000000 | 00 00 00 00 00 00 00 00
R12=0x00000000000003d8 is an unknown value
R13=0x0000000000000008 is an unknown value
R14=0x0 is NULL
R15=0x0000015a4eaaba90 points into unknown readable memory: 0x0000015a5c00e040 | 40 e0 00 5c 5a 01 00 00


Registers:
RAX=0x0000001fef7fc180, RBX=0x0000001fef7fc520, RCX=0x0000015a5c182050, RDX=0x000000500005ba40
RSP=0x0000001fef7fbf30, RBP=0x00007ffd29210000, RSI=0x0000001fef7fc608, RDI=0x0000000000000933
R8 =0x0000000000000934, R9 =0x0000015a5c1dde50, R10=0x0000000000000930, R11=0x0000015a5c182050
R12=0x00000000000003d8, R13=0x0000000000000008, R14=0x0000000000000000, R15=0x0000015a4eaaba90
RIP=0x00007ffd293a8a26, EFLAGS=0x0000000000010202

Top of Stack: (sp=0x0000001fef7fbf30)
0x0000001fef7fbf30:   0000001fef7fc520 00007ffd29210000
0x0000001fef7fbf40:   0000001fef7fc608 0000000000135380
0x0000001fef7fbf50:   0000093500000000 0000015a00000002
0x0000001fef7fbf60:   0000015a57368380 0000001f0000000a
0x0000001fef7fbf70:   0000015a53fb0c40 00007ffd00000024
0x0000001fef7fbf80:   0000015a5c06a030 0000001fef7fc0f0
0x0000001fef7fbf90:   0000015a57769570 00007ffd2931fa31
0x0000001fef7fbfa0:   0000000000135380 00007ffd29568676
0x0000001fef7fbfb0:   0000000000000000 0000000000000000
0x0000001fef7fbfc0:   0000000000000000 0000000000000000
0x0000001fef7fbfd0:   0000015a57259bb0 0000015a57259b00
0x0000001fef7fbfe0:   00007ffd29a0ca80 00007ffd29a0ca90
0x0000001fef7fbff0:   0000000000000000 0000000000000000
0x0000001fef7fc000:   0000000000000000 00007ffd29a0ca90
0x0000001fef7fc010:   0000015a4eaaba00 0000000000000003
0x0000001fef7fc020:   0000000000000000 0000000000000000 

Instructions: (pc=0x00007ffd293a8a26)
0x00007ffd293a8926:   20 89 7c 0a 20 eb 96 48 8b 4b 70 8b d7 e8 98 ae
0x00007ffd293a8936:   1b 00 48 8b d0 48 8d 4c 24 20 e8 8b f3 1b 00 44
0x00007ffd293a8946:   8b 44 24 20 66 0f 1f 44 00 00 45 85 c0 74 45 44
0x00007ffd293a8956:   8b 4c 24 24 41 f6 c0 1f 75 0e 41 c1 e8 05 41 83
0x00007ffd293a8966:   c1 05 41 f6 c0 1f 74 f2 41 8b d0 83 e2 1f 0f b6
0x00007ffd293a8976:   8c 2a 40 cd 82 00 44 0f b6 94 2a 20 cd 82 00 41
0x00007ffd293a8986:   d3 e8 44 89 44 24 20 45 03 d1 41 8d 04 09 89 44
0x00007ffd293a8996:   24 24 eb 12 48 8d 4c 24 20 e8 7c f3 1b 00 44 8b
0x00007ffd293a89a6:   44 24 20 44 8b d0 45 85 d2 0f 84 7b fe ff ff 48
0x00007ffd293a89b6:   8b 4b 70 4c 8b 59 20 41 8b ca 4c 8d 0c 89 49 c1
0x00007ffd293a89c6:   e1 05 4d 03 cb 41 0f b7 81 94 00 00 00 41 8b 89
0x00007ffd293a89d6:   90 00 00 00 2b c8 41 39 49 34 0f 85 6a ff ff ff
0x00007ffd293a89e6:   41 f6 81 98 00 00 00 80 0f 85 5c ff ff ff 45 8b
0x00007ffd293a89f6:   41 2c 41 8b 51 28 45 85 c0 74 0f 4b 8d 0c 80 48
0x00007ffd293a8a06:   c1 e1 05 42 89 54 19 28 eb 06 89 93 c8 00 00 00
0x00007ffd293a8a16:   48 8b 43 70 48 8d 14 92 48 c1 e2 05 48 8b 48 20
0x00007ffd293a8a26:   44 89 44 0a 2c 8b 83 c0 00 00 00 41 89 41 28 44
0x00007ffd293a8a36:   89 93 c0 00 00 00 e9 04 ff ff ff 8b bb c8 00 00
0x00007ffd293a8a46:   00 85 ff 0f 84 04 02 00 00 4c 8b 4b 70 48 8d 0c
0x00007ffd293a8a56:   bf 48 c1 e1 05 49 8b 71 20 f2 0f 10 54 31 08 66
0x00007ffd293a8a66:   41 0f 2e d6 f2 0f 10 0c 31 0f 28 c2 f2 41 0f 59
0x00007ffd293a8a76:   c4 0f 28 e1 f2 41 0f 59 c5 f2 0f 5c e0 7a 07 75
0x00007ffd293a8a86:   05 0f 28 e7 eb 32 f6 84 31 98 00 00 00 10 74 07
0x00007ffd293a8a96:   f2 41 0f 58 e0 eb 21 f2 41 0f 59 d3 66 0f 2f ca
0x00007ffd293a8aa6:   72 07 f2 41 0f 58 e1 eb 0f f2 0f 58 c9 66 0f 2f
0x00007ffd293a8ab6:   ca 72 05 f2 41 0f 58 e2 44 8b 9c 31 98 00 00 00
0x00007ffd293a8ac6:   44 8b d7 f2 0f 10 6c 31 08 f2 0f 10 34 31 41 c1
0x00007ffd293a8ad6:   eb 05 41 80 e3 01 0f 1f 40 00 41 8b c2 4c 8d 04
0x00007ffd293a8ae6:   80 49 c1 e0 05 41 0f b7 84 30 94 00 00 00 41 8b
0x00007ffd293a8af6:   8c 30 90 00 00 00 2b c8 41 39 4c 30 34 0f 8e e1
0x00007ffd293a8b06:   00 00 00 f2 41 0f 10 5c 30 08 66 41 0f 2e de f2
0x00007ffd293a8b16:   41 0f 10 14 30 0f 28 c3 f2 41 0f 59 c4 0f 28 ca 


Stack slot to memory mapping:
stack at sp + 0 slots: 0x0000001fef7fc520 is pointing into the stack for thread: 0x0000015a4ce4f000
stack at sp + 1 slots: 0x00007ffd29210000 jvm.dll
stack at sp + 2 slots: 0x0000001fef7fc608 is pointing into the stack for thread: 0x0000015a4ce4f000
stack at sp + 3 slots: 0x0000000000135380 is an unknown value
stack at sp + 4 slots: 0x0000093500000000 is an unknown value
stack at sp + 5 slots: 0x0000015a00000002 is an unknown value
stack at sp + 6 slots: 0x0000015a57368380 points into unknown readable memory: 0x0001800000000000 | 00 00 00 00 00 80 01 00
stack at sp + 7 slots: 0x0000001f0000000a is an unknown value


---------------  P R O C E S S  ---------------

Threads class SMR info:
_java_thread_list=0x0000015a5a7f9fb0, length=54, elements={
0x0000015a30a3b800, 0x0000015a4cdf1800, 0x0000015a4cdf5000, 0x0000015a4ce44800,
0x0000015a4ce49000, 0x0000015a4ce4b000, 0x0000015a4ce4f000, 0x0000015a4c5e3800,
0x0000015a4c5e7800, 0x0000015a4cfa3000, 0x0000015a4d74d800, 0x0000015a4d035000,
0x0000015a4fa17800, 0x0000015a4f515800, 0x0000015a4f516800, 0x0000015a4f518000,
0x0000015a4f519000, 0x0000015a4f51a000, 0x0000015a52807000, 0x0000015a52808000,
0x0000015a5280a000, 0x0000015a52804800, 0x0000015a52810000, 0x0000015a52812800,
0x0000015a5280e800, 0x0000015a512b7000, 0x0000015a512b5800, 0x0000015a512ba800,
0x0000015a52805800, 0x0000015a5280c000, 0x0000015a52808800, 0x0000015a52813000,
0x0000015a52811800, 0x0000015a5280f000, 0x0000015a5280d800, 0x0000015a52811000,
0x0000015a512b6000, 0x0000015a512b3000, 0x0000015a512b8000, 0x0000015a512b4000,
0x0000015a512b4800, 0x0000015a512b2000, 0x0000015a512bd800, 0x0000015a512bd000,
0x0000015a512b8800, 0x0000015a512be800, 0x0000015a512bb000, 0x0000015a512bf000,
0x0000015a512b9800, 0x0000015a512c0000, 0x0000015a512bc000, 0x0000015a512c1000,
0x0000015a4f517800, 0x0000015a4f514000
}

Java Threads: ( => current thread )
  0x0000015a30a3b800 JavaThread "main" [_thread_blocked, id=2040, stack(0x0000001feeb00000,0x0000001feec00000)]
  0x0000015a4cdf1800 JavaThread "Reference Handler" daemon [_thread_blocked, id=1244, stack(0x0000001fef200000,0x0000001fef300000)]
  0x0000015a4cdf5000 JavaThread "Finalizer" daemon [_thread_blocked, id=10104, stack(0x0000001fef300000,0x0000001fef400000)]
  0x0000015a4ce44800 JavaThread "Signal Dispatcher" daemon [_thread_blocked, id=9624, stack(0x0000001fef400000,0x0000001fef500000)]
  0x0000015a4ce49000 JavaThread "Attach Listener" daemon [_thread_blocked, id=2408, stack(0x0000001fef500000,0x0000001fef600000)]
  0x0000015a4ce4b000 JavaThread "Service Thread" daemon [_thread_blocked, id=2924, stack(0x0000001fef600000,0x0000001fef700000)]
=>0x0000015a4ce4f000 JavaThread "C2 CompilerThread0" daemon [_thread_in_native, id=6424, stack(0x0000001fef700000,0x0000001fef800000)]
  0x0000015a4c5e3800 JavaThread "C1 CompilerThread0" daemon [_thread_blocked, id=2868, stack(0x0000001fef800000,0x0000001fef900000)]
  0x0000015a4c5e7800 JavaThread "Sweeper thread" daemon [_thread_blocked, id=5772, stack(0x0000001fef900000,0x0000001fefa00000)]
  0x0000015a4cfa3000 JavaThread "Common-Cleaner" daemon [_thread_blocked, id=8748, stack(0x0000001fefa00000,0x0000001fefb00000)]
  0x0000015a4d74d800 JavaThread "Daemon health stats" [_thread_blocked, id=10256, stack(0x0000001ff0000000,0x0000001ff0100000)]
  0x0000015a4d035000 JavaThread "Incoming local TCP Connector on port 49903" [_thread_in_native, id=9004, stack(0x0000001fefc00000,0x0000001fefd00000)]
  0x0000015a4fa17800 JavaThread "Daemon periodic checks" [_thread_blocked, id=9672, stack(0x0000001ff0100000,0x0000001ff0200000)]
  0x0000015a4f515800 JavaThread "Cache worker for file hash cache (C:\Users\user\.gradle\caches\7.0.2\fileHashes)" [_thread_blocked, id=10772, stack(0x0000001ff0900000,0x0000001ff0a00000)]
  0x0000015a4f516800 JavaThread "File lock request listener" [_thread_in_native, id=10768, stack(0x0000001ff0a00000,0x0000001ff0b00000)]
  0x0000015a4f518000 JavaThread "Cache worker for journal cache (C:\Users\user\.gradle\caches\journal-1)" [_thread_blocked, id=8860, stack(0x0000001ff0b00000,0x0000001ff0c00000)]
  0x0000015a4f519000 JavaThread "File watcher server" daemon [_thread_in_native, id=8960, stack(0x0000001ff0e00000,0x0000001ff0f00000)]
  0x0000015a4f51a000 JavaThread "File watcher consumer" daemon [_thread_blocked, id=10800, stack(0x0000001ff0f00000,0x0000001ff1000000)]
  0x0000015a52807000 JavaThread "Cache worker for execution history cache (C:\Users\user\.gradle\caches\7.0.2\executionHistory)" [_thread_blocked, id=10808, stack(0x0000001ff1300000,0x0000001ff1400000)]
  0x0000015a52808000 JavaThread "jar transforms" [_thread_blocked, id=11092, stack(0x0000001ff1400000,0x0000001ff1500000)]
  0x0000015a5280a000 JavaThread "jar transforms Thread 2" [_thread_blocked, id=2108, stack(0x0000001ff1500000,0x0000001ff1600000)]
  0x0000015a52804800 JavaThread "Cache worker for file content cache (C:\Users\user\.gradle\caches\7.0.2\fileContent)" [_thread_blocked, id=10152, stack(0x0000001ff1600000,0x0000001ff1700000)]
  0x0000015a52810000 JavaThread "jar transforms Thread 3" [_thread_blocked, id=4896, stack(0x0000001ff0c00000,0x0000001ff0d00000)]
  0x0000015a52812800 JavaThread "jar transforms Thread 4" [_thread_blocked, id=8640, stack(0x0000001ff1f00000,0x0000001ff2000000)]
  0x0000015a5280e800 JavaThread "Memory manager" [_thread_blocked, id=9676, stack(0x0000001fee800000,0x0000001fee900000)]
  0x0000015a512b7000 JavaThread "pool-3-thread-1" [_thread_blocked, id=9684, stack(0x0000001fee900000,0x0000001feea00000)]
  0x0000015a512b5800 JavaThread "Cache worker for Java compile cache (C:\Users\user\.gradle\caches\7.0.2\javaCompile)" [_thread_blocked, id=11156, stack(0x0000001ff2400000,0x0000001ff2500000)]
  0x0000015a512ba800 JavaThread "ForkJoinPool.commonPool-worker-3" daemon [_thread_blocked, id=2064, stack(0x0000001ff1d00000,0x0000001ff1e00000)]
  0x0000015a52805800 JavaThread "pool-7-thread-1" [_thread_blocked, id=5816, stack(0x0000001ff1800000,0x0000001ff1900000)]
  0x0000015a5280c000 JavaThread "Daemon Thread 3" [_thread_blocked, id=2076, stack(0x0000001feea00000,0x0000001feeb00000)]
  0x0000015a52808800 JavaThread "Handler for socket connection from /127.0.0.1:49903 to /127.0.0.1:50400" [_thread_in_native, id=6804, stack(0x0000001ff0200000,0x0000001ff0300000)]
  0x0000015a52813000 JavaThread "Cancel handler" [_thread_blocked, id=3024, stack(0x0000001ff0300000,0x0000001ff0400000)]
  0x0000015a52811800 JavaThread "Daemon worker Thread 3" [_thread_blocked, id=11228, stack(0x0000001ff0400000,0x0000001ff0500000)]
  0x0000015a5280f000 JavaThread "Asynchronous log dispatcher for DefaultDaemonConnection: socket connection from /127.0.0.1:49903 to /127.0.0.1:50400" [_thread_blocked, id=11212, stack(0x0000001ff0500000,0x0000001ff0600000)]
  0x0000015a5280d800 JavaThread "Stdin handler" [_thread_blocked, id=6944, stack(0x0000001ff0600000,0x0000001ff0700000)]
  0x0000015a52811000 JavaThread "Daemon client event forwarder" [_thread_blocked, id=8412, stack(0x0000001ff0700000,0x0000001ff0800000)]
  0x0000015a512b6000 JavaThread "Cache worker for file hash cache (C:\Users\user\AndroidStudioProjects\MyApplication\.gradle\7.0.2\fileHashes)" [_thread_blocked, id=10544, stack(0x0000001ff0800000,0x0000001ff0900000)]
  0x0000015a512b3000 JavaThread "Cache worker for checksums cache (C:\Users\user\AndroidStudioProjects\MyApplication\.gradle\checksums)" [_thread_blocked, id=10740, stack(0x0000001ff0d00000,0x0000001ff0e00000)]
  0x0000015a512b8000 JavaThread "Cache worker for cache directory md-supplier (C:\Users\user\.gradle\caches\7.0.2\md-supplier)" [_thread_blocked, id=10568, stack(0x0000001ff1000000,0x0000001ff1100000)]
  0x0000015a512b4000 JavaThread "Cache worker for cache directory md-rule (C:\Users\user\.gradle\caches\7.0.2\md-rule)" [_thread_blocked, id=9380, stack(0x0000001ff1100000,0x0000001ff1200000)]
  0x0000015a512b4800 JavaThread "Cache worker for dependencies-accessors (C:\Users\user\AndroidStudioProjects\MyApplication\.gradle\7.0.2\dependencies-accessors)" [_thread_blocked, id=7644, stack(0x0000001ff1200000,0x0000001ff1300000)]
  0x0000015a512b2000 JavaThread "Cache worker for Build Output Cleanup Cache (C:\Users\user\AndroidStudioProjects\MyApplication\.gradle\buildOutputCleanup)" [_thread_blocked, id=7904, stack(0x0000001ff1700000,0x0000001ff1800000)]
  0x0000015a512bd800 JavaThread "Build operations" [_thread_blocked, id=9584, stack(0x0000001ff1900000,0x0000001ff1a00000)]
  0x0000015a512bd000 JavaThread "Build operations Thread 2" [_thread_blocked, id=10468, stack(0x0000001ff1a00000,0x0000001ff1b00000)]
  0x0000015a512b8800 JavaThread "Build operations Thread 3" [_thread_blocked, id=9832, stack(0x0000001ff1b00000,0x0000001ff1c00000)]
  0x0000015a512be800 JavaThread "Build operations Thread 4" [_thread_blocked, id=9772, stack(0x0000001ff1c00000,0x0000001ff1d00000)]
  0x0000015a512bb000 JavaThread "C2 CompilerThread1" daemon [_thread_in_native, id=6976, stack(0x0000001ff1e00000,0x0000001ff1f00000)]
  0x0000015a512bf000 JavaThread "build event listener" [_thread_blocked, id=9140, stack(0x0000001ff2000000,0x0000001ff2100000)]
  0x0000015a512b9800 JavaThread "pool-10-thread-1" [_thread_blocked, id=10892, stack(0x0000001ff2100000,0x0000001ff2200000)]
  0x0000015a512c0000 JavaThread "build event listener" [_thread_blocked, id=10692, stack(0x0000001ff2200000,0x0000001ff2300000)]
  0x0000015a512bc000 JavaThread "Execution worker for ':'" [_thread_in_native, id=5796, stack(0x0000001ff2300000,0x0000001ff2400000)]
  0x0000015a512c1000 JavaThread "Execution worker for ':' Thread 2" [_thread_blocked, id=10236, stack(0x0000001ff2500000,0x0000001ff2600000)]
  0x0000015a4f517800 JavaThread "Execution worker for ':' Thread 3" [_thread_blocked, id=10588, stack(0x0000001ff2600000,0x0000001ff2700000)]
  0x0000015a4f514000 JavaThread "Cache worker for execution history cache (C:\Users\user\AndroidStudioProjects\MyApplication\.gradle\7.0.2\executionHistory)" [_thread_blocked, id=10652, stack(0x0000001ff2700000,0x0000001ff2800000)]

Other Threads:
  0x0000015a4c5cf000 VMThread "VM Thread" [stack: 0x0000001fef100000,0x0000001fef200000] [id=8672]
  0x0000015a4d02c000 WatcherThread [stack: 0x0000001fefb00000,0x0000001fefc00000] [id=1440]
  0x0000015a30a55000 GCTaskThread "GC Thread#0" [stack: 0x0000001feec00000,0x0000001feed00000] [id=5192]
  0x0000015a4d6f8800 GCTaskThread "GC Thread#1" [stack: 0x0000001fefd00000,0x0000001fefe00000] [id=3608]
  0x0000015a4d92f000 GCTaskThread "GC Thread#2" [stack: 0x0000001fefe00000,0x0000001feff00000] [id=8552]
  0x0000015a4d0b8800 GCTaskThread "GC Thread#3" [stack: 0x0000001feff00000,0x0000001ff0000000] [id=8992]
  0x0000015a30a85000 ConcurrentGCThread "G1 Main Marker" [stack: 0x0000001feed00000,0x0000001feee00000] [id=1860]
  0x0000015a30a87000 ConcurrentGCThread "G1 Conc#0" [stack: 0x0000001feee00000,0x0000001feef00000] [id=10840]
  0x0000015a4c420800 ConcurrentGCThread "G1 Refine#0" [stack: 0x0000001feef00000,0x0000001fef000000] [id=10844]
  0x0000015a4c421000 ConcurrentGCThread "G1 Young RemSet Sampling" [stack: 0x0000001fef000000,0x0000001fef100000] [id=10848]

Threads with active compile tasks:
C2 CompilerThread0 667185 19368       4       org.gradle.internal.fingerprint.impl.RelativePathFingerprintingStrategy::lambda$collectFingerprints$0 (119 bytes)
C2 CompilerThread1 667185 19449       4       sun.nio.cs.UTF_8$Decoder::decodeArrayLoop (691 bytes)

VM state:not at safepoint (normal execution)

VM Mutex/Monitor currently owned by a thread: None

Heap address: 0x0000000080000000, size: 2048 MB, Compressed Oops mode: 32-bit
Narrow klass base: 0x0000000000000000, Narrow klass shift: 3
Compressed class space size: 1073741824 Address: 0x0000000100000000

Heap:
 garbage-first heap   total 196608K, used 141861K [0x0000000080000000, 0x0000000100000000)
  region size 1024K, 11 young (11264K), 4 survivors (4096K)
 Metaspace       used 134055K, capacity 137838K, committed 137932K, reserved 1169408K
  class space    used 16941K, capacity 18356K, committed 18380K, reserved 1048576K
Heap Regions: E=young(eden), S=young(survivor), O=old, HS=humongous(starts), HC=humongous(continues), CS=collection set, F=free, A=archive, TAMS=top-at-mark-start (previous, next)
|   0|0x0000000080000000, 0x0000000080100000, 0x0000000080100000|100%| O|  |TAMS 0x0000000080100000, 0x0000000080000000| Updating 
|   1|0x0000000080100000, 0x0000000080200000, 0x0000000080200000|100%| O|  |TAMS 0x0000000080200000, 0x0000000080100000| Updating 
|   2|0x0000000080200000, 0x0000000080300000, 0x0000000080300000|100%| O|  |TAMS 0x0000000080300000, 0x0000000080200000| Updating 
|   3|0x0000000080300000, 0x0000000080400000, 0x0000000080400000|100%|HS|  |TAMS 0x0000000080400000, 0x0000000080300000| Complete 
|   4|0x0000000080400000, 0x0000000080500000, 0x0000000080500000|100%|HC|  |TAMS 0x0000000080500000, 0x0000000080400000| Complete 
|   5|0x0000000080500000, 0x0000000080600000, 0x0000000080600000|100%|HC|  |TAMS 0x0000000080600000, 0x0000000080500000| Complete 
|   6|0x0000000080600000, 0x0000000080700000, 0x0000000080700000|100%| O|  |TAMS 0x0000000080700000, 0x0000000080600000| Updating 
|   7|0x0000000080700000, 0x0000000080800000, 0x0000000080800000|100%| O|  |TAMS 0x0000000080800000, 0x0000000080700000| Updating 
|   8|0x0000000080800000, 0x0000000080900000, 0x0000000080900000|100%| O|  |TAMS 0x0000000080900000, 0x0000000080800000| Updating 
|   9|0x0000000080900000, 0x0000000080a00000, 0x0000000080a00000|100%| O|  |TAMS 0x0000000080a00000, 0x0000000080900000| Updating 
|  10|0x0000000080a00000, 0x0000000080b00000, 0x0000000080b00000|100%| O|  |TAMS 0x0000000080b00000, 0x0000000080a00000| Updating 
|  11|0x0000000080b00000, 0x0000000080c00000, 0x0000000080c00000|100%| O|  |TAMS 0x0000000080c00000, 0x0000000080b00000| Updating 
|  12|0x0000000080c00000, 0x0000000080d00000, 0x0000000080d00000|100%| O|  |TAMS 0x0000000080d00000, 0x0000000080c00000| Updating 
|  13|0x0000000080d00000, 0x0000000080e00000, 0x0000000080e00000|100%| O|  |TAMS 0x0000000080e00000, 0x0000000080d00000| Updating 
|  14|0x0000000080e00000, 0x0000000080f00000, 0x0000000080f00000|100%| O|  |TAMS 0x0000000080f00000, 0x0000000080e00000| Updating 
|  15|0x0000000080f00000, 0x0000000081000000, 0x0000000081000000|100%| O|  |TAMS 0x0000000081000000, 0x0000000080f00000| Updating 
|  16|0x0000000081000000, 0x0000000081100000, 0x0000000081100000|100%| O|  |TAMS 0x0000000081100000, 0x0000000081000000| Updating 
|  17|0x0000000081100000, 0x0000000081200000, 0x0000000081200000|100%|HS|  |TAMS 0x0000000081200000, 0x0000000081100000| Complete 
|  18|0x0000000081200000, 0x0000000081300000, 0x0000000081300000|100%| O|  |TAMS 0x0000000081300000, 0x0000000081200000| Updating 
|  19|0x0000000081300000, 0x0000000081400000, 0x0000000081400000|100%| O|  |TAMS 0x0000000081400000, 0x0000000081300000| Updating 
|  20|0x0000000081400000, 0x0000000081500000, 0x0000000081500000|100%| O|  |TAMS 0x0000000081500000, 0x0000000081400000| Updating 
|  21|0x0000000081500000, 0x0000000081600000, 0x0000000081600000|100%| O|  |TAMS 0x0000000081600000, 0x0000000081500000| Updating 
|  22|0x0000000081600000, 0x0000000081700000, 0x0000000081700000|100%| O|  |TAMS 0x0000000081700000, 0x0000000081600000| Updating 
|  23|0x0000000081700000, 0x0000000081800000, 0x0000000081800000|100%|HS|  |TAMS 0x0000000081800000, 0x0000000081700000| Complete 
|  24|0x0000000081800000, 0x0000000081900000, 0x0000000081900000|100%|HS|  |TAMS 0x0000000081900000, 0x0000000081800000| Complete 
|  25|0x0000000081900000, 0x0000000081a00000, 0x0000000081a00000|100%|HC|  |TAMS 0x0000000081a00000, 0x0000000081900000| Complete 
|  26|0x0000000081a00000, 0x0000000081b00000, 0x0000000081b00000|100%| O|  |TAMS 0x0000000081b00000, 0x0000000081a00000| Updating 
|  27|0x0000000081b00000, 0x0000000081c00000, 0x0000000081c00000|100%| O|  |TAMS 0x0000000081c00000, 0x0000000081b00000| Updating 
|  28|0x0000000081c00000, 0x0000000081d00000, 0x0000000081d00000|100%| O|  |TAMS 0x0000000081d00000, 0x0000000081c00000| Updating 
|  29|0x0000000081d00000, 0x0000000081e00000, 0x0000000081e00000|100%| O|  |TAMS 0x0000000081e00000, 0x0000000081d00000| Updating 
|  30|0x0000000081e00000, 0x0000000081f00000, 0x0000000081f00000|100%| O|  |TAMS 0x0000000081f00000, 0x0000000081e00000| Updating 
|  31|0x0000000081f00000, 0x0000000082000000, 0x0000000082000000|100%| O|  |TAMS 0x0000000082000000, 0x0000000081f00000| Updating 
|  32|0x0000000082000000, 0x0000000082100000, 0x0000000082100000|100%| O|  |TAMS 0x0000000082100000, 0x0000000082000000| Updating 
|  33|0x0000000082100000, 0x0000000082200000, 0x0000000082200000|100%| O|  |TAMS 0x0000000082200000, 0x0000000082100000| Updating 
|  34|0x0000000082200000, 0x0000000082300000, 0x0000000082300000|100%| O|  |TAMS 0x0000000082300000, 0x0000000082200000| Updating 
|  35|0x0000000082300000, 0x0000000082400000, 0x0000000082400000|100%| O|  |TAMS 0x0000000082400000, 0x0000000082300000| Updating 
|  36|0x0000000082400000, 0x0000000082500000, 0x0000000082500000|100%| O|  |TAMS 0x0000000082500000, 0x0000000082400000| Updating 
|  37|0x0000000082500000, 0x0000000082600000, 0x0000000082600000|100%| O|  |TAMS 0x0000000082600000, 0x0000000082500000| Updating 
|  38|0x0000000082600000, 0x0000000082700000, 0x0000000082700000|100%| O|  |TAMS 0x0000000082700000, 0x0000000082600000| Updating 
|  39|0x0000000082700000, 0x0000000082800000, 0x0000000082800000|100%| O|  |TAMS 0x0000000082800000, 0x0000000082700000| Updating 
|  40|0x0000000082800000, 0x0000000082900000, 0x0000000082900000|100%| O|  |TAMS 0x0000000082900000, 0x0000000082800000| Updating 
|  41|0x0000000082900000, 0x0000000082a00000, 0x0000000082a00000|100%| O|  |TAMS 0x0000000082a00000, 0x0000000082900000| Updating 
|  42|0x0000000082a00000, 0x0000000082b00000, 0x0000000082b00000|100%| O|  |TAMS 0x0000000082b00000, 0x0000000082a00000| Updating 
|  43|0x0000000082b00000, 0x0000000082c00000, 0x0000000082c00000|100%| O|  |TAMS 0x0000000082c00000, 0x0000000082b00000| Updating 
|  44|0x0000000082c00000, 0x0000000082d00000, 0x0000000082d00000|100%| O|  |TAMS 0x0000000082d00000, 0x0000000082c00000| Updating 
|  45|0x0000000082d00000, 0x0000000082e00000, 0x0000000082e00000|100%| O|  |TAMS 0x0000000082e00000, 0x0000000082d00000| Updating 
|  46|0x0000000082e00000, 0x0000000082f00000, 0x0000000082f00000|100%| O|  |TAMS 0x0000000082f00000, 0x0000000082e00000| Updating 
|  47|0x0000000082f00000, 0x0000000083000000, 0x0000000083000000|100%| O|  |TAMS 0x0000000083000000, 0x0000000082f00000| Updating 
|  48|0x0000000083000000, 0x0000000083100000, 0x0000000083100000|100%| O|  |TAMS 0x0000000083100000, 0x0000000083000000| Updating 
|  49|0x0000000083100000, 0x0000000083200000, 0x0000000083200000|100%| O|  |TAMS 0x0000000083200000, 0x0000000083100000| Updating 
|  50|0x0000000083200000, 0x0000000083300000, 0x0000000083300000|100%| O|  |TAMS 0x0000000083300000, 0x0000000083200000| Updating 
|  51|0x0000000083300000, 0x0000000083400000, 0x0000000083400000|100%| O|  |TAMS 0x0000000083400000, 0x0000000083300000| Updating 
|  52|0x0000000083400000, 0x0000000083500000, 0x0000000083500000|100%| O|  |TAMS 0x0000000083500000, 0x0000000083400000| Updating 
|  53|0x0000000083500000, 0x0000000083600000, 0x0000000083600000|100%| O|  |TAMS 0x0000000083600000, 0x0000000083500000| Updating 
|  54|0x0000000083600000, 0x0000000083700000, 0x0000000083700000|100%| O|  |TAMS 0x0000000083700000, 0x0000000083600000| Updating 
|  55|0x0000000083700000, 0x0000000083800000, 0x0000000083800000|100%| O|  |TAMS 0x0000000083800000, 0x0000000083700000| Updating 
|  56|0x0000000083800000, 0x0000000083900000, 0x0000000083900000|100%| O|  |TAMS 0x0000000083900000, 0x0000000083800000| Updating 
|  57|0x0000000083900000, 0x0000000083a00000, 0x0000000083a00000|100%| O|  |TAMS 0x0000000083a00000, 0x0000000083900000| Updating 
|  58|0x0000000083a00000, 0x0000000083b00000, 0x0000000083b00000|100%| O|  |TAMS 0x0000000083b00000, 0x0000000083a00000| Updating 
|  59|0x0000000083b00000, 0x0000000083c00000, 0x0000000083c00000|100%| O|  |TAMS 0x0000000083c00000, 0x0000000083b00000| Updating 
|  60|0x0000000083c00000, 0x0000000083d00000, 0x0000000083d00000|100%| O|  |TAMS 0x0000000083d00000, 0x0000000083c00000| Updating 
|  61|0x0000000083d00000, 0x0000000083e00000, 0x0000000083e00000|100%| O|  |TAMS 0x0000000083e00000, 0x0000000083d00000| Updating 
|  62|0x0000000083e00000, 0x0000000083f00000, 0x0000000083f00000|100%| O|  |TAMS 0x0000000083f00000, 0x0000000083e00000| Updating 
|  63|0x0000000083f00000, 0x0000000084000000, 0x0000000084000000|100%| O|  |TAMS 0x0000000084000000, 0x0000000083f00000| Updating 
|  64|0x0000000084000000, 0x0000000084100000, 0x0000000084100000|100%| O|  |TAMS 0x0000000084100000, 0x0000000084000000| Updating 
|  65|0x0000000084100000, 0x0000000084200000, 0x0000000084200000|100%| O|  |TAMS 0x0000000084200000, 0x0000000084100000| Updating 
|  66|0x0000000084200000, 0x0000000084300000, 0x0000000084300000|100%|HS|  |TAMS 0x0000000084300000, 0x0000000084200000| Complete 
|  67|0x0000000084300000, 0x0000000084400000, 0x0000000084400000|100%|HC|  |TAMS 0x0000000084400000, 0x0000000084300000| Complete 
|  68|0x0000000084400000, 0x0000000084500000, 0x0000000084500000|100%| O|  |TAMS 0x0000000084500000, 0x0000000084400000| Updating 
|  69|0x0000000084500000, 0x0000000084600000, 0x0000000084600000|100%| O|  |TAMS 0x0000000084600000, 0x0000000084500000| Updating 
|  70|0x0000000084600000, 0x0000000084700000, 0x0000000084700000|100%| O|  |TAMS 0x0000000084700000, 0x0000000084600000| Updating 
|  71|0x0000000084700000, 0x0000000084800000, 0x0000000084800000|100%| O|  |TAMS 0x0000000084800000, 0x0000000084700000| Updating 
|  72|0x0000000084800000, 0x0000000084900000, 0x0000000084900000|100%| O|  |TAMS 0x0000000084900000, 0x0000000084800000| Updating 
|  73|0x0000000084900000, 0x0000000084a00000, 0x0000000084a00000|100%| O|  |TAMS 0x0000000084a00000, 0x0000000084900000| Updating 
|  74|0x0000000084a00000, 0x0000000084b00000, 0x0000000084b00000|100%| O|  |TAMS 0x0000000084b00000, 0x0000000084a00000| Updating 
|  75|0x0000000084b00000, 0x0000000084c00000, 0x0000000084c00000|100%| O|  |TAMS 0x0000000084c00000, 0x0000000084b00000| Updating 
|  76|0x0000000084c00000, 0x0000000084d00000, 0x0000000084d00000|100%| O|  |TAMS 0x0000000084d00000, 0x0000000084c00000| Updating 
|  77|0x0000000084d00000, 0x0000000084e00000, 0x0000000084e00000|100%| O|  |TAMS 0x0000000084e00000, 0x0000000084d00000| Updating 
|  78|0x0000000084e00000, 0x0000000084f00000, 0x0000000084f00000|100%| O|  |TAMS 0x0000000084f00000, 0x0000000084e00000| Updating 
|  79|0x0000000084f00000, 0x0000000085000000, 0x0000000085000000|100%| O|  |TAMS 0x0000000085000000, 0x0000000084f00000| Updating 
|  80|0x0000000085000000, 0x0000000085100000, 0x0000000085100000|100%| O|  |TAMS 0x0000000085100000, 0x0000000085000000| Updating 
|  81|0x0000000085100000, 0x0000000085200000, 0x0000000085200000|100%|HS|  |TAMS 0x0000000085200000, 0x0000000085100000| Complete 
|  82|0x0000000085200000, 0x0000000085300000, 0x0000000085300000|100%|HC|  |TAMS 0x0000000085300000, 0x0000000085200000| Complete 
|  83|0x0000000085300000, 0x0000000085400000, 0x0000000085400000|100%|HC|  |TAMS 0x0000000085400000, 0x0000000085300000| Complete 
|  84|0x0000000085400000, 0x0000000085500000, 0x0000000085500000|100%| O|  |TAMS 0x0000000085500000, 0x0000000085400000| Updating 
|  85|0x0000000085500000, 0x0000000085600000, 0x0000000085600000|100%| O|  |TAMS 0x0000000085600000, 0x0000000085500000| Updating 
|  86|0x0000000085600000, 0x0000000085700000, 0x0000000085700000|100%| O|  |TAMS 0x0000000085700000, 0x0000000085600000| Updating 
|  87|0x0000000085700000, 0x0000000085800000, 0x0000000085800000|100%| O|  |TAMS 0x0000000085800000, 0x0000000085700000| Updating 
|  88|0x0000000085800000, 0x0000000085900000, 0x0000000085900000|100%| O|  |TAMS 0x0000000085900000, 0x0000000085800000| Updating 
|  89|0x0000000085900000, 0x0000000085a00000, 0x0000000085a00000|100%| O|  |TAMS 0x0000000085a00000, 0x0000000085900000| Updating 
|  90|0x0000000085a00000, 0x0000000085b00000, 0x0000000085b00000|100%| O|  |TAMS 0x0000000085b00000, 0x0000000085a00000| Updating 
|  91|0x0000000085b00000, 0x0000000085c00000, 0x0000000085c00000|100%| O|  |TAMS 0x0000000085c00000, 0x0000000085b00000| Updating 
|  92|0x0000000085c00000, 0x0000000085d00000, 0x0000000085d00000|100%| O|  |TAMS 0x0000000085d00000, 0x0000000085c00000| Updating 
|  93|0x0000000085d00000, 0x0000000085e00000, 0x0000000085e00000|100%| O|  |TAMS 0x0000000085e00000, 0x0000000085d00000| Updating 
|  94|0x0000000085e00000, 0x0000000085f00000, 0x0000000085f00000|100%| O|  |TAMS 0x0000000085f00000, 0x0000000085e00000| Updating 
|  95|0x0000000085f00000, 0x0000000086000000, 0x0000000086000000|100%| O|  |TAMS 0x0000000086000000, 0x0000000085f00000| Updating 
|  96|0x0000000086000000, 0x0000000086100000, 0x0000000086100000|100%| O|  |TAMS 0x0000000086100000, 0x0000000086000000| Updating 
|  97|0x0000000086100000, 0x0000000086200000, 0x0000000086200000|100%| O|  |TAMS 0x0000000086200000, 0x0000000086100000| Updating 
|  98|0x0000000086200000, 0x0000000086300000, 0x0000000086300000|100%| O|  |TAMS 0x0000000086300000, 0x0000000086200000| Updating 
|  99|0x0000000086300000, 0x0000000086400000, 0x0000000086400000|100%|HS|  |TAMS 0x0000000086400000, 0x0000000086300000| Complete 
| 100|0x0000000086400000, 0x0000000086500000, 0x0000000086500000|100%|HC|  |TAMS 0x0000000086500000, 0x0000000086400000| Complete 
| 101|0x0000000086500000, 0x0000000086600000, 0x0000000086600000|100%|HC|  |TAMS 0x0000000086600000, 0x0000000086500000| Complete 
| 102|0x0000000086600000, 0x0000000086700000, 0x0000000086700000|100%|HC|  |TAMS 0x0000000086700000, 0x0000000086600000| Complete 
| 103|0x0000000086700000, 0x0000000086800000, 0x0000000086800000|100%|HC|  |TAMS 0x0000000086800000, 0x0000000086700000| Complete 
| 104|0x0000000086800000, 0x0000000086900000, 0x0000000086900000|100%|HS|  |TAMS 0x0000000086900000, 0x0000000086800000| Complete 
| 105|0x0000000086900000, 0x0000000086a00000, 0x0000000086a00000|100%|HC|  |TAMS 0x0000000086a00000, 0x0000000086900000| Complete 
| 106|0x0000000086a00000, 0x0000000086b00000, 0x0000000086b00000|100%|HC|  |TAMS 0x0000000086b00000, 0x0000000086a00000| Complete 
| 107|0x0000000086b00000, 0x0000000086c00000, 0x0000000086c00000|100%|HC|  |TAMS 0x0000000086c00000, 0x0000000086b00000| Complete 
| 108|0x0000000086c00000, 0x0000000086d00000, 0x0000000086d00000|100%|HC|  |TAMS 0x0000000086d00000, 0x0000000086c00000| Complete 
| 109|0x0000000086d00000, 0x0000000086e00000, 0x0000000086e00000|100%| O|  |TAMS 0x0000000086e00000, 0x0000000086d00000| Updating 
| 110|0x0000000086e00000, 0x0000000086f00000, 0x0000000086f00000|100%| O|  |TAMS 0x0000000086f00000, 0x0000000086e00000| Updating 
| 111|0x0000000086f00000, 0x0000000087000000, 0x0000000087000000|100%| O|  |TAMS 0x0000000087000000, 0x0000000086f00000| Updating 
| 112|0x0000000087000000, 0x0000000087100000, 0x0000000087100000|100%| O|  |TAMS 0x0000000087100000, 0x0000000087000000| Updating 
| 113|0x0000000087100000, 0x0000000087200000, 0x0000000087200000|100%| O|  |TAMS 0x0000000087200000, 0x0000000087100000| Updating 
| 114|0x0000000087200000, 0x0000000087300000, 0x0000000087300000|100%|HS|  |TAMS 0x0000000087300000, 0x0000000087200000| Complete 
| 115|0x0000000087300000, 0x0000000087400000, 0x0000000087400000|100%|HC|  |TAMS 0x0000000087400000, 0x0000000087300000| Complete 
| 116|0x0000000087400000, 0x0000000087500000, 0x0000000087500000|100%|HC|  |TAMS 0x0000000087500000, 0x0000000087400000| Complete 
| 117|0x0000000087500000, 0x0000000087600000, 0x0000000087600000|100%| O|  |TAMS 0x0000000087600000, 0x0000000087500000| Updating 
| 118|0x0000000087600000, 0x0000000087700000, 0x0000000087700000|100%| O|  |TAMS 0x0000000087700000, 0x0000000087600000| Updating 
| 119|0x0000000087700000, 0x0000000087800000, 0x0000000087800000|100%| O|  |TAMS 0x0000000087800000, 0x0000000087700000| Updating 
| 120|0x0000000087800000, 0x0000000087900000, 0x0000000087900000|100%| O|  |TAMS 0x0000000087900000, 0x0000000087800000| Updating 
| 121|0x0000000087900000, 0x0000000087a00000, 0x0000000087a00000|100%| O|  |TAMS 0x0000000087a00000, 0x0000000087900000| Updating 
| 122|0x0000000087a00000, 0x0000000087b00000, 0x0000000087b00000|100%| O|  |TAMS 0x0000000087b00000, 0x0000000087a00000| Updating 
| 123|0x0000000087b00000, 0x0000000087c00000, 0x0000000087c00000|100%| O|  |TAMS 0x0000000087c00000, 0x0000000087b00000| Updating 
| 124|0x0000000087c00000, 0x0000000087d00000, 0x0000000087d00000|100%| O|  |TAMS 0x0000000087d00000, 0x0000000087c00000| Updating 
| 125|0x0000000087d00000, 0x0000000087e00000, 0x0000000087e00000|100%| O|  |TAMS 0x0000000087e00000, 0x0000000087d00000| Updating 
| 126|0x0000000087e00000, 0x0000000087f00000, 0x0000000087f00000|100%| O|  |TAMS 0x0000000087f00000, 0x0000000087e00000| Updating 
| 127|0x0000000087f00000, 0x0000000088000000, 0x0000000088000000|100%|HS|  |TAMS 0x0000000087f00000, 0x0000000087f00000| Complete 
| 128|0x0000000088000000, 0x0000000088100000, 0x0000000088100000|100%|HC|  |TAMS 0x0000000088000000, 0x0000000088000000| Complete 
| 129|0x0000000088100000, 0x0000000088100000, 0x0000000088200000|  0%| F|  |TAMS 0x0000000088100000, 0x0000000088100000| Untracked 
| 130|0x0000000088200000, 0x0000000088200000, 0x0000000088300000|  0%| F|  |TAMS 0x0000000088200000, 0x0000000088200000| Untracked 
| 131|0x0000000088300000, 0x0000000088300000, 0x0000000088400000|  0%| F|  |TAMS 0x0000000088300000, 0x0000000088300000| Untracked 
| 132|0x0000000088400000, 0x0000000088400000, 0x0000000088500000|  0%| F|  |TAMS 0x0000000088400000, 0x0000000088400000| Untracked 
| 133|0x0000000088500000, 0x0000000088500000, 0x0000000088600000|  0%| F|  |TAMS 0x0000000088500000, 0x0000000088500000| Untracked 
| 134|0x0000000088600000, 0x0000000088600000, 0x0000000088700000|  0%| F|  |TAMS 0x0000000088600000, 0x0000000088600000| Untracked 
| 135|0x0000000088700000, 0x0000000088700000, 0x0000000088800000|  0%| F|  |TAMS 0x0000000088700000, 0x0000000088700000| Untracked 
| 136|0x0000000088800000, 0x0000000088800000, 0x0000000088900000|  0%| F|  |TAMS 0x0000000088800000, 0x0000000088800000| Untracked 
| 137|0x0000000088900000, 0x0000000088900000, 0x0000000088a00000|  0%| F|  |TAMS 0x0000000088900000, 0x0000000088900000| Untracked 
| 138|0x0000000088a00000, 0x0000000088a00000, 0x0000000088b00000|  0%| F|  |TAMS 0x0000000088a00000, 0x0000000088a00000| Untracked 
| 139|0x0000000088b00000, 0x0000000088b00000, 0x0000000088c00000|  0%| F|  |TAMS 0x0000000088b00000, 0x0000000088b00000| Untracked 
| 140|0x0000000088c00000, 0x0000000088c00000, 0x0000000088d00000|  0%| F|  |TAMS 0x0000000088c00000, 0x0000000088c00000| Untracked 
| 141|0x0000000088d00000, 0x0000000088d00000, 0x0000000088e00000|  0%| F|  |TAMS 0x0000000088d00000, 0x0000000088d00000| Untracked 
| 142|0x0000000088e00000, 0x0000000088e00000, 0x0000000088f00000|  0%| F|  |TAMS 0x0000000088e00000, 0x0000000088e00000| Untracked 
| 143|0x0000000088f00000, 0x0000000088f00000, 0x0000000089000000|  0%| F|  |TAMS 0x0000000088f00000, 0x0000000088f00000| Untracked 
| 144|0x0000000089000000, 0x0000000089000000, 0x0000000089100000|  0%| F|  |TAMS 0x0000000089000000, 0x0000000089000000| Untracked 
| 145|0x0000000089100000, 0x0000000089100000, 0x0000000089200000|  0%| F|  |TAMS 0x0000000089100000, 0x0000000089100000| Untracked 
| 146|0x0000000089200000, 0x0000000089200000, 0x0000000089300000|  0%| F|  |TAMS 0x0000000089200000, 0x0000000089200000| Untracked 
| 147|0x0000000089300000, 0x0000000089300000, 0x0000000089400000|  0%| F|  |TAMS 0x0000000089300000, 0x0000000089300000| Untracked 
| 148|0x0000000089400000, 0x0000000089400000, 0x0000000089500000|  0%| F|  |TAMS 0x0000000089400000, 0x0000000089400000| Untracked 
| 149|0x0000000089500000, 0x0000000089500000, 0x0000000089600000|  0%| F|  |TAMS 0x0000000089500000, 0x0000000089500000| Untracked 
| 150|0x0000000089600000, 0x0000000089600000, 0x0000000089700000|  0%| F|  |TAMS 0x0000000089600000, 0x0000000089600000| Untracked 
| 151|0x0000000089700000, 0x0000000089700000, 0x0000000089800000|  0%| F|  |TAMS 0x0000000089700000, 0x0000000089700000| Untracked 
| 152|0x0000000089800000, 0x0000000089800000, 0x0000000089900000|  0%| F|  |TAMS 0x0000000089800000, 0x0000000089800000| Untracked 
| 153|0x0000000089900000, 0x0000000089900000, 0x0000000089a00000|  0%| F|  |TAMS 0x0000000089900000, 0x0000000089900000| Untracked 
| 154|0x0000000089a00000, 0x0000000089a00000, 0x0000000089b00000|  0%| F|  |TAMS 0x0000000089a00000, 0x0000000089a00000| Untracked 
| 155|0x0000000089b00000, 0x0000000089b00000, 0x0000000089c00000|  0%| F|  |TAMS 0x0000000089b00000, 0x0000000089b00000| Untracked 
| 156|0x0000000089c00000, 0x0000000089c00000, 0x0000000089d00000|  0%| F|  |TAMS 0x0000000089c00000, 0x0000000089c00000| Untracked 
| 157|0x0000000089d00000, 0x0000000089d00000, 0x0000000089e00000|  0%| F|  |TAMS 0x0000000089d00000, 0x0000000089d00000| Untracked 
| 158|0x0000000089e00000, 0x0000000089e00000, 0x0000000089f00000|  0%| F|  |TAMS 0x0000000089e00000, 0x0000000089e00000| Untracked 
| 159|0x0000000089f00000, 0x0000000089f00000, 0x000000008a000000|  0%| F|  |TAMS 0x0000000089f00000, 0x0000000089f00000| Untracked 
| 160|0x000000008a000000, 0x000000008a000000, 0x000000008a100000|  0%| F|  |TAMS 0x000000008a000000, 0x000000008a000000| Untracked 
| 161|0x000000008a100000, 0x000000008a189430, 0x000000008a200000| 53%| S|CS|TAMS 0x000000008a100000, 0x000000008a100000| Complete 
| 162|0x000000008a200000, 0x000000008a300000, 0x000000008a300000|100%| S|CS|TAMS 0x000000008a200000, 0x000000008a200000| Complete 
| 163|0x000000008a300000, 0x000000008a400000, 0x000000008a400000|100%| S|CS|TAMS 0x000000008a300000, 0x000000008a300000| Complete 
| 164|0x000000008a400000, 0x000000008a500000, 0x000000008a500000|100%| S|CS|TAMS 0x000000008a400000, 0x000000008a400000| Complete 
| 165|0x000000008a500000, 0x000000008a500000, 0x000000008a600000|  0%| F|  |TAMS 0x000000008a500000, 0x000000008a500000| Untracked 
| 166|0x000000008a600000, 0x000000008a600000, 0x000000008a700000|  0%| F|  |TAMS 0x000000008a600000, 0x000000008a600000| Untracked 
| 167|0x000000008a700000, 0x000000008a700000, 0x000000008a800000|  0%| F|  |TAMS 0x000000008a700000, 0x000000008a700000| Untracked 
| 168|0x000000008a800000, 0x000000008a800000, 0x000000008a900000|  0%| F|  |TAMS 0x000000008a800000, 0x000000008a800000| Untracked 
| 169|0x000000008a900000, 0x000000008a900000, 0x000000008aa00000|  0%| F|  |TAMS 0x000000008a900000, 0x000000008a900000| Untracked 
| 170|0x000000008aa00000, 0x000000008aa00000, 0x000000008ab00000|  0%| F|  |TAMS 0x000000008aa00000, 0x000000008aa00000| Untracked 
| 171|0x000000008ab00000, 0x000000008ab00000, 0x000000008ac00000|  0%| F|  |TAMS 0x000000008ab00000, 0x000000008ab00000| Untracked 
| 172|0x000000008ac00000, 0x000000008ac00000, 0x000000008ad00000|  0%| F|  |TAMS 0x000000008ac00000, 0x000000008ac00000| Untracked 
| 173|0x000000008ad00000, 0x000000008ad00000, 0x000000008ae00000|  0%| F|  |TAMS 0x000000008ad00000, 0x000000008ad00000| Untracked 
| 174|0x000000008ae00000, 0x000000008ae00000, 0x000000008af00000|  0%| F|  |TAMS 0x000000008ae00000, 0x000000008ae00000| Untracked 
| 175|0x000000008af00000, 0x000000008af00000, 0x000000008b000000|  0%| F|  |TAMS 0x000000008af00000, 0x000000008af00000| Untracked 
| 176|0x000000008b000000, 0x000000008b000000, 0x000000008b100000|  0%| F|  |TAMS 0x000000008b000000, 0x000000008b000000| Untracked 
| 177|0x000000008b100000, 0x000000008b100000, 0x000000008b200000|  0%| F|  |TAMS 0x000000008b100000, 0x000000008b100000| Untracked 
| 178|0x000000008b200000, 0x000000008b200000, 0x000000008b300000|  0%| F|  |TAMS 0x000000008b200000, 0x000000008b200000| Untracked 
| 179|0x000000008b300000, 0x000000008b300000, 0x000000008b400000|  0%| F|  |TAMS 0x000000008b300000, 0x000000008b300000| Untracked 
| 180|0x000000008b400000, 0x000000008b400000, 0x000000008b500000|  0%| F|  |TAMS 0x000000008b400000, 0x000000008b400000| Untracked 
| 181|0x000000008b500000, 0x000000008b500000, 0x000000008b600000|  0%| F|  |TAMS 0x000000008b500000, 0x000000008b500000| Untracked 
| 182|0x000000008b600000, 0x000000008b600000, 0x000000008b700000|  0%| F|  |TAMS 0x000000008b600000, 0x000000008b600000| Untracked 
| 183|0x000000008b700000, 0x000000008b700000, 0x000000008b800000|  0%| F|  |TAMS 0x000000008b700000, 0x000000008b700000| Untracked 
| 184|0x000000008b800000, 0x000000008b800000, 0x000000008b900000|  0%| F|  |TAMS 0x000000008b800000, 0x000000008b800000| Untracked 
| 185|0x000000008b900000, 0x000000008b99e1c0, 0x000000008ba00000| 61%| E|  |TAMS 0x000000008b900000, 0x000000008b900000| Complete 
| 186|0x000000008ba00000, 0x000000008bb00000, 0x000000008bb00000|100%| E|CS|TAMS 0x000000008ba00000, 0x000000008ba00000| Complete 
| 187|0x000000008bb00000, 0x000000008bc00000, 0x000000008bc00000|100%| E|CS|TAMS 0x000000008bb00000, 0x000000008bb00000| Complete 
| 188|0x000000008bc00000, 0x000000008bd00000, 0x000000008bd00000|100%| E|CS|TAMS 0x000000008bc00000, 0x000000008bc00000| Complete 
| 189|0x000000008bd00000, 0x000000008be00000, 0x000000008be00000|100%| E|CS|TAMS 0x000000008bd00000, 0x000000008bd00000| Complete 
| 190|0x000000008be00000, 0x000000008bf00000, 0x000000008bf00000|100%| E|CS|TAMS 0x000000008be00000, 0x000000008be00000| Complete 
| 191|0x000000008bf00000, 0x000000008c000000, 0x000000008c000000|100%| E|CS|TAMS 0x000000008bf00000, 0x000000008bf00000| Complete 

Card table byte_map: [0x0000015a45750000,0x0000015a45b50000] _byte_map_base: 0x0000015a45350000

Marking Bits (Prev, Next): (CMBitMap*) 0x0000015a30a7c2c0, (CMBitMap*) 0x0000015a30a7c288
 Prev Bits: [0x0000015a47f50000, 0x0000015a49f50000)
 Next Bits: [0x0000015a45f50000, 0x0000015a47f50000)

Polling page: 0x0000015a30b20000

Metaspace:

Usage:
  Non-class:    116.68 MB capacity,   114.37 MB ( 98%) used,     1.88 MB (  2%) free+waste,   445.75 KB ( <1%) overhead. 
      Class:     17.93 MB capacity,    16.54 MB ( 92%) used,     1.18 MB (  7%) free+waste,   201.13 KB (  1%) overhead. 
       Both:    134.61 MB capacity,   130.91 MB ( 97%) used,     3.06 MB (  2%) free+waste,   646.88 KB ( <1%) overhead. 

Virtual space:
  Non-class space:      118.00 MB reserved,     116.75 MB ( 99%) committed 
      Class space:        1.00 GB reserved,      17.95 MB (  2%) committed 
             Both:        1.12 GB reserved,     134.70 MB ( 12%) committed 

Chunk freelists:
   Non-Class:  6.00 KB
       Class:  0 bytes
        Both:  6.00 KB

MaxMetaspaceSize: 17179869184.00 GB
CompressedClassSpaceSize: 1.00 GB

CodeHeap 'non-profiled nmethods': size=120064Kb used=12690Kb max_used=12690Kb free=107373Kb
 bounds [0x0000015a3d7f0000, 0x0000015a3e460000, 0x0000015a44d30000]
CodeHeap 'profiled nmethods': size=120000Kb used=42562Kb max_used=42562Kb free=77438Kb
 bounds [0x0000015a362c0000, 0x0000015a38c60000, 0x0000015a3d7f0000]
CodeHeap 'non-nmethods': size=5696Kb used=2362Kb max_used=2419Kb free=3333Kb
 bounds [0x0000015a35d30000, 0x0000015a35fa0000, 0x0000015a362c0000]
 total_blobs=19437 nmethods=18450 adapters=896
 compilation: enabled
              stopped_count=0, restarted_count=0
 full_count=0

Compilation events (20 events):
Event: 666.861 Thread 0x0000015a4c5e3800 19415       3       org.apache.xerces.util.XMLStringBuffer::append (101 bytes)
Event: 666.861 Thread 0x0000015a4c5e3800 nmethod 19415 0x0000015a38c46610 code [0x0000015a38c467e0, 0x0000015a38c46c18]
Event: 666.864 Thread 0x0000015a4c5e3800 19416       3       sun.nio.cs.UTF_8$Decoder::isMalformed3 (45 bytes)
Event: 666.864 Thread 0x0000015a4c5e3800 nmethod 19416 0x0000015a38c46d90 code [0x0000015a38c46f40, 0x0000015a38c47158]
Event: 666.913 Thread 0x0000015a4c5e3800 19420       3       org.apache.xerces.util.XMLChar::isInvalid (13 bytes)
Event: 666.914 Thread 0x0000015a4c5e3800 nmethod 19420 0x0000015a38c47210 code [0x0000015a38c473e0, 0x0000015a38c476b8]
Event: 666.914 Thread 0x0000015a4c5e3800 19421       3       org.apache.xerces.util.XMLChar::isValid (34 bytes)
Event: 666.914 Thread 0x0000015a4c5e3800 nmethod 19421 0x0000015a38c47790 code [0x0000015a38c47940, 0x0000015a38c47b58]
Event: 666.919 Thread 0x0000015a4c5e3800 19424       2       org.apache.xerces.impl.XMLScanner::normalizeWhitespace (50 bytes)
Event: 666.919 Thread 0x0000015a4c5e3800 nmethod 19424 0x0000015a38c47c10 code [0x0000015a38c47dc0, 0x0000015a38c47f98]
Event: 666.924 Thread 0x0000015a4c5e3800 19426       2       org.apache.xerces.impl.XMLScanner::isInvalidLiteral (5 bytes)
Event: 666.924 Thread 0x0000015a4c5e3800 nmethod 19426 0x0000015a38c48110 code [0x0000015a38c482c0, 0x0000015a38c483e8]
Event: 666.930 Thread 0x0000015a4c5e3800 19429       2       org.apache.xerces.xni.XMLString::equals (56 bytes)
Event: 666.930 Thread 0x0000015a4c5e3800 nmethod 19429 0x0000015a38c48490 code [0x0000015a38c48660, 0x0000015a38c48898]
Event: 666.931 Thread 0x0000015a4c5e3800 19430       2       java.lang.StringUTF16::newBytesFor (61 bytes)
Event: 666.931 Thread 0x0000015a4c5e3800 nmethod 19430 0x0000015a38c48a10 code [0x0000015a38c48c40, 0x0000015a38c491e8]
Event: 666.936 Thread 0x0000015a4c5e3800 19431       2       org.apache.xerces.impl.XMLScanner::normalizeWhitespace (56 bytes)
Event: 666.937 Thread 0x0000015a4c5e3800 nmethod 19431 0x0000015a38c49490 code [0x0000015a38c49640, 0x0000015a38c49818]
Event: 666.968 Thread 0x0000015a4c5e3800 19436       2       org.apache.xerces.impl.XMLEntityScanner::load (198 bytes)
Event: 666.969 Thread 0x0000015a4c5e3800 nmethod 19436 0x0000015a38c49990 code [0x0000015a38c49b60, 0x0000015a38c49de8]

GC Heap History (20 events):
Event: 534.880 GC heap before
{Heap before GC invocations=34 (full 0):
 garbage-first heap   total 196608K, used 169564K [0x0000000080000000, 0x0000000100000000)
  region size 1024K, 53 young (54272K), 2 survivors (2048K)
 Metaspace       used 120465K, capacity 123783K, committed 124492K, reserved 1157120K
  class space    used 15440K, capacity 16694K, committed 16972K, reserved 1048576K
}
Event: 534.888 GC heap after
{Heap after GC invocations=35 (full 0):
 garbage-first heap   total 196608K, used 119663K [0x0000000080000000, 0x0000000100000000)
  region size 1024K, 4 young (4096K), 4 survivors (4096K)
 Metaspace       used 120465K, capacity 123783K, committed 124492K, reserved 1157120K
  class space    used 15440K, capacity 16694K, committed 16972K, reserved 1048576K
}
Event: 535.211 GC heap before
{Heap before GC invocations=35 (full 0):
 garbage-first heap   total 196608K, used 124783K [0x0000000080000000, 0x0000000100000000)
  region size 1024K, 9 young (9216K), 4 survivors (4096K)
 Metaspace       used 120632K, capacity 123927K, committed 124492K, reserved 1157120K
  class space    used 15466K, capacity 16742K, committed 16972K, reserved 1048576K
}
Event: 535.223 GC heap after
{Heap after GC invocations=36 (full 0):
 garbage-first heap   total 196608K, used 115540K [0x0000000080000000, 0x0000000100000000)
  region size 1024K, 1 young (1024K), 1 survivors (1024K)
 Metaspace       used 120632K, capacity 123927K, committed 124492K, reserved 1157120K
  class space    used 15466K, capacity 16742K, committed 16972K, reserved 1048576K
}
Event: 536.871 GC heap before
{Heap before GC invocations=36 (full 0):
 garbage-first heap   total 196608K, used 164692K [0x0000000080000000, 0x0000000100000000)
  region size 1024K, 50 young (51200K), 1 survivors (1024K)
 Metaspace       used 122374K, capacity 125758K, committed 126284K, reserved 1159168K
  class space    used 15675K, capacity 16969K, committed 17228K, reserved 1048576K
}
Event: 536.887 GC heap after
{Heap after GC invocations=37 (full 0):
 garbage-first heap   total 196608K, used 118539K [0x0000000080000000, 0x0000000100000000)
  region size 1024K, 4 young (4096K), 4 survivors (4096K)
 Metaspace       used 122374K, capacity 125758K, committed 126284K, reserved 1159168K
  class space    used 15675K, capacity 16969K, committed 17228K, reserved 1048576K
}
Event: 540.945 GC heap before
{Heap before GC invocations=38 (full 0):
 garbage-first heap   total 196608K, used 165643K [0x0000000080000000, 0x0000000100000000)
  region size 1024K, 50 young (51200K), 4 survivors (4096K)
 Metaspace       used 125149K, capacity 128654K, committed 128844K, reserved 1161216K
  class space    used 16027K, capacity 17326K, committed 17484K, reserved 1048576K
}
Event: 540.960 GC heap after
{Heap after GC invocations=39 (full 0):
 garbage-first heap   total 196608K, used 122051K [0x0000000080000000, 0x0000000100000000)
  region size 1024K, 7 young (7168K), 7 survivors (7168K)
 Metaspace       used 125149K, capacity 128654K, committed 128844K, reserved 1161216K
  class space    used 16027K, capacity 17326K, committed 17484K, reserved 1048576K
}
Event: 541.408 GC heap before
{Heap before GC invocations=39 (full 0):
 garbage-first heap   total 196608K, used 124099K [0x0000000080000000, 0x0000000100000000)
  region size 1024K, 9 young (9216K), 7 survivors (7168K)
 Metaspace       used 125297K, capacity 128814K, committed 129100K, reserved 1161216K
  class space    used 16052K, capacity 17358K, committed 17484K, reserved 1048576K
}
Event: 541.432 GC heap after
{Heap after GC invocations=40 (full 0):
 garbage-first heap   total 196608K, used 121295K [0x0000000080000000, 0x0000000100000000)
  region size 1024K, 1 young (1024K), 1 survivors (1024K)
 Metaspace       used 125297K, capacity 128814K, committed 129100K, reserved 1161216K
  class space    used 16052K, capacity 17358K, committed 17484K, reserved 1048576K
}
Event: 544.603 GC heap before
{Heap before GC invocations=40 (full 0):
 garbage-first heap   total 196608K, used 134607K [0x0000000080000000, 0x0000000100000000)
  region size 1024K, 16 young (16384K), 1 survivors (1024K)
 Metaspace       used 126270K, capacity 129824K, committed 129996K, reserved 1161216K
  class space    used 16159K, capacity 17503K, committed 17612K, reserved 1048576K
}
Event: 544.611 GC heap after
{Heap after GC invocations=41 (full 0):
 garbage-first heap   total 196608K, used 121964K [0x0000000080000000, 0x0000000100000000)
  region size 1024K, 2 young (2048K), 2 survivors (2048K)
 Metaspace       used 126270K, capacity 129824K, committed 129996K, reserved 1161216K
  class space    used 16159K, capacity 17503K, committed 17612K, reserved 1048576K
}
Event: 550.658 GC heap before
{Heap before GC invocations=42 (full 0):
 garbage-first heap   total 196608K, used 165996K [0x0000000080000000, 0x0000000100000000)
  region size 1024K, 45 young (46080K), 2 survivors (2048K)
 Metaspace       used 129583K, capacity 133218K, committed 133580K, reserved 1165312K
  class space    used 16416K, capacity 17747K, committed 17868K, reserved 1048576K
}
Event: 550.670 GC heap after
{Heap after GC invocations=43 (full 0):
 garbage-first heap   total 196608K, used 124039K [0x0000000080000000, 0x0000000100000000)
  region size 1024K, 4 young (4096K), 4 survivors (4096K)
 Metaspace       used 129583K, capacity 133218K, committed 133580K, reserved 1165312K
  class space    used 16416K, capacity 17747K, committed 17868K, reserved 1048576K
}
Event: 554.842 GC heap before
{Heap before GC invocations=43 (full 0):
 garbage-first heap   total 196608K, used 167047K [0x0000000080000000, 0x0000000100000000)
  region size 1024K, 46 young (47104K), 4 survivors (4096K)
 Metaspace       used 130948K, capacity 134661K, committed 134860K, reserved 1165312K
  class space    used 16590K, capacity 18013K, committed 18124K, reserved 1048576K
}
Event: 554.853 GC heap after
{Heap after GC invocations=44 (full 0):
 garbage-first heap   total 196608K, used 126448K [0x0000000080000000, 0x0000000100000000)
  region size 1024K, 5 young (5120K), 5 survivors (5120K)
 Metaspace       used 130948K, capacity 134661K, committed 134860K, reserved 1165312K
  class space    used 16590K, capacity 18013K, committed 18124K, reserved 1048576K
}
Event: 665.293 GC heap before
{Heap before GC invocations=45 (full 0):
 garbage-first heap   total 196608K, used 167408K [0x0000000080000000, 0x0000000100000000)
  region size 1024K, 45 young (46080K), 5 survivors (5120K)
 Metaspace       used 133328K, capacity 137126K, committed 137420K, reserved 1169408K
  class space    used 16897K, capacity 18328K, committed 18380K, reserved 1048576K
}
Event: 665.310 GC heap after
{Heap after GC invocations=46 (full 0):
 garbage-first heap   total 196608K, used 130176K [0x0000000080000000, 0x0000000100000000)
  region size 1024K, 6 young (6144K), 6 survivors (6144K)
 Metaspace       used 133328K, capacity 137126K, committed 137420K, reserved 1169408K
  class space    used 16897K, capacity 18328K, committed 18380K, reserved 1048576K
}
Event: 666.760 GC heap before
{Heap before GC invocations=46 (full 0):
 garbage-first heap   total 196608K, used 155776K [0x0000000080000000, 0x0000000100000000)
  region size 1024K, 33 young (33792K), 6 survivors (6144K)
 Metaspace       used 133878K, capacity 137710K, committed 137932K, reserved 1169408K
  class space    used 16932K, capacity 18356K, committed 18380K, reserved 1048576K
}
Event: 666.778 GC heap after
{Heap after GC invocations=47 (full 0):
 garbage-first heap   total 196608K, used 133669K [0x0000000080000000, 0x0000000100000000)
  region size 1024K, 4 young (4096K), 4 survivors (4096K)
 Metaspace       used 133878K, capacity 137710K, committed 137932K, reserved 1169408K
  class space    used 16932K, capacity 18356K, committed 18380K, reserved 1048576K
}

Deoptimization events (20 events):
Event: 666.993 Thread 0x0000015a512bc000 DEOPT PACKING pc=0x0000015a38c3b29b sp=0x0000001ff23fa110
Event: 666.993 Thread 0x0000015a512bc000 DEOPT UNPACKING pc=0x0000015a35d576ce sp=0x0000001ff23f9580 mode 0
Event: 666.994 Thread 0x0000015a512bc000 DEOPT PACKING pc=0x0000015a38c3b29b sp=0x0000001ff23fa0e0
Event: 666.994 Thread 0x0000015a512bc000 DEOPT UNPACKING pc=0x0000015a35d576ce sp=0x0000001ff23f9550 mode 0
Event: 666.995 Thread 0x0000015a512bc000 DEOPT PACKING pc=0x0000015a38c3b29b sp=0x0000001ff23fa0e0
Event: 666.995 Thread 0x0000015a512bc000 DEOPT UNPACKING pc=0x0000015a35d576ce sp=0x0000001ff23f9550 mode 0
Event: 666.996 Thread 0x0000015a512bc000 DEOPT PACKING pc=0x0000015a38c3b29b sp=0x0000001ff23fa0e0
Event: 666.996 Thread 0x0000015a512bc000 DEOPT UNPACKING pc=0x0000015a35d576ce sp=0x0000001ff23f9550 mode 0
Event: 666.997 Thread 0x0000015a512bc000 DEOPT PACKING pc=0x0000015a38c3b29b sp=0x0000001ff23fa110
Event: 666.997 Thread 0x0000015a512bc000 DEOPT UNPACKING pc=0x0000015a35d576ce sp=0x0000001ff23f9580 mode 0
Event: 666.998 Thread 0x0000015a512bc000 DEOPT PACKING pc=0x0000015a38c3b29b sp=0x0000001ff23fa0e0
Event: 666.998 Thread 0x0000015a512bc000 DEOPT UNPACKING pc=0x0000015a35d576ce sp=0x0000001ff23f9550 mode 0
Event: 666.999 Thread 0x0000015a512bc000 DEOPT PACKING pc=0x0000015a38c3b29b sp=0x0000001ff23fa0e0
Event: 666.999 Thread 0x0000015a512bc000 DEOPT UNPACKING pc=0x0000015a35d576ce sp=0x0000001ff23f9550 mode 0
Event: 667.000 Thread 0x0000015a512bc000 DEOPT PACKING pc=0x0000015a38c3b29b sp=0x0000001ff23fa0e0
Event: 667.000 Thread 0x0000015a512bc000 DEOPT UNPACKING pc=0x0000015a35d576ce sp=0x0000001ff23f9550 mode 0
Event: 667.002 Thread 0x0000015a512bc000 DEOPT PACKING pc=0x0000015a38c3b29b sp=0x0000001ff23fa0e0
Event: 667.002 Thread 0x0000015a512bc000 DEOPT UNPACKING pc=0x0000015a35d576ce sp=0x0000001ff23f9550 mode 0
Event: 667.003 Thread 0x0000015a512bc000 DEOPT PACKING pc=0x0000015a38c3b29b sp=0x0000001ff23fa0e0
Event: 667.003 Thread 0x0000015a512bc000 DEOPT UNPACKING pc=0x0000015a35d576ce sp=0x0000001ff23f9550 mode 0

Classes redefined (0 events):
No events

Internal exceptions (20 events):
Event: 555.726 Thread 0x0000015a512b4000 Exception <a 'java/lang/ClassNotFoundException'{0x000000008ae06758}: org/gradle/api/plugins/internal/DefaultJavaPluginConventionBeanInfo> (0x000000008ae06758) thrown at [./src/hotspot/share/classfile/systemDictionary.cpp, line 231]
Event: 555.727 Thread 0x0000015a512b4000 Exception <a 'java/lang/ClassNotFoundException'{0x000000008ae270e0}: org/gradle/api/plugins/JavaPluginConventionBeanInfo> (0x000000008ae270e0) thrown at [./src/hotspot/share/classfile/systemDictionary.cpp, line 231]
Event: 555.728 Thread 0x0000015a512b4000 Exception <a 'java/lang/ClassNotFoundException'{0x000000008ae47b60}: org/gradle/api/plugins/JavaPluginConventionCustomizer> (0x000000008ae47b60) thrown at [./src/hotspot/share/classfile/systemDictionary.cpp, line 231]
Event: 555.729 Thread 0x0000015a512b4000 Exception <a 'java/lang/ClassNotFoundException'{0x000000008ae80308}: org/gradle/api/plugins/internal/DefaultJavaPluginConventionCustomizer> (0x000000008ae80308) thrown at [./src/hotspot/share/classfile/systemDictionary.cpp, line 231]
Event: 555.735 Thread 0x0000015a512b4000 Exception <a 'java/lang/ClassNotFoundException'{0x000000008aef3788}: org/gradle/api/plugins/internal/DefaultBasePluginConventionBeanInfo> (0x000000008aef3788) thrown at [./src/hotspot/share/classfile/systemDictionary.cpp, line 231]
Event: 555.736 Thread 0x0000015a512b4000 Exception <a 'java/lang/ClassNotFoundException'{0x000000008ad14618}: org/gradle/api/plugins/BasePluginConventionBeanInfo> (0x000000008ad14618) thrown at [./src/hotspot/share/classfile/systemDictionary.cpp, line 231]
Event: 555.737 Thread 0x0000015a512b4000 Exception <a 'java/lang/ClassNotFoundException'{0x000000008ad35098}: org/gradle/api/plugins/BasePluginConventionCustomizer> (0x000000008ad35098) thrown at [./src/hotspot/share/classfile/systemDictionary.cpp, line 231]
Event: 555.738 Thread 0x0000015a512b4000 Exception <a 'java/lang/ClassNotFoundException'{0x000000008ad63c10}: org/gradle/api/plugins/internal/DefaultBasePluginConventionCustomizer> (0x000000008ad63c10) thrown at [./src/hotspot/share/classfile/systemDictionary.cpp, line 231]
Event: 556.280 Thread 0x0000015a512bd000 Exception <a 'java/lang/NoSuchMethodError'{0x000000008a4a02e0}: <clinit>> (0x000000008a4a02e0) thrown at [./src/hotspot/share/prims/jni.cpp, line 1362]
Event: 556.280 Thread 0x0000015a5280c000 Exception <a 'sun/nio/fs/WindowsException'{0x000000008a48e3c8}> (0x000000008a48e3c8) thrown at [./src/hotspot/share/prims/jni.cpp, line 615]
Event: 556.282 Thread 0x0000015a512bd000 Exception <a 'java/lang/NoSuchMethodError'{0x000000008a4bda78}: <clinit>> (0x000000008a4bda78) thrown at [./src/hotspot/share/prims/jni.cpp, line 1362]
Event: 556.287 Thread 0x0000015a512bd000 Exception <a 'java/lang/NoSuchMethodError'{0x000000008a4cdb08}: <clinit>> (0x000000008a4cdb08) thrown at [./src/hotspot/share/prims/jni.cpp, line 1362]
Event: 665.466 Thread 0x0000015a52811800 Exception <a 'sun/nio/fs/WindowsException'{0x000000008b7cb888}> (0x000000008b7cb888) thrown at [./src/hotspot/share/prims/jni.cpp, line 615]
Event: 665.774 Thread 0x0000015a52811800 Exception <a 'java/lang/NoClassDefFoundError'{0x000000008b492458}: org/jetbrains/kotlin/gradle/plugin/KotlinBasePluginWrapper> (0x000000008b492458) thrown at [./src/hotspot/share/oops/constantPool.cpp, line 775]
Event: 665.827 Thread 0x0000015a52811800 Exception <a 'sun/nio/fs/WindowsException'{0x000000008b35a618}> (0x000000008b35a618) thrown at [./src/hotspot/share/prims/jni.cpp, line 615]
Event: 665.845 Thread 0x0000015a52811800 Exception <a 'sun/nio/fs/WindowsException'{0x000000008b3fd518}> (0x000000008b3fd518) thrown at [./src/hotspot/share/prims/jni.cpp, line 615]
Event: 665.845 Thread 0x0000015a52811800 Exception <a 'sun/nio/fs/WindowsException'{0x000000008b3fe5e8}> (0x000000008b3fe5e8) thrown at [./src/hotspot/share/prims/jni.cpp, line 615]
Event: 665.845 Thread 0x0000015a52811800 Exception <a 'sun/nio/fs/WindowsException'{0x000000008b3ff708}> (0x000000008b3ff708) thrown at [./src/hotspot/share/prims/jni.cpp, line 615]
Event: 665.845 Thread 0x0000015a52811800 Exception <a 'sun/nio/fs/WindowsException'{0x000000008b200d18}> (0x000000008b200d18) thrown at [./src/hotspot/share/prims/jni.cpp, line 615]
Event: 666.163 Thread 0x0000015a52811800 Exception <a 'sun/nio/fs/WindowsException'{0x000000008ae025f0}> (0x000000008ae025f0) thrown at [./src/hotspot/share/prims/jni.cpp, line 615]

Events (20 events):
Event: 666.754 loading class com/google/common/io/ByteSource$ByteArrayByteSource
Event: 666.754 loading class com/google/common/io/ByteSource$ByteArrayByteSource done
Event: 666.754 loading class com/google/common/io/ByteSource$SlicedByteSource
Event: 666.754 loading class com/google/common/io/ByteSource$SlicedByteSource done
Event: 666.755 loading class com/google/common/io/CharSource
Event: 666.755 loading class com/google/common/io/CharSource done
Event: 666.756 loading class com/google/common/io/ByteSource$AsCharSource
Event: 666.756 loading class com/google/common/io/ByteSource$AsCharSource done
Event: 666.757 loading class com/google/common/io/ByteStreams
Event: 666.757 loading class com/google/common/io/ByteStreams done
Event: 666.758 loading class com/google/common/io/ByteStreams$1
Event: 666.758 loading class com/google/common/io/ByteStreams$1 done
Event: 666.758 loading class com/google/common/io/ByteStreams$LimitedInputStream
Event: 666.758 loading class com/google/common/io/ByteStreams$LimitedInputStream done
Event: 666.759 loading class com/google/common/io/ByteArrayDataOutput
Event: 666.759 loading class com/google/common/io/ByteArrayDataOutput done
Event: 666.759 loading class com/google/common/io/ByteArrayDataInput
Event: 666.759 loading class com/google/common/io/ByteArrayDataInput done
Event: 666.760 Executing VM operation: G1CollectForAllocation
Event: 666.778 Executing VM operation: G1CollectForAllocation done


Dynamic libraries:
0x00007ff6ba2f0000 - 0x00007ff6ba2fa000 	C:\Program Files\Android\Android Studio\jre\bin\java.exe
0x00007ffd816d0000 - 0x00007ffd818c5000 	C:\WINDOWS\SYSTEM32\ntdll.dll
0x00007ffd802c0000 - 0x00007ffd8037e000 	C:\WINDOWS\System32\KERNEL32.DLL
0x00007ffd7f110000 - 0x00007ffd7f3d9000 	C:\WINDOWS\System32\KERNELBASE.dll
0x00007ffd7f4b0000 - 0x00007ffd7f5b0000 	C:\WINDOWS\System32\ucrtbase.dll
0x00007ffd3aca0000 - 0x00007ffd3acb7000 	C:\Program Files\Android\Android Studio\jre\bin\VCRUNTIME140.dll
0x00007ffd39bc0000 - 0x00007ffd39bd9000 	C:\Program Files\Android\Android Studio\jre\bin\jli.dll
0x00007ffd81030000 - 0x00007ffd811d1000 	C:\WINDOWS\System32\USER32.dll
0x00007ffd7f480000 - 0x00007ffd7f4a2000 	C:\WINDOWS\System32\win32u.dll
0x00007ffd7f7a0000 - 0x00007ffd7f7cb000 	C:\WINDOWS\System32\GDI32.dll
0x00007ffd7efd0000 - 0x00007ffd7f0db000 	C:\WINDOWS\System32\gdi32full.dll
0x00007ffd7e270000 - 0x00007ffd7e50a000 	C:\WINDOWS\WinSxS\amd64_microsoft.windows.common-controls_6595b64144ccf1df_6.0.19041.1110_none_60b5254171f9507e\COMCTL32.dll
0x00007ffd7f3e0000 - 0x00007ffd7f47d000 	C:\WINDOWS\System32\msvcp_win.dll
0x00007ffd80030000 - 0x00007ffd800ce000 	C:\WINDOWS\System32\msvcrt.dll
0x00007ffd80e30000 - 0x00007ffd80e60000 	C:\WINDOWS\System32\IMM32.DLL
0x00007ffd33a80000 - 0x00007ffd33b1d000 	C:\Program Files\Android\Android Studio\jre\bin\msvcp140.dll
0x00007ffd29210000 - 0x00007ffd29cdf000 	C:\Program Files\Android\Android Studio\jre\bin\server\jvm.dll
0x00007ffd80400000 - 0x00007ffd804ac000 	C:\WINDOWS\System32\ADVAPI32.dll
0x00007ffd80800000 - 0x00007ffd8089b000 	C:\WINDOWS\System32\sechost.dll
0x00007ffd80f00000 - 0x00007ffd8102a000 	C:\WINDOWS\System32\RPCRT4.dll
0x00007ffd803f0000 - 0x00007ffd803f8000 	C:\WINDOWS\System32\PSAPI.DLL
0x00007ffd5fe40000 - 0x00007ffd5fe49000 	C:\WINDOWS\SYSTEM32\WSOCK32.dll
0x00007ffd80380000 - 0x00007ffd803eb000 	C:\WINDOWS\System32\WS2_32.dll
0x00007ffd5a3f0000 - 0x00007ffd5a417000 	C:\WINDOWS\SYSTEM32\WINMM.dll
0x00007ffd74b00000 - 0x00007ffd74b0a000 	C:\WINDOWS\SYSTEM32\VERSION.dll
0x00007ffd7cb70000 - 0x00007ffd7cb82000 	C:\WINDOWS\SYSTEM32\kernel.appcore.dll
0x00007ffd48d40000 - 0x00007ffd48d51000 	C:\Program Files\Android\Android Studio\jre\bin\verify.dll
0x00007ffd7e580000 - 0x00007ffd7e764000 	C:\WINDOWS\SYSTEM32\DBGHELP.DLL
0x00007ffd7e510000 - 0x00007ffd7e53c000 	C:\WINDOWS\SYSTEM32\dbgcore.DLL
0x00007ffd7f660000 - 0x00007ffd7f6e3000 	C:\WINDOWS\System32\bcryptPrimitives.dll
0x00007ffd2b9d0000 - 0x00007ffd2b9f9000 	C:\Program Files\Android\Android Studio\jre\bin\java.dll
0x00007ffd760a0000 - 0x00007ffd760ab000 	C:\Program Files\Android\Android Studio\jre\bin\jimage.dll
0x00007ffd44fa0000 - 0x00007ffd44fb8000 	C:\Program Files\Android\Android Studio\jre\bin\zip.dll
0x00007ffd7f8f0000 - 0x00007ffd8002f000 	C:\WINDOWS\System32\SHELL32.dll
0x00007ffd7bb40000 - 0x00007ffd7c2d0000 	C:\WINDOWS\SYSTEM32\windows.storage.dll
0x00007ffd80a00000 - 0x00007ffd80d55000 	C:\WINDOWS\System32\combase.dll
0x00007ffd7e080000 - 0x00007ffd7e0ac000 	C:\WINDOWS\SYSTEM32\Wldp.dll
0x00007ffd806f0000 - 0x00007ffd8079d000 	C:\WINDOWS\System32\SHCORE.dll
0x00007ffd80130000 - 0x00007ffd80185000 	C:\WINDOWS\System32\shlwapi.dll
0x00007ffd7ed00000 - 0x00007ffd7ed1f000 	C:\WINDOWS\SYSTEM32\profapi.dll
0x00007ffd291d0000 - 0x00007ffd291ea000 	C:\Program Files\Android\Android Studio\jre\bin\net.dll
0x00007ffd753a0000 - 0x00007ffd754a8000 	C:\WINDOWS\SYSTEM32\WINHTTP.dll
0x00007ffd7de20000 - 0x00007ffd7de8a000 	C:\WINDOWS\system32\mswsock.dll
0x00007ffd291b0000 - 0x00007ffd291c4000 	C:\Program Files\Android\Android Studio\jre\bin\nio.dll
0x00007ffd3b5a0000 - 0x00007ffd3b5c7000 	C:\Users\user\.gradle\native\8bec1ad78214c89d9ad589b4d07fe93259594b29d510b10fafb7a158f7737e5d\windows-amd64\native-platform.dll
0x00007ffd3b460000 - 0x00007ffd3b59d000 	C:\Users\user\.gradle\native\53dbd7edfb1c66fb8903c78663c9afc45aea4f116125fa6feffd364cf09443e8\windows-amd64\native-platform-file-events.dll
0x00007ffd57980000 - 0x00007ffd5798a000 	C:\Program Files\Android\Android Studio\jre\bin\management.dll
0x00007ffd567f0000 - 0x00007ffd567fc000 	C:\Program Files\Android\Android Studio\jre\bin\management_ext.dll
0x00007ffd7ea90000 - 0x00007ffd7eaa8000 	C:\WINDOWS\SYSTEM32\CRYPTSP.dll
0x00007ffd7d7c0000 - 0x00007ffd7d7f4000 	C:\WINDOWS\system32\rsaenh.dll
0x00007ffd7f0e0000 - 0x00007ffd7f107000 	C:\WINDOWS\System32\bcrypt.dll
0x00007ffd7ec80000 - 0x00007ffd7ecae000 	C:\WINDOWS\SYSTEM32\USERENV.dll
0x00007ffd7e010000 - 0x00007ffd7e01c000 	C:\WINDOWS\SYSTEM32\CRYPTBASE.dll
0x00007ffd7db10000 - 0x00007ffd7db4b000 	C:\WINDOWS\SYSTEM32\IPHLPAPI.DLL
0x00007ffd80e60000 - 0x00007ffd80e68000 	C:\WINDOWS\System32\NSI.dll
0x00007ffd7b4a0000 - 0x00007ffd7b4b7000 	C:\WINDOWS\SYSTEM32\dhcpcsvc6.DLL
0x00007ffd78330000 - 0x00007ffd7834d000 	C:\WINDOWS\SYSTEM32\dhcpcsvc.DLL
0x00007ffd7dbb0000 - 0x00007ffd7dc7c000 	C:\WINDOWS\SYSTEM32\DNSAPI.dll
0x00007ffd2b5f0000 - 0x00007ffd2b617000 	C:\Program Files\Android\Android Studio\jre\bin\sunec.dll

dbghelp: loaded successfully - version: 4.0.5 - missing functions: none
symbol engine: initialized successfully - sym options: 0x614 - pdb path: .;C:\Program Files\Android\Android Studio\jre\bin;C:\WINDOWS\SYSTEM32;C:\WINDOWS\WinSxS\amd64_microsoft.windows.common-controls_6595b64144ccf1df_6.0.19041.1110_none_60b5254171f9507e;C:\Program Files\Android\Android Studio\jre\bin\server;C:\Users\user\.gradle\native\8bec1ad78214c89d9ad589b4d07fe93259594b29d510b10fafb7a158f7737e5d\windows-amd64;C:\Users\user\.gradle\native\53dbd7edfb1c66fb8903c78663c9afc45aea4f116125fa6feffd364cf09443e8\windows-amd64

VM Arguments:
jvm_args: --add-opens=java.base/java.util=ALL-UNNAMED --add-opens=java.base/java.lang=ALL-UNNAMED --add-opens=java.base/java.lang.invoke=ALL-UNNAMED --add-opens=java.base/java.util=ALL-UNNAMED --add-opens=java.prefs/java.util.prefs=ALL-UNNAMED --add-opens=java.prefs/java.util.prefs=ALL-UNNAMED --add-opens=java.base/java.nio.charset=ALL-UNNAMED --add-opens=java.base/java.net=ALL-UNNAMED --add-opens=java.base/java.util.concurrent.atomic=ALL-UNNAMED -Xmx2048m -Dfile.encoding=UTF-8 -Duser.country=US -Duser.language=en -Duser.variant 
java_command: org.gradle.launcher.daemon.bootstrap.GradleDaemon 7.0.2
java_class_path (initial): C:\Users\user\.gradle\wrapper\dists\gradle-7.0.2-bin\857tjihv64xamwrf0h14cai3r\gradle-7.0.2\lib\gradle-launcher-7.0.2.jar
Launcher Type: SUN_STANDARD

[Global flags]
     intx CICompilerCount                          = 3                                         {product} {ergonomic}
     uint ConcGCThreads                            = 1                                         {product} {ergonomic}
     uint G1ConcRefinementThreads                  = 4                                         {product} {ergonomic}
   size_t G1HeapRegionSize                         = 1048576                                   {product} {ergonomic}
    uintx GCDrainStackTargetSize                   = 64                                        {product} {ergonomic}
   size_t InitialHeapSize                          = 201326592                                 {product} {ergonomic}
   size_t MarkStackSize                            = 4194304                                   {product} {ergonomic}
   size_t MaxHeapSize                              = 2147483648                                {product} {command line}
   size_t MaxNewSize                               = 1287651328                                {product} {ergonomic}
   size_t MinHeapDeltaBytes                        = 1048576                                   {product} {ergonomic}
    uintx NonNMethodCodeHeapSize                   = 5830732                                {pd product} {ergonomic}
    uintx NonProfiledCodeHeapSize                  = 122913754                              {pd product} {ergonomic}
    uintx ProfiledCodeHeapSize                     = 122913754                              {pd product} {ergonomic}
    uintx ReservedCodeCacheSize                    = 251658240                              {pd product} {ergonomic}
     bool SegmentedCodeCache                       = true                                      {product} {ergonomic}
     bool UseCompressedClassPointers               = true                                 {lp64_product} {ergonomic}
     bool UseCompressedOops                        = true                                 {lp64_product} {ergonomic}
     bool UseG1GC                                  = true                                      {product} {ergonomic}
     bool UseLargePagesIndividualAllocation        = false                                  {pd product} {ergonomic}

Logging:
Log output configuration:
 #0: stdout all=warning uptime,level,tags
 #1: stderr all=off uptime,level,tags

Environment Variables:
PATH=C:\WINDOWS\system32;C:\WINDOWS;C:\WINDOWS\System32\Wbem;C:\WINDOWS\System32\WindowsPowerShell\v1.0\;C:\WINDOWS\System32\OpenSSH\;C:\Users\user\AppData\Local\Microsoft\WindowsApps;;C:\Users\user\AppData\Local\Programs\Microsoft VS Code\bin
USERNAME=user
OS=Windows_NT
PROCESSOR_IDENTIFIER=Intel64 Family 6 Model 78 Stepping 3, GenuineIntel



---------------  S Y S T E M  ---------------

OS: Windows 10 , 64 bit Build 19041 (10.0.19041.1202)
OS uptime: 0 days 0:27 hours

CPU:total 4 (initial active 4) (2 cores per cpu, 2 threads per core) family 6 model 78 stepping 3 microcode 0xcc, cmov, cx8, fxsr, mmx, sse, sse2, sse3, ssse3, sse4.1, sse4.2, popcnt, avx, avx2, aes, clmul, erms, 3dnowpref, lzcnt, ht, tsc, tscinvbit, bmi1, bmi2, adx, fma

Memory: 4k page, system-wide physical 12184M (5472M free)
TotalPageFile size 16152M (AvailPageFile size 8915M)
current process WorkingSet (physical memory assigned to process): 536M, peak: 547M
current process commit charge ("private bytes"): 563M, peak: 575M

vm_info: OpenJDK 64-Bit Server VM (11.0.10+0-b96-7249189) for windows-amd64 JRE (11.0.10+0-b96-7249189), built on Mar 31 2021 21:44:00 by "builder" with MS VC++ 14.0 (VS2015)

END.
